[0.434s] DEBUG:colcon:Command line arguments: ['/usr/bin/colcon', 'build']
[0.434s] DEBUG:colcon:Parsed command line arguments: Namespace(allow_overriding=[], ament_cmake_args=None, base_paths=['.'], build_base='build', catkin_cmake_args=None, catkin_skip_building_tests=False, cmake_args=None, cmake_clean_cache=False, cmake_clean_first=False, cmake_force_configure=False, cmake_target=None, cmake_target_skip_unavailable=False, continue_on_error=False, event_handlers=None, executor='parallel', ignore_user_meta=False, install_base='install', log_base=None, log_level=None, main=<bound method BuildVerb.main of <colcon_core.verb.build.BuildVerb object at 0xffff93b5c340>>, merge_install=False, metas=['./colcon.meta'], mixin=None, mixin_files=None, mixin_verb=('build',), packages_above=None, packages_above_and_dependencies=None, packages_above_depth=None, packages_end=None, packages_ignore=None, packages_ignore_regex=None, packages_select=None, packages_select_build_failed=False, packages_select_by_dep=None, packages_select_regex=None, packages_select_test_failures=False, packages_skip=None, packages_skip_build_finished=False, packages_skip_by_dep=None, packages_skip_regex=None, packages_skip_test_passed=False, packages_skip_up_to=None, packages_start=None, packages_up_to=None, packages_up_to_regex=None, parallel_workers=8, paths=None, symlink_install=False, test_result_base=None, verb_extension=<colcon_core.verb.build.BuildVerb object at 0xffff93b5c340>, verb_name='build', verb_parser=<colcon_mixin.mixin.mixin_argument.MixinArgumentDecorator object at 0xffff93a8d850>)
[0.777s] Level 1:colcon.colcon_core.package_discovery:discover_packages(colcon_meta) check parameters
[0.777s] Level 1:colcon.colcon_core.package_discovery:discover_packages(recursive) check parameters
[0.777s] Level 1:colcon.colcon_core.package_discovery:discover_packages(ignore) check parameters
[0.777s] Level 1:colcon.colcon_core.package_discovery:discover_packages(path) check parameters
[0.777s] Level 1:colcon.colcon_core.package_discovery:discover_packages(colcon_meta) discover
[0.778s] Level 1:colcon.colcon_core.package_discovery:discover_packages(recursive) discover
[0.778s] INFO:colcon.colcon_core.package_discovery:Crawling recursively for packages in '/home/nvidia/projects/ORB_SLAM3/Examples/ROS/ORB_SLAM3'
[0.778s] Level 1:colcon.colcon_core.package_identification:_identify(.) by extensions ['ignore', 'ignore_ament_install']
[0.778s] Level 1:colcon.colcon_core.package_identification:_identify(.) by extension 'ignore'
[0.778s] Level 1:colcon.colcon_core.package_identification:_identify(.) by extension 'ignore_ament_install'
[0.779s] Level 1:colcon.colcon_core.package_identification:_identify(.) by extensions ['colcon_pkg']
[0.779s] Level 1:colcon.colcon_core.package_identification:_identify(.) by extension 'colcon_pkg'
[0.779s] Level 1:colcon.colcon_core.package_identification:_identify(.) by extensions ['colcon_meta']
[0.779s] Level 1:colcon.colcon_core.package_identification:_identify(.) by extension 'colcon_meta'
[0.779s] Level 1:colcon.colcon_core.package_identification:_identify(.) by extensions ['ros']
[0.779s] Level 1:colcon.colcon_core.package_identification:_identify(.) by extension 'ros'
[0.807s] DEBUG:colcon.colcon_core.package_identification:Package '.' with type 'ros.ament_cmake' and name 'orb_slam3_ros2'
[0.807s] Level 1:colcon.colcon_core.package_discovery:discover_packages(recursive) using defaults
[0.808s] Level 1:colcon.colcon_core.package_discovery:discover_packages(ignore) discover
[0.808s] Level 1:colcon.colcon_core.package_discovery:discover_packages(ignore) using defaults
[0.808s] Level 1:colcon.colcon_core.package_discovery:discover_packages(path) discover
[0.808s] Level 1:colcon.colcon_core.package_discovery:discover_packages(path) using defaults
[0.865s] Level 1:colcon.colcon_core.package_discovery:discover_packages(prefix_path) check parameters
[0.865s] Level 1:colcon.colcon_core.package_discovery:discover_packages(prefix_path) discover
[0.869s] DEBUG:colcon.colcon_installed_package_information.package_discovery:Found 1 installed packages in /home/nvidia/projects/ORB_SLAM3/Examples/ROS/ORB_SLAM3/install
[0.870s] DEBUG:colcon.colcon_installed_package_information.package_discovery:Found 3 installed packages in /home/nvidia/projects/a2rl/install
[0.872s] DEBUG:colcon.colcon_installed_package_information.package_discovery:Found 256 installed packages in /opt/ros/foxy
[0.875s] Level 1:colcon.colcon_core.package_discovery:discover_packages(prefix_path) using defaults
[0.993s] Level 5:colcon.colcon_core.verb:set package 'orb_slam3_ros2' build argument 'cmake_args' from command line to 'None'
[0.993s] Level 5:colcon.colcon_core.verb:set package 'orb_slam3_ros2' build argument 'cmake_target' from command line to 'None'
[0.994s] Level 5:colcon.colcon_core.verb:set package 'orb_slam3_ros2' build argument 'cmake_target_skip_unavailable' from command line to 'False'
[0.994s] Level 5:colcon.colcon_core.verb:set package 'orb_slam3_ros2' build argument 'cmake_clean_cache' from command line to 'False'
[0.994s] Level 5:colcon.colcon_core.verb:set package 'orb_slam3_ros2' build argument 'cmake_clean_first' from command line to 'False'
[0.994s] Level 5:colcon.colcon_core.verb:set package 'orb_slam3_ros2' build argument 'cmake_force_configure' from command line to 'False'
[0.994s] Level 5:colcon.colcon_core.verb:set package 'orb_slam3_ros2' build argument 'ament_cmake_args' from command line to 'None'
[0.994s] Level 5:colcon.colcon_core.verb:set package 'orb_slam3_ros2' build argument 'catkin_cmake_args' from command line to 'None'
[0.994s] Level 5:colcon.colcon_core.verb:set package 'orb_slam3_ros2' build argument 'catkin_skip_building_tests' from command line to 'False'
[0.994s] DEBUG:colcon.colcon_core.verb:Building package 'orb_slam3_ros2' with the following arguments: {'ament_cmake_args': None, 'build_base': '/home/nvidia/projects/ORB_SLAM3/Examples/ROS/ORB_SLAM3/build/orb_slam3_ros2', 'catkin_cmake_args': None, 'catkin_skip_building_tests': False, 'cmake_args': None, 'cmake_clean_cache': False, 'cmake_clean_first': False, 'cmake_force_configure': False, 'cmake_target': None, 'cmake_target_skip_unavailable': False, 'install_base': '/home/nvidia/projects/ORB_SLAM3/Examples/ROS/ORB_SLAM3/install/orb_slam3_ros2', 'merge_install': False, 'path': '/home/nvidia/projects/ORB_SLAM3/Examples/ROS/ORB_SLAM3', 'symlink_install': False, 'test_result_base': None}
[0.994s] INFO:colcon.colcon_core.executor:Executing jobs using 'parallel' executor
[0.996s] DEBUG:colcon.colcon_parallel_executor.executor.parallel:run_until_complete
[0.997s] INFO:colcon.colcon_ros.task.ament_cmake.build:Building ROS package in '/home/nvidia/projects/ORB_SLAM3/Examples/ROS/ORB_SLAM3' with build type 'ament_cmake'
[0.997s] INFO:colcon.colcon_cmake.task.cmake.build:Building CMake package in '/home/nvidia/projects/ORB_SLAM3/Examples/ROS/ORB_SLAM3'
[1.001s] INFO:colcon.colcon_core.plugin_system:Skipping extension 'colcon_core.shell.bat': Not used on non-Windows systems
[1.002s] INFO:colcon.colcon_core.shell:Skip shell extension 'powershell' for command environment: Not usable outside of PowerShell
[1.002s] DEBUG:colcon.colcon_core.shell:Skip shell extension 'dsv' for command environment
[1.021s] DEBUG:colcon.colcon_core.event_handler.log_command:Invoking command in '/home/nvidia/projects/ORB_SLAM3/Examples/ROS/ORB_SLAM3/build/orb_slam3_ros2': CMAKE_PREFIX_PATH=${CMAKE_PREFIX_PATH}:/home/nvidia/projects/a2rl/install/data_logger_interface:/opt/ros/foxy /usr/bin/cmake /home/nvidia/projects/ORB_SLAM3/Examples/ROS/ORB_SLAM3 -DCMAKE_INSTALL_PREFIX=/home/nvidia/projects/ORB_SLAM3/Examples/ROS/ORB_SLAM3/install/orb_slam3_ros2
[2.779s] DEBUG:colcon.colcon_core.event_handler.log_command:Invoked command in '/home/nvidia/projects/ORB_SLAM3/Examples/ROS/ORB_SLAM3/build/orb_slam3_ros2' returned '0': CMAKE_PREFIX_PATH=${CMAKE_PREFIX_PATH}:/home/nvidia/projects/a2rl/install/data_logger_interface:/opt/ros/foxy /usr/bin/cmake /home/nvidia/projects/ORB_SLAM3/Examples/ROS/ORB_SLAM3 -DCMAKE_INSTALL_PREFIX=/home/nvidia/projects/ORB_SLAM3/Examples/ROS/ORB_SLAM3/install/orb_slam3_ros2
[2.785s] DEBUG:colcon.colcon_core.event_handler.log_command:Invoking command in '/home/nvidia/projects/ORB_SLAM3/Examples/ROS/ORB_SLAM3/build/orb_slam3_ros2': CMAKE_PREFIX_PATH=${CMAKE_PREFIX_PATH}:/home/nvidia/projects/a2rl/install/data_logger_interface:/opt/ros/foxy /usr/bin/cmake --build /home/nvidia/projects/ORB_SLAM3/Examples/ROS/ORB_SLAM3/build/orb_slam3_ros2 -- -j8 -l8
[2.952s] DEBUG:colcon.colcon_core.event_handler.log_command:Invoked command in '/home/nvidia/projects/ORB_SLAM3/Examples/ROS/ORB_SLAM3/build/orb_slam3_ros2' returned '0': CMAKE_PREFIX_PATH=${CMAKE_PREFIX_PATH}:/home/nvidia/projects/a2rl/install/data_logger_interface:/opt/ros/foxy /usr/bin/cmake --build /home/nvidia/projects/ORB_SLAM3/Examples/ROS/ORB_SLAM3/build/orb_slam3_ros2 -- -j8 -l8
[3.032s] DEBUG:colcon.colcon_core.event_handler.log_command:Invoking command in '/home/nvidia/projects/ORB_SLAM3/Examples/ROS/ORB_SLAM3/build/orb_slam3_ros2': CMAKE_PREFIX_PATH=${CMAKE_PREFIX_PATH}:/home/nvidia/projects/a2rl/install/data_logger_interface:/opt/ros/foxy /usr/bin/cmake --install /home/nvidia/projects/ORB_SLAM3/Examples/ROS/ORB_SLAM3/build/orb_slam3_ros2
[3.081s] Level 1:colcon.colcon_core.environment:create_environment_scripts_only(orb_slam3_ros2)
[3.083s] DEBUG:colcon.colcon_core.event_handler.log_command:Invoked command in '/home/nvidia/projects/ORB_SLAM3/Examples/ROS/ORB_SLAM3/build/orb_slam3_ros2' returned '0': CMAKE_PREFIX_PATH=${CMAKE_PREFIX_PATH}:/home/nvidia/projects/a2rl/install/data_logger_interface:/opt/ros/foxy /usr/bin/cmake --install /home/nvidia/projects/ORB_SLAM3/Examples/ROS/ORB_SLAM3/build/orb_slam3_ros2
[3.091s] Level 1:colcon.colcon_core.environment:checking '/home/nvidia/projects/ORB_SLAM3/Examples/ROS/ORB_SLAM3/install/orb_slam3_ros2' for CMake module files
[3.092s] Level 1:colcon.colcon_core.environment:checking '/home/nvidia/projects/ORB_SLAM3/Examples/ROS/ORB_SLAM3/install/orb_slam3_ros2' for CMake config files
[3.094s] Level 1:colcon.colcon_core.shell:create_environment_hook('orb_slam3_ros2', 'cmake_prefix_path')
[3.095s] INFO:colcon.colcon_core.shell:Creating environment hook '/home/nvidia/projects/ORB_SLAM3/Examples/ROS/ORB_SLAM3/install/orb_slam3_ros2/share/orb_slam3_ros2/hook/cmake_prefix_path.ps1'
[3.098s] INFO:colcon.colcon_core.shell:Creating environment descriptor '/home/nvidia/projects/ORB_SLAM3/Examples/ROS/ORB_SLAM3/install/orb_slam3_ros2/share/orb_slam3_ros2/hook/cmake_prefix_path.dsv'
[3.099s] INFO:colcon.colcon_core.shell:Creating environment hook '/home/nvidia/projects/ORB_SLAM3/Examples/ROS/ORB_SLAM3/install/orb_slam3_ros2/share/orb_slam3_ros2/hook/cmake_prefix_path.sh'
[3.102s] Level 1:colcon.colcon_core.environment:checking '/home/nvidia/projects/ORB_SLAM3/Examples/ROS/ORB_SLAM3/install/orb_slam3_ros2/lib'
[3.103s] Level 1:colcon.colcon_core.environment:checking '/home/nvidia/projects/ORB_SLAM3/Examples/ROS/ORB_SLAM3/install/orb_slam3_ros2/bin'
[3.104s] Level 1:colcon.colcon_core.environment:checking '/home/nvidia/projects/ORB_SLAM3/Examples/ROS/ORB_SLAM3/install/orb_slam3_ros2/lib/pkgconfig/orb_slam3_ros2.pc'
[3.104s] Level 1:colcon.colcon_core.environment:checking '/home/nvidia/projects/ORB_SLAM3/Examples/ROS/ORB_SLAM3/install/orb_slam3_ros2/lib/python3.8/site-packages'
[3.105s] Level 1:colcon.colcon_core.environment:checking '/home/nvidia/projects/ORB_SLAM3/Examples/ROS/ORB_SLAM3/install/orb_slam3_ros2/bin'
[3.106s] INFO:colcon.colcon_core.shell:Creating package script '/home/nvidia/projects/ORB_SLAM3/Examples/ROS/ORB_SLAM3/install/orb_slam3_ros2/share/orb_slam3_ros2/package.ps1'
[3.109s] INFO:colcon.colcon_core.shell:Creating package descriptor '/home/nvidia/projects/ORB_SLAM3/Examples/ROS/ORB_SLAM3/install/orb_slam3_ros2/share/orb_slam3_ros2/package.dsv'
[3.110s] INFO:colcon.colcon_core.shell:Creating package script '/home/nvidia/projects/ORB_SLAM3/Examples/ROS/ORB_SLAM3/install/orb_slam3_ros2/share/orb_slam3_ros2/package.sh'
[3.113s] INFO:colcon.colcon_core.shell:Creating package script '/home/nvidia/projects/ORB_SLAM3/Examples/ROS/ORB_SLAM3/install/orb_slam3_ros2/share/orb_slam3_ros2/package.bash'
[3.115s] INFO:colcon.colcon_core.shell:Creating package script '/home/nvidia/projects/ORB_SLAM3/Examples/ROS/ORB_SLAM3/install/orb_slam3_ros2/share/orb_slam3_ros2/package.zsh'
[3.117s] Level 1:colcon.colcon_core.environment:create_file_with_runtime_dependencies(/home/nvidia/projects/ORB_SLAM3/Examples/ROS/ORB_SLAM3/install/orb_slam3_ros2/share/colcon-core/packages/orb_slam3_ros2)
[3.169s] Level 1:colcon.colcon_core.environment:create_environment_scripts_only(orb_slam3_ros2)
[3.170s] Level 1:colcon.colcon_core.environment:checking '/home/nvidia/projects/ORB_SLAM3/Examples/ROS/ORB_SLAM3/install/orb_slam3_ros2' for CMake module files
[3.172s] Level 1:colcon.colcon_core.environment:checking '/home/nvidia/projects/ORB_SLAM3/Examples/ROS/ORB_SLAM3/install/orb_slam3_ros2' for CMake config files
[3.173s] Level 1:colcon.colcon_core.shell:create_environment_hook('orb_slam3_ros2', 'cmake_prefix_path')
[3.174s] INFO:colcon.colcon_core.shell:Creating environment hook '/home/nvidia/projects/ORB_SLAM3/Examples/ROS/ORB_SLAM3/install/orb_slam3_ros2/share/orb_slam3_ros2/hook/cmake_prefix_path.ps1'
[3.176s] INFO:colcon.colcon_core.shell:Creating environment descriptor '/home/nvidia/projects/ORB_SLAM3/Examples/ROS/ORB_SLAM3/install/orb_slam3_ros2/share/orb_slam3_ros2/hook/cmake_prefix_path.dsv'
[3.177s] INFO:colcon.colcon_core.shell:Creating environment hook '/home/nvidia/projects/ORB_SLAM3/Examples/ROS/ORB_SLAM3/install/orb_slam3_ros2/share/orb_slam3_ros2/hook/cmake_prefix_path.sh'
[3.178s] Level 1:colcon.colcon_core.environment:checking '/home/nvidia/projects/ORB_SLAM3/Examples/ROS/ORB_SLAM3/install/orb_slam3_ros2/lib'
[3.178s] Level 1:colcon.colcon_core.environment:checking '/home/nvidia/projects/ORB_SLAM3/Examples/ROS/ORB_SLAM3/install/orb_slam3_ros2/bin'
[3.179s] Level 1:colcon.colcon_core.environment:checking '/home/nvidia/projects/ORB_SLAM3/Examples/ROS/ORB_SLAM3/install/orb_slam3_ros2/lib/pkgconfig/orb_slam3_ros2.pc'
[3.179s] Level 1:colcon.colcon_core.environment:checking '/home/nvidia/projects/ORB_SLAM3/Examples/ROS/ORB_SLAM3/install/orb_slam3_ros2/lib/python3.8/site-packages'
[3.180s] Level 1:colcon.colcon_core.environment:checking '/home/nvidia/projects/ORB_SLAM3/Examples/ROS/ORB_SLAM3/install/orb_slam3_ros2/bin'
[3.180s] INFO:colcon.colcon_core.shell:Creating package script '/home/nvidia/projects/ORB_SLAM3/Examples/ROS/ORB_SLAM3/install/orb_slam3_ros2/share/orb_slam3_ros2/package.ps1'
[3.182s] INFO:colcon.colcon_core.shell:Creating package descriptor '/home/nvidia/projects/ORB_SLAM3/Examples/ROS/ORB_SLAM3/install/orb_slam3_ros2/share/orb_slam3_ros2/package.dsv'
[3.183s] INFO:colcon.colcon_core.shell:Creating package script '/home/nvidia/projects/ORB_SLAM3/Examples/ROS/ORB_SLAM3/install/orb_slam3_ros2/share/orb_slam3_ros2/package.sh'
[3.184s] INFO:colcon.colcon_core.shell:Creating package script '/home/nvidia/projects/ORB_SLAM3/Examples/ROS/ORB_SLAM3/install/orb_slam3_ros2/share/orb_slam3_ros2/package.bash'
[3.185s] INFO:colcon.colcon_core.shell:Creating package script '/home/nvidia/projects/ORB_SLAM3/Examples/ROS/ORB_SLAM3/install/orb_slam3_ros2/share/orb_slam3_ros2/package.zsh'
[3.186s] Level 1:colcon.colcon_core.environment:create_file_with_runtime_dependencies(/home/nvidia/projects/ORB_SLAM3/Examples/ROS/ORB_SLAM3/install/orb_slam3_ros2/share/colcon-core/packages/orb_slam3_ros2)
[3.187s] DEBUG:colcon.colcon_parallel_executor.executor.parallel:closing loop
[3.188s] DEBUG:colcon.colcon_parallel_executor.executor.parallel:loop closed
[3.188s] DEBUG:colcon.colcon_parallel_executor.executor.parallel:run_until_complete finished with '0'
[3.189s] DEBUG:colcon.colcon_core.event_reactor:joining thread
[3.203s] INFO:colcon.colcon_core.plugin_system:Skipping extension 'colcon_notification.desktop_notification.terminal_notifier': Not used on non-Darwin systems
[3.204s] INFO:colcon.colcon_core.plugin_system:Skipping extension 'colcon_notification.desktop_notification.win32': Not used on non-Windows systems
[3.204s] INFO:colcon.colcon_notification.desktop_notification:Sending desktop notification using 'notify2'
[3.247s] DEBUG:colcon.colcon_core.event_reactor:joined thread
[3.248s] INFO:colcon.colcon_core.shell:Creating prefix script '/home/nvidia/projects/ORB_SLAM3/Examples/ROS/ORB_SLAM3/install/local_setup.ps1'
[3.251s] INFO:colcon.colcon_core.shell:Creating prefix util module '/home/nvidia/projects/ORB_SLAM3/Examples/ROS/ORB_SLAM3/install/_local_setup_util_ps1.py'
[3.254s] INFO:colcon.colcon_core.shell:Creating prefix chain script '/home/nvidia/projects/ORB_SLAM3/Examples/ROS/ORB_SLAM3/install/setup.ps1'
[3.258s] INFO:colcon.colcon_core.shell:Creating prefix script '/home/nvidia/projects/ORB_SLAM3/Examples/ROS/ORB_SLAM3/install/local_setup.sh'
[3.259s] INFO:colcon.colcon_core.shell:Creating prefix util module '/home/nvidia/projects/ORB_SLAM3/Examples/ROS/ORB_SLAM3/install/_local_setup_util_sh.py'
[3.261s] INFO:colcon.colcon_core.shell:Creating prefix chain script '/home/nvidia/projects/ORB_SLAM3/Examples/ROS/ORB_SLAM3/install/setup.sh'
[3.263s] INFO:colcon.colcon_core.shell:Creating prefix script '/home/nvidia/projects/ORB_SLAM3/Examples/ROS/ORB_SLAM3/install/local_setup.bash'
[3.265s] INFO:colcon.colcon_core.shell:Creating prefix chain script '/home/nvidia/projects/ORB_SLAM3/Examples/ROS/ORB_SLAM3/install/setup.bash'
[3.267s] INFO:colcon.colcon_core.shell:Creating prefix script '/home/nvidia/projects/ORB_SLAM3/Examples/ROS/ORB_SLAM3/install/local_setup.zsh'
[3.268s] INFO:colcon.colcon_core.shell:Creating prefix chain script '/home/nvidia/projects/ORB_SLAM3/Examples/ROS/ORB_SLAM3/install/setup.zsh'
