[0.416s] DEBUG:colcon:Command line arguments: ['/usr/bin/colcon', 'build', '--symlink-install']
[0.416s] DEBUG:colcon:Parsed command line arguments: Namespace(allow_overriding=[], ament_cmake_args=None, base_paths=['.'], build_base='build', catkin_cmake_args=None, catkin_skip_building_tests=False, cmake_args=None, cmake_clean_cache=False, cmake_clean_first=False, cmake_force_configure=False, cmake_target=None, cmake_target_skip_unavailable=False, continue_on_error=False, event_handlers=None, executor='parallel', ignore_user_meta=False, install_base='install', log_base=None, log_level=None, main=<bound method BuildVerb.main of <colcon_core.verb.build.BuildVerb object at 0xffffb6ad6280>>, merge_install=False, metas=['./colcon.meta'], mixin=None, mixin_files=None, mixin_verb=('build',), packages_above=None, packages_above_and_dependencies=None, packages_above_depth=None, packages_end=None, packages_ignore=None, packages_ignore_regex=None, packages_select=None, packages_select_build_failed=False, packages_select_by_dep=None, packages_select_regex=None, packages_select_test_failures=False, packages_skip=None, packages_skip_build_finished=False, packages_skip_by_dep=None, packages_skip_regex=None, packages_skip_test_passed=False, packages_skip_up_to=None, packages_start=None, packages_up_to=None, packages_up_to_regex=None, parallel_workers=8, paths=None, symlink_install=True, test_result_base=None, verb_extension=<colcon_core.verb.build.BuildVerb object at 0xffffb6ad6280>, verb_name='build', verb_parser=<colcon_mixin.mixin.mixin_argument.MixinArgumentDecorator object at 0xffffb6a08790>)
[0.796s] Level 1:colcon.colcon_core.package_discovery:discover_packages(colcon_meta) check parameters
[0.796s] Level 1:colcon.colcon_core.package_discovery:discover_packages(recursive) check parameters
[0.796s] Level 1:colcon.colcon_core.package_discovery:discover_packages(ignore) check parameters
[0.796s] Level 1:colcon.colcon_core.package_discovery:discover_packages(path) check parameters
[0.797s] Level 1:colcon.colcon_core.package_discovery:discover_packages(colcon_meta) discover
[0.797s] Level 1:colcon.colcon_core.package_discovery:discover_packages(recursive) discover
[0.797s] INFO:colcon.colcon_core.package_discovery:Crawling recursively for packages in '/home/nvidia/projects/ORB_SLAM3'
[0.797s] Level 1:colcon.colcon_core.package_identification:_identify(.) by extensions ['ignore', 'ignore_ament_install']
[0.797s] Level 1:colcon.colcon_core.package_identification:_identify(.) by extension 'ignore'
[0.797s] Level 1:colcon.colcon_core.package_identification:_identify(.) by extension 'ignore_ament_install'
[0.798s] Level 1:colcon.colcon_core.package_identification:_identify(.) by extensions ['colcon_pkg']
[0.798s] Level 1:colcon.colcon_core.package_identification:_identify(.) by extension 'colcon_pkg'
[0.798s] Level 1:colcon.colcon_core.package_identification:_identify(.) by extensions ['colcon_meta']
[0.798s] Level 1:colcon.colcon_core.package_identification:_identify(.) by extension 'colcon_meta'
[0.798s] Level 1:colcon.colcon_core.package_identification:_identify(.) by extensions ['ros']
[0.798s] Level 1:colcon.colcon_core.package_identification:_identify(.) by extension 'ros'
[0.821s] Level 1:colcon.colcon_core.package_identification:_identify(.) by extensions ['cmake', 'python']
[0.821s] Level 1:colcon.colcon_core.package_identification:_identify(.) by extension 'cmake'
[0.897s] Level 1:colcon.colcon_core.package_identification:_identify(.) by extension 'python'
[0.897s] DEBUG:colcon.colcon_core.package_identification:Package '.' with type 'cmake' and name 'ORB_SLAM3'
[0.897s] Level 1:colcon.colcon_core.package_discovery:discover_packages(recursive) using defaults
[0.897s] Level 1:colcon.colcon_core.package_discovery:discover_packages(ignore) discover
[0.897s] Level 1:colcon.colcon_core.package_discovery:discover_packages(ignore) using defaults
[0.897s] Level 1:colcon.colcon_core.package_discovery:discover_packages(path) discover
[0.897s] Level 1:colcon.colcon_core.package_discovery:discover_packages(path) using defaults
[0.930s] Level 1:colcon.colcon_core.package_discovery:discover_packages(prefix_path) check parameters
[0.931s] Level 1:colcon.colcon_core.package_discovery:discover_packages(prefix_path) discover
[0.934s] DEBUG:colcon.colcon_installed_package_information.package_discovery:Found 1 installed packages in /home/nvidia/projects/ORB_SLAM3/Examples/ROS/ORB_SLAM3/install
[0.936s] DEBUG:colcon.colcon_installed_package_information.package_discovery:Found 256 installed packages in /opt/ros/foxy
[0.966s] Level 1:colcon.colcon_core.package_discovery:discover_packages(prefix_path) using defaults
