[0.021s] Invoking command in '/home/nvidia/projects/ORB_SLAM3/Examples/ROS/ORB_SLAM3/build/orb_slam3_ros2': CMAKE_PREFIX_PATH=/opt/ros/foxy /usr/bin/cmake --build /home/nvidia/projects/ORB_SLAM3/Examples/ROS/ORB_SLAM3/build/orb_slam3_ros2 -- -j8 -l8
[0.160s] [100%] Built target mono_inertial
[0.160s] [100%] Built target mono
[0.185s] Invoked command in '/home/nvidia/projects/ORB_SLAM3/Examples/ROS/ORB_SLAM3/build/orb_slam3_ros2' returned '0': CMAKE_PREFIX_PATH=/opt/ros/foxy /usr/bin/cmake --build /home/nvidia/projects/ORB_SLAM3/Examples/ROS/ORB_SLAM3/build/orb_slam3_ros2 -- -j8 -l8
[0.260s] Invoking command in '/home/nvidia/projects/ORB_SLAM3/Examples/ROS/ORB_SLAM3/build/orb_slam3_ros2': CMAKE_PREFIX_PATH=/opt/ros/foxy /usr/bin/cmake --install /home/nvidia/projects/ORB_SLAM3/Examples/ROS/ORB_SLAM3/build/orb_slam3_ros2
[0.277s] -- Install configuration: ""
[0.278s] -- Execute custom install script
[0.279s] -- Up-to-date symlink: /home/nvidia/projects/ORB_SLAM3/Examples/ROS/ORB_SLAM3/install/orb_slam3_ros2/lib/orb_slam3_ros2/mono_inertial
[0.279s] -- Up-to-date symlink: /home/nvidia/projects/ORB_SLAM3/Examples/ROS/ORB_SLAM3/install/orb_slam3_ros2/lib/orb_slam3_ros2/mono
[0.280s] -- Up-to-date symlink: /home/nvidia/projects/ORB_SLAM3/Examples/ROS/ORB_SLAM3/install/orb_slam3_ros2/share/ament_index/resource_index/package_run_dependencies/orb_slam3_ros2
[0.281s] -- Up-to-date symlink: /home/nvidia/projects/ORB_SLAM3/Examples/ROS/ORB_SLAM3/install/orb_slam3_ros2/share/ament_index/resource_index/parent_prefix_path/orb_slam3_ros2
[0.281s] -- Up-to-date symlink: /home/nvidia/projects/ORB_SLAM3/Examples/ROS/ORB_SLAM3/install/orb_slam3_ros2/share/orb_slam3_ros2/environment/ament_prefix_path.sh
[0.282s] -- Up-to-date symlink: /home/nvidia/projects/ORB_SLAM3/Examples/ROS/ORB_SLAM3/install/orb_slam3_ros2/share/orb_slam3_ros2/environment/ament_prefix_path.dsv
[0.283s] -- Up-to-date symlink: /home/nvidia/projects/ORB_SLAM3/Examples/ROS/ORB_SLAM3/install/orb_slam3_ros2/share/orb_slam3_ros2/environment/path.sh
[0.283s] -- Up-to-date symlink: /home/nvidia/projects/ORB_SLAM3/Examples/ROS/ORB_SLAM3/install/orb_slam3_ros2/share/orb_slam3_ros2/environment/path.dsv
[0.284s] -- Up-to-date symlink: /home/nvidia/projects/ORB_SLAM3/Examples/ROS/ORB_SLAM3/install/orb_slam3_ros2/share/orb_slam3_ros2/local_setup.bash
[0.285s] -- Up-to-date symlink: /home/nvidia/projects/ORB_SLAM3/Examples/ROS/ORB_SLAM3/install/orb_slam3_ros2/share/orb_slam3_ros2/local_setup.sh
[0.285s] -- Up-to-date symlink: /home/nvidia/projects/ORB_SLAM3/Examples/ROS/ORB_SLAM3/install/orb_slam3_ros2/share/orb_slam3_ros2/local_setup.zsh
[0.285s] -- Up-to-date symlink: /home/nvidia/projects/ORB_SLAM3/Examples/ROS/ORB_SLAM3/install/orb_slam3_ros2/share/orb_slam3_ros2/local_setup.dsv
[0.286s] -- Symlinking: /home/nvidia/projects/ORB_SLAM3/Examples/ROS/ORB_SLAM3/install/orb_slam3_ros2/share/orb_slam3_ros2/package.dsv
[0.305s] -- Up-to-date symlink: /home/nvidia/projects/ORB_SLAM3/Examples/ROS/ORB_SLAM3/install/orb_slam3_ros2/share/ament_index/resource_index/packages/orb_slam3_ros2
[0.305s] -- Up-to-date symlink: /home/nvidia/projects/ORB_SLAM3/Examples/ROS/ORB_SLAM3/install/orb_slam3_ros2/share/orb_slam3_ros2/cmake/orb_slam3_ros2Config.cmake
[0.306s] -- Up-to-date symlink: /home/nvidia/projects/ORB_SLAM3/Examples/ROS/ORB_SLAM3/install/orb_slam3_ros2/share/orb_slam3_ros2/cmake/orb_slam3_ros2Config-version.cmake
[0.306s] -- Up-to-date symlink: /home/nvidia/projects/ORB_SLAM3/Examples/ROS/ORB_SLAM3/install/orb_slam3_ros2/share/orb_slam3_ros2/package.xml
[0.311s] Invoked command in '/home/nvidia/projects/ORB_SLAM3/Examples/ROS/ORB_SLAM3/build/orb_slam3_ros2' returned '0': CMAKE_PREFIX_PATH=/opt/ros/foxy /usr/bin/cmake --install /home/nvidia/projects/ORB_SLAM3/Examples/ROS/ORB_SLAM3/build/orb_slam3_ros2
