-- The C compiler identification is GNU 9.4.0
-- The CXX compiler identification is GNU 9.4.0
-- Check for working C compiler: /usr/bin/cc
-- Check for working C compiler: /usr/bin/cc -- works
-- Detecting C compiler ABI info
-- Detecting C compiler ABI info - done
-- Detecting C compile features
-- Detecting C compile features - done
-- Check for working CXX compiler: /usr/bin/c++
-- Check for working CXX compiler: /usr/bin/c++ -- works
-- Detecting CXX compiler ABI info
-- Detecting CXX compiler ABI info - done
-- Detecting CXX compile features
-- Detecting CXX compile features - done
-- Performing Test COMPILER_SUPPORTS_CXX14
-- Performing Test COMPILER_SUPPORTS_CXX14 - Success
-- Using flag -std=c++14.
-- Found OpenCV: /usr (found suitable version "4.5.4", minimum required is "4.4") 
-- Looking for pthread.h
-- Looking for pthread.h - found
-- Performing Test CMAKE_HAVE_LIBC_PTHREAD
-- Performing Test CMAKE_HAVE_LIBC_PTHREAD - Failed
-- Looking for pthread_create in pthreads
-- Looking for pthread_create in pthreads - not found
-- Looking for pthread_create in pthread
-- Looking for pthread_create in pthread - found
-- Found Threads: TRUE  
-- Found OpenGL: /usr/lib/aarch64-linux-gnu/libOpenGL.so  found components: OpenGL 
-- BUILD TYPE:Release
-- Compiling on Unix
-- Found OpenMP_C: -fopenmp (found version "4.5") 
-- Found OpenMP_CXX: -fopenmp (found version "4.5") 
-- Found OpenMP: TRUE (found version "4.5")  
-- Configuring done
-- Generating done
-- Build files have been written to: /home/nvidia/projects/ORB_SLAM3/build/ORB_SLAM3
[35m[1mScanning dependencies of target ORB_SLAM3[0m
[35m[1mScanning dependencies of target g2o[0m
[  6%] [32mBuilding CXX object Thirdparty/g2o/CMakeFiles/g2o.dir/g2o/types/types_seven_dof_expmap.cpp.o[0m
[  6%] [32mBuilding CXX object Thirdparty/g2o/CMakeFiles/g2o.dir/g2o/core/hyper_graph_action.cpp.o[0m
[  6%] [32mBuilding CXX object Thirdparty/g2o/CMakeFiles/g2o.dir/g2o/core/marginal_covariance_cholesky.cpp.o[0m
[  6%] [32mBuilding CXX object Thirdparty/g2o/CMakeFiles/g2o.dir/g2o/core/hyper_graph.cpp.o[0m
[  6%] [32mBuilding CXX object Thirdparty/g2o/CMakeFiles/g2o.dir/g2o/types/types_six_dof_expmap.cpp.o[0m
[  6%] [32mBuilding CXX object Thirdparty/g2o/CMakeFiles/g2o.dir/g2o/types/types_sba.cpp.o[0m
[  7%] [32mBuilding CXX object Thirdparty/g2o/CMakeFiles/g2o.dir/g2o/core/matrix_structure.cpp.o[0m
[  7%] [32mBuilding CXX object CMakeFiles/ORB_SLAM3.dir/src/System.cc.o[0m
[  8%] [32mBuilding CXX object Thirdparty/g2o/CMakeFiles/g2o.dir/g2o/core/batch_stats.cpp.o[0m
[  9%] [32mBuilding CXX object Thirdparty/g2o/CMakeFiles/g2o.dir/g2o/core/parameter.cpp.o[0m
[ 10%] [32mBuilding CXX object Thirdparty/g2o/CMakeFiles/g2o.dir/g2o/core/cache.cpp.o[0m
[ 11%] [32mBuilding CXX object Thirdparty/g2o/CMakeFiles/g2o.dir/g2o/core/optimizable_graph.cpp.o[0m
[ 11%] [32mBuilding CXX object Thirdparty/g2o/CMakeFiles/g2o.dir/g2o/core/solver.cpp.o[0m
[ 12%] [32mBuilding CXX object Thirdparty/g2o/CMakeFiles/g2o.dir/g2o/core/optimization_algorithm_factory.cpp.o[0m
[ 13%] [32mBuilding CXX object Thirdparty/g2o/CMakeFiles/g2o.dir/g2o/core/estimate_propagator.cpp.o[0m
[ 14%] [32mBuilding CXX object Thirdparty/g2o/CMakeFiles/g2o.dir/g2o/core/factory.cpp.o[0m
[ 15%] [32mBuilding CXX object Thirdparty/g2o/CMakeFiles/g2o.dir/g2o/core/sparse_optimizer.cpp.o[0m
[ 16%] [32mBuilding CXX object Thirdparty/g2o/CMakeFiles/g2o.dir/g2o/core/hyper_dijkstra.cpp.o[0m
[ 17%] [32mBuilding CXX object Thirdparty/g2o/CMakeFiles/g2o.dir/g2o/core/parameter_container.cpp.o[0m
[ 18%] [32mBuilding CXX object Thirdparty/g2o/CMakeFiles/g2o.dir/g2o/core/optimization_algorithm.cpp.o[0m
[ 19%] [32mBuilding CXX object Thirdparty/g2o/CMakeFiles/g2o.dir/g2o/core/optimization_algorithm_with_hessian.cpp.o[0m
[ 20%] [32mBuilding CXX object Thirdparty/g2o/CMakeFiles/g2o.dir/g2o/core/optimization_algorithm_levenberg.cpp.o[0m
[ 21%] [32mBuilding CXX object Thirdparty/g2o/CMakeFiles/g2o.dir/g2o/core/optimization_algorithm_gauss_newton.cpp.o[0m
[ 22%] [32mBuilding CXX object Thirdparty/g2o/CMakeFiles/g2o.dir/g2o/core/jacobian_workspace.cpp.o[0m
[ 23%] [32mBuilding CXX object Thirdparty/g2o/CMakeFiles/g2o.dir/g2o/core/robust_kernel.cpp.o[0m
[ 24%] [32mBuilding CXX object Thirdparty/g2o/CMakeFiles/g2o.dir/g2o/core/robust_kernel_factory.cpp.o[0m
[ 24%] [32mBuilding CXX object Thirdparty/g2o/CMakeFiles/g2o.dir/g2o/core/robust_kernel_impl.cpp.o[0m
[ 25%] [32mBuilding CXX object Thirdparty/g2o/CMakeFiles/g2o.dir/g2o/stuff/timeutil.cpp.o[0m
[ 26%] [32mBuilding C object Thirdparty/g2o/CMakeFiles/g2o.dir/g2o/stuff/os_specific.c.o[0m
[ 27%] [32mBuilding CXX object Thirdparty/g2o/CMakeFiles/g2o.dir/g2o/stuff/string_tools.cpp.o[0m
[ 28%] [32mBuilding CXX object Thirdparty/g2o/CMakeFiles/g2o.dir/g2o/stuff/property.cpp.o[0m
[ 29%] [32mBuilding CXX object CMakeFiles/ORB_SLAM3.dir/src/Tracking.cc.o[0m
[ 30%] [32mBuilding CXX object CMakeFiles/ORB_SLAM3.dir/src/LocalMapping.cc.o[0m
[ 31%] [32mBuilding CXX object CMakeFiles/ORB_SLAM3.dir/src/LoopClosing.cc.o[0m
[ 32%] [32mBuilding CXX object CMakeFiles/ORB_SLAM3.dir/src/ORBextractor.cc.o[0m
[ 33%] [32mBuilding CXX object CMakeFiles/ORB_SLAM3.dir/src/ORBmatcher.cc.o[0m
[ 34%] [32mBuilding CXX object CMakeFiles/ORB_SLAM3.dir/src/FrameDrawer.cc.o[0m
[ 35%] [32mBuilding CXX object CMakeFiles/ORB_SLAM3.dir/src/Converter.cc.o[0m
[ 36%] [32m[1mLinking CXX shared library ../../../../Thirdparty/g2o/lib/libg2o.so[0m
[ 36%] Built target g2o
[ 37%] [32mBuilding CXX object CMakeFiles/ORB_SLAM3.dir/src/MapPoint.cc.o[0m
[ 38%] [32mBuilding CXX object CMakeFiles/ORB_SLAM3.dir/src/KeyFrame.cc.o[0m
[ 39%] [32mBuilding CXX object CMakeFiles/ORB_SLAM3.dir/src/Atlas.cc.o[0m
[ 40%] [32mBuilding CXX object CMakeFiles/ORB_SLAM3.dir/src/Map.cc.o[0m
[ 41%] [32mBuilding CXX object CMakeFiles/ORB_SLAM3.dir/src/MapDrawer.cc.o[0m
[ 41%] [32mBuilding CXX object CMakeFiles/ORB_SLAM3.dir/src/Optimizer.cc.o[0m
[ 42%] [32mBuilding CXX object CMakeFiles/ORB_SLAM3.dir/src/Frame.cc.o[0m
[ 43%] [32mBuilding CXX object CMakeFiles/ORB_SLAM3.dir/src/KeyFrameDatabase.cc.o[0m
[ 44%] [32mBuilding CXX object CMakeFiles/ORB_SLAM3.dir/src/Sim3Solver.cc.o[0m
[ 45%] [32mBuilding CXX object CMakeFiles/ORB_SLAM3.dir/src/Viewer.cc.o[0m
[ 46%] [32mBuilding CXX object CMakeFiles/ORB_SLAM3.dir/src/ImuTypes.cc.o[0m
[ 47%] [32mBuilding CXX object CMakeFiles/ORB_SLAM3.dir/src/G2oTypes.cc.o[0m
[ 48%] [32mBuilding CXX object CMakeFiles/ORB_SLAM3.dir/src/CameraModels/Pinhole.cpp.o[0m
[ 49%] [32mBuilding CXX object CMakeFiles/ORB_SLAM3.dir/src/CameraModels/KannalaBrandt8.cpp.o[0m
[ 50%] [32mBuilding CXX object CMakeFiles/ORB_SLAM3.dir/src/OptimizableTypes.cpp.o[0m
[ 51%] [32mBuilding CXX object CMakeFiles/ORB_SLAM3.dir/src/MLPnPsolver.cpp.o[0m
[ 52%] [32mBuilding CXX object CMakeFiles/ORB_SLAM3.dir/src/GeometricTools.cc.o[0m
[ 53%] [32mBuilding CXX object CMakeFiles/ORB_SLAM3.dir/src/TwoViewReconstruction.cc.o[0m
[ 54%] [32mBuilding CXX object CMakeFiles/ORB_SLAM3.dir/src/Config.cc.o[0m
[ 54%] [32mBuilding CXX object CMakeFiles/ORB_SLAM3.dir/src/Settings.cc.o[0m
[ 55%] [32m[1mLinking CXX shared library ../../lib/libORB_SLAM3.so[0m
[ 55%] Built target ORB_SLAM3
[35m[1mScanning dependencies of target stereo_inertial_tum_vi_old[0m
[35m[1mScanning dependencies of target stereo_euroc_old[0m
[35m[1mScanning dependencies of target mono_kitti_old[0m
[35m[1mScanning dependencies of target mono_tum_vi_old[0m
[35m[1mScanning dependencies of target mono_tum_old[0m
[35m[1mScanning dependencies of target stereo_kitti_old[0m
[35m[1mScanning dependencies of target mono_inertial_tum_vi_old[0m
[35m[1mScanning dependencies of target stereo_inertial_euroc_old[0m
[ 56%] [32mBuilding CXX object CMakeFiles/mono_inertial_tum_vi_old.dir/Examples_old/Monocular-Inertial/mono_inertial_tum_vi.cc.o[0m
[ 60%] [32mBuilding CXX object CMakeFiles/stereo_inertial_tum_vi_old.dir/Examples_old/Stereo-Inertial/stereo_inertial_tum_vi.cc.o[0m
[ 60%] [32mBuilding CXX object CMakeFiles/mono_tum_vi_old.dir/Examples_old/Monocular/mono_tum_vi.cc.o[0m
[ 60%] [32mBuilding CXX object CMakeFiles/stereo_euroc_old.dir/Examples_old/Stereo/stereo_euroc.cc.o[0m
[ 60%] [32mBuilding CXX object CMakeFiles/mono_tum_old.dir/Examples_old/Monocular/mono_tum.cc.o[0m
[ 61%] [32mBuilding CXX object CMakeFiles/stereo_kitti_old.dir/Examples_old/Stereo/stereo_kitti.cc.o[0m
[ 62%] [32mBuilding CXX object CMakeFiles/stereo_inertial_euroc_old.dir/Examples_old/Stereo-Inertial/stereo_inertial_euroc.cc.o[0m
[ 62%] [32mBuilding CXX object CMakeFiles/mono_kitti_old.dir/Examples_old/Monocular/mono_kitti.cc.o[0m
[ 63%] [32m[1mLinking CXX executable ../../Examples_old/Monocular/mono_tum_old[0m
[ 63%] Built target mono_tum_old
[35m[1mScanning dependencies of target rgbd_tum[0m
[ 64%] [32mBuilding CXX object CMakeFiles/rgbd_tum.dir/Examples/RGB-D/rgbd_tum.cc.o[0m
[ 65%] [32m[1mLinking CXX executable ../../Examples_old/Monocular/mono_kitti_old[0m
[ 66%] [32m[1mLinking CXX executable ../../Examples_old/Stereo/stereo_euroc_old[0m
[ 67%] [32m[1mLinking CXX executable ../../Examples_old/Stereo/stereo_kitti_old[0m
[ 68%] [32m[1mLinking CXX executable ../../Examples_old/Monocular/mono_tum_vi_old[0m
[ 68%] Built target mono_kitti_old
[35m[1mScanning dependencies of target mono_euroc_old[0m
[ 68%] Built target stereo_kitti_old
[ 68%] Built target stereo_euroc_old
[35m[1mScanning dependencies of target stereo_inertial_euroc[0m
[35m[1mScanning dependencies of target mono_tum[0m
[ 69%] [32mBuilding CXX object CMakeFiles/mono_euroc_old.dir/Examples_old/Monocular/mono_euroc.cc.o[0m
[ 70%] [32mBuilding CXX object CMakeFiles/mono_tum.dir/Examples/Monocular/mono_tum.cc.o[0m
[ 71%] [32mBuilding CXX object CMakeFiles/stereo_inertial_euroc.dir/Examples/Stereo-Inertial/stereo_inertial_euroc.cc.o[0m
[ 71%] Built target mono_tum_vi_old
[35m[1mScanning dependencies of target stereo_kitti[0m
[ 72%] [32m[1mLinking CXX executable ../../Examples_old/Stereo-Inertial/stereo_inertial_tum_vi_old[0m
[ 73%] [32mBuilding CXX object CMakeFiles/stereo_kitti.dir/Examples/Stereo/stereo_kitti.cc.o[0m
[ 74%] [32m[1mLinking CXX executable ../../Examples_old/Monocular-Inertial/mono_inertial_tum_vi_old[0m
[ 74%] Built target stereo_inertial_tum_vi_old
[35m[1mScanning dependencies of target stereo_euroc[0m
[ 75%] [32mBuilding CXX object CMakeFiles/stereo_euroc.dir/Examples/Stereo/stereo_euroc.cc.o[0m
[ 75%] Built target mono_inertial_tum_vi_old
[35m[1mScanning dependencies of target mono_kitti[0m
[ 77%] [32m[1mLinking CXX executable ../../Examples_old/Stereo-Inertial/stereo_inertial_euroc_old[0m
[ 77%] [32mBuilding CXX object CMakeFiles/mono_kitti.dir/Examples/Monocular/mono_kitti.cc.o[0m
[ 77%] Built target stereo_inertial_euroc_old
[35m[1mScanning dependencies of target stereo_tum_vi[0m
[ 78%] [32mBuilding CXX object CMakeFiles/stereo_tum_vi.dir/Examples/Stereo/stereo_tum_vi.cc.o[0m
[ 79%] [32m[1mLinking CXX executable ../../Examples/RGB-D/rgbd_tum[0m
[ 79%] Built target rgbd_tum
[35m[1mScanning dependencies of target mono_euroc[0m
[ 80%] [32mBuilding CXX object CMakeFiles/mono_euroc.dir/Examples/Monocular/mono_euroc.cc.o[0m
[ 81%] [32m[1mLinking CXX executable ../../Examples/Monocular/mono_tum[0m
[ 81%] Built target mono_tum
[ 82%] [32m[1mLinking CXX executable ../../Examples/Stereo/stereo_kitti[0m
[35m[1mScanning dependencies of target mono_tum_vi[0m
[ 83%] [32mBuilding CXX object CMakeFiles/mono_tum_vi.dir/Examples/Monocular/mono_tum_vi.cc.o[0m
[ 84%] [32m[1mLinking CXX executable ../../Examples_old/Monocular/mono_euroc_old[0m
[ 84%] Built target stereo_kitti
[35m[1mScanning dependencies of target mono_inertial_euroc[0m
[ 85%] [32mBuilding CXX object CMakeFiles/mono_inertial_euroc.dir/Examples/Monocular-Inertial/mono_inertial_euroc.cc.o[0m
[ 85%] Built target mono_euroc_old
[35m[1mScanning dependencies of target mono_inertial_euroc_old[0m
[ 86%] [32m[1mLinking CXX executable ../../Examples/Stereo/stereo_euroc[0m
[ 87%] [32m[1mLinking CXX executable ../../Examples/Monocular/mono_kitti[0m
[ 88%] [32mBuilding CXX object CMakeFiles/mono_inertial_euroc_old.dir/Examples_old/Monocular-Inertial/mono_inertial_euroc.cc.o[0m
[ 88%] Built target stereo_euroc
[35m[1mScanning dependencies of target stereo_tum_vi_old[0m
[ 88%] Built target mono_kitti
[35m[1mScanning dependencies of target mono_inertial_tum_vi[0m
[ 89%] [32mBuilding CXX object CMakeFiles/mono_inertial_tum_vi.dir/Examples/Monocular-Inertial/mono_inertial_tum_vi.cc.o[0m
[ 90%] [32mBuilding CXX object CMakeFiles/stereo_tum_vi_old.dir/Examples_old/Stereo/stereo_tum_vi.cc.o[0m
[ 91%] [32m[1mLinking CXX executable ../../Examples/Stereo-Inertial/stereo_inertial_euroc[0m
[ 91%] Built target stereo_inertial_euroc
[35m[1mScanning dependencies of target rgbd_tum_old[0m
[ 92%] [32mBuilding CXX object CMakeFiles/rgbd_tum_old.dir/Examples_old/RGB-D/rgbd_tum.cc.o[0m
[ 93%] [32m[1mLinking CXX executable ../../Examples/Stereo/stereo_tum_vi[0m
[ 93%] Built target stereo_tum_vi
[35m[1mScanning dependencies of target stereo_inertial_tum_vi[0m
[ 94%] [32mBuilding CXX object CMakeFiles/stereo_inertial_tum_vi.dir/Examples/Stereo-Inertial/stereo_inertial_tum_vi.cc.o[0m
[ 95%] [32m[1mLinking CXX executable ../../Examples/Monocular/mono_euroc[0m
[ 95%] Built target mono_euroc
[ 95%] [32m[1mLinking CXX executable ../../Examples/Monocular/mono_tum_vi[0m
[ 96%] [32m[1mLinking CXX executable ../../Examples/Monocular-Inertial/mono_inertial_euroc[0m
[ 96%] [32m[1mLinking CXX executable ../../Examples_old/Monocular-Inertial/mono_inertial_euroc_old[0m
[ 96%] Built target mono_tum_vi
[ 97%] [32m[1mLinking CXX executable ../../Examples_old/RGB-D/rgbd_tum_old[0m
[ 97%] Built target mono_inertial_euroc
[ 97%] Built target mono_inertial_euroc_old
[ 97%] Built target rgbd_tum_old
[ 98%] [32m[1mLinking CXX executable ../../Examples_old/Stereo/stereo_tum_vi_old[0m
[ 98%] Built target stereo_tum_vi_old
[ 99%] [32m[1mLinking CXX executable ../../Examples/Monocular-Inertial/mono_inertial_tum_vi[0m
[ 99%] Built target mono_inertial_tum_vi
[100%] [32m[1mLinking CXX executable ../../Examples/Stereo-Inertial/stereo_inertial_tum_vi[0m
[100%] Built target stereo_inertial_tum_vi
