[0.442s] DEBUG:colcon:Command line arguments: ['/usr/bin/colcon', 'build']
[0.442s] DEBUG:colcon:Parsed command line arguments: Namespace(allow_overriding=[], ament_cmake_args=None, base_paths=['.'], build_base='build', catkin_cmake_args=None, catkin_skip_building_tests=False, cmake_args=None, cmake_clean_cache=False, cmake_clean_first=False, cmake_force_configure=False, cmake_target=None, cmake_target_skip_unavailable=False, continue_on_error=False, event_handlers=None, executor='parallel', ignore_user_meta=False, install_base='install', log_base=None, log_level=None, main=<bound method BuildVerb.main of <colcon_core.verb.build.BuildVerb object at 0xffffa60b9340>>, merge_install=False, metas=['./colcon.meta'], mixin=None, mixin_files=None, mixin_verb=('build',), packages_above=None, packages_above_and_dependencies=None, packages_above_depth=None, packages_end=None, packages_ignore=None, packages_ignore_regex=None, packages_select=None, packages_select_build_failed=False, packages_select_by_dep=None, packages_select_regex=None, packages_select_test_failures=False, packages_skip=None, packages_skip_build_finished=False, packages_skip_by_dep=None, packages_skip_regex=None, packages_skip_test_passed=False, packages_skip_up_to=None, packages_start=None, packages_up_to=None, packages_up_to_regex=None, parallel_workers=8, paths=None, symlink_install=False, test_result_base=None, verb_extension=<colcon_core.verb.build.BuildVerb object at 0xffffa60b9340>, verb_name='build', verb_parser=<colcon_mixin.mixin.mixin_argument.MixinArgumentDecorator object at 0xffffa5fe9850>)
[0.795s] Level 1:colcon.colcon_core.package_discovery:discover_packages(colcon_meta) check parameters
[0.795s] Level 1:colcon.colcon_core.package_discovery:discover_packages(recursive) check parameters
[0.795s] Level 1:colcon.colcon_core.package_discovery:discover_packages(ignore) check parameters
[0.795s] Level 1:colcon.colcon_core.package_discovery:discover_packages(path) check parameters
[0.795s] Level 1:colcon.colcon_core.package_discovery:discover_packages(colcon_meta) discover
[0.796s] Level 1:colcon.colcon_core.package_discovery:discover_packages(recursive) discover
[0.796s] INFO:colcon.colcon_core.package_discovery:Crawling recursively for packages in '/home/nvidia/projects/ORB_SLAM3/Examples/ROS/ORB_SLAM3'
[0.796s] Level 1:colcon.colcon_core.package_identification:_identify(.) by extensions ['ignore', 'ignore_ament_install']
[0.796s] Level 1:colcon.colcon_core.package_identification:_identify(.) by extension 'ignore'
[0.796s] Level 1:colcon.colcon_core.package_identification:_identify(.) by extension 'ignore_ament_install'
[0.796s] Level 1:colcon.colcon_core.package_identification:_identify(.) by extensions ['colcon_pkg']
[0.797s] Level 1:colcon.colcon_core.package_identification:_identify(.) by extension 'colcon_pkg'
[0.797s] Level 1:colcon.colcon_core.package_identification:_identify(.) by extensions ['colcon_meta']
[0.797s] Level 1:colcon.colcon_core.package_identification:_identify(.) by extension 'colcon_meta'
[0.797s] Level 1:colcon.colcon_core.package_identification:_identify(.) by extensions ['ros']
[0.797s] Level 1:colcon.colcon_core.package_identification:_identify(.) by extension 'ros'
[0.826s] DEBUG:colcon.colcon_core.package_identification:Package '.' with type 'ros.ament_cmake' and name 'orb_slam3_ros2'
[0.826s] Level 1:colcon.colcon_core.package_discovery:discover_packages(recursive) using defaults
[0.826s] Level 1:colcon.colcon_core.package_discovery:discover_packages(ignore) discover
[0.826s] Level 1:colcon.colcon_core.package_discovery:discover_packages(ignore) using defaults
[0.827s] Level 1:colcon.colcon_core.package_discovery:discover_packages(path) discover
[0.827s] Level 1:colcon.colcon_core.package_discovery:discover_packages(path) using defaults
[0.889s] Level 1:colcon.colcon_core.package_discovery:discover_packages(prefix_path) check parameters
[0.889s] Level 1:colcon.colcon_core.package_discovery:discover_packages(prefix_path) discover
[0.893s] DEBUG:colcon.colcon_installed_package_information.package_discovery:Found 1 installed packages in /home/nvidia/projects/ORB_SLAM3/Examples/ROS/ORB_SLAM3/install
[0.895s] DEBUG:colcon.colcon_installed_package_information.package_discovery:Found 3 installed packages in /home/nvidia/projects/a2rl/install
[0.897s] DEBUG:colcon.colcon_installed_package_information.package_discovery:Found 256 installed packages in /opt/ros/foxy
[0.900s] Level 1:colcon.colcon_core.package_discovery:discover_packages(prefix_path) using defaults
[1.022s] Level 5:colcon.colcon_core.verb:set package 'orb_slam3_ros2' build argument 'cmake_args' from command line to 'None'
[1.022s] Level 5:colcon.colcon_core.verb:set package 'orb_slam3_ros2' build argument 'cmake_target' from command line to 'None'
[1.022s] Level 5:colcon.colcon_core.verb:set package 'orb_slam3_ros2' build argument 'cmake_target_skip_unavailable' from command line to 'False'
[1.022s] Level 5:colcon.colcon_core.verb:set package 'orb_slam3_ros2' build argument 'cmake_clean_cache' from command line to 'False'
[1.022s] Level 5:colcon.colcon_core.verb:set package 'orb_slam3_ros2' build argument 'cmake_clean_first' from command line to 'False'
[1.022s] Level 5:colcon.colcon_core.verb:set package 'orb_slam3_ros2' build argument 'cmake_force_configure' from command line to 'False'
[1.022s] Level 5:colcon.colcon_core.verb:set package 'orb_slam3_ros2' build argument 'ament_cmake_args' from command line to 'None'
[1.022s] Level 5:colcon.colcon_core.verb:set package 'orb_slam3_ros2' build argument 'catkin_cmake_args' from command line to 'None'
[1.022s] Level 5:colcon.colcon_core.verb:set package 'orb_slam3_ros2' build argument 'catkin_skip_building_tests' from command line to 'False'
[1.022s] DEBUG:colcon.colcon_core.verb:Building package 'orb_slam3_ros2' with the following arguments: {'ament_cmake_args': None, 'build_base': '/home/nvidia/projects/ORB_SLAM3/Examples/ROS/ORB_SLAM3/build/orb_slam3_ros2', 'catkin_cmake_args': None, 'catkin_skip_building_tests': False, 'cmake_args': None, 'cmake_clean_cache': False, 'cmake_clean_first': False, 'cmake_force_configure': False, 'cmake_target': None, 'cmake_target_skip_unavailable': False, 'install_base': '/home/nvidia/projects/ORB_SLAM3/Examples/ROS/ORB_SLAM3/install/orb_slam3_ros2', 'merge_install': False, 'path': '/home/nvidia/projects/ORB_SLAM3/Examples/ROS/ORB_SLAM3', 'symlink_install': False, 'test_result_base': None}
[1.023s] INFO:colcon.colcon_core.executor:Executing jobs using 'parallel' executor
[1.025s] DEBUG:colcon.colcon_parallel_executor.executor.parallel:run_until_complete
[1.026s] INFO:colcon.colcon_ros.task.ament_cmake.build:Building ROS package in '/home/nvidia/projects/ORB_SLAM3/Examples/ROS/ORB_SLAM3' with build type 'ament_cmake'
[1.026s] INFO:colcon.colcon_cmake.task.cmake.build:Building CMake package in '/home/nvidia/projects/ORB_SLAM3/Examples/ROS/ORB_SLAM3'
[1.030s] INFO:colcon.colcon_core.plugin_system:Skipping extension 'colcon_core.shell.bat': Not used on non-Windows systems
[1.030s] INFO:colcon.colcon_core.shell:Skip shell extension 'powershell' for command environment: Not usable outside of PowerShell
[1.031s] DEBUG:colcon.colcon_core.shell:Skip shell extension 'dsv' for command environment
[1.056s] DEBUG:colcon.colcon_core.event_handler.log_command:Invoking command in '/home/nvidia/projects/ORB_SLAM3/Examples/ROS/ORB_SLAM3/build/orb_slam3_ros2': CMAKE_PREFIX_PATH=${CMAKE_PREFIX_PATH}:/home/nvidia/projects/a2rl/install/data_logger_interface:/opt/ros/foxy /usr/bin/cmake --build /home/nvidia/projects/ORB_SLAM3/Examples/ROS/ORB_SLAM3/build/orb_slam3_ros2 -- -j8 -l8
[21.105s] DEBUG:colcon.colcon_parallel_executor.executor.parallel:run_until_complete was interrupted
[21.105s] DEBUG:colcon.colcon_parallel_executor.executor.parallel:run_until_complete again
[21.201s] DEBUG:colcon.colcon_core.event_handler.log_command:Invoked command in '/home/nvidia/projects/ORB_SLAM3/Examples/ROS/ORB_SLAM3/build/orb_slam3_ros2' returned '-2': CMAKE_PREFIX_PATH=${CMAKE_PREFIX_PATH}:/home/nvidia/projects/a2rl/install/data_logger_interface:/opt/ros/foxy /usr/bin/cmake --build /home/nvidia/projects/ORB_SLAM3/Examples/ROS/ORB_SLAM3/build/orb_slam3_ros2 -- -j8 -l8
[21.254s] Level 1:colcon.colcon_core.environment:create_environment_scripts_only(orb_slam3_ros2)
[21.261s] Level 1:colcon.colcon_core.environment:checking '/home/nvidia/projects/ORB_SLAM3/Examples/ROS/ORB_SLAM3/install/orb_slam3_ros2' for CMake module files
[21.263s] Level 1:colcon.colcon_core.environment:checking '/home/nvidia/projects/ORB_SLAM3/Examples/ROS/ORB_SLAM3/install/orb_slam3_ros2' for CMake config files
[21.264s] Level 1:colcon.colcon_core.shell:create_environment_hook('orb_slam3_ros2', 'cmake_prefix_path')
[21.265s] INFO:colcon.colcon_core.shell:Creating environment hook '/home/nvidia/projects/ORB_SLAM3/Examples/ROS/ORB_SLAM3/install/orb_slam3_ros2/share/orb_slam3_ros2/hook/cmake_prefix_path.ps1'
[21.267s] INFO:colcon.colcon_core.shell:Creating environment descriptor '/home/nvidia/projects/ORB_SLAM3/Examples/ROS/ORB_SLAM3/install/orb_slam3_ros2/share/orb_slam3_ros2/hook/cmake_prefix_path.dsv'
[21.268s] INFO:colcon.colcon_core.shell:Creating environment hook '/home/nvidia/projects/ORB_SLAM3/Examples/ROS/ORB_SLAM3/install/orb_slam3_ros2/share/orb_slam3_ros2/hook/cmake_prefix_path.sh'
[21.271s] Level 1:colcon.colcon_core.environment:checking '/home/nvidia/projects/ORB_SLAM3/Examples/ROS/ORB_SLAM3/install/orb_slam3_ros2/lib'
[21.271s] Level 1:colcon.colcon_core.environment:checking '/home/nvidia/projects/ORB_SLAM3/Examples/ROS/ORB_SLAM3/install/orb_slam3_ros2/bin'
[21.272s] Level 1:colcon.colcon_core.environment:checking '/home/nvidia/projects/ORB_SLAM3/Examples/ROS/ORB_SLAM3/install/orb_slam3_ros2/lib/pkgconfig/orb_slam3_ros2.pc'
[21.272s] Level 1:colcon.colcon_core.environment:checking '/home/nvidia/projects/ORB_SLAM3/Examples/ROS/ORB_SLAM3/install/orb_slam3_ros2/lib/python3.8/site-packages'
[21.273s] Level 1:colcon.colcon_core.environment:checking '/home/nvidia/projects/ORB_SLAM3/Examples/ROS/ORB_SLAM3/install/orb_slam3_ros2/bin'
[21.274s] INFO:colcon.colcon_core.shell:Creating package script '/home/nvidia/projects/ORB_SLAM3/Examples/ROS/ORB_SLAM3/install/orb_slam3_ros2/share/orb_slam3_ros2/package.ps1'
[21.276s] INFO:colcon.colcon_core.shell:Creating package descriptor '/home/nvidia/projects/ORB_SLAM3/Examples/ROS/ORB_SLAM3/install/orb_slam3_ros2/share/orb_slam3_ros2/package.dsv'
[21.277s] INFO:colcon.colcon_core.shell:Creating package script '/home/nvidia/projects/ORB_SLAM3/Examples/ROS/ORB_SLAM3/install/orb_slam3_ros2/share/orb_slam3_ros2/package.sh'
[21.279s] INFO:colcon.colcon_core.shell:Creating package script '/home/nvidia/projects/ORB_SLAM3/Examples/ROS/ORB_SLAM3/install/orb_slam3_ros2/share/orb_slam3_ros2/package.bash'
[21.281s] INFO:colcon.colcon_core.shell:Creating package script '/home/nvidia/projects/ORB_SLAM3/Examples/ROS/ORB_SLAM3/install/orb_slam3_ros2/share/orb_slam3_ros2/package.zsh'
[21.282s] Level 1:colcon.colcon_core.environment:create_file_with_runtime_dependencies(/home/nvidia/projects/ORB_SLAM3/Examples/ROS/ORB_SLAM3/install/orb_slam3_ros2/share/colcon-core/packages/orb_slam3_ros2)
[21.294s] DEBUG:colcon.colcon_parallel_executor.executor.parallel:run_until_complete finished
[21.294s] DEBUG:colcon.colcon_parallel_executor.executor.parallel:closing loop
[21.294s] DEBUG:colcon.colcon_parallel_executor.executor.parallel:loop closed
[21.294s] DEBUG:colcon.colcon_core.event_reactor:joining thread
[21.307s] INFO:colcon.colcon_core.plugin_system:Skipping extension 'colcon_notification.desktop_notification.terminal_notifier': Not used on non-Darwin systems
[21.308s] INFO:colcon.colcon_core.plugin_system:Skipping extension 'colcon_notification.desktop_notification.win32': Not used on non-Windows systems
[21.308s] INFO:colcon.colcon_notification.desktop_notification:Sending desktop notification using 'notify2'
[21.344s] DEBUG:colcon.colcon_core.event_reactor:joined thread
[21.345s] INFO:colcon.colcon_core.shell:Creating prefix script '/home/nvidia/projects/ORB_SLAM3/Examples/ROS/ORB_SLAM3/install/local_setup.ps1'
[21.347s] INFO:colcon.colcon_core.shell:Creating prefix util module '/home/nvidia/projects/ORB_SLAM3/Examples/ROS/ORB_SLAM3/install/_local_setup_util_ps1.py'
[21.350s] INFO:colcon.colcon_core.shell:Creating prefix chain script '/home/nvidia/projects/ORB_SLAM3/Examples/ROS/ORB_SLAM3/install/setup.ps1'
[21.353s] INFO:colcon.colcon_core.shell:Creating prefix script '/home/nvidia/projects/ORB_SLAM3/Examples/ROS/ORB_SLAM3/install/local_setup.sh'
[21.355s] INFO:colcon.colcon_core.shell:Creating prefix util module '/home/nvidia/projects/ORB_SLAM3/Examples/ROS/ORB_SLAM3/install/_local_setup_util_sh.py'
[21.356s] INFO:colcon.colcon_core.shell:Creating prefix chain script '/home/nvidia/projects/ORB_SLAM3/Examples/ROS/ORB_SLAM3/install/setup.sh'
[21.359s] INFO:colcon.colcon_core.shell:Creating prefix script '/home/nvidia/projects/ORB_SLAM3/Examples/ROS/ORB_SLAM3/install/local_setup.bash'
[21.361s] INFO:colcon.colcon_core.shell:Creating prefix chain script '/home/nvidia/projects/ORB_SLAM3/Examples/ROS/ORB_SLAM3/install/setup.bash'
[21.364s] INFO:colcon.colcon_core.shell:Creating prefix script '/home/nvidia/projects/ORB_SLAM3/Examples/ROS/ORB_SLAM3/install/local_setup.zsh'
[21.365s] INFO:colcon.colcon_core.shell:Creating prefix chain script '/home/nvidia/projects/ORB_SLAM3/Examples/ROS/ORB_SLAM3/install/setup.zsh'
