-- The C compiler identification is GNU 9.4.0
-- The CXX compiler identification is GNU 9.4.0
-- Check for working C compiler: /usr/bin/cc
-- Check for working C compiler: /usr/bin/cc -- works
-- Detecting C compiler ABI info
-- Detecting C compiler ABI info - done
-- Detecting C compile features
-- Detecting C compile features - done
-- Check for working CXX compiler: /usr/bin/c++
-- Check for working CXX compiler: /usr/bin/c++ -- works
-- Detecting CXX compiler ABI info
-- Detecting CXX compiler ABI info - done
-- Detecting CXX compile features
-- Detecting CXX compile features - done
-- Found ament_cmake: 0.9.12 (/opt/ros/foxy/share/ament_cmake/cmake)
-- Found PythonInterp: /usr/bin/python3 (found suitable version "3.8.10", minimum required is "3") 
-- Using PYTHON_EXECUTABLE: /usr/bin/python3
-- Override CMake install command with custom implementation using symlinks instead of copying resources
-- Found rclcpp: 2.4.3 (/opt/ros/foxy/share/rclcpp/cmake)
-- Using all available rosidl_typesupport_c: rosidl_typesupport_fastrtps_c;rosidl_typesupport_introspection_c
-- Found rosidl_adapter: 1.3.1 (/opt/ros/foxy/share/rosidl_adapter/cmake)
-- Found OpenSSL: /usr/lib/aarch64-linux-gnu/libcrypto.so (found version "1.1.1f")  
-- Found FastRTPS: /opt/ros/foxy/include  
-- Using all available rosidl_typesupport_cpp: rosidl_typesupport_fastrtps_cpp;rosidl_typesupport_introspection_cpp
-- Found rmw_implementation_cmake: 1.0.4 (/opt/ros/foxy/share/rmw_implementation_cmake/cmake)
-- Using RMW implementation 'rmw_fastrtps_cpp' as default
-- Looking for pthread.h
-- Looking for pthread.h - found
-- Performing Test CMAKE_HAVE_LIBC_PTHREAD
-- Performing Test CMAKE_HAVE_LIBC_PTHREAD - Failed
-- Looking for pthread_create in pthreads
-- Looking for pthread_create in pthreads - not found
-- Looking for pthread_create in pthread
-- Looking for pthread_create in pthread - found
-- Found Threads: TRUE  
-- Found sensor_msgs: 2.0.5 (/opt/ros/foxy/share/sensor_msgs/cmake)
-- Found image_transport: 2.4.0 (/opt/ros/foxy/share/image_transport/cmake)
-- Found cv_bridge: 3.0.7 (/opt/ros/foxy/share/cv_bridge/cmake)
-- Found OpenCV: /usr (found version "4.5.4") 
-- Found OpenGL: /usr/lib/aarch64-linux-gnu/libOpenGL.so  found components: OpenGL 
-- Found Boost: /usr/lib/aarch64-linux-gnu/cmake/Boost-1.71.0/BoostConfig.cmake (found version "1.71.0") found components: system 
-- Configuring done
-- Generating done
-- Build files have been written to: /home/nvidia/projects/ORB_SLAM3/Examples/ROS/ORB_SLAM3/build/orb_slam3_ros2
[35m[1mScanning dependencies of target mono[0m
[35m[1mScanning dependencies of target mono_inertial[0m
[ 25%] [32mBuilding CXX object CMakeFiles/mono_inertial.dir/src/ros_mono_inertial.cc.o[0m
[ 50%] [32mBuilding CXX object CMakeFiles/mono.dir/src/ros_mono.cc.o[0m
[ 75%] [32m[1mLinking CXX executable mono[0m
[ 75%] Built target mono
[100%] [32m[1mLinking CXX executable mono_inertial[0m
[100%] Built target mono_inertial
-- Install configuration: ""
-- Execute custom install script
-- Up-to-date symlink: /home/nvidia/projects/ORB_SLAM3/Examples/ROS/ORB_SLAM3/install/orb_slam3_ros2/lib/orb_slam3_ros2/mono_inertial
-- Up-to-date symlink: /home/nvidia/projects/ORB_SLAM3/Examples/ROS/ORB_SLAM3/install/orb_slam3_ros2/lib/orb_slam3_ros2/mono
-- Up-to-date symlink: /home/nvidia/projects/ORB_SLAM3/Examples/ROS/ORB_SLAM3/install/orb_slam3_ros2/share/ament_index/resource_index/package_run_dependencies/orb_slam3_ros2
-- Up-to-date symlink: /home/nvidia/projects/ORB_SLAM3/Examples/ROS/ORB_SLAM3/install/orb_slam3_ros2/share/ament_index/resource_index/parent_prefix_path/orb_slam3_ros2
-- Up-to-date symlink: /home/nvidia/projects/ORB_SLAM3/Examples/ROS/ORB_SLAM3/install/orb_slam3_ros2/share/orb_slam3_ros2/environment/ament_prefix_path.sh
-- Up-to-date symlink: /home/nvidia/projects/ORB_SLAM3/Examples/ROS/ORB_SLAM3/install/orb_slam3_ros2/share/orb_slam3_ros2/environment/ament_prefix_path.dsv
-- Up-to-date symlink: /home/nvidia/projects/ORB_SLAM3/Examples/ROS/ORB_SLAM3/install/orb_slam3_ros2/share/orb_slam3_ros2/environment/path.sh
-- Up-to-date symlink: /home/nvidia/projects/ORB_SLAM3/Examples/ROS/ORB_SLAM3/install/orb_slam3_ros2/share/orb_slam3_ros2/environment/path.dsv
-- Up-to-date symlink: /home/nvidia/projects/ORB_SLAM3/Examples/ROS/ORB_SLAM3/install/orb_slam3_ros2/share/orb_slam3_ros2/local_setup.bash
-- Up-to-date symlink: /home/nvidia/projects/ORB_SLAM3/Examples/ROS/ORB_SLAM3/install/orb_slam3_ros2/share/orb_slam3_ros2/local_setup.sh
-- Up-to-date symlink: /home/nvidia/projects/ORB_SLAM3/Examples/ROS/ORB_SLAM3/install/orb_slam3_ros2/share/orb_slam3_ros2/local_setup.zsh
-- Up-to-date symlink: /home/nvidia/projects/ORB_SLAM3/Examples/ROS/ORB_SLAM3/install/orb_slam3_ros2/share/orb_slam3_ros2/local_setup.dsv
-- Symlinking: /home/nvidia/projects/ORB_SLAM3/Examples/ROS/ORB_SLAM3/install/orb_slam3_ros2/share/orb_slam3_ros2/package.dsv
-- Up-to-date symlink: /home/nvidia/projects/ORB_SLAM3/Examples/ROS/ORB_SLAM3/install/orb_slam3_ros2/share/ament_index/resource_index/packages/orb_slam3_ros2
-- Up-to-date symlink: /home/nvidia/projects/ORB_SLAM3/Examples/ROS/ORB_SLAM3/install/orb_slam3_ros2/share/orb_slam3_ros2/cmake/orb_slam3_ros2Config.cmake
-- Up-to-date symlink: /home/nvidia/projects/ORB_SLAM3/Examples/ROS/ORB_SLAM3/install/orb_slam3_ros2/share/orb_slam3_ros2/cmake/orb_slam3_ros2Config-version.cmake
-- Up-to-date symlink: /home/nvidia/projects/ORB_SLAM3/Examples/ROS/ORB_SLAM3/install/orb_slam3_ros2/share/orb_slam3_ros2/package.xml
