[0.025s] Invoking command in '/home/nvidia/projects/ORB_SLAM3/Examples/ROS/ORB_SLAM3/build/orb_slam3_ros2': CMAKE_PREFIX_PATH=${CMAKE_PREFIX_PATH}:/home/nvidia/projects/a2rl/install/data_logger_interface:/opt/ros/foxy /usr/bin/cmake --build /home/nvidia/projects/ORB_SLAM3/Examples/ROS/ORB_SLAM3/build/orb_slam3_ros2 -- -j8 -l8
[0.118s] [35m[1mScanning dependencies of target mono[0m
[0.168s] [ 50%] Built target mono_inertial
[0.220s] [ 75%] [32mBuilding CXX object CMakeFiles/mono.dir/src/ros_mono.cc.o[0m
[9.272s] In file included from [01m[K/home/nvidia/projects/ORB_SLAM3/Examples/ROS/ORB_SLAM3/src/../../../../include/Frame.h:30[m[K,
[9.272s]                  from [01m[K/home/nvidia/projects/ORB_SLAM3/Examples/ROS/ORB_SLAM3/src/../../../../include/KeyFrame.h:28[m[K,
[9.273s]                  from [01m[K/home/nvidia/projects/ORB_SLAM3/Examples/ROS/ORB_SLAM3/src/../../../../include/MapPoint.h:23[m[K,
[9.273s]                  from [01m[K/home/nvidia/projects/ORB_SLAM3/Examples/ROS/ORB_SLAM3/src/../../../../include/FrameDrawer.h:24[m[K,
[9.273s]                  from [01m[K/home/nvidia/projects/ORB_SLAM3/Examples/ROS/ORB_SLAM3/src/../../../../include/Viewer.h:23[m[K,
[9.273s]                  from [01m[K/home/nvidia/projects/ORB_SLAM3/Examples/ROS/ORB_SLAM3/src/../../../../include/Tracking.h:26[m[K,
[9.273s]                  from [01m[K/home/nvidia/projects/ORB_SLAM3/Examples/ROS/ORB_SLAM3/src/../../../../include/System.h:31[m[K,
[9.273s]                  from [01m[K/home/nvidia/projects/ORB_SLAM3/Examples/ROS/ORB_SLAM3/src/ros_mono.cc:17[m[K:
[9.273s] [01m[K/home/nvidia/projects/ORB_SLAM3/Examples/ROS/ORB_SLAM3/src/../../../../include/ImuTypes.h:[m[K In member function ‘[01m[Kvoid ORB_SLAM3::IMU::Preintegrated::printMeasurements() const[m[K’:
[9.273s] [01m[K/home/nvidia/projects/ORB_SLAM3/Examples/ROS/ORB_SLAM3/src/../../../../include/ImuTypes.h:204:23:[m[K [01;35m[Kwarning: [m[Kcomparison of integer expressions of different signedness: ‘[01m[Kint[m[K’ and ‘[01m[Kstd::vector<ORB_SLAM3::IMU::Preintegrated::integrable>::size_type[m[K’ {aka ‘[01m[Klong unsigned int[m[K’} [[01;35m[K-Wsign-compare[m[K]
[9.274s]   204 |         for(int i=0; [01;35m[Ki<mvMeasurements.size()[m[K; i++){
[9.274s]       |                      [01;35m[K~^~~~~~~~~~~~~~~~~~~~~~[m[K
[9.471s] In file included from [01m[K/home/nvidia/projects/ORB_SLAM3/Examples/ROS/ORB_SLAM3/../../../Thirdparty/g2o/g2o/types/types_six_dof_expmap.h:37[m[K,
[9.471s]                  from [01m[K/home/nvidia/projects/ORB_SLAM3/Examples/ROS/ORB_SLAM3/src/../../../../include/Converter.h:26[m[K,
[9.472s]                  from [01m[K/home/nvidia/projects/ORB_SLAM3/Examples/ROS/ORB_SLAM3/src/../../../../include/Frame.h:33[m[K,
[9.472s]                  from [01m[K/home/nvidia/projects/ORB_SLAM3/Examples/ROS/ORB_SLAM3/src/../../../../include/KeyFrame.h:28[m[K,
[9.472s]                  from [01m[K/home/nvidia/projects/ORB_SLAM3/Examples/ROS/ORB_SLAM3/src/../../../../include/MapPoint.h:23[m[K,
[9.472s]                  from [01m[K/home/nvidia/projects/ORB_SLAM3/Examples/ROS/ORB_SLAM3/src/../../../../include/FrameDrawer.h:24[m[K,
[9.472s]                  from [01m[K/home/nvidia/projects/ORB_SLAM3/Examples/ROS/ORB_SLAM3/src/../../../../include/Viewer.h:23[m[K,
[9.472s]                  from [01m[K/home/nvidia/projects/ORB_SLAM3/Examples/ROS/ORB_SLAM3/src/../../../../include/Tracking.h:26[m[K,
[9.472s]                  from [01m[K/home/nvidia/projects/ORB_SLAM3/Examples/ROS/ORB_SLAM3/src/../../../../include/System.h:31[m[K,
[9.473s]                  from [01m[K/home/nvidia/projects/ORB_SLAM3/Examples/ROS/ORB_SLAM3/src/ros_mono.cc:17[m[K:
[9.473s] [01m[K/home/nvidia/projects/ORB_SLAM3/Examples/ROS/ORB_SLAM3/../../../Thirdparty/g2o/g2o/types/../core/base_vertex.h:[m[K At global scope:
[9.473s] [01m[K/home/nvidia/projects/ORB_SLAM3/Examples/ROS/ORB_SLAM3/../../../Thirdparty/g2o/g2o/types/../core/base_vertex.h:62:74:[m[K [01;35m[Kwarning: [m[K‘[01m[KEigen::AlignedBit[m[K’ is deprecated [[01;35m[K-Wdeprecated-declarations[m[K]
[9.473s]    62 |     typedef Eigen::Map<Matrix<double, D, D>, Matrix<double,D,D>::Flags & [01;35m[KAlignedBit[m[K ? Aligned : Unaligned >  HessianBlockType;
[9.473s]       |                                                                          [01;35m[K^~~~~~~~~~[m[K
[9.473s] In file included from [01m[K/usr/include/eigen3/Eigen/Core:363[m[K,
[9.473s]                  from [01m[K/usr/include/eigen3/Eigen/LU:11[m[K,
[9.474s]                  from [01m[K/home/nvidia/projects/ORB_SLAM3/Examples/ROS/ORB_SLAM3/../../../Thirdparty/Sophus/sophus/so2.hpp:12[m[K,
[9.474s]                  from [01m[K/home/nvidia/projects/ORB_SLAM3/Examples/ROS/ORB_SLAM3/../../../Thirdparty/Sophus/sophus/se2.hpp:7[m[K,
[9.474s]                  from [01m[K/home/nvidia/projects/ORB_SLAM3/Examples/ROS/ORB_SLAM3/../../../Thirdparty/Sophus/sophus/geometry.hpp:7[m[K,
[9.474s]                  from [01m[K/home/nvidia/projects/ORB_SLAM3/Examples/ROS/ORB_SLAM3/src/../../../../include/Frame.h:28[m[K,
[9.474s]                  from [01m[K/home/nvidia/projects/ORB_SLAM3/Examples/ROS/ORB_SLAM3/src/../../../../include/KeyFrame.h:28[m[K,
[9.474s]                  from [01m[K/home/nvidia/projects/ORB_SLAM3/Examples/ROS/ORB_SLAM3/src/../../../../include/MapPoint.h:23[m[K,
[9.474s]                  from [01m[K/home/nvidia/projects/ORB_SLAM3/Examples/ROS/ORB_SLAM3/src/../../../../include/FrameDrawer.h:24[m[K,
[9.474s]                  from [01m[K/home/nvidia/projects/ORB_SLAM3/Examples/ROS/ORB_SLAM3/src/../../../../include/Viewer.h:23[m[K,
[9.475s]                  from [01m[K/home/nvidia/projects/ORB_SLAM3/Examples/ROS/ORB_SLAM3/src/../../../../include/Tracking.h:26[m[K,
[9.475s]                  from [01m[K/home/nvidia/projects/ORB_SLAM3/Examples/ROS/ORB_SLAM3/src/../../../../include/System.h:31[m[K,
[9.475s]                  from [01m[K/home/nvidia/projects/ORB_SLAM3/Examples/ROS/ORB_SLAM3/src/ros_mono.cc:17[m[K:
[9.475s] [01m[K/usr/include/eigen3/Eigen/src/Core/util/Constants.h:162:37:[m[K [01;36m[Knote: [m[Kdeclared here
[9.475s]   162 | EIGEN_DEPRECATED const unsigned int [01;36m[KAlignedBit[m[K = 0x80;
[9.475s]       |                                     [01;36m[K^~~~~~~~~~[m[K
[9.524s] In file included from [01m[K/home/nvidia/projects/ORB_SLAM3/Examples/ROS/ORB_SLAM3/../../../Thirdparty/g2o/g2o/types/types_six_dof_expmap.h:38[m[K,
[9.524s]                  from [01m[K/home/nvidia/projects/ORB_SLAM3/Examples/ROS/ORB_SLAM3/src/../../../../include/Converter.h:26[m[K,
[9.524s]                  from [01m[K/home/nvidia/projects/ORB_SLAM3/Examples/ROS/ORB_SLAM3/src/../../../../include/Frame.h:33[m[K,
[9.524s]                  from [01m[K/home/nvidia/projects/ORB_SLAM3/Examples/ROS/ORB_SLAM3/src/../../../../include/KeyFrame.h:28[m[K,
[9.525s]                  from [01m[K/home/nvidia/projects/ORB_SLAM3/Examples/ROS/ORB_SLAM3/src/../../../../include/MapPoint.h:23[m[K,
[9.525s]                  from [01m[K/home/nvidia/projects/ORB_SLAM3/Examples/ROS/ORB_SLAM3/src/../../../../include/FrameDrawer.h:24[m[K,
[9.525s]                  from [01m[K/home/nvidia/projects/ORB_SLAM3/Examples/ROS/ORB_SLAM3/src/../../../../include/Viewer.h:23[m[K,
[9.525s]                  from [01m[K/home/nvidia/projects/ORB_SLAM3/Examples/ROS/ORB_SLAM3/src/../../../../include/Tracking.h:26[m[K,
[9.525s]                  from [01m[K/home/nvidia/projects/ORB_SLAM3/Examples/ROS/ORB_SLAM3/src/../../../../include/System.h:31[m[K,
[9.525s]                  from [01m[K/home/nvidia/projects/ORB_SLAM3/Examples/ROS/ORB_SLAM3/src/ros_mono.cc:17[m[K:
[9.525s] [01m[K/home/nvidia/projects/ORB_SLAM3/Examples/ROS/ORB_SLAM3/../../../Thirdparty/g2o/g2o/types/../core/base_binary_edge.h:59:82:[m[K [01;35m[Kwarning: [m[K‘[01m[KEigen::AlignedBit[m[K’ is deprecated [[01;35m[K-Wdeprecated-declarations[m[K]
[9.525s]    59 |       typedef Eigen::Map<Matrix<double, Di, Dj>, Matrix<double, Di, Dj>::Flags & [01;35m[KAlignedBit[m[K ? Aligned : Unaligned > HessianBlockType;
[9.526s]       |                                                                                  [01;35m[K^~~~~~~~~~[m[K
[9.526s] In file included from [01m[K/usr/include/eigen3/Eigen/Core:363[m[K,
[9.526s]                  from [01m[K/usr/include/eigen3/Eigen/LU:11[m[K,
[9.526s]                  from [01m[K/home/nvidia/projects/ORB_SLAM3/Examples/ROS/ORB_SLAM3/../../../Thirdparty/Sophus/sophus/so2.hpp:12[m[K,
[9.526s]                  from [01m[K/home/nvidia/projects/ORB_SLAM3/Examples/ROS/ORB_SLAM3/../../../Thirdparty/Sophus/sophus/se2.hpp:7[m[K,
[9.526s]                  from [01m[K/home/nvidia/projects/ORB_SLAM3/Examples/ROS/ORB_SLAM3/../../../Thirdparty/Sophus/sophus/geometry.hpp:7[m[K,
[9.526s]                  from [01m[K/home/nvidia/projects/ORB_SLAM3/Examples/ROS/ORB_SLAM3/src/../../../../include/Frame.h:28[m[K,
[9.527s]                  from [01m[K/home/nvidia/projects/ORB_SLAM3/Examples/ROS/ORB_SLAM3/src/../../../../include/KeyFrame.h:28[m[K,
[9.527s]                  from [01m[K/home/nvidia/projects/ORB_SLAM3/Examples/ROS/ORB_SLAM3/src/../../../../include/MapPoint.h:23[m[K,
[9.527s]                  from [01m[K/home/nvidia/projects/ORB_SLAM3/Examples/ROS/ORB_SLAM3/src/../../../../include/FrameDrawer.h:24[m[K,
[9.527s]                  from [01m[K/home/nvidia/projects/ORB_SLAM3/Examples/ROS/ORB_SLAM3/src/../../../../include/Viewer.h:23[m[K,
[9.527s]                  from [01m[K/home/nvidia/projects/ORB_SLAM3/Examples/ROS/ORB_SLAM3/src/../../../../include/Tracking.h:26[m[K,
[9.527s]                  from [01m[K/home/nvidia/projects/ORB_SLAM3/Examples/ROS/ORB_SLAM3/src/../../../../include/System.h:31[m[K,
[9.527s]                  from [01m[K/home/nvidia/projects/ORB_SLAM3/Examples/ROS/ORB_SLAM3/src/ros_mono.cc:17[m[K:
[9.527s] [01m[K/usr/include/eigen3/Eigen/src/Core/util/Constants.h:162:37:[m[K [01;36m[Knote: [m[Kdeclared here
[9.528s]   162 | EIGEN_DEPRECATED const unsigned int [01;36m[KAlignedBit[m[K = 0x80;
[9.528s]       |                                     [01;36m[K^~~~~~~~~~[m[K
[9.528s] In file included from [01m[K/home/nvidia/projects/ORB_SLAM3/Examples/ROS/ORB_SLAM3/../../../Thirdparty/g2o/g2o/types/types_six_dof_expmap.h:38[m[K,
[9.528s]                  from [01m[K/home/nvidia/projects/ORB_SLAM3/Examples/ROS/ORB_SLAM3/src/../../../../include/Converter.h:26[m[K,
[9.528s]                  from [01m[K/home/nvidia/projects/ORB_SLAM3/Examples/ROS/ORB_SLAM3/src/../../../../include/Frame.h:33[m[K,
[9.528s]                  from [01m[K/home/nvidia/projects/ORB_SLAM3/Examples/ROS/ORB_SLAM3/src/../../../../include/KeyFrame.h:28[m[K,
[9.528s]                  from [01m[K/home/nvidia/projects/ORB_SLAM3/Examples/ROS/ORB_SLAM3/src/../../../../include/MapPoint.h:23[m[K,
[9.528s]                  from [01m[K/home/nvidia/projects/ORB_SLAM3/Examples/ROS/ORB_SLAM3/src/../../../../include/FrameDrawer.h:24[m[K,
[9.529s]                  from [01m[K/home/nvidia/projects/ORB_SLAM3/Examples/ROS/ORB_SLAM3/src/../../../../include/Viewer.h:23[m[K,
[9.529s]                  from [01m[K/home/nvidia/projects/ORB_SLAM3/Examples/ROS/ORB_SLAM3/src/../../../../include/Tracking.h:26[m[K,
[9.529s]                  from [01m[K/home/nvidia/projects/ORB_SLAM3/Examples/ROS/ORB_SLAM3/src/../../../../include/System.h:31[m[K,
[9.529s]                  from [01m[K/home/nvidia/projects/ORB_SLAM3/Examples/ROS/ORB_SLAM3/src/ros_mono.cc:17[m[K:
[9.529s] [01m[K/home/nvidia/projects/ORB_SLAM3/Examples/ROS/ORB_SLAM3/../../../Thirdparty/g2o/g2o/types/../core/base_binary_edge.h:60:82:[m[K [01;35m[Kwarning: [m[K‘[01m[KEigen::AlignedBit[m[K’ is deprecated [[01;35m[K-Wdeprecated-declarations[m[K]
[9.529s]    60 |       typedef Eigen::Map<Matrix<double, Dj, Di>, Matrix<double, Dj, Di>::Flags & [01;35m[KAlignedBit[m[K ? Aligned : Unaligned > HessianBlockTransposedType;
[9.529s]       |                                                                                  [01;35m[K^~~~~~~~~~[m[K
[9.529s] In file included from [01m[K/usr/include/eigen3/Eigen/Core:363[m[K,
[9.530s]                  from [01m[K/usr/include/eigen3/Eigen/LU:11[m[K,
[9.530s]                  from [01m[K/home/nvidia/projects/ORB_SLAM3/Examples/ROS/ORB_SLAM3/../../../Thirdparty/Sophus/sophus/so2.hpp:12[m[K,
[9.530s]                  from [01m[K/home/nvidia/projects/ORB_SLAM3/Examples/ROS/ORB_SLAM3/../../../Thirdparty/Sophus/sophus/se2.hpp:7[m[K,
[9.530s]                  from [01m[K/home/nvidia/projects/ORB_SLAM3/Examples/ROS/ORB_SLAM3/../../../Thirdparty/Sophus/sophus/geometry.hpp:7[m[K,
[9.530s]                  from [01m[K/home/nvidia/projects/ORB_SLAM3/Examples/ROS/ORB_SLAM3/src/../../../../include/Frame.h:28[m[K,
[9.530s]                  from [01m[K/home/nvidia/projects/ORB_SLAM3/Examples/ROS/ORB_SLAM3/src/../../../../include/KeyFrame.h:28[m[K,
[9.530s]                  from [01m[K/home/nvidia/projects/ORB_SLAM3/Examples/ROS/ORB_SLAM3/src/../../../../include/MapPoint.h:23[m[K,
[9.530s]                  from [01m[K/home/nvidia/projects/ORB_SLAM3/Examples/ROS/ORB_SLAM3/src/../../../../include/FrameDrawer.h:24[m[K,
[9.531s]                  from [01m[K/home/nvidia/projects/ORB_SLAM3/Examples/ROS/ORB_SLAM3/src/../../../../include/Viewer.h:23[m[K,
[9.531s]                  from [01m[K/home/nvidia/projects/ORB_SLAM3/Examples/ROS/ORB_SLAM3/src/../../../../include/Tracking.h:26[m[K,
[9.531s]                  from [01m[K/home/nvidia/projects/ORB_SLAM3/Examples/ROS/ORB_SLAM3/src/../../../../include/System.h:31[m[K,
[9.531s]                  from [01m[K/home/nvidia/projects/ORB_SLAM3/Examples/ROS/ORB_SLAM3/src/ros_mono.cc:17[m[K:
[9.531s] [01m[K/usr/include/eigen3/Eigen/src/Core/util/Constants.h:162:37:[m[K [01;36m[Knote: [m[Kdeclared here
[9.531s]   162 | EIGEN_DEPRECATED const unsigned int [01;36m[KAlignedBit[m[K = 0x80;
[9.531s]       |                                     [01;36m[K^~~~~~~~~~[m[K
[10.265s] In file included from [01m[K/home/nvidia/projects/ORB_SLAM3/Examples/ROS/ORB_SLAM3/../../../Thirdparty/g2o/g2o/types/types_six_dof_expmap.h:37[m[K,
[10.265s]                  from [01m[K/home/nvidia/projects/ORB_SLAM3/Examples/ROS/ORB_SLAM3/src/../../../../include/Converter.h:26[m[K,
[10.265s]                  from [01m[K/home/nvidia/projects/ORB_SLAM3/Examples/ROS/ORB_SLAM3/src/../../../../include/Frame.h:33[m[K,
[10.265s]                  from [01m[K/home/nvidia/projects/ORB_SLAM3/Examples/ROS/ORB_SLAM3/src/../../../../include/KeyFrame.h:28[m[K,
[10.266s]                  from [01m[K/home/nvidia/projects/ORB_SLAM3/Examples/ROS/ORB_SLAM3/src/../../../../include/MapPoint.h:23[m[K,
[10.266s]                  from [01m[K/home/nvidia/projects/ORB_SLAM3/Examples/ROS/ORB_SLAM3/src/../../../../include/FrameDrawer.h:24[m[K,
[10.266s]                  from [01m[K/home/nvidia/projects/ORB_SLAM3/Examples/ROS/ORB_SLAM3/src/../../../../include/Viewer.h:23[m[K,
[10.266s]                  from [01m[K/home/nvidia/projects/ORB_SLAM3/Examples/ROS/ORB_SLAM3/src/../../../../include/Tracking.h:26[m[K,
[10.266s]                  from [01m[K/home/nvidia/projects/ORB_SLAM3/Examples/ROS/ORB_SLAM3/src/../../../../include/System.h:31[m[K,
[10.266s]                  from [01m[K/home/nvidia/projects/ORB_SLAM3/Examples/ROS/ORB_SLAM3/src/ros_mono.cc:17[m[K:
[10.266s] /home/nvidia/projects/ORB_SLAM3/Examples/ROS/ORB_SLAM3/../../../Thirdparty/g2o/g2o/types/../core/base_vertex.h: In instantiation of ‘[01m[Kclass g2o::BaseVertex<3, Eigen::Matrix<double, 3, 1> >[m[K’:
[10.267s] [01m[K/home/nvidia/projects/ORB_SLAM3/Examples/ROS/ORB_SLAM3/../../../Thirdparty/g2o/g2o/types/types_sba.h:40:35:[m[K   required from here
[10.267s] [01m[K/home/nvidia/projects/ORB_SLAM3/Examples/ROS/ORB_SLAM3/../../../Thirdparty/g2o/g2o/types/../core/base_vertex.h:62:72:[m[K [01;35m[Kwarning: [m[K‘[01m[KEigen::AlignedBit[m[K’ is deprecated [[01;35m[K-Wdeprecated-declarations[m[K]
[10.267s]    62 |     typedef Eigen::Map<Matrix<double, D, D>, Matrix<double,D,D>::[01;35m[KFlags & AlignedBit[m[K ? Aligned : Unaligned >  HessianBlockType;
[10.267s]       |                                                                  [01;35m[K~~~~~~^~~~~~~~~~~~[m[K
[10.267s] In file included from [01m[K/usr/include/eigen3/Eigen/Core:363[m[K,
[10.267s]                  from [01m[K/usr/include/eigen3/Eigen/LU:11[m[K,
[10.267s]                  from [01m[K/home/nvidia/projects/ORB_SLAM3/Examples/ROS/ORB_SLAM3/../../../Thirdparty/Sophus/sophus/so2.hpp:12[m[K,
[10.267s]                  from [01m[K/home/nvidia/projects/ORB_SLAM3/Examples/ROS/ORB_SLAM3/../../../Thirdparty/Sophus/sophus/se2.hpp:7[m[K,
[10.268s]                  from [01m[K/home/nvidia/projects/ORB_SLAM3/Examples/ROS/ORB_SLAM3/../../../Thirdparty/Sophus/sophus/geometry.hpp:7[m[K,
[10.268s]                  from [01m[K/home/nvidia/projects/ORB_SLAM3/Examples/ROS/ORB_SLAM3/src/../../../../include/Frame.h:28[m[K,
[10.268s]                  from [01m[K/home/nvidia/projects/ORB_SLAM3/Examples/ROS/ORB_SLAM3/src/../../../../include/KeyFrame.h:28[m[K,
[10.268s]                  from [01m[K/home/nvidia/projects/ORB_SLAM3/Examples/ROS/ORB_SLAM3/src/../../../../include/MapPoint.h:23[m[K,
[10.268s]                  from [01m[K/home/nvidia/projects/ORB_SLAM3/Examples/ROS/ORB_SLAM3/src/../../../../include/FrameDrawer.h:24[m[K,
[10.268s]                  from [01m[K/home/nvidia/projects/ORB_SLAM3/Examples/ROS/ORB_SLAM3/src/../../../../include/Viewer.h:23[m[K,
[10.268s]                  from [01m[K/home/nvidia/projects/ORB_SLAM3/Examples/ROS/ORB_SLAM3/src/../../../../include/Tracking.h:26[m[K,
[10.269s]                  from [01m[K/home/nvidia/projects/ORB_SLAM3/Examples/ROS/ORB_SLAM3/src/../../../../include/System.h:31[m[K,
[10.269s]                  from [01m[K/home/nvidia/projects/ORB_SLAM3/Examples/ROS/ORB_SLAM3/src/ros_mono.cc:17[m[K:
[10.269s] [01m[K/usr/include/eigen3/Eigen/src/Core/util/Constants.h:162:37:[m[K [01;36m[Knote: [m[Kdeclared here
[10.269s]   162 | EIGEN_DEPRECATED const unsigned int [01;36m[KAlignedBit[m[K = 0x80;
[10.269s]       |                                     [01;36m[K^~~~~~~~~~[m[K
[10.324s] In file included from [01m[K/home/nvidia/projects/ORB_SLAM3/Examples/ROS/ORB_SLAM3/../../../Thirdparty/g2o/g2o/types/types_six_dof_expmap.h:37[m[K,
[10.325s]                  from [01m[K/home/nvidia/projects/ORB_SLAM3/Examples/ROS/ORB_SLAM3/src/../../../../include/Converter.h:26[m[K,
[10.325s]                  from [01m[K/home/nvidia/projects/ORB_SLAM3/Examples/ROS/ORB_SLAM3/src/../../../../include/Frame.h:33[m[K,
[10.325s]                  from [01m[K/home/nvidia/projects/ORB_SLAM3/Examples/ROS/ORB_SLAM3/src/../../../../include/KeyFrame.h:28[m[K,
[10.325s]                  from [01m[K/home/nvidia/projects/ORB_SLAM3/Examples/ROS/ORB_SLAM3/src/../../../../include/MapPoint.h:23[m[K,
[10.325s]                  from [01m[K/home/nvidia/projects/ORB_SLAM3/Examples/ROS/ORB_SLAM3/src/../../../../include/FrameDrawer.h:24[m[K,
[10.325s]                  from [01m[K/home/nvidia/projects/ORB_SLAM3/Examples/ROS/ORB_SLAM3/src/../../../../include/Viewer.h:23[m[K,
[10.326s]                  from [01m[K/home/nvidia/projects/ORB_SLAM3/Examples/ROS/ORB_SLAM3/src/../../../../include/Tracking.h:26[m[K,
[10.326s]                  from [01m[K/home/nvidia/projects/ORB_SLAM3/Examples/ROS/ORB_SLAM3/src/../../../../include/System.h:31[m[K,
[10.326s]                  from [01m[K/home/nvidia/projects/ORB_SLAM3/Examples/ROS/ORB_SLAM3/src/ros_mono.cc:17[m[K:
[10.326s] /home/nvidia/projects/ORB_SLAM3/Examples/ROS/ORB_SLAM3/../../../Thirdparty/g2o/g2o/types/../core/base_vertex.h: In instantiation of ‘[01m[Kclass g2o::BaseVertex<6, g2o::SE3Quat>[m[K’:
[10.326s] [01m[K/home/nvidia/projects/ORB_SLAM3/Examples/ROS/ORB_SLAM3/../../../Thirdparty/g2o/g2o/types/types_six_dof_expmap.h:59:33:[m[K   required from here
[10.326s] [01m[K/home/nvidia/projects/ORB_SLAM3/Examples/ROS/ORB_SLAM3/../../../Thirdparty/g2o/g2o/types/../core/base_vertex.h:62:72:[m[K [01;35m[Kwarning: [m[K‘[01m[KEigen::AlignedBit[m[K’ is deprecated [[01;35m[K-Wdeprecated-declarations[m[K]
[10.326s]    62 |     typedef Eigen::Map<Matrix<double, D, D>, Matrix<double,D,D>::[01;35m[KFlags & AlignedBit[m[K ? Aligned : Unaligned >  HessianBlockType;
[10.327s]       |                                                                  [01;35m[K~~~~~~^~~~~~~~~~~~[m[K
[10.327s] In file included from [01m[K/usr/include/eigen3/Eigen/Core:363[m[K,
[10.327s]                  from [01m[K/usr/include/eigen3/Eigen/LU:11[m[K,
[10.327s]                  from [01m[K/home/nvidia/projects/ORB_SLAM3/Examples/ROS/ORB_SLAM3/../../../Thirdparty/Sophus/sophus/so2.hpp:12[m[K,
[10.327s]                  from [01m[K/home/nvidia/projects/ORB_SLAM3/Examples/ROS/ORB_SLAM3/../../../Thirdparty/Sophus/sophus/se2.hpp:7[m[K,
[10.327s]                  from [01m[K/home/nvidia/projects/ORB_SLAM3/Examples/ROS/ORB_SLAM3/../../../Thirdparty/Sophus/sophus/geometry.hpp:7[m[K,
[10.327s]                  from [01m[K/home/nvidia/projects/ORB_SLAM3/Examples/ROS/ORB_SLAM3/src/../../../../include/Frame.h:28[m[K,
[10.327s]                  from [01m[K/home/nvidia/projects/ORB_SLAM3/Examples/ROS/ORB_SLAM3/src/../../../../include/KeyFrame.h:28[m[K,
[10.328s]                  from [01m[K/home/nvidia/projects/ORB_SLAM3/Examples/ROS/ORB_SLAM3/src/../../../../include/MapPoint.h:23[m[K,
[10.328s]                  from [01m[K/home/nvidia/projects/ORB_SLAM3/Examples/ROS/ORB_SLAM3/src/../../../../include/FrameDrawer.h:24[m[K,
[10.328s]                  from [01m[K/home/nvidia/projects/ORB_SLAM3/Examples/ROS/ORB_SLAM3/src/../../../../include/Viewer.h:23[m[K,
[10.328s]                  from [01m[K/home/nvidia/projects/ORB_SLAM3/Examples/ROS/ORB_SLAM3/src/../../../../include/Tracking.h:26[m[K,
[10.328s]                  from [01m[K/home/nvidia/projects/ORB_SLAM3/Examples/ROS/ORB_SLAM3/src/../../../../include/System.h:31[m[K,
[10.329s]                  from [01m[K/home/nvidia/projects/ORB_SLAM3/Examples/ROS/ORB_SLAM3/src/ros_mono.cc:17[m[K:
[10.329s] [01m[K/usr/include/eigen3/Eigen/src/Core/util/Constants.h:162:37:[m[K [01;36m[Knote: [m[Kdeclared here
[10.329s]   162 | EIGEN_DEPRECATED const unsigned int [01;36m[KAlignedBit[m[K = 0x80;
[10.329s]       |                                     [01;36m[K^~~~~~~~~~[m[K
[10.386s] In file included from [01m[K/home/nvidia/projects/ORB_SLAM3/Examples/ROS/ORB_SLAM3/../../../Thirdparty/g2o/g2o/types/types_six_dof_expmap.h:38[m[K,
[10.387s]                  from [01m[K/home/nvidia/projects/ORB_SLAM3/Examples/ROS/ORB_SLAM3/src/../../../../include/Converter.h:26[m[K,
[10.387s]                  from [01m[K/home/nvidia/projects/ORB_SLAM3/Examples/ROS/ORB_SLAM3/src/../../../../include/Frame.h:33[m[K,
[10.387s]                  from [01m[K/home/nvidia/projects/ORB_SLAM3/Examples/ROS/ORB_SLAM3/src/../../../../include/KeyFrame.h:28[m[K,
[10.387s]                  from [01m[K/home/nvidia/projects/ORB_SLAM3/Examples/ROS/ORB_SLAM3/src/../../../../include/MapPoint.h:23[m[K,
[10.388s]                  from [01m[K/home/nvidia/projects/ORB_SLAM3/Examples/ROS/ORB_SLAM3/src/../../../../include/FrameDrawer.h:24[m[K,
[10.388s]                  from [01m[K/home/nvidia/projects/ORB_SLAM3/Examples/ROS/ORB_SLAM3/src/../../../../include/Viewer.h:23[m[K,
[10.388s]                  from [01m[K/home/nvidia/projects/ORB_SLAM3/Examples/ROS/ORB_SLAM3/src/../../../../include/Tracking.h:26[m[K,
[10.388s]                  from [01m[K/home/nvidia/projects/ORB_SLAM3/Examples/ROS/ORB_SLAM3/src/../../../../include/System.h:31[m[K,
[10.388s]                  from [01m[K/home/nvidia/projects/ORB_SLAM3/Examples/ROS/ORB_SLAM3/src/ros_mono.cc:17[m[K:
[10.388s] /home/nvidia/projects/ORB_SLAM3/Examples/ROS/ORB_SLAM3/../../../Thirdparty/g2o/g2o/types/../core/base_binary_edge.h: In instantiation of ‘[01m[Kclass g2o::BaseBinaryEdge<6, g2o::SE3Quat, g2o::VertexSE3Expmap, g2o::VertexSE3Expmap>[m[K’:
[10.388s] [01m[K/home/nvidia/projects/ORB_SLAM3/Examples/ROS/ORB_SLAM3/../../../Thirdparty/g2o/g2o/types/types_six_dof_expmap.h:83:24:[m[K   required from here
[10.389s] [01m[K/home/nvidia/projects/ORB_SLAM3/Examples/ROS/ORB_SLAM3/../../../Thirdparty/g2o/g2o/types/../core/base_binary_edge.h:59:80:[m[K [01;35m[Kwarning: [m[K‘[01m[KEigen::AlignedBit[m[K’ is deprecated [[01;35m[K-Wdeprecated-declarations[m[K]
[10.389s]    59 |       typedef Eigen::Map<Matrix<double, Di, Dj>, Matrix<double, Di, Dj>::[01;35m[KFlags & AlignedBit[m[K ? Aligned : Unaligned > HessianBlockType;
[10.389s]       |                                                                          [01;35m[K~~~~~~^~~~~~~~~~~~[m[K
[10.389s] In file included from [01m[K/usr/include/eigen3/Eigen/Core:363[m[K,
[10.389s]                  from [01m[K/usr/include/eigen3/Eigen/LU:11[m[K,
[10.389s]                  from [01m[K/home/nvidia/projects/ORB_SLAM3/Examples/ROS/ORB_SLAM3/../../../Thirdparty/Sophus/sophus/so2.hpp:12[m[K,
[10.389s]                  from [01m[K/home/nvidia/projects/ORB_SLAM3/Examples/ROS/ORB_SLAM3/../../../Thirdparty/Sophus/sophus/se2.hpp:7[m[K,
[10.389s]                  from [01m[K/home/nvidia/projects/ORB_SLAM3/Examples/ROS/ORB_SLAM3/../../../Thirdparty/Sophus/sophus/geometry.hpp:7[m[K,
[10.390s]                  from [01m[K/home/nvidia/projects/ORB_SLAM3/Examples/ROS/ORB_SLAM3/src/../../../../include/Frame.h:28[m[K,
[10.390s]                  from [01m[K/home/nvidia/projects/ORB_SLAM3/Examples/ROS/ORB_SLAM3/src/../../../../include/KeyFrame.h:28[m[K,
[10.390s]                  from [01m[K/home/nvidia/projects/ORB_SLAM3/Examples/ROS/ORB_SLAM3/src/../../../../include/MapPoint.h:23[m[K,
[10.390s]                  from [01m[K/home/nvidia/projects/ORB_SLAM3/Examples/ROS/ORB_SLAM3/src/../../../../include/FrameDrawer.h:24[m[K,
[10.390s]                  from [01m[K/home/nvidia/projects/ORB_SLAM3/Examples/ROS/ORB_SLAM3/src/../../../../include/Viewer.h:23[m[K,
[10.390s]                  from [01m[K/home/nvidia/projects/ORB_SLAM3/Examples/ROS/ORB_SLAM3/src/../../../../include/Tracking.h:26[m[K,
[10.390s]                  from [01m[K/home/nvidia/projects/ORB_SLAM3/Examples/ROS/ORB_SLAM3/src/../../../../include/System.h:31[m[K,
[10.390s]                  from [01m[K/home/nvidia/projects/ORB_SLAM3/Examples/ROS/ORB_SLAM3/src/ros_mono.cc:17[m[K:
[10.391s] [01m[K/usr/include/eigen3/Eigen/src/Core/util/Constants.h:162:37:[m[K [01;36m[Knote: [m[Kdeclared here
[10.391s]   162 | EIGEN_DEPRECATED const unsigned int [01;36m[KAlignedBit[m[K = 0x80;
[10.391s]       |                                     [01;36m[K^~~~~~~~~~[m[K
[10.391s] In file included from [01m[K/home/nvidia/projects/ORB_SLAM3/Examples/ROS/ORB_SLAM3/../../../Thirdparty/g2o/g2o/types/types_six_dof_expmap.h:38[m[K,
[10.391s]                  from [01m[K/home/nvidia/projects/ORB_SLAM3/Examples/ROS/ORB_SLAM3/src/../../../../include/Converter.h:26[m[K,
[10.391s]                  from [01m[K/home/nvidia/projects/ORB_SLAM3/Examples/ROS/ORB_SLAM3/src/../../../../include/Frame.h:33[m[K,
[10.391s]                  from [01m[K/home/nvidia/projects/ORB_SLAM3/Examples/ROS/ORB_SLAM3/src/../../../../include/KeyFrame.h:28[m[K,
[10.392s]                  from [01m[K/home/nvidia/projects/ORB_SLAM3/Examples/ROS/ORB_SLAM3/src/../../../../include/MapPoint.h:23[m[K,
[10.392s]                  from [01m[K/home/nvidia/projects/ORB_SLAM3/Examples/ROS/ORB_SLAM3/src/../../../../include/FrameDrawer.h:24[m[K,
[10.392s]                  from [01m[K/home/nvidia/projects/ORB_SLAM3/Examples/ROS/ORB_SLAM3/src/../../../../include/Viewer.h:23[m[K,
[10.392s]                  from [01m[K/home/nvidia/projects/ORB_SLAM3/Examples/ROS/ORB_SLAM3/src/../../../../include/Tracking.h:26[m[K,
[10.392s]                  from [01m[K/home/nvidia/projects/ORB_SLAM3/Examples/ROS/ORB_SLAM3/src/../../../../include/System.h:31[m[K,
[10.392s]                  from [01m[K/home/nvidia/projects/ORB_SLAM3/Examples/ROS/ORB_SLAM3/src/ros_mono.cc:17[m[K:
[10.392s] [01m[K/home/nvidia/projects/ORB_SLAM3/Examples/ROS/ORB_SLAM3/../../../Thirdparty/g2o/g2o/types/../core/base_binary_edge.h:60:80:[m[K [01;35m[Kwarning: [m[K‘[01m[KEigen::AlignedBit[m[K’ is deprecated [[01;35m[K-Wdeprecated-declarations[m[K]
[10.393s]    60 |       typedef Eigen::Map<Matrix<double, Dj, Di>, Matrix<double, Dj, Di>::[01;35m[KFlags & AlignedBit[m[K ? Aligned : Unaligned > HessianBlockTransposedType;
[10.393s]       |                                                                          [01;35m[K~~~~~~^~~~~~~~~~~~[m[K
[10.393s] In file included from [01m[K/usr/include/eigen3/Eigen/Core:363[m[K,
[10.393s]                  from [01m[K/usr/include/eigen3/Eigen/LU:11[m[K,
[10.393s]                  from [01m[K/home/nvidia/projects/ORB_SLAM3/Examples/ROS/ORB_SLAM3/../../../Thirdparty/Sophus/sophus/so2.hpp:12[m[K,
[10.393s]                  from [01m[K/home/nvidia/projects/ORB_SLAM3/Examples/ROS/ORB_SLAM3/../../../Thirdparty/Sophus/sophus/se2.hpp:7[m[K,
[10.393s]                  from [01m[K/home/nvidia/projects/ORB_SLAM3/Examples/ROS/ORB_SLAM3/../../../Thirdparty/Sophus/sophus/geometry.hpp:7[m[K,
[10.393s]                  from [01m[K/home/nvidia/projects/ORB_SLAM3/Examples/ROS/ORB_SLAM3/src/../../../../include/Frame.h:28[m[K,
[10.394s]                  from [01m[K/home/nvidia/projects/ORB_SLAM3/Examples/ROS/ORB_SLAM3/src/../../../../include/KeyFrame.h:28[m[K,
[10.394s]                  from [01m[K/home/nvidia/projects/ORB_SLAM3/Examples/ROS/ORB_SLAM3/src/../../../../include/MapPoint.h:23[m[K,
[10.394s]                  from [01m[K/home/nvidia/projects/ORB_SLAM3/Examples/ROS/ORB_SLAM3/src/../../../../include/FrameDrawer.h:24[m[K,
[10.394s]                  from [01m[K/home/nvidia/projects/ORB_SLAM3/Examples/ROS/ORB_SLAM3/src/../../../../include/Viewer.h:23[m[K,
[10.394s]                  from [01m[K/home/nvidia/projects/ORB_SLAM3/Examples/ROS/ORB_SLAM3/src/../../../../include/Tracking.h:26[m[K,
[10.394s]                  from [01m[K/home/nvidia/projects/ORB_SLAM3/Examples/ROS/ORB_SLAM3/src/../../../../include/System.h:31[m[K,
[10.394s]                  from [01m[K/home/nvidia/projects/ORB_SLAM3/Examples/ROS/ORB_SLAM3/src/ros_mono.cc:17[m[K:
[10.394s] [01m[K/usr/include/eigen3/Eigen/src/Core/util/Constants.h:162:37:[m[K [01;36m[Knote: [m[Kdeclared here
[10.395s]   162 | EIGEN_DEPRECATED const unsigned int [01;36m[KAlignedBit[m[K = 0x80;
[10.395s]       |                                     [01;36m[K^~~~~~~~~~[m[K
[10.531s] In file included from [01m[K/home/nvidia/projects/ORB_SLAM3/Examples/ROS/ORB_SLAM3/../../../Thirdparty/g2o/g2o/types/types_six_dof_expmap.h:38[m[K,
[10.532s]                  from [01m[K/home/nvidia/projects/ORB_SLAM3/Examples/ROS/ORB_SLAM3/src/../../../../include/Converter.h:26[m[K,
[10.532s]                  from [01m[K/home/nvidia/projects/ORB_SLAM3/Examples/ROS/ORB_SLAM3/src/../../../../include/Frame.h:33[m[K,
[10.532s]                  from [01m[K/home/nvidia/projects/ORB_SLAM3/Examples/ROS/ORB_SLAM3/src/../../../../include/KeyFrame.h:28[m[K,
[10.532s]                  from [01m[K/home/nvidia/projects/ORB_SLAM3/Examples/ROS/ORB_SLAM3/src/../../../../include/MapPoint.h:23[m[K,
[10.532s]                  from [01m[K/home/nvidia/projects/ORB_SLAM3/Examples/ROS/ORB_SLAM3/src/../../../../include/FrameDrawer.h:24[m[K,
[10.532s]                  from [01m[K/home/nvidia/projects/ORB_SLAM3/Examples/ROS/ORB_SLAM3/src/../../../../include/Viewer.h:23[m[K,
[10.533s]                  from [01m[K/home/nvidia/projects/ORB_SLAM3/Examples/ROS/ORB_SLAM3/src/../../../../include/Tracking.h:26[m[K,
[10.533s]                  from [01m[K/home/nvidia/projects/ORB_SLAM3/Examples/ROS/ORB_SLAM3/src/../../../../include/System.h:31[m[K,
[10.533s]                  from [01m[K/home/nvidia/projects/ORB_SLAM3/Examples/ROS/ORB_SLAM3/src/ros_mono.cc:17[m[K:
[10.533s] /home/nvidia/projects/ORB_SLAM3/Examples/ROS/ORB_SLAM3/../../../Thirdparty/g2o/g2o/types/../core/base_binary_edge.h: In instantiation of ‘[01m[Kclass g2o::BaseBinaryEdge<2, Eigen::Matrix<double, 2, 1>, g2o::VertexSBAPointXYZ, g2o::VertexSE3Expmap>[m[K’:
[10.533s] [01m[K/home/nvidia/projects/ORB_SLAM3/Examples/ROS/ORB_SLAM3/../../../Thirdparty/g2o/g2o/types/types_six_dof_expmap.h:114:35:[m[K   required from here
[10.533s] [01m[K/home/nvidia/projects/ORB_SLAM3/Examples/ROS/ORB_SLAM3/../../../Thirdparty/g2o/g2o/types/../core/base_binary_edge.h:59:80:[m[K [01;35m[Kwarning: [m[K‘[01m[KEigen::AlignedBit[m[K’ is deprecated [[01;35m[K-Wdeprecated-declarations[m[K]
[10.533s]    59 |       typedef Eigen::Map<Matrix<double, Di, Dj>, Matrix<double, Di, Dj>::[01;35m[KFlags & AlignedBit[m[K ? Aligned : Unaligned > HessianBlockType;
[10.534s]       |                                                                          [01;35m[K~~~~~~^~~~~~~~~~~~[m[K
[10.534s] In file included from [01m[K/usr/include/eigen3/Eigen/Core:363[m[K,
[10.534s]                  from [01m[K/usr/include/eigen3/Eigen/LU:11[m[K,
[10.534s]                  from [01m[K/home/nvidia/projects/ORB_SLAM3/Examples/ROS/ORB_SLAM3/../../../Thirdparty/Sophus/sophus/so2.hpp:12[m[K,
[10.534s]                  from [01m[K/home/nvidia/projects/ORB_SLAM3/Examples/ROS/ORB_SLAM3/../../../Thirdparty/Sophus/sophus/se2.hpp:7[m[K,
[10.534s]                  from [01m[K/home/nvidia/projects/ORB_SLAM3/Examples/ROS/ORB_SLAM3/../../../Thirdparty/Sophus/sophus/geometry.hpp:7[m[K,
[10.534s]                  from [01m[K/home/nvidia/projects/ORB_SLAM3/Examples/ROS/ORB_SLAM3/src/../../../../include/Frame.h:28[m[K,
[10.535s]                  from [01m[K/home/nvidia/projects/ORB_SLAM3/Examples/ROS/ORB_SLAM3/src/../../../../include/KeyFrame.h:28[m[K,
[10.535s]                  from [01m[K/home/nvidia/projects/ORB_SLAM3/Examples/ROS/ORB_SLAM3/src/../../../../include/MapPoint.h:23[m[K,
[10.535s]                  from [01m[K/home/nvidia/projects/ORB_SLAM3/Examples/ROS/ORB_SLAM3/src/../../../../include/FrameDrawer.h:24[m[K,
[10.535s]                  from [01m[K/home/nvidia/projects/ORB_SLAM3/Examples/ROS/ORB_SLAM3/src/../../../../include/Viewer.h:23[m[K,
[10.535s]                  from [01m[K/home/nvidia/projects/ORB_SLAM3/Examples/ROS/ORB_SLAM3/src/../../../../include/Tracking.h:26[m[K,
[10.535s]                  from [01m[K/home/nvidia/projects/ORB_SLAM3/Examples/ROS/ORB_SLAM3/src/../../../../include/System.h:31[m[K,
[10.535s]                  from [01m[K/home/nvidia/projects/ORB_SLAM3/Examples/ROS/ORB_SLAM3/src/ros_mono.cc:17[m[K:
[10.536s] [01m[K/usr/include/eigen3/Eigen/src/Core/util/Constants.h:162:37:[m[K [01;36m[Knote: [m[Kdeclared here
[10.536s]   162 | EIGEN_DEPRECATED const unsigned int [01;36m[KAlignedBit[m[K = 0x80;
[10.536s]       |                                     [01;36m[K^~~~~~~~~~[m[K
[10.561s] In file included from [01m[K/home/nvidia/projects/ORB_SLAM3/Examples/ROS/ORB_SLAM3/../../../Thirdparty/g2o/g2o/types/types_six_dof_expmap.h:38[m[K,
[10.561s]                  from [01m[K/home/nvidia/projects/ORB_SLAM3/Examples/ROS/ORB_SLAM3/src/../../../../include/Converter.h:26[m[K,
[10.561s]                  from [01m[K/home/nvidia/projects/ORB_SLAM3/Examples/ROS/ORB_SLAM3/src/../../../../include/Frame.h:33[m[K,
[10.561s]                  from [01m[K/home/nvidia/projects/ORB_SLAM3/Examples/ROS/ORB_SLAM3/src/../../../../include/KeyFrame.h:28[m[K,
[10.561s]                  from [01m[K/home/nvidia/projects/ORB_SLAM3/Examples/ROS/ORB_SLAM3/src/../../../../include/MapPoint.h:23[m[K,
[10.562s]                  from [01m[K/home/nvidia/projects/ORB_SLAM3/Examples/ROS/ORB_SLAM3/src/../../../../include/FrameDrawer.h:24[m[K,
[10.562s]                  from [01m[K/home/nvidia/projects/ORB_SLAM3/Examples/ROS/ORB_SLAM3/src/../../../../include/Viewer.h:23[m[K,
[10.562s]                  from [01m[K/home/nvidia/projects/ORB_SLAM3/Examples/ROS/ORB_SLAM3/src/../../../../include/Tracking.h:26[m[K,
[10.562s]                  from [01m[K/home/nvidia/projects/ORB_SLAM3/Examples/ROS/ORB_SLAM3/src/../../../../include/System.h:31[m[K,
[10.562s]                  from [01m[K/home/nvidia/projects/ORB_SLAM3/Examples/ROS/ORB_SLAM3/src/ros_mono.cc:17[m[K:
[10.562s] [01m[K/home/nvidia/projects/ORB_SLAM3/Examples/ROS/ORB_SLAM3/../../../Thirdparty/g2o/g2o/types/../core/base_binary_edge.h:60:80:[m[K [01;35m[Kwarning: [m[K‘[01m[KEigen::AlignedBit[m[K’ is deprecated [[01;35m[K-Wdeprecated-declarations[m[K]
[10.562s]    60 |       typedef Eigen::Map<Matrix<double, Dj, Di>, Matrix<double, Dj, Di>::[01;35m[KFlags & AlignedBit[m[K ? Aligned : Unaligned > HessianBlockTransposedType;
[10.563s]       |                                                                          [01;35m[K~~~~~~^~~~~~~~~~~~[m[K
[10.563s] In file included from [01m[K/usr/include/eigen3/Eigen/Core:363[m[K,
[10.563s]                  from [01m[K/usr/include/eigen3/Eigen/LU:11[m[K,
[10.563s]                  from [01m[K/home/nvidia/projects/ORB_SLAM3/Examples/ROS/ORB_SLAM3/../../../Thirdparty/Sophus/sophus/so2.hpp:12[m[K,
[10.563s]                  from [01m[K/home/nvidia/projects/ORB_SLAM3/Examples/ROS/ORB_SLAM3/../../../Thirdparty/Sophus/sophus/se2.hpp:7[m[K,
[10.564s]                  from [01m[K/home/nvidia/projects/ORB_SLAM3/Examples/ROS/ORB_SLAM3/../../../Thirdparty/Sophus/sophus/geometry.hpp:7[m[K,
[10.564s]                  from [01m[K/home/nvidia/projects/ORB_SLAM3/Examples/ROS/ORB_SLAM3/src/../../../../include/Frame.h:28[m[K,
[10.564s]                  from [01m[K/home/nvidia/projects/ORB_SLAM3/Examples/ROS/ORB_SLAM3/src/../../../../include/KeyFrame.h:28[m[K,
[10.564s]                  from [01m[K/home/nvidia/projects/ORB_SLAM3/Examples/ROS/ORB_SLAM3/src/../../../../include/MapPoint.h:23[m[K,
[10.564s]                  from [01m[K/home/nvidia/projects/ORB_SLAM3/Examples/ROS/ORB_SLAM3/src/../../../../include/FrameDrawer.h:24[m[K,
[10.564s]                  from [01m[K/home/nvidia/projects/ORB_SLAM3/Examples/ROS/ORB_SLAM3/src/../../../../include/Viewer.h:23[m[K,
[10.564s]                  from [01m[K/home/nvidia/projects/ORB_SLAM3/Examples/ROS/ORB_SLAM3/src/../../../../include/Tracking.h:26[m[K,
[10.564s]                  from [01m[K/home/nvidia/projects/ORB_SLAM3/Examples/ROS/ORB_SLAM3/src/../../../../include/System.h:31[m[K,
[10.565s]                  from [01m[K/home/nvidia/projects/ORB_SLAM3/Examples/ROS/ORB_SLAM3/src/ros_mono.cc:17[m[K:
[10.565s] [01m[K/usr/include/eigen3/Eigen/src/Core/util/Constants.h:162:37:[m[K [01;36m[Knote: [m[Kdeclared here
[10.565s]   162 | EIGEN_DEPRECATED const unsigned int [01;36m[KAlignedBit[m[K = 0x80;
[10.565s]       |                                     [01;36m[K^~~~~~~~~~[m[K
[10.681s] In file included from [01m[K/home/nvidia/projects/ORB_SLAM3/Examples/ROS/ORB_SLAM3/../../../Thirdparty/g2o/g2o/types/types_six_dof_expmap.h:38[m[K,
[10.681s]                  from [01m[K/home/nvidia/projects/ORB_SLAM3/Examples/ROS/ORB_SLAM3/src/../../../../include/Converter.h:26[m[K,
[10.682s]                  from [01m[K/home/nvidia/projects/ORB_SLAM3/Examples/ROS/ORB_SLAM3/src/../../../../include/Frame.h:33[m[K,
[10.682s]                  from [01m[K/home/nvidia/projects/ORB_SLAM3/Examples/ROS/ORB_SLAM3/src/../../../../include/KeyFrame.h:28[m[K,
[10.682s]                  from [01m[K/home/nvidia/projects/ORB_SLAM3/Examples/ROS/ORB_SLAM3/src/../../../../include/MapPoint.h:23[m[K,
[10.682s]                  from [01m[K/home/nvidia/projects/ORB_SLAM3/Examples/ROS/ORB_SLAM3/src/../../../../include/FrameDrawer.h:24[m[K,
[10.682s]                  from [01m[K/home/nvidia/projects/ORB_SLAM3/Examples/ROS/ORB_SLAM3/src/../../../../include/Viewer.h:23[m[K,
[10.682s]                  from [01m[K/home/nvidia/projects/ORB_SLAM3/Examples/ROS/ORB_SLAM3/src/../../../../include/Tracking.h:26[m[K,
[10.683s]                  from [01m[K/home/nvidia/projects/ORB_SLAM3/Examples/ROS/ORB_SLAM3/src/../../../../include/System.h:31[m[K,
[10.683s]                  from [01m[K/home/nvidia/projects/ORB_SLAM3/Examples/ROS/ORB_SLAM3/src/ros_mono.cc:17[m[K:
[10.683s] /home/nvidia/projects/ORB_SLAM3/Examples/ROS/ORB_SLAM3/../../../Thirdparty/g2o/g2o/types/../core/base_binary_edge.h: In instantiation of ‘[01m[Kclass g2o::BaseBinaryEdge<3, Eigen::Matrix<double, 3, 1>, g2o::VertexSBAPointXYZ, g2o::VertexSE3Expmap>[m[K’:
[10.683s] [01m[K/home/nvidia/projects/ORB_SLAM3/Examples/ROS/ORB_SLAM3/../../../Thirdparty/g2o/g2o/types/types_six_dof_expmap.h:146:41:[m[K   required from here
[10.683s] [01m[K/home/nvidia/projects/ORB_SLAM3/Examples/ROS/ORB_SLAM3/../../../Thirdparty/g2o/g2o/types/../core/base_binary_edge.h:59:80:[m[K [01;35m[Kwarning: [m[K‘[01m[KEigen::AlignedBit[m[K’ is deprecated [[01;35m[K-Wdeprecated-declarations[m[K]
[10.683s]    59 |       typedef Eigen::Map<Matrix<double, Di, Dj>, Matrix<double, Di, Dj>::[01;35m[KFlags & AlignedBit[m[K ? Aligned : Unaligned > HessianBlockType;
[10.684s]       |                                                                          [01;35m[K~~~~~~^~~~~~~~~~~~[m[K
[10.684s] In file included from [01m[K/usr/include/eigen3/Eigen/Core:363[m[K,
[10.684s]                  from [01m[K/usr/include/eigen3/Eigen/LU:11[m[K,
[10.684s]                  from [01m[K/home/nvidia/projects/ORB_SLAM3/Examples/ROS/ORB_SLAM3/../../../Thirdparty/Sophus/sophus/so2.hpp:12[m[K,
[10.684s]                  from [01m[K/home/nvidia/projects/ORB_SLAM3/Examples/ROS/ORB_SLAM3/../../../Thirdparty/Sophus/sophus/se2.hpp:7[m[K,
[10.684s]                  from [01m[K/home/nvidia/projects/ORB_SLAM3/Examples/ROS/ORB_SLAM3/../../../Thirdparty/Sophus/sophus/geometry.hpp:7[m[K,
[10.684s]                  from [01m[K/home/nvidia/projects/ORB_SLAM3/Examples/ROS/ORB_SLAM3/src/../../../../include/Frame.h:28[m[K,
[10.684s]                  from [01m[K/home/nvidia/projects/ORB_SLAM3/Examples/ROS/ORB_SLAM3/src/../../../../include/KeyFrame.h:28[m[K,
[10.684s]                  from [01m[K/home/nvidia/projects/ORB_SLAM3/Examples/ROS/ORB_SLAM3/src/../../../../include/MapPoint.h:23[m[K,
[10.685s]                  from [01m[K/home/nvidia/projects/ORB_SLAM3/Examples/ROS/ORB_SLAM3/src/../../../../include/FrameDrawer.h:24[m[K,
[10.685s]                  from [01m[K/home/nvidia/projects/ORB_SLAM3/Examples/ROS/ORB_SLAM3/src/../../../../include/Viewer.h:23[m[K,
[10.685s]                  from [01m[K/home/nvidia/projects/ORB_SLAM3/Examples/ROS/ORB_SLAM3/src/../../../../include/Tracking.h:26[m[K,
[10.685s]                  from [01m[K/home/nvidia/projects/ORB_SLAM3/Examples/ROS/ORB_SLAM3/src/../../../../include/System.h:31[m[K,
[10.685s]                  from [01m[K/home/nvidia/projects/ORB_SLAM3/Examples/ROS/ORB_SLAM3/src/ros_mono.cc:17[m[K:
[10.685s] [01m[K/usr/include/eigen3/Eigen/src/Core/util/Constants.h:162:37:[m[K [01;36m[Knote: [m[Kdeclared here
[10.686s]   162 | EIGEN_DEPRECATED const unsigned int [01;36m[KAlignedBit[m[K = 0x80;
[10.686s]       |                                     [01;36m[K^~~~~~~~~~[m[K
[10.686s] In file included from [01m[K/home/nvidia/projects/ORB_SLAM3/Examples/ROS/ORB_SLAM3/../../../Thirdparty/g2o/g2o/types/types_six_dof_expmap.h:38[m[K,
[10.686s]                  from [01m[K/home/nvidia/projects/ORB_SLAM3/Examples/ROS/ORB_SLAM3/src/../../../../include/Converter.h:26[m[K,
[10.686s]                  from [01m[K/home/nvidia/projects/ORB_SLAM3/Examples/ROS/ORB_SLAM3/src/../../../../include/Frame.h:33[m[K,
[10.686s]                  from [01m[K/home/nvidia/projects/ORB_SLAM3/Examples/ROS/ORB_SLAM3/src/../../../../include/KeyFrame.h:28[m[K,
[10.686s]                  from [01m[K/home/nvidia/projects/ORB_SLAM3/Examples/ROS/ORB_SLAM3/src/../../../../include/MapPoint.h:23[m[K,
[10.687s]                  from [01m[K/home/nvidia/projects/ORB_SLAM3/Examples/ROS/ORB_SLAM3/src/../../../../include/FrameDrawer.h:24[m[K,
[10.687s]                  from [01m[K/home/nvidia/projects/ORB_SLAM3/Examples/ROS/ORB_SLAM3/src/../../../../include/Viewer.h:23[m[K,
[10.687s]                  from [01m[K/home/nvidia/projects/ORB_SLAM3/Examples/ROS/ORB_SLAM3/src/../../../../include/Tracking.h:26[m[K,
[10.687s]                  from [01m[K/home/nvidia/projects/ORB_SLAM3/Examples/ROS/ORB_SLAM3/src/../../../../include/System.h:31[m[K,
[10.687s]                  from [01m[K/home/nvidia/projects/ORB_SLAM3/Examples/ROS/ORB_SLAM3/src/ros_mono.cc:17[m[K:
[10.687s] [01m[K/home/nvidia/projects/ORB_SLAM3/Examples/ROS/ORB_SLAM3/../../../Thirdparty/g2o/g2o/types/../core/base_binary_edge.h:60:80:[m[K [01;35m[Kwarning: [m[K‘[01m[KEigen::AlignedBit[m[K’ is deprecated [[01;35m[K-Wdeprecated-declarations[m[K]
[10.687s]    60 |       typedef Eigen::Map<Matrix<double, Dj, Di>, Matrix<double, Dj, Di>::[01;35m[KFlags & AlignedBit[m[K ? Aligned : Unaligned > HessianBlockTransposedType;
[10.688s]       |                                                                          [01;35m[K~~~~~~^~~~~~~~~~~~[m[K
[10.688s] In file included from [01m[K/usr/include/eigen3/Eigen/Core:363[m[K,
[10.688s]                  from [01m[K/usr/include/eigen3/Eigen/LU:11[m[K,
[10.688s]                  from [01m[K/home/nvidia/projects/ORB_SLAM3/Examples/ROS/ORB_SLAM3/../../../Thirdparty/Sophus/sophus/so2.hpp:12[m[K,
[10.688s]                  from [01m[K/home/nvidia/projects/ORB_SLAM3/Examples/ROS/ORB_SLAM3/../../../Thirdparty/Sophus/sophus/se2.hpp:7[m[K,
[10.688s]                  from [01m[K/home/nvidia/projects/ORB_SLAM3/Examples/ROS/ORB_SLAM3/../../../Thirdparty/Sophus/sophus/geometry.hpp:7[m[K,
[10.688s]                  from [01m[K/home/nvidia/projects/ORB_SLAM3/Examples/ROS/ORB_SLAM3/src/../../../../include/Frame.h:28[m[K,
[10.688s]                  from [01m[K/home/nvidia/projects/ORB_SLAM3/Examples/ROS/ORB_SLAM3/src/../../../../include/KeyFrame.h:28[m[K,
[10.689s]                  from [01m[K/home/nvidia/projects/ORB_SLAM3/Examples/ROS/ORB_SLAM3/src/../../../../include/MapPoint.h:23[m[K,
[10.689s]                  from [01m[K/home/nvidia/projects/ORB_SLAM3/Examples/ROS/ORB_SLAM3/src/../../../../include/FrameDrawer.h:24[m[K,
[10.689s]                  from [01m[K/home/nvidia/projects/ORB_SLAM3/Examples/ROS/ORB_SLAM3/src/../../../../include/Viewer.h:23[m[K,
[10.689s]                  from [01m[K/home/nvidia/projects/ORB_SLAM3/Examples/ROS/ORB_SLAM3/src/../../../../include/Tracking.h:26[m[K,
[10.689s]                  from [01m[K/home/nvidia/projects/ORB_SLAM3/Examples/ROS/ORB_SLAM3/src/../../../../include/System.h:31[m[K,
[10.689s]                  from [01m[K/home/nvidia/projects/ORB_SLAM3/Examples/ROS/ORB_SLAM3/src/ros_mono.cc:17[m[K:
[10.689s] [01m[K/usr/include/eigen3/Eigen/src/Core/util/Constants.h:162:37:[m[K [01;36m[Knote: [m[Kdeclared here
[10.689s]   162 | EIGEN_DEPRECATED const unsigned int [01;36m[KAlignedBit[m[K = 0x80;
[10.690s]       |                                     [01;36m[K^~~~~~~~~~[m[K
[11.114s] In file included from [01m[K/home/nvidia/projects/ORB_SLAM3/Examples/ROS/ORB_SLAM3/../../../Thirdparty/g2o/g2o/types/types_six_dof_expmap.h:37[m[K,
[11.115s]                  from [01m[K/home/nvidia/projects/ORB_SLAM3/Examples/ROS/ORB_SLAM3/src/../../../../include/Converter.h:26[m[K,
[11.115s]                  from [01m[K/home/nvidia/projects/ORB_SLAM3/Examples/ROS/ORB_SLAM3/src/../../../../include/Frame.h:33[m[K,
[11.115s]                  from [01m[K/home/nvidia/projects/ORB_SLAM3/Examples/ROS/ORB_SLAM3/src/../../../../include/KeyFrame.h:28[m[K,
[11.115s]                  from [01m[K/home/nvidia/projects/ORB_SLAM3/Examples/ROS/ORB_SLAM3/src/../../../../include/MapPoint.h:23[m[K,
[11.115s]                  from [01m[K/home/nvidia/projects/ORB_SLAM3/Examples/ROS/ORB_SLAM3/src/../../../../include/FrameDrawer.h:24[m[K,
[11.115s]                  from [01m[K/home/nvidia/projects/ORB_SLAM3/Examples/ROS/ORB_SLAM3/src/../../../../include/Viewer.h:23[m[K,
[11.116s]                  from [01m[K/home/nvidia/projects/ORB_SLAM3/Examples/ROS/ORB_SLAM3/src/../../../../include/Tracking.h:26[m[K,
[11.116s]                  from [01m[K/home/nvidia/projects/ORB_SLAM3/Examples/ROS/ORB_SLAM3/src/../../../../include/System.h:31[m[K,
[11.116s]                  from [01m[K/home/nvidia/projects/ORB_SLAM3/Examples/ROS/ORB_SLAM3/src/ros_mono.cc:17[m[K:
[11.116s] /home/nvidia/projects/ORB_SLAM3/Examples/ROS/ORB_SLAM3/../../../Thirdparty/g2o/g2o/types/../core/base_vertex.h: In instantiation of ‘[01m[Kclass g2o::BaseVertex<7, g2o::Sim3>[m[K’:
[11.116s] [01m[K/home/nvidia/projects/ORB_SLAM3/Examples/ROS/ORB_SLAM3/../../../Thirdparty/g2o/g2o/types/types_seven_dof_expmap.h:48:35:[m[K   required from here
[11.116s] [01m[K/home/nvidia/projects/ORB_SLAM3/Examples/ROS/ORB_SLAM3/../../../Thirdparty/g2o/g2o/types/../core/base_vertex.h:62:72:[m[K [01;35m[Kwarning: [m[K‘[01m[KEigen::AlignedBit[m[K’ is deprecated [[01;35m[K-Wdeprecated-declarations[m[K]
[11.116s]    62 |     typedef Eigen::Map<Matrix<double, D, D>, Matrix<double,D,D>::[01;35m[KFlags & AlignedBit[m[K ? Aligned : Unaligned >  HessianBlockType;
[11.117s]       |                                                                  [01;35m[K~~~~~~^~~~~~~~~~~~[m[K
[11.117s] In file included from [01m[K/usr/include/eigen3/Eigen/Core:363[m[K,
[11.117s]                  from [01m[K/usr/include/eigen3/Eigen/LU:11[m[K,
[11.117s]                  from [01m[K/home/nvidia/projects/ORB_SLAM3/Examples/ROS/ORB_SLAM3/../../../Thirdparty/Sophus/sophus/so2.hpp:12[m[K,
[11.117s]                  from [01m[K/home/nvidia/projects/ORB_SLAM3/Examples/ROS/ORB_SLAM3/../../../Thirdparty/Sophus/sophus/se2.hpp:7[m[K,
[11.117s]                  from [01m[K/home/nvidia/projects/ORB_SLAM3/Examples/ROS/ORB_SLAM3/../../../Thirdparty/Sophus/sophus/geometry.hpp:7[m[K,
[11.117s]                  from [01m[K/home/nvidia/projects/ORB_SLAM3/Examples/ROS/ORB_SLAM3/src/../../../../include/Frame.h:28[m[K,
[11.117s]                  from [01m[K/home/nvidia/projects/ORB_SLAM3/Examples/ROS/ORB_SLAM3/src/../../../../include/KeyFrame.h:28[m[K,
[11.117s]                  from [01m[K/home/nvidia/projects/ORB_SLAM3/Examples/ROS/ORB_SLAM3/src/../../../../include/MapPoint.h:23[m[K,
[11.118s]                  from [01m[K/home/nvidia/projects/ORB_SLAM3/Examples/ROS/ORB_SLAM3/src/../../../../include/FrameDrawer.h:24[m[K,
[11.118s]                  from [01m[K/home/nvidia/projects/ORB_SLAM3/Examples/ROS/ORB_SLAM3/src/../../../../include/Viewer.h:23[m[K,
[11.118s]                  from [01m[K/home/nvidia/projects/ORB_SLAM3/Examples/ROS/ORB_SLAM3/src/../../../../include/Tracking.h:26[m[K,
[11.118s]                  from [01m[K/home/nvidia/projects/ORB_SLAM3/Examples/ROS/ORB_SLAM3/src/../../../../include/System.h:31[m[K,
[11.118s]                  from [01m[K/home/nvidia/projects/ORB_SLAM3/Examples/ROS/ORB_SLAM3/src/ros_mono.cc:17[m[K:
[11.118s] [01m[K/usr/include/eigen3/Eigen/src/Core/util/Constants.h:162:37:[m[K [01;36m[Knote: [m[Kdeclared here
[11.120s]   162 | EIGEN_DEPRECATED const unsigned int [01;36m[KAlignedBit[m[K = 0x80;
[11.120s]       |                                     [01;36m[K^~~~~~~~~~[m[K
[11.180s] In file included from [01m[K/home/nvidia/projects/ORB_SLAM3/Examples/ROS/ORB_SLAM3/../../../Thirdparty/g2o/g2o/types/types_six_dof_expmap.h:38[m[K,
[11.180s]                  from [01m[K/home/nvidia/projects/ORB_SLAM3/Examples/ROS/ORB_SLAM3/src/../../../../include/Converter.h:26[m[K,
[11.181s]                  from [01m[K/home/nvidia/projects/ORB_SLAM3/Examples/ROS/ORB_SLAM3/src/../../../../include/Frame.h:33[m[K,
[11.181s]                  from [01m[K/home/nvidia/projects/ORB_SLAM3/Examples/ROS/ORB_SLAM3/src/../../../../include/KeyFrame.h:28[m[K,
[11.181s]                  from [01m[K/home/nvidia/projects/ORB_SLAM3/Examples/ROS/ORB_SLAM3/src/../../../../include/MapPoint.h:23[m[K,
[11.181s]                  from [01m[K/home/nvidia/projects/ORB_SLAM3/Examples/ROS/ORB_SLAM3/src/../../../../include/FrameDrawer.h:24[m[K,
[11.181s]                  from [01m[K/home/nvidia/projects/ORB_SLAM3/Examples/ROS/ORB_SLAM3/src/../../../../include/Viewer.h:23[m[K,
[11.181s]                  from [01m[K/home/nvidia/projects/ORB_SLAM3/Examples/ROS/ORB_SLAM3/src/../../../../include/Tracking.h:26[m[K,
[11.181s]                  from [01m[K/home/nvidia/projects/ORB_SLAM3/Examples/ROS/ORB_SLAM3/src/../../../../include/System.h:31[m[K,
[11.182s]                  from [01m[K/home/nvidia/projects/ORB_SLAM3/Examples/ROS/ORB_SLAM3/src/ros_mono.cc:17[m[K:
[11.182s] /home/nvidia/projects/ORB_SLAM3/Examples/ROS/ORB_SLAM3/../../../Thirdparty/g2o/g2o/types/../core/base_binary_edge.h: In instantiation of ‘[01m[Kclass g2o::BaseBinaryEdge<7, g2o::Sim3, g2o::VertexSim3Expmap, g2o::VertexSim3Expmap>[m[K’:
[11.182s] [01m[K/home/nvidia/projects/ORB_SLAM3/Examples/ROS/ORB_SLAM3/../../../Thirdparty/g2o/g2o/types/types_seven_dof_expmap.h:99:27:[m[K   required from here
[11.182s] [01m[K/home/nvidia/projects/ORB_SLAM3/Examples/ROS/ORB_SLAM3/../../../Thirdparty/g2o/g2o/types/../core/base_binary_edge.h:59:80:[m[K [01;35m[Kwarning: [m[K‘[01m[KEigen::AlignedBit[m[K’ is deprecated [[01;35m[K-Wdeprecated-declarations[m[K]
[11.182s]    59 |       typedef Eigen::Map<Matrix<double, Di, Dj>, Matrix<double, Di, Dj>::[01;35m[KFlags & AlignedBit[m[K ? Aligned : Unaligned > HessianBlockType;
[11.182s]       |                                                                          [01;35m[K~~~~~~^~~~~~~~~~~~[m[K
[11.183s] In file included from [01m[K/usr/include/eigen3/Eigen/Core:363[m[K,
[11.183s]                  from [01m[K/usr/include/eigen3/Eigen/LU:11[m[K,
[11.183s]                  from [01m[K/home/nvidia/projects/ORB_SLAM3/Examples/ROS/ORB_SLAM3/../../../Thirdparty/Sophus/sophus/so2.hpp:12[m[K,
[11.183s]                  from [01m[K/home/nvidia/projects/ORB_SLAM3/Examples/ROS/ORB_SLAM3/../../../Thirdparty/Sophus/sophus/se2.hpp:7[m[K,
[11.183s]                  from [01m[K/home/nvidia/projects/ORB_SLAM3/Examples/ROS/ORB_SLAM3/../../../Thirdparty/Sophus/sophus/geometry.hpp:7[m[K,
[11.183s]                  from [01m[K/home/nvidia/projects/ORB_SLAM3/Examples/ROS/ORB_SLAM3/src/../../../../include/Frame.h:28[m[K,
[11.183s]                  from [01m[K/home/nvidia/projects/ORB_SLAM3/Examples/ROS/ORB_SLAM3/src/../../../../include/KeyFrame.h:28[m[K,
[11.184s]                  from [01m[K/home/nvidia/projects/ORB_SLAM3/Examples/ROS/ORB_SLAM3/src/../../../../include/MapPoint.h:23[m[K,
[11.184s]                  from [01m[K/home/nvidia/projects/ORB_SLAM3/Examples/ROS/ORB_SLAM3/src/../../../../include/FrameDrawer.h:24[m[K,
[11.184s]                  from [01m[K/home/nvidia/projects/ORB_SLAM3/Examples/ROS/ORB_SLAM3/src/../../../../include/Viewer.h:23[m[K,
[11.184s]                  from [01m[K/home/nvidia/projects/ORB_SLAM3/Examples/ROS/ORB_SLAM3/src/../../../../include/Tracking.h:26[m[K,
[11.184s]                  from [01m[K/home/nvidia/projects/ORB_SLAM3/Examples/ROS/ORB_SLAM3/src/../../../../include/System.h:31[m[K,
[11.184s]                  from [01m[K/home/nvidia/projects/ORB_SLAM3/Examples/ROS/ORB_SLAM3/src/ros_mono.cc:17[m[K:
[11.184s] [01m[K/usr/include/eigen3/Eigen/src/Core/util/Constants.h:162:37:[m[K [01;36m[Knote: [m[Kdeclared here
[11.184s]   162 | EIGEN_DEPRECATED const unsigned int [01;36m[KAlignedBit[m[K = 0x80;
[11.185s]       |                                     [01;36m[K^~~~~~~~~~[m[K
[11.185s] In file included from [01m[K/home/nvidia/projects/ORB_SLAM3/Examples/ROS/ORB_SLAM3/../../../Thirdparty/g2o/g2o/types/types_six_dof_expmap.h:38[m[K,
[11.185s]                  from [01m[K/home/nvidia/projects/ORB_SLAM3/Examples/ROS/ORB_SLAM3/src/../../../../include/Converter.h:26[m[K,
[11.185s]                  from [01m[K/home/nvidia/projects/ORB_SLAM3/Examples/ROS/ORB_SLAM3/src/../../../../include/Frame.h:33[m[K,
[11.185s]                  from [01m[K/home/nvidia/projects/ORB_SLAM3/Examples/ROS/ORB_SLAM3/src/../../../../include/KeyFrame.h:28[m[K,
[11.185s]                  from [01m[K/home/nvidia/projects/ORB_SLAM3/Examples/ROS/ORB_SLAM3/src/../../../../include/MapPoint.h:23[m[K,
[11.186s]                  from [01m[K/home/nvidia/projects/ORB_SLAM3/Examples/ROS/ORB_SLAM3/src/../../../../include/FrameDrawer.h:24[m[K,
[11.186s]                  from [01m[K/home/nvidia/projects/ORB_SLAM3/Examples/ROS/ORB_SLAM3/src/../../../../include/Viewer.h:23[m[K,
[11.186s]                  from [01m[K/home/nvidia/projects/ORB_SLAM3/Examples/ROS/ORB_SLAM3/src/../../../../include/Tracking.h:26[m[K,
[11.186s]                  from [01m[K/home/nvidia/projects/ORB_SLAM3/Examples/ROS/ORB_SLAM3/src/../../../../include/System.h:31[m[K,
[11.186s]                  from [01m[K/home/nvidia/projects/ORB_SLAM3/Examples/ROS/ORB_SLAM3/src/ros_mono.cc:17[m[K:
[11.186s] [01m[K/home/nvidia/projects/ORB_SLAM3/Examples/ROS/ORB_SLAM3/../../../Thirdparty/g2o/g2o/types/../core/base_binary_edge.h:60:80:[m[K [01;35m[Kwarning: [m[K‘[01m[KEigen::AlignedBit[m[K’ is deprecated [[01;35m[K-Wdeprecated-declarations[m[K]
[11.186s]    60 |       typedef Eigen::Map<Matrix<double, Dj, Di>, Matrix<double, Dj, Di>::[01;35m[KFlags & AlignedBit[m[K ? Aligned : Unaligned > HessianBlockTransposedType;
[11.187s]       |                                                                          [01;35m[K~~~~~~^~~~~~~~~~~~[m[K
[11.187s] In file included from [01m[K/usr/include/eigen3/Eigen/Core:363[m[K,
[11.187s]                  from [01m[K/usr/include/eigen3/Eigen/LU:11[m[K,
[11.187s]                  from [01m[K/home/nvidia/projects/ORB_SLAM3/Examples/ROS/ORB_SLAM3/../../../Thirdparty/Sophus/sophus/so2.hpp:12[m[K,
[11.187s]                  from [01m[K/home/nvidia/projects/ORB_SLAM3/Examples/ROS/ORB_SLAM3/../../../Thirdparty/Sophus/sophus/se2.hpp:7[m[K,
[11.187s]                  from [01m[K/home/nvidia/projects/ORB_SLAM3/Examples/ROS/ORB_SLAM3/../../../Thirdparty/Sophus/sophus/geometry.hpp:7[m[K,
[11.187s]                  from [01m[K/home/nvidia/projects/ORB_SLAM3/Examples/ROS/ORB_SLAM3/src/../../../../include/Frame.h:28[m[K,
[11.187s]                  from [01m[K/home/nvidia/projects/ORB_SLAM3/Examples/ROS/ORB_SLAM3/src/../../../../include/KeyFrame.h:28[m[K,
[11.188s]                  from [01m[K/home/nvidia/projects/ORB_SLAM3/Examples/ROS/ORB_SLAM3/src/../../../../include/MapPoint.h:23[m[K,
[11.188s]                  from [01m[K/home/nvidia/projects/ORB_SLAM3/Examples/ROS/ORB_SLAM3/src/../../../../include/FrameDrawer.h:24[m[K,
[11.188s]                  from [01m[K/home/nvidia/projects/ORB_SLAM3/Examples/ROS/ORB_SLAM3/src/../../../../include/Viewer.h:23[m[K,
[11.188s]                  from [01m[K/home/nvidia/projects/ORB_SLAM3/Examples/ROS/ORB_SLAM3/src/../../../../include/Tracking.h:26[m[K,
[11.188s]                  from [01m[K/home/nvidia/projects/ORB_SLAM3/Examples/ROS/ORB_SLAM3/src/../../../../include/System.h:31[m[K,
[11.188s]                  from [01m[K/home/nvidia/projects/ORB_SLAM3/Examples/ROS/ORB_SLAM3/src/ros_mono.cc:17[m[K:
[11.188s] [01m[K/usr/include/eigen3/Eigen/src/Core/util/Constants.h:162:37:[m[K [01;36m[Knote: [m[Kdeclared here
[11.188s]   162 | EIGEN_DEPRECATED const unsigned int [01;36m[KAlignedBit[m[K = 0x80;
[11.189s]       |                                     [01;36m[K^~~~~~~~~~[m[K
[11.270s] In file included from [01m[K/home/nvidia/projects/ORB_SLAM3/Examples/ROS/ORB_SLAM3/../../../Thirdparty/g2o/g2o/types/types_six_dof_expmap.h:38[m[K,
[11.271s]                  from [01m[K/home/nvidia/projects/ORB_SLAM3/Examples/ROS/ORB_SLAM3/src/../../../../include/Converter.h:26[m[K,
[11.271s]                  from [01m[K/home/nvidia/projects/ORB_SLAM3/Examples/ROS/ORB_SLAM3/src/../../../../include/Frame.h:33[m[K,
[11.271s]                  from [01m[K/home/nvidia/projects/ORB_SLAM3/Examples/ROS/ORB_SLAM3/src/../../../../include/KeyFrame.h:28[m[K,
[11.271s]                  from [01m[K/home/nvidia/projects/ORB_SLAM3/Examples/ROS/ORB_SLAM3/src/../../../../include/MapPoint.h:23[m[K,
[11.271s]                  from [01m[K/home/nvidia/projects/ORB_SLAM3/Examples/ROS/ORB_SLAM3/src/../../../../include/FrameDrawer.h:24[m[K,
[11.271s]                  from [01m[K/home/nvidia/projects/ORB_SLAM3/Examples/ROS/ORB_SLAM3/src/../../../../include/Viewer.h:23[m[K,
[11.271s]                  from [01m[K/home/nvidia/projects/ORB_SLAM3/Examples/ROS/ORB_SLAM3/src/../../../../include/Tracking.h:26[m[K,
[11.272s]                  from [01m[K/home/nvidia/projects/ORB_SLAM3/Examples/ROS/ORB_SLAM3/src/../../../../include/System.h:31[m[K,
[11.272s]                  from [01m[K/home/nvidia/projects/ORB_SLAM3/Examples/ROS/ORB_SLAM3/src/ros_mono.cc:17[m[K:
[11.272s] /home/nvidia/projects/ORB_SLAM3/Examples/ROS/ORB_SLAM3/../../../Thirdparty/g2o/g2o/types/../core/base_binary_edge.h: In instantiation of ‘[01m[Kclass g2o::BaseBinaryEdge<2, Eigen::Matrix<double, 2, 1>, g2o::VertexSBAPointXYZ, g2o::VertexSim3Expmap>[m[K’:
[11.272s] [01m[K/home/nvidia/projects/ORB_SLAM3/Examples/ROS/ORB_SLAM3/../../../Thirdparty/g2o/g2o/types/types_seven_dof_expmap.h:130:36:[m[K   required from here
[11.272s] [01m[K/home/nvidia/projects/ORB_SLAM3/Examples/ROS/ORB_SLAM3/../../../Thirdparty/g2o/g2o/types/../core/base_binary_edge.h:59:80:[m[K [01;35m[Kwarning: [m[K‘[01m[KEigen::AlignedBit[m[K’ is deprecated [[01;35m[K-Wdeprecated-declarations[m[K]
[11.272s]    59 |       typedef Eigen::Map<Matrix<double, Di, Dj>, Matrix<double, Di, Dj>::[01;35m[KFlags & AlignedBit[m[K ? Aligned : Unaligned > HessianBlockType;
[11.272s]       |                                                                          [01;35m[K~~~~~~^~~~~~~~~~~~[m[K
[11.273s] In file included from [01m[K/usr/include/eigen3/Eigen/Core:363[m[K,
[11.273s]                  from [01m[K/usr/include/eigen3/Eigen/LU:11[m[K,
[11.273s]                  from [01m[K/home/nvidia/projects/ORB_SLAM3/Examples/ROS/ORB_SLAM3/../../../Thirdparty/Sophus/sophus/so2.hpp:12[m[K,
[11.273s]                  from [01m[K/home/nvidia/projects/ORB_SLAM3/Examples/ROS/ORB_SLAM3/../../../Thirdparty/Sophus/sophus/se2.hpp:7[m[K,
[11.273s]                  from [01m[K/home/nvidia/projects/ORB_SLAM3/Examples/ROS/ORB_SLAM3/../../../Thirdparty/Sophus/sophus/geometry.hpp:7[m[K,
[11.273s]                  from [01m[K/home/nvidia/projects/ORB_SLAM3/Examples/ROS/ORB_SLAM3/src/../../../../include/Frame.h:28[m[K,
[11.273s]                  from [01m[K/home/nvidia/projects/ORB_SLAM3/Examples/ROS/ORB_SLAM3/src/../../../../include/KeyFrame.h:28[m[K,
[11.273s]                  from [01m[K/home/nvidia/projects/ORB_SLAM3/Examples/ROS/ORB_SLAM3/src/../../../../include/MapPoint.h:23[m[K,
[11.274s]                  from [01m[K/home/nvidia/projects/ORB_SLAM3/Examples/ROS/ORB_SLAM3/src/../../../../include/FrameDrawer.h:24[m[K,
[11.274s]                  from [01m[K/home/nvidia/projects/ORB_SLAM3/Examples/ROS/ORB_SLAM3/src/../../../../include/Viewer.h:23[m[K,
[11.274s]                  from [01m[K/home/nvidia/projects/ORB_SLAM3/Examples/ROS/ORB_SLAM3/src/../../../../include/Tracking.h:26[m[K,
[11.274s]                  from [01m[K/home/nvidia/projects/ORB_SLAM3/Examples/ROS/ORB_SLAM3/src/../../../../include/System.h:31[m[K,
[11.274s]                  from [01m[K/home/nvidia/projects/ORB_SLAM3/Examples/ROS/ORB_SLAM3/src/ros_mono.cc:17[m[K:
[11.274s] [01m[K/usr/include/eigen3/Eigen/src/Core/util/Constants.h:162:37:[m[K [01;36m[Knote: [m[Kdeclared here
[11.274s]   162 | EIGEN_DEPRECATED const unsigned int [01;36m[KAlignedBit[m[K = 0x80;
[11.274s]       |                                     [01;36m[K^~~~~~~~~~[m[K
[11.301s] In file included from [01m[K/home/nvidia/projects/ORB_SLAM3/Examples/ROS/ORB_SLAM3/../../../Thirdparty/g2o/g2o/types/types_six_dof_expmap.h:38[m[K,
[11.301s]                  from [01m[K/home/nvidia/projects/ORB_SLAM3/Examples/ROS/ORB_SLAM3/src/../../../../include/Converter.h:26[m[K,
[11.301s]                  from [01m[K/home/nvidia/projects/ORB_SLAM3/Examples/ROS/ORB_SLAM3/src/../../../../include/Frame.h:33[m[K,
[11.301s]                  from [01m[K/home/nvidia/projects/ORB_SLAM3/Examples/ROS/ORB_SLAM3/src/../../../../include/KeyFrame.h:28[m[K,
[11.302s]                  from [01m[K/home/nvidia/projects/ORB_SLAM3/Examples/ROS/ORB_SLAM3/src/../../../../include/MapPoint.h:23[m[K,
[11.302s]                  from [01m[K/home/nvidia/projects/ORB_SLAM3/Examples/ROS/ORB_SLAM3/src/../../../../include/FrameDrawer.h:24[m[K,
[11.302s]                  from [01m[K/home/nvidia/projects/ORB_SLAM3/Examples/ROS/ORB_SLAM3/src/../../../../include/Viewer.h:23[m[K,
[11.302s]                  from [01m[K/home/nvidia/projects/ORB_SLAM3/Examples/ROS/ORB_SLAM3/src/../../../../include/Tracking.h:26[m[K,
[11.302s]                  from [01m[K/home/nvidia/projects/ORB_SLAM3/Examples/ROS/ORB_SLAM3/src/../../../../include/System.h:31[m[K,
[11.303s]                  from [01m[K/home/nvidia/projects/ORB_SLAM3/Examples/ROS/ORB_SLAM3/src/ros_mono.cc:17[m[K:
[11.303s] [01m[K/home/nvidia/projects/ORB_SLAM3/Examples/ROS/ORB_SLAM3/../../../Thirdparty/g2o/g2o/types/../core/base_binary_edge.h:60:80:[m[K [01;35m[Kwarning: [m[K‘[01m[KEigen::AlignedBit[m[K’ is deprecated [[01;35m[K-Wdeprecated-declarations[m[K]
[11.303s]    60 |       typedef Eigen::Map<Matrix<double, Dj, Di>, Matrix<double, Dj, Di>::[01;35m[KFlags & AlignedBit[m[K ? Aligned : Unaligned > HessianBlockTransposedType;
[11.303s]       |                                                                          [01;35m[K~~~~~~^~~~~~~~~~~~[m[K
[11.303s] In file included from [01m[K/usr/include/eigen3/Eigen/Core:363[m[K,
[11.303s]                  from [01m[K/usr/include/eigen3/Eigen/LU:11[m[K,
[11.304s]                  from [01m[K/home/nvidia/projects/ORB_SLAM3/Examples/ROS/ORB_SLAM3/../../../Thirdparty/Sophus/sophus/so2.hpp:12[m[K,
[11.304s]                  from [01m[K/home/nvidia/projects/ORB_SLAM3/Examples/ROS/ORB_SLAM3/../../../Thirdparty/Sophus/sophus/se2.hpp:7[m[K,
[11.304s]                  from [01m[K/home/nvidia/projects/ORB_SLAM3/Examples/ROS/ORB_SLAM3/../../../Thirdparty/Sophus/sophus/geometry.hpp:7[m[K,
[11.304s]                  from [01m[K/home/nvidia/projects/ORB_SLAM3/Examples/ROS/ORB_SLAM3/src/../../../../include/Frame.h:28[m[K,
[11.304s]                  from [01m[K/home/nvidia/projects/ORB_SLAM3/Examples/ROS/ORB_SLAM3/src/../../../../include/KeyFrame.h:28[m[K,
[11.304s]                  from [01m[K/home/nvidia/projects/ORB_SLAM3/Examples/ROS/ORB_SLAM3/src/../../../../include/MapPoint.h:23[m[K,
[11.304s]                  from [01m[K/home/nvidia/projects/ORB_SLAM3/Examples/ROS/ORB_SLAM3/src/../../../../include/FrameDrawer.h:24[m[K,
[11.304s]                  from [01m[K/home/nvidia/projects/ORB_SLAM3/Examples/ROS/ORB_SLAM3/src/../../../../include/Viewer.h:23[m[K,
[11.305s]                  from [01m[K/home/nvidia/projects/ORB_SLAM3/Examples/ROS/ORB_SLAM3/src/../../../../include/Tracking.h:26[m[K,
[11.305s]                  from [01m[K/home/nvidia/projects/ORB_SLAM3/Examples/ROS/ORB_SLAM3/src/../../../../include/System.h:31[m[K,
[11.305s]                  from [01m[K/home/nvidia/projects/ORB_SLAM3/Examples/ROS/ORB_SLAM3/src/ros_mono.cc:17[m[K:
[11.305s] [01m[K/usr/include/eigen3/Eigen/src/Core/util/Constants.h:162:37:[m[K [01;36m[Knote: [m[Kdeclared here
[11.305s]   162 | EIGEN_DEPRECATED const unsigned int [01;36m[KAlignedBit[m[K = 0x80;
[11.305s]       |                                     [01;36m[K^~~~~~~~~~[m[K
[12.675s] In file included from [01m[K/home/nvidia/projects/ORB_SLAM3/Examples/ROS/ORB_SLAM3/src/../../../../include/Atlas.h:27[m[K,
[12.676s]                  from [01m[K/home/nvidia/projects/ORB_SLAM3/Examples/ROS/ORB_SLAM3/src/../../../../include/FrameDrawer.h:25[m[K,
[12.676s]                  from [01m[K/home/nvidia/projects/ORB_SLAM3/Examples/ROS/ORB_SLAM3/src/../../../../include/Viewer.h:23[m[K,
[12.676s]                  from [01m[K/home/nvidia/projects/ORB_SLAM3/Examples/ROS/ORB_SLAM3/src/../../../../include/Tracking.h:26[m[K,
[12.676s]                  from [01m[K/home/nvidia/projects/ORB_SLAM3/Examples/ROS/ORB_SLAM3/src/../../../../include/System.h:31[m[K,
[12.676s]                  from [01m[K/home/nvidia/projects/ORB_SLAM3/Examples/ROS/ORB_SLAM3/src/ros_mono.cc:17[m[K:
[12.676s] [01m[K/home/nvidia/projects/ORB_SLAM3/Examples/ROS/ORB_SLAM3/../../../include/CameraModels/KannalaBrandt8.h:[m[K In constructor ‘[01m[KORB_SLAM3::KannalaBrandt8::KannalaBrandt8(std::vector<float>)[m[K’:
[12.677s] [01m[K/home/nvidia/projects/ORB_SLAM3/Examples/ROS/ORB_SLAM3/../../../include/CameraModels/KannalaBrandt8.h:102:21:[m[K [01;35m[Kwarning: [m[K‘[01m[KORB_SLAM3::KannalaBrandt8::precision[m[K’ will be initialized after [[01;35m[K-Wreorder[m[K]
[12.677s]   102 |         const float [01;35m[Kprecision[m[K;
[12.677s]       |                     [01;35m[K^~~~~~~~~[m[K
[12.677s] [01m[K/home/nvidia/projects/ORB_SLAM3/Examples/ROS/ORB_SLAM3/../../../include/CameraModels/KannalaBrandt8.h:88:26:[m[K [01;35m[Kwarning: [m[K  ‘[01m[Kstd::vector<int> ORB_SLAM3::KannalaBrandt8::mvLappingArea[m[K’ [[01;35m[K-Wreorder[m[K]
[12.677s]    88 |         std::vector<int> [01;35m[KmvLappingArea[m[K;
[12.677s]       |                          [01;35m[K^~~~~~~~~~~~~[m[K
[12.677s] In file included from [01m[K/home/nvidia/projects/ORB_SLAM3/Examples/ROS/ORB_SLAM3/src/../../../../include/Atlas.h:27[m[K,
[12.677s]                  from [01m[K/home/nvidia/projects/ORB_SLAM3/Examples/ROS/ORB_SLAM3/src/../../../../include/FrameDrawer.h:25[m[K,
[12.678s]                  from [01m[K/home/nvidia/projects/ORB_SLAM3/Examples/ROS/ORB_SLAM3/src/../../../../include/Viewer.h:23[m[K,
[12.678s]                  from [01m[K/home/nvidia/projects/ORB_SLAM3/Examples/ROS/ORB_SLAM3/src/../../../../include/Tracking.h:26[m[K,
[12.678s]                  from [01m[K/home/nvidia/projects/ORB_SLAM3/Examples/ROS/ORB_SLAM3/src/../../../../include/System.h:31[m[K,
[12.678s]                  from [01m[K/home/nvidia/projects/ORB_SLAM3/Examples/ROS/ORB_SLAM3/src/ros_mono.cc:17[m[K:
[12.678s] [01m[K/home/nvidia/projects/ORB_SLAM3/Examples/ROS/ORB_SLAM3/../../../include/CameraModels/KannalaBrandt8.h:47:9:[m[K [01;35m[Kwarning: [m[K  when initialized here [[01;35m[K-Wreorder[m[K]
[12.678s]    47 |         [01;35m[KKannalaBrandt8[m[K(const std::vector<float> _vParameters) : GeometricCamera(_vParameters), precision(1e-6), mvLappingArea(2,0) ,tvr(nullptr) {
[12.678s]       |         [01;35m[K^~~~~~~~~~~~~~[m[K
[12.679s] In file included from [01m[K/home/nvidia/projects/ORB_SLAM3/Examples/ROS/ORB_SLAM3/src/../../../../include/Atlas.h:27[m[K,
[12.679s]                  from [01m[K/home/nvidia/projects/ORB_SLAM3/Examples/ROS/ORB_SLAM3/src/../../../../include/FrameDrawer.h:25[m[K,
[12.679s]                  from [01m[K/home/nvidia/projects/ORB_SLAM3/Examples/ROS/ORB_SLAM3/src/../../../../include/Viewer.h:23[m[K,
[12.679s]                  from [01m[K/home/nvidia/projects/ORB_SLAM3/Examples/ROS/ORB_SLAM3/src/../../../../include/Tracking.h:26[m[K,
[12.679s]                  from [01m[K/home/nvidia/projects/ORB_SLAM3/Examples/ROS/ORB_SLAM3/src/../../../../include/System.h:31[m[K,
[12.679s]                  from [01m[K/home/nvidia/projects/ORB_SLAM3/Examples/ROS/ORB_SLAM3/src/ros_mono.cc:17[m[K:
[12.679s] [01m[K/home/nvidia/projects/ORB_SLAM3/Examples/ROS/ORB_SLAM3/../../../include/CameraModels/KannalaBrandt8.h:[m[K In constructor ‘[01m[KORB_SLAM3::KannalaBrandt8::KannalaBrandt8(std::vector<float>, float)[m[K’:
[12.679s] [01m[K/home/nvidia/projects/ORB_SLAM3/Examples/ROS/ORB_SLAM3/../../../include/CameraModels/KannalaBrandt8.h:102:21:[m[K [01;35m[Kwarning: [m[K‘[01m[KORB_SLAM3::KannalaBrandt8::precision[m[K’ will be initialized after [[01;35m[K-Wreorder[m[K]
[12.680s]   102 |         const float [01;35m[Kprecision[m[K;
[12.680s]       |                     [01;35m[K^~~~~~~~~[m[K
[12.680s] [01m[K/home/nvidia/projects/ORB_SLAM3/Examples/ROS/ORB_SLAM3/../../../include/CameraModels/KannalaBrandt8.h:88:26:[m[K [01;35m[Kwarning: [m[K  ‘[01m[Kstd::vector<int> ORB_SLAM3::KannalaBrandt8::mvLappingArea[m[K’ [[01;35m[K-Wreorder[m[K]
[12.680s]    88 |         std::vector<int> [01;35m[KmvLappingArea[m[K;
[12.680s]       |                          [01;35m[K^~~~~~~~~~~~~[m[K
[12.680s] [01m[K/home/nvidia/projects/ORB_SLAM3/Examples/ROS/ORB_SLAM3/../../../include/CameraModels/KannalaBrandt8.h:53:9:[m[K [01;35m[Kwarning: [m[K  when initialized here [[01;35m[K-Wreorder[m[K]
[12.680s]    53 |         [01;35m[KKannalaBrandt8[m[K(const std::vector<float> _vParameters, const float _precision) : GeometricCamera(_vParameters),
[12.681s]       |         [01;35m[K^~~~~~~~~~~~~~[m[K
[12.681s] [01m[K/home/nvidia/projects/ORB_SLAM3/Examples/ROS/ORB_SLAM3/../../../include/CameraModels/KannalaBrandt8.h:[m[K In constructor ‘[01m[KORB_SLAM3::KannalaBrandt8::KannalaBrandt8(ORB_SLAM3::KannalaBrandt8*)[m[K’:
[12.681s] [01m[K/home/nvidia/projects/ORB_SLAM3/Examples/ROS/ORB_SLAM3/../../../include/CameraModels/KannalaBrandt8.h:102:21:[m[K [01;35m[Kwarning: [m[K‘[01m[KORB_SLAM3::KannalaBrandt8::precision[m[K’ will be initialized after [[01;35m[K-Wreorder[m[K]
[12.681s]   102 |         const float [01;35m[Kprecision[m[K;
[12.681s]       |                     [01;35m[K^~~~~~~~~[m[K
[12.681s] [01m[K/home/nvidia/projects/ORB_SLAM3/Examples/ROS/ORB_SLAM3/../../../include/CameraModels/KannalaBrandt8.h:88:26:[m[K [01;35m[Kwarning: [m[K  ‘[01m[Kstd::vector<int> ORB_SLAM3::KannalaBrandt8::mvLappingArea[m[K’ [[01;35m[K-Wreorder[m[K]
[12.681s]    88 |         std::vector<int> [01;35m[KmvLappingArea[m[K;
[12.681s]       |                          [01;35m[K^~~~~~~~~~~~~[m[K
[12.682s] [01m[K/home/nvidia/projects/ORB_SLAM3/Examples/ROS/ORB_SLAM3/../../../include/CameraModels/KannalaBrandt8.h:59:9:[m[K [01;35m[Kwarning: [m[K  when initialized here [[01;35m[K-Wreorder[m[K]
[12.682s]    59 |         [01;35m[KKannalaBrandt8[m[K(KannalaBrandt8* pKannala) : GeometricCamera(pKannala->mvParameters), precision(pKannala->precision), mvLappingArea(2,0) ,tvr(nullptr) {
[12.682s]       |         [01;35m[K^~~~~~~~~~~~~~[m[K
[37.156s] [100%] [32m[1mLinking CXX executable mono[0m
[38.153s] /usr/bin/ld: warning: libopencv_imgcodecs.so.4.2, needed by /opt/ros/foxy/lib/libcv_bridge.so, may conflict with libopencv_imgcodecs.so.4.5
[38.154s] /usr/bin/ld: warning: libopencv_imgproc.so.4.2, needed by /opt/ros/foxy/lib/libcv_bridge.so, may conflict with libopencv_imgproc.so.4.5
[38.154s] /usr/bin/ld: warning: libopencv_core.so.4.2, needed by /opt/ros/foxy/lib/libcv_bridge.so, may conflict with libopencv_core.so.4.5
[38.176s] [100%] Built target mono
[38.200s] Invoked command in '/home/nvidia/projects/ORB_SLAM3/Examples/ROS/ORB_SLAM3/build/orb_slam3_ros2' returned '0': CMAKE_PREFIX_PATH=${CMAKE_PREFIX_PATH}:/home/nvidia/projects/a2rl/install/data_logger_interface:/opt/ros/foxy /usr/bin/cmake --build /home/nvidia/projects/ORB_SLAM3/Examples/ROS/ORB_SLAM3/build/orb_slam3_ros2 -- -j8 -l8
[38.283s] Invoking command in '/home/nvidia/projects/ORB_SLAM3/Examples/ROS/ORB_SLAM3/build/orb_slam3_ros2': CMAKE_PREFIX_PATH=${CMAKE_PREFIX_PATH}:/home/nvidia/projects/a2rl/install/data_logger_interface:/opt/ros/foxy /usr/bin/cmake --install /home/nvidia/projects/ORB_SLAM3/Examples/ROS/ORB_SLAM3/build/orb_slam3_ros2
[38.301s] -- Install configuration: ""
[38.302s] -- Execute custom install script
[38.303s] -- Up-to-date symlink: /home/nvidia/projects/ORB_SLAM3/Examples/ROS/ORB_SLAM3/install/orb_slam3_ros2/lib/orb_slam3_ros2/mono_inertial
[38.304s] -- Up-to-date symlink: /home/nvidia/projects/ORB_SLAM3/Examples/ROS/ORB_SLAM3/install/orb_slam3_ros2/lib/orb_slam3_ros2/mono
[38.304s] -- Up-to-date symlink: /home/nvidia/projects/ORB_SLAM3/Examples/ROS/ORB_SLAM3/install/orb_slam3_ros2/share/ament_index/resource_index/package_run_dependencies/orb_slam3_ros2
[38.305s] -- Up-to-date symlink: /home/nvidia/projects/ORB_SLAM3/Examples/ROS/ORB_SLAM3/install/orb_slam3_ros2/share/ament_index/resource_index/parent_prefix_path/orb_slam3_ros2
[38.305s] -- Up-to-date symlink: /home/nvidia/projects/ORB_SLAM3/Examples/ROS/ORB_SLAM3/install/orb_slam3_ros2/share/orb_slam3_ros2/environment/ament_prefix_path.sh
[38.306s] -- Up-to-date symlink: /home/nvidia/projects/ORB_SLAM3/Examples/ROS/ORB_SLAM3/install/orb_slam3_ros2/share/orb_slam3_ros2/environment/ament_prefix_path.dsv
[38.306s] -- Up-to-date symlink: /home/nvidia/projects/ORB_SLAM3/Examples/ROS/ORB_SLAM3/install/orb_slam3_ros2/share/orb_slam3_ros2/environment/path.sh
[38.307s] -- Up-to-date symlink: /home/nvidia/projects/ORB_SLAM3/Examples/ROS/ORB_SLAM3/install/orb_slam3_ros2/share/orb_slam3_ros2/environment/path.dsv
[38.308s] -- Up-to-date symlink: /home/nvidia/projects/ORB_SLAM3/Examples/ROS/ORB_SLAM3/install/orb_slam3_ros2/share/orb_slam3_ros2/local_setup.bash
[38.308s] -- Up-to-date symlink: /home/nvidia/projects/ORB_SLAM3/Examples/ROS/ORB_SLAM3/install/orb_slam3_ros2/share/orb_slam3_ros2/local_setup.sh
[38.309s] -- Up-to-date symlink: /home/nvidia/projects/ORB_SLAM3/Examples/ROS/ORB_SLAM3/install/orb_slam3_ros2/share/orb_slam3_ros2/local_setup.zsh
[38.309s] -- Up-to-date symlink: /home/nvidia/projects/ORB_SLAM3/Examples/ROS/ORB_SLAM3/install/orb_slam3_ros2/share/orb_slam3_ros2/local_setup.dsv
[38.310s] -- Symlinking: /home/nvidia/projects/ORB_SLAM3/Examples/ROS/ORB_SLAM3/install/orb_slam3_ros2/share/orb_slam3_ros2/package.dsv
[38.330s] -- Up-to-date symlink: /home/nvidia/projects/ORB_SLAM3/Examples/ROS/ORB_SLAM3/install/orb_slam3_ros2/share/ament_index/resource_index/packages/orb_slam3_ros2
[38.330s] -- Up-to-date symlink: /home/nvidia/projects/ORB_SLAM3/Examples/ROS/ORB_SLAM3/install/orb_slam3_ros2/share/orb_slam3_ros2/cmake/orb_slam3_ros2Config.cmake
[38.331s] -- Up-to-date symlink: /home/nvidia/projects/ORB_SLAM3/Examples/ROS/ORB_SLAM3/install/orb_slam3_ros2/share/orb_slam3_ros2/cmake/orb_slam3_ros2Config-version.cmake
[38.331s] -- Up-to-date symlink: /home/nvidia/projects/ORB_SLAM3/Examples/ROS/ORB_SLAM3/install/orb_slam3_ros2/share/orb_slam3_ros2/package.xml
[38.336s] Invoked command in '/home/nvidia/projects/ORB_SLAM3/Examples/ROS/ORB_SLAM3/build/orb_slam3_ros2' returned '0': CMAKE_PREFIX_PATH=${CMAKE_PREFIX_PATH}:/home/nvidia/projects/a2rl/install/data_logger_interface:/opt/ros/foxy /usr/bin/cmake --install /home/nvidia/projects/ORB_SLAM3/Examples/ROS/ORB_SLAM3/build/orb_slam3_ros2
