[0.025s] Invoking command in '/home/nvidia/projects/ORB_SLAM3/Examples/ROS/ORB_SLAM3/build/orb_slam3_ros2': CMAKE_PREFIX_PATH=${CMAKE_PREFIX_PATH}:/home/nvidia/projects/a2rl/install/data_logger_interface:/opt/ros/foxy /usr/bin/cmake --build /home/nvidia/projects/ORB_SLAM3/Examples/ROS/ORB_SLAM3/build/orb_slam3_ros2 -- -j8 -l8
[0.120s] [35m[1mScanning dependencies of target mono[0m
[0.170s] [ 50%] Built target mono_inertial
[0.223s] [ 75%] [32mBuilding CXX object CMakeFiles/mono.dir/src/ros_mono.cc.o[0m
[9.197s] In file included from [01m[K/home/nvidia/projects/ORB_SLAM3/Examples/ROS/ORB_SLAM3/src/../../../../include/Frame.h:30[m[K,
[9.197s]                  from [01m[K/home/nvidia/projects/ORB_SLAM3/Examples/ROS/ORB_SLAM3/src/../../../../include/KeyFrame.h:28[m[K,
[9.197s]                  from [01m[K/home/nvidia/projects/ORB_SLAM3/Examples/ROS/ORB_SLAM3/src/../../../../include/MapPoint.h:23[m[K,
[9.197s]                  from [01m[K/home/nvidia/projects/ORB_SLAM3/Examples/ROS/ORB_SLAM3/src/../../../../include/FrameDrawer.h:24[m[K,
[9.198s]                  from [01m[K/home/nvidia/projects/ORB_SLAM3/Examples/ROS/ORB_SLAM3/src/../../../../include/Viewer.h:23[m[K,
[9.198s]                  from [01m[K/home/nvidia/projects/ORB_SLAM3/Examples/ROS/ORB_SLAM3/src/../../../../include/Tracking.h:26[m[K,
[9.198s]                  from [01m[K/home/nvidia/projects/ORB_SLAM3/Examples/ROS/ORB_SLAM3/src/../../../../include/System.h:31[m[K,
[9.198s]                  from [01m[K/home/nvidia/projects/ORB_SLAM3/Examples/ROS/ORB_SLAM3/src/ros_mono.cc:17[m[K:
[9.198s] [01m[K/home/nvidia/projects/ORB_SLAM3/Examples/ROS/ORB_SLAM3/src/../../../../include/ImuTypes.h:[m[K In member function ‘[01m[Kvoid ORB_SLAM3::IMU::Preintegrated::printMeasurements() const[m[K’:
[9.198s] [01m[K/home/nvidia/projects/ORB_SLAM3/Examples/ROS/ORB_SLAM3/src/../../../../include/ImuTypes.h:204:23:[m[K [01;35m[Kwarning: [m[Kcomparison of integer expressions of different signedness: ‘[01m[Kint[m[K’ and ‘[01m[Kstd::vector<ORB_SLAM3::IMU::Preintegrated::integrable>::size_type[m[K’ {aka ‘[01m[Klong unsigned int[m[K’} [[01;35m[K-Wsign-compare[m[K]
[9.198s]   204 |         for(int i=0; [01;35m[Ki<mvMeasurements.size()[m[K; i++){
[9.199s]       |                      [01;35m[K~^~~~~~~~~~~~~~~~~~~~~~[m[K
[9.401s] In file included from [01m[K/home/nvidia/projects/ORB_SLAM3/Examples/ROS/ORB_SLAM3/../../../Thirdparty/g2o/g2o/types/types_six_dof_expmap.h:37[m[K,
[9.402s]                  from [01m[K/home/nvidia/projects/ORB_SLAM3/Examples/ROS/ORB_SLAM3/src/../../../../include/Converter.h:26[m[K,
[9.402s]                  from [01m[K/home/nvidia/projects/ORB_SLAM3/Examples/ROS/ORB_SLAM3/src/../../../../include/Frame.h:33[m[K,
[9.402s]                  from [01m[K/home/nvidia/projects/ORB_SLAM3/Examples/ROS/ORB_SLAM3/src/../../../../include/KeyFrame.h:28[m[K,
[9.402s]                  from [01m[K/home/nvidia/projects/ORB_SLAM3/Examples/ROS/ORB_SLAM3/src/../../../../include/MapPoint.h:23[m[K,
[9.402s]                  from [01m[K/home/nvidia/projects/ORB_SLAM3/Examples/ROS/ORB_SLAM3/src/../../../../include/FrameDrawer.h:24[m[K,
[9.402s]                  from [01m[K/home/nvidia/projects/ORB_SLAM3/Examples/ROS/ORB_SLAM3/src/../../../../include/Viewer.h:23[m[K,
[9.402s]                  from [01m[K/home/nvidia/projects/ORB_SLAM3/Examples/ROS/ORB_SLAM3/src/../../../../include/Tracking.h:26[m[K,
[9.403s]                  from [01m[K/home/nvidia/projects/ORB_SLAM3/Examples/ROS/ORB_SLAM3/src/../../../../include/System.h:31[m[K,
[9.403s]                  from [01m[K/home/nvidia/projects/ORB_SLAM3/Examples/ROS/ORB_SLAM3/src/ros_mono.cc:17[m[K:
[9.403s] [01m[K/home/nvidia/projects/ORB_SLAM3/Examples/ROS/ORB_SLAM3/../../../Thirdparty/g2o/g2o/types/../core/base_vertex.h:[m[K At global scope:
[9.403s] [01m[K/home/nvidia/projects/ORB_SLAM3/Examples/ROS/ORB_SLAM3/../../../Thirdparty/g2o/g2o/types/../core/base_vertex.h:62:74:[m[K [01;35m[Kwarning: [m[K‘[01m[KEigen::AlignedBit[m[K’ is deprecated [[01;35m[K-Wdeprecated-declarations[m[K]
[9.403s]    62 |     typedef Eigen::Map<Matrix<double, D, D>, Matrix<double,D,D>::Flags & [01;35m[KAlignedBit[m[K ? Aligned : Unaligned >  HessianBlockType;
[9.403s]       |                                                                          [01;35m[K^~~~~~~~~~[m[K
[9.403s] In file included from [01m[K/usr/include/eigen3/Eigen/Core:363[m[K,
[9.404s]                  from [01m[K/usr/include/eigen3/Eigen/LU:11[m[K,
[9.404s]                  from [01m[K/home/nvidia/projects/ORB_SLAM3/Examples/ROS/ORB_SLAM3/../../../Thirdparty/Sophus/sophus/so2.hpp:12[m[K,
[9.404s]                  from [01m[K/home/nvidia/projects/ORB_SLAM3/Examples/ROS/ORB_SLAM3/../../../Thirdparty/Sophus/sophus/se2.hpp:7[m[K,
[9.404s]                  from [01m[K/home/nvidia/projects/ORB_SLAM3/Examples/ROS/ORB_SLAM3/../../../Thirdparty/Sophus/sophus/geometry.hpp:7[m[K,
[9.404s]                  from [01m[K/home/nvidia/projects/ORB_SLAM3/Examples/ROS/ORB_SLAM3/src/../../../../include/Frame.h:28[m[K,
[9.404s]                  from [01m[K/home/nvidia/projects/ORB_SLAM3/Examples/ROS/ORB_SLAM3/src/../../../../include/KeyFrame.h:28[m[K,
[9.404s]                  from [01m[K/home/nvidia/projects/ORB_SLAM3/Examples/ROS/ORB_SLAM3/src/../../../../include/MapPoint.h:23[m[K,
[9.405s]                  from [01m[K/home/nvidia/projects/ORB_SLAM3/Examples/ROS/ORB_SLAM3/src/../../../../include/FrameDrawer.h:24[m[K,
[9.405s]                  from [01m[K/home/nvidia/projects/ORB_SLAM3/Examples/ROS/ORB_SLAM3/src/../../../../include/Viewer.h:23[m[K,
[9.405s]                  from [01m[K/home/nvidia/projects/ORB_SLAM3/Examples/ROS/ORB_SLAM3/src/../../../../include/Tracking.h:26[m[K,
[9.405s]                  from [01m[K/home/nvidia/projects/ORB_SLAM3/Examples/ROS/ORB_SLAM3/src/../../../../include/System.h:31[m[K,
[9.405s]                  from [01m[K/home/nvidia/projects/ORB_SLAM3/Examples/ROS/ORB_SLAM3/src/ros_mono.cc:17[m[K:
[9.405s] [01m[K/usr/include/eigen3/Eigen/src/Core/util/Constants.h:162:37:[m[K [01;36m[Knote: [m[Kdeclared here
[9.405s]   162 | EIGEN_DEPRECATED const unsigned int [01;36m[KAlignedBit[m[K = 0x80;
[9.405s]       |                                     [01;36m[K^~~~~~~~~~[m[K
[9.456s] In file included from [01m[K/home/nvidia/projects/ORB_SLAM3/Examples/ROS/ORB_SLAM3/../../../Thirdparty/g2o/g2o/types/types_six_dof_expmap.h:38[m[K,
[9.457s]                  from [01m[K/home/nvidia/projects/ORB_SLAM3/Examples/ROS/ORB_SLAM3/src/../../../../include/Converter.h:26[m[K,
[9.457s]                  from [01m[K/home/nvidia/projects/ORB_SLAM3/Examples/ROS/ORB_SLAM3/src/../../../../include/Frame.h:33[m[K,
[9.457s]                  from [01m[K/home/nvidia/projects/ORB_SLAM3/Examples/ROS/ORB_SLAM3/src/../../../../include/KeyFrame.h:28[m[K,
[9.457s]                  from [01m[K/home/nvidia/projects/ORB_SLAM3/Examples/ROS/ORB_SLAM3/src/../../../../include/MapPoint.h:23[m[K,
[9.457s]                  from [01m[K/home/nvidia/projects/ORB_SLAM3/Examples/ROS/ORB_SLAM3/src/../../../../include/FrameDrawer.h:24[m[K,
[9.457s]                  from [01m[K/home/nvidia/projects/ORB_SLAM3/Examples/ROS/ORB_SLAM3/src/../../../../include/Viewer.h:23[m[K,
[9.458s]                  from [01m[K/home/nvidia/projects/ORB_SLAM3/Examples/ROS/ORB_SLAM3/src/../../../../include/Tracking.h:26[m[K,
[9.458s]                  from [01m[K/home/nvidia/projects/ORB_SLAM3/Examples/ROS/ORB_SLAM3/src/../../../../include/System.h:31[m[K,
[9.458s]                  from [01m[K/home/nvidia/projects/ORB_SLAM3/Examples/ROS/ORB_SLAM3/src/ros_mono.cc:17[m[K:
[9.458s] [01m[K/home/nvidia/projects/ORB_SLAM3/Examples/ROS/ORB_SLAM3/../../../Thirdparty/g2o/g2o/types/../core/base_binary_edge.h:59:82:[m[K [01;35m[Kwarning: [m[K‘[01m[KEigen::AlignedBit[m[K’ is deprecated [[01;35m[K-Wdeprecated-declarations[m[K]
[9.458s]    59 |       typedef Eigen::Map<Matrix<double, Di, Dj>, Matrix<double, Di, Dj>::Flags & [01;35m[KAlignedBit[m[K ? Aligned : Unaligned > HessianBlockType;
[9.459s]       |                                                                                  [01;35m[K^~~~~~~~~~[m[K
[9.459s] In file included from [01m[K/usr/include/eigen3/Eigen/Core:363[m[K,
[9.459s]                  from [01m[K/usr/include/eigen3/Eigen/LU:11[m[K,
[9.459s]                  from [01m[K/home/nvidia/projects/ORB_SLAM3/Examples/ROS/ORB_SLAM3/../../../Thirdparty/Sophus/sophus/so2.hpp:12[m[K,
[9.459s]                  from [01m[K/home/nvidia/projects/ORB_SLAM3/Examples/ROS/ORB_SLAM3/../../../Thirdparty/Sophus/sophus/se2.hpp:7[m[K,
[9.459s]                  from [01m[K/home/nvidia/projects/ORB_SLAM3/Examples/ROS/ORB_SLAM3/../../../Thirdparty/Sophus/sophus/geometry.hpp:7[m[K,
[9.460s]                  from [01m[K/home/nvidia/projects/ORB_SLAM3/Examples/ROS/ORB_SLAM3/src/../../../../include/Frame.h:28[m[K,
[9.460s]                  from [01m[K/home/nvidia/projects/ORB_SLAM3/Examples/ROS/ORB_SLAM3/src/../../../../include/KeyFrame.h:28[m[K,
[9.460s]                  from [01m[K/home/nvidia/projects/ORB_SLAM3/Examples/ROS/ORB_SLAM3/src/../../../../include/MapPoint.h:23[m[K,
[9.460s]                  from [01m[K/home/nvidia/projects/ORB_SLAM3/Examples/ROS/ORB_SLAM3/src/../../../../include/FrameDrawer.h:24[m[K,
[9.460s]                  from [01m[K/home/nvidia/projects/ORB_SLAM3/Examples/ROS/ORB_SLAM3/src/../../../../include/Viewer.h:23[m[K,
[9.460s]                  from [01m[K/home/nvidia/projects/ORB_SLAM3/Examples/ROS/ORB_SLAM3/src/../../../../include/Tracking.h:26[m[K,
[9.460s]                  from [01m[K/home/nvidia/projects/ORB_SLAM3/Examples/ROS/ORB_SLAM3/src/../../../../include/System.h:31[m[K,
[9.461s]                  from [01m[K/home/nvidia/projects/ORB_SLAM3/Examples/ROS/ORB_SLAM3/src/ros_mono.cc:17[m[K:
[9.461s] [01m[K/usr/include/eigen3/Eigen/src/Core/util/Constants.h:162:37:[m[K [01;36m[Knote: [m[Kdeclared here
[9.461s]   162 | EIGEN_DEPRECATED const unsigned int [01;36m[KAlignedBit[m[K = 0x80;
[9.461s]       |                                     [01;36m[K^~~~~~~~~~[m[K
[9.461s] In file included from [01m[K/home/nvidia/projects/ORB_SLAM3/Examples/ROS/ORB_SLAM3/../../../Thirdparty/g2o/g2o/types/types_six_dof_expmap.h:38[m[K,
[9.461s]                  from [01m[K/home/nvidia/projects/ORB_SLAM3/Examples/ROS/ORB_SLAM3/src/../../../../include/Converter.h:26[m[K,
[9.461s]                  from [01m[K/home/nvidia/projects/ORB_SLAM3/Examples/ROS/ORB_SLAM3/src/../../../../include/Frame.h:33[m[K,
[9.461s]                  from [01m[K/home/nvidia/projects/ORB_SLAM3/Examples/ROS/ORB_SLAM3/src/../../../../include/KeyFrame.h:28[m[K,
[9.462s]                  from [01m[K/home/nvidia/projects/ORB_SLAM3/Examples/ROS/ORB_SLAM3/src/../../../../include/MapPoint.h:23[m[K,
[9.462s]                  from [01m[K/home/nvidia/projects/ORB_SLAM3/Examples/ROS/ORB_SLAM3/src/../../../../include/FrameDrawer.h:24[m[K,
[9.462s]                  from [01m[K/home/nvidia/projects/ORB_SLAM3/Examples/ROS/ORB_SLAM3/src/../../../../include/Viewer.h:23[m[K,
[9.462s]                  from [01m[K/home/nvidia/projects/ORB_SLAM3/Examples/ROS/ORB_SLAM3/src/../../../../include/Tracking.h:26[m[K,
[9.462s]                  from [01m[K/home/nvidia/projects/ORB_SLAM3/Examples/ROS/ORB_SLAM3/src/../../../../include/System.h:31[m[K,
[9.462s]                  from [01m[K/home/nvidia/projects/ORB_SLAM3/Examples/ROS/ORB_SLAM3/src/ros_mono.cc:17[m[K:
[9.462s] [01m[K/home/nvidia/projects/ORB_SLAM3/Examples/ROS/ORB_SLAM3/../../../Thirdparty/g2o/g2o/types/../core/base_binary_edge.h:60:82:[m[K [01;35m[Kwarning: [m[K‘[01m[KEigen::AlignedBit[m[K’ is deprecated [[01;35m[K-Wdeprecated-declarations[m[K]
[9.462s]    60 |       typedef Eigen::Map<Matrix<double, Dj, Di>, Matrix<double, Dj, Di>::Flags & [01;35m[KAlignedBit[m[K ? Aligned : Unaligned > HessianBlockTransposedType;
[9.463s]       |                                                                                  [01;35m[K^~~~~~~~~~[m[K
[9.463s] In file included from [01m[K/usr/include/eigen3/Eigen/Core:363[m[K,
[9.463s]                  from [01m[K/usr/include/eigen3/Eigen/LU:11[m[K,
[9.463s]                  from [01m[K/home/nvidia/projects/ORB_SLAM3/Examples/ROS/ORB_SLAM3/../../../Thirdparty/Sophus/sophus/so2.hpp:12[m[K,
[9.463s]                  from [01m[K/home/nvidia/projects/ORB_SLAM3/Examples/ROS/ORB_SLAM3/../../../Thirdparty/Sophus/sophus/se2.hpp:7[m[K,
[9.463s]                  from [01m[K/home/nvidia/projects/ORB_SLAM3/Examples/ROS/ORB_SLAM3/../../../Thirdparty/Sophus/sophus/geometry.hpp:7[m[K,
[9.463s]                  from [01m[K/home/nvidia/projects/ORB_SLAM3/Examples/ROS/ORB_SLAM3/src/../../../../include/Frame.h:28[m[K,
[9.464s]                  from [01m[K/home/nvidia/projects/ORB_SLAM3/Examples/ROS/ORB_SLAM3/src/../../../../include/KeyFrame.h:28[m[K,
[9.464s]                  from [01m[K/home/nvidia/projects/ORB_SLAM3/Examples/ROS/ORB_SLAM3/src/../../../../include/MapPoint.h:23[m[K,
[9.464s]                  from [01m[K/home/nvidia/projects/ORB_SLAM3/Examples/ROS/ORB_SLAM3/src/../../../../include/FrameDrawer.h:24[m[K,
[9.464s]                  from [01m[K/home/nvidia/projects/ORB_SLAM3/Examples/ROS/ORB_SLAM3/src/../../../../include/Viewer.h:23[m[K,
[9.464s]                  from [01m[K/home/nvidia/projects/ORB_SLAM3/Examples/ROS/ORB_SLAM3/src/../../../../include/Tracking.h:26[m[K,
[9.464s]                  from [01m[K/home/nvidia/projects/ORB_SLAM3/Examples/ROS/ORB_SLAM3/src/../../../../include/System.h:31[m[K,
[9.464s]                  from [01m[K/home/nvidia/projects/ORB_SLAM3/Examples/ROS/ORB_SLAM3/src/ros_mono.cc:17[m[K:
[9.465s] [01m[K/usr/include/eigen3/Eigen/src/Core/util/Constants.h:162:37:[m[K [01;36m[Knote: [m[Kdeclared here
[9.465s]   162 | EIGEN_DEPRECATED const unsigned int [01;36m[KAlignedBit[m[K = 0x80;
[9.465s]       |                                     [01;36m[K^~~~~~~~~~[m[K
[10.199s] In file included from [01m[K/home/nvidia/projects/ORB_SLAM3/Examples/ROS/ORB_SLAM3/../../../Thirdparty/g2o/g2o/types/types_six_dof_expmap.h:37[m[K,
[10.200s]                  from [01m[K/home/nvidia/projects/ORB_SLAM3/Examples/ROS/ORB_SLAM3/src/../../../../include/Converter.h:26[m[K,
[10.200s]                  from [01m[K/home/nvidia/projects/ORB_SLAM3/Examples/ROS/ORB_SLAM3/src/../../../../include/Frame.h:33[m[K,
[10.200s]                  from [01m[K/home/nvidia/projects/ORB_SLAM3/Examples/ROS/ORB_SLAM3/src/../../../../include/KeyFrame.h:28[m[K,
[10.200s]                  from [01m[K/home/nvidia/projects/ORB_SLAM3/Examples/ROS/ORB_SLAM3/src/../../../../include/MapPoint.h:23[m[K,
[10.201s]                  from [01m[K/home/nvidia/projects/ORB_SLAM3/Examples/ROS/ORB_SLAM3/src/../../../../include/FrameDrawer.h:24[m[K,
[10.201s]                  from [01m[K/home/nvidia/projects/ORB_SLAM3/Examples/ROS/ORB_SLAM3/src/../../../../include/Viewer.h:23[m[K,
[10.201s]                  from [01m[K/home/nvidia/projects/ORB_SLAM3/Examples/ROS/ORB_SLAM3/src/../../../../include/Tracking.h:26[m[K,
[10.201s]                  from [01m[K/home/nvidia/projects/ORB_SLAM3/Examples/ROS/ORB_SLAM3/src/../../../../include/System.h:31[m[K,
[10.201s]                  from [01m[K/home/nvidia/projects/ORB_SLAM3/Examples/ROS/ORB_SLAM3/src/ros_mono.cc:17[m[K:
[10.201s] /home/nvidia/projects/ORB_SLAM3/Examples/ROS/ORB_SLAM3/../../../Thirdparty/g2o/g2o/types/../core/base_vertex.h: In instantiation of ‘[01m[Kclass g2o::BaseVertex<3, Eigen::Matrix<double, 3, 1> >[m[K’:
[10.201s] [01m[K/home/nvidia/projects/ORB_SLAM3/Examples/ROS/ORB_SLAM3/../../../Thirdparty/g2o/g2o/types/types_sba.h:40:35:[m[K   required from here
[10.202s] [01m[K/home/nvidia/projects/ORB_SLAM3/Examples/ROS/ORB_SLAM3/../../../Thirdparty/g2o/g2o/types/../core/base_vertex.h:62:72:[m[K [01;35m[Kwarning: [m[K‘[01m[KEigen::AlignedBit[m[K’ is deprecated [[01;35m[K-Wdeprecated-declarations[m[K]
[10.202s]    62 |     typedef Eigen::Map<Matrix<double, D, D>, Matrix<double,D,D>::[01;35m[KFlags & AlignedBit[m[K ? Aligned : Unaligned >  HessianBlockType;
[10.202s]       |                                                                  [01;35m[K~~~~~~^~~~~~~~~~~~[m[K
[10.202s] In file included from [01m[K/usr/include/eigen3/Eigen/Core:363[m[K,
[10.203s]                  from [01m[K/usr/include/eigen3/Eigen/LU:11[m[K,
[10.203s]                  from [01m[K/home/nvidia/projects/ORB_SLAM3/Examples/ROS/ORB_SLAM3/../../../Thirdparty/Sophus/sophus/so2.hpp:12[m[K,
[10.203s]                  from [01m[K/home/nvidia/projects/ORB_SLAM3/Examples/ROS/ORB_SLAM3/../../../Thirdparty/Sophus/sophus/se2.hpp:7[m[K,
[10.203s]                  from [01m[K/home/nvidia/projects/ORB_SLAM3/Examples/ROS/ORB_SLAM3/../../../Thirdparty/Sophus/sophus/geometry.hpp:7[m[K,
[10.203s]                  from [01m[K/home/nvidia/projects/ORB_SLAM3/Examples/ROS/ORB_SLAM3/src/../../../../include/Frame.h:28[m[K,
[10.203s]                  from [01m[K/home/nvidia/projects/ORB_SLAM3/Examples/ROS/ORB_SLAM3/src/../../../../include/KeyFrame.h:28[m[K,
[10.204s]                  from [01m[K/home/nvidia/projects/ORB_SLAM3/Examples/ROS/ORB_SLAM3/src/../../../../include/MapPoint.h:23[m[K,
[10.204s]                  from [01m[K/home/nvidia/projects/ORB_SLAM3/Examples/ROS/ORB_SLAM3/src/../../../../include/FrameDrawer.h:24[m[K,
[10.204s]                  from [01m[K/home/nvidia/projects/ORB_SLAM3/Examples/ROS/ORB_SLAM3/src/../../../../include/Viewer.h:23[m[K,
[10.204s]                  from [01m[K/home/nvidia/projects/ORB_SLAM3/Examples/ROS/ORB_SLAM3/src/../../../../include/Tracking.h:26[m[K,
[10.204s]                  from [01m[K/home/nvidia/projects/ORB_SLAM3/Examples/ROS/ORB_SLAM3/src/../../../../include/System.h:31[m[K,
[10.204s]                  from [01m[K/home/nvidia/projects/ORB_SLAM3/Examples/ROS/ORB_SLAM3/src/ros_mono.cc:17[m[K:
[10.204s] [01m[K/usr/include/eigen3/Eigen/src/Core/util/Constants.h:162:37:[m[K [01;36m[Knote: [m[Kdeclared here
[10.205s]   162 | EIGEN_DEPRECATED const unsigned int [01;36m[KAlignedBit[m[K = 0x80;
[10.205s]       |                                     [01;36m[K^~~~~~~~~~[m[K
[10.258s] In file included from [01m[K/home/nvidia/projects/ORB_SLAM3/Examples/ROS/ORB_SLAM3/../../../Thirdparty/g2o/g2o/types/types_six_dof_expmap.h:37[m[K,
[10.258s]                  from [01m[K/home/nvidia/projects/ORB_SLAM3/Examples/ROS/ORB_SLAM3/src/../../../../include/Converter.h:26[m[K,
[10.259s]                  from [01m[K/home/nvidia/projects/ORB_SLAM3/Examples/ROS/ORB_SLAM3/src/../../../../include/Frame.h:33[m[K,
[10.259s]                  from [01m[K/home/nvidia/projects/ORB_SLAM3/Examples/ROS/ORB_SLAM3/src/../../../../include/KeyFrame.h:28[m[K,
[10.259s]                  from [01m[K/home/nvidia/projects/ORB_SLAM3/Examples/ROS/ORB_SLAM3/src/../../../../include/MapPoint.h:23[m[K,
[10.259s]                  from [01m[K/home/nvidia/projects/ORB_SLAM3/Examples/ROS/ORB_SLAM3/src/../../../../include/FrameDrawer.h:24[m[K,
[10.259s]                  from [01m[K/home/nvidia/projects/ORB_SLAM3/Examples/ROS/ORB_SLAM3/src/../../../../include/Viewer.h:23[m[K,
[10.260s]                  from [01m[K/home/nvidia/projects/ORB_SLAM3/Examples/ROS/ORB_SLAM3/src/../../../../include/Tracking.h:26[m[K,
[10.260s]                  from [01m[K/home/nvidia/projects/ORB_SLAM3/Examples/ROS/ORB_SLAM3/src/../../../../include/System.h:31[m[K,
[10.260s]                  from [01m[K/home/nvidia/projects/ORB_SLAM3/Examples/ROS/ORB_SLAM3/src/ros_mono.cc:17[m[K:
[10.260s] /home/nvidia/projects/ORB_SLAM3/Examples/ROS/ORB_SLAM3/../../../Thirdparty/g2o/g2o/types/../core/base_vertex.h: In instantiation of ‘[01m[Kclass g2o::BaseVertex<6, g2o::SE3Quat>[m[K’:
[10.260s] [01m[K/home/nvidia/projects/ORB_SLAM3/Examples/ROS/ORB_SLAM3/../../../Thirdparty/g2o/g2o/types/types_six_dof_expmap.h:59:33:[m[K   required from here
[10.260s] [01m[K/home/nvidia/projects/ORB_SLAM3/Examples/ROS/ORB_SLAM3/../../../Thirdparty/g2o/g2o/types/../core/base_vertex.h:62:72:[m[K [01;35m[Kwarning: [m[K‘[01m[KEigen::AlignedBit[m[K’ is deprecated [[01;35m[K-Wdeprecated-declarations[m[K]
[10.261s]    62 |     typedef Eigen::Map<Matrix<double, D, D>, Matrix<double,D,D>::[01;35m[KFlags & AlignedBit[m[K ? Aligned : Unaligned >  HessianBlockType;
[10.261s]       |                                                                  [01;35m[K~~~~~~^~~~~~~~~~~~[m[K
[10.261s] In file included from [01m[K/usr/include/eigen3/Eigen/Core:363[m[K,
[10.261s]                  from [01m[K/usr/include/eigen3/Eigen/LU:11[m[K,
[10.261s]                  from [01m[K/home/nvidia/projects/ORB_SLAM3/Examples/ROS/ORB_SLAM3/../../../Thirdparty/Sophus/sophus/so2.hpp:12[m[K,
[10.261s]                  from [01m[K/home/nvidia/projects/ORB_SLAM3/Examples/ROS/ORB_SLAM3/../../../Thirdparty/Sophus/sophus/se2.hpp:7[m[K,
[10.261s]                  from [01m[K/home/nvidia/projects/ORB_SLAM3/Examples/ROS/ORB_SLAM3/../../../Thirdparty/Sophus/sophus/geometry.hpp:7[m[K,
[10.261s]                  from [01m[K/home/nvidia/projects/ORB_SLAM3/Examples/ROS/ORB_SLAM3/src/../../../../include/Frame.h:28[m[K,
[10.262s]                  from [01m[K/home/nvidia/projects/ORB_SLAM3/Examples/ROS/ORB_SLAM3/src/../../../../include/KeyFrame.h:28[m[K,
[10.262s]                  from [01m[K/home/nvidia/projects/ORB_SLAM3/Examples/ROS/ORB_SLAM3/src/../../../../include/MapPoint.h:23[m[K,
[10.262s]                  from [01m[K/home/nvidia/projects/ORB_SLAM3/Examples/ROS/ORB_SLAM3/src/../../../../include/FrameDrawer.h:24[m[K,
[10.262s]                  from [01m[K/home/nvidia/projects/ORB_SLAM3/Examples/ROS/ORB_SLAM3/src/../../../../include/Viewer.h:23[m[K,
[10.262s]                  from [01m[K/home/nvidia/projects/ORB_SLAM3/Examples/ROS/ORB_SLAM3/src/../../../../include/Tracking.h:26[m[K,
[10.262s]                  from [01m[K/home/nvidia/projects/ORB_SLAM3/Examples/ROS/ORB_SLAM3/src/../../../../include/System.h:31[m[K,
[10.262s]                  from [01m[K/home/nvidia/projects/ORB_SLAM3/Examples/ROS/ORB_SLAM3/src/ros_mono.cc:17[m[K:
[10.262s] [01m[K/usr/include/eigen3/Eigen/src/Core/util/Constants.h:162:37:[m[K [01;36m[Knote: [m[Kdeclared here
[10.263s]   162 | EIGEN_DEPRECATED const unsigned int [01;36m[KAlignedBit[m[K = 0x80;
[10.263s]       |                                     [01;36m[K^~~~~~~~~~[m[K
[10.320s] In file included from [01m[K/home/nvidia/projects/ORB_SLAM3/Examples/ROS/ORB_SLAM3/../../../Thirdparty/g2o/g2o/types/types_six_dof_expmap.h:38[m[K,
[10.320s]                  from [01m[K/home/nvidia/projects/ORB_SLAM3/Examples/ROS/ORB_SLAM3/src/../../../../include/Converter.h:26[m[K,
[10.320s]                  from [01m[K/home/nvidia/projects/ORB_SLAM3/Examples/ROS/ORB_SLAM3/src/../../../../include/Frame.h:33[m[K,
[10.320s]                  from [01m[K/home/nvidia/projects/ORB_SLAM3/Examples/ROS/ORB_SLAM3/src/../../../../include/KeyFrame.h:28[m[K,
[10.320s]                  from [01m[K/home/nvidia/projects/ORB_SLAM3/Examples/ROS/ORB_SLAM3/src/../../../../include/MapPoint.h:23[m[K,
[10.321s]                  from [01m[K/home/nvidia/projects/ORB_SLAM3/Examples/ROS/ORB_SLAM3/src/../../../../include/FrameDrawer.h:24[m[K,
[10.321s]                  from [01m[K/home/nvidia/projects/ORB_SLAM3/Examples/ROS/ORB_SLAM3/src/../../../../include/Viewer.h:23[m[K,
[10.321s]                  from [01m[K/home/nvidia/projects/ORB_SLAM3/Examples/ROS/ORB_SLAM3/src/../../../../include/Tracking.h:26[m[K,
[10.321s]                  from [01m[K/home/nvidia/projects/ORB_SLAM3/Examples/ROS/ORB_SLAM3/src/../../../../include/System.h:31[m[K,
[10.321s]                  from [01m[K/home/nvidia/projects/ORB_SLAM3/Examples/ROS/ORB_SLAM3/src/ros_mono.cc:17[m[K:
[10.321s] /home/nvidia/projects/ORB_SLAM3/Examples/ROS/ORB_SLAM3/../../../Thirdparty/g2o/g2o/types/../core/base_binary_edge.h: In instantiation of ‘[01m[Kclass g2o::BaseBinaryEdge<6, g2o::SE3Quat, g2o::VertexSE3Expmap, g2o::VertexSE3Expmap>[m[K’:
[10.321s] [01m[K/home/nvidia/projects/ORB_SLAM3/Examples/ROS/ORB_SLAM3/../../../Thirdparty/g2o/g2o/types/types_six_dof_expmap.h:83:24:[m[K   required from here
[10.322s] [01m[K/home/nvidia/projects/ORB_SLAM3/Examples/ROS/ORB_SLAM3/../../../Thirdparty/g2o/g2o/types/../core/base_binary_edge.h:59:80:[m[K [01;35m[Kwarning: [m[K‘[01m[KEigen::AlignedBit[m[K’ is deprecated [[01;35m[K-Wdeprecated-declarations[m[K]
[10.322s]    59 |       typedef Eigen::Map<Matrix<double, Di, Dj>, Matrix<double, Di, Dj>::[01;35m[KFlags & AlignedBit[m[K ? Aligned : Unaligned > HessianBlockType;
[10.322s]       |                                                                          [01;35m[K~~~~~~^~~~~~~~~~~~[m[K
[10.322s] In file included from [01m[K/usr/include/eigen3/Eigen/Core:363[m[K,
[10.322s]                  from [01m[K/usr/include/eigen3/Eigen/LU:11[m[K,
[10.322s]                  from [01m[K/home/nvidia/projects/ORB_SLAM3/Examples/ROS/ORB_SLAM3/../../../Thirdparty/Sophus/sophus/so2.hpp:12[m[K,
[10.322s]                  from [01m[K/home/nvidia/projects/ORB_SLAM3/Examples/ROS/ORB_SLAM3/../../../Thirdparty/Sophus/sophus/se2.hpp:7[m[K,
[10.322s]                  from [01m[K/home/nvidia/projects/ORB_SLAM3/Examples/ROS/ORB_SLAM3/../../../Thirdparty/Sophus/sophus/geometry.hpp:7[m[K,
[10.323s]                  from [01m[K/home/nvidia/projects/ORB_SLAM3/Examples/ROS/ORB_SLAM3/src/../../../../include/Frame.h:28[m[K,
[10.323s]                  from [01m[K/home/nvidia/projects/ORB_SLAM3/Examples/ROS/ORB_SLAM3/src/../../../../include/KeyFrame.h:28[m[K,
[10.323s]                  from [01m[K/home/nvidia/projects/ORB_SLAM3/Examples/ROS/ORB_SLAM3/src/../../../../include/MapPoint.h:23[m[K,
[10.323s]                  from [01m[K/home/nvidia/projects/ORB_SLAM3/Examples/ROS/ORB_SLAM3/src/../../../../include/FrameDrawer.h:24[m[K,
[10.323s]                  from [01m[K/home/nvidia/projects/ORB_SLAM3/Examples/ROS/ORB_SLAM3/src/../../../../include/Viewer.h:23[m[K,
[10.323s]                  from [01m[K/home/nvidia/projects/ORB_SLAM3/Examples/ROS/ORB_SLAM3/src/../../../../include/Tracking.h:26[m[K,
[10.324s]                  from [01m[K/home/nvidia/projects/ORB_SLAM3/Examples/ROS/ORB_SLAM3/src/../../../../include/System.h:31[m[K,
[10.324s]                  from [01m[K/home/nvidia/projects/ORB_SLAM3/Examples/ROS/ORB_SLAM3/src/ros_mono.cc:17[m[K:
[10.324s] [01m[K/usr/include/eigen3/Eigen/src/Core/util/Constants.h:162:37:[m[K [01;36m[Knote: [m[Kdeclared here
[10.324s]   162 | EIGEN_DEPRECATED const unsigned int [01;36m[KAlignedBit[m[K = 0x80;
[10.324s]       |                                     [01;36m[K^~~~~~~~~~[m[K
[10.324s] In file included from [01m[K/home/nvidia/projects/ORB_SLAM3/Examples/ROS/ORB_SLAM3/../../../Thirdparty/g2o/g2o/types/types_six_dof_expmap.h:38[m[K,
[10.324s]                  from [01m[K/home/nvidia/projects/ORB_SLAM3/Examples/ROS/ORB_SLAM3/src/../../../../include/Converter.h:26[m[K,
[10.324s]                  from [01m[K/home/nvidia/projects/ORB_SLAM3/Examples/ROS/ORB_SLAM3/src/../../../../include/Frame.h:33[m[K,
[10.325s]                  from [01m[K/home/nvidia/projects/ORB_SLAM3/Examples/ROS/ORB_SLAM3/src/../../../../include/KeyFrame.h:28[m[K,
[10.325s]                  from [01m[K/home/nvidia/projects/ORB_SLAM3/Examples/ROS/ORB_SLAM3/src/../../../../include/MapPoint.h:23[m[K,
[10.325s]                  from [01m[K/home/nvidia/projects/ORB_SLAM3/Examples/ROS/ORB_SLAM3/src/../../../../include/FrameDrawer.h:24[m[K,
[10.325s]                  from [01m[K/home/nvidia/projects/ORB_SLAM3/Examples/ROS/ORB_SLAM3/src/../../../../include/Viewer.h:23[m[K,
[10.325s]                  from [01m[K/home/nvidia/projects/ORB_SLAM3/Examples/ROS/ORB_SLAM3/src/../../../../include/Tracking.h:26[m[K,
[10.325s]                  from [01m[K/home/nvidia/projects/ORB_SLAM3/Examples/ROS/ORB_SLAM3/src/../../../../include/System.h:31[m[K,
[10.325s]                  from [01m[K/home/nvidia/projects/ORB_SLAM3/Examples/ROS/ORB_SLAM3/src/ros_mono.cc:17[m[K:
[10.325s] [01m[K/home/nvidia/projects/ORB_SLAM3/Examples/ROS/ORB_SLAM3/../../../Thirdparty/g2o/g2o/types/../core/base_binary_edge.h:60:80:[m[K [01;35m[Kwarning: [m[K‘[01m[KEigen::AlignedBit[m[K’ is deprecated [[01;35m[K-Wdeprecated-declarations[m[K]
[10.326s]    60 |       typedef Eigen::Map<Matrix<double, Dj, Di>, Matrix<double, Dj, Di>::[01;35m[KFlags & AlignedBit[m[K ? Aligned : Unaligned > HessianBlockTransposedType;
[10.326s]       |                                                                          [01;35m[K~~~~~~^~~~~~~~~~~~[m[K
[10.326s] In file included from [01m[K/usr/include/eigen3/Eigen/Core:363[m[K,
[10.326s]                  from [01m[K/usr/include/eigen3/Eigen/LU:11[m[K,
[10.326s]                  from [01m[K/home/nvidia/projects/ORB_SLAM3/Examples/ROS/ORB_SLAM3/../../../Thirdparty/Sophus/sophus/so2.hpp:12[m[K,
[10.326s]                  from [01m[K/home/nvidia/projects/ORB_SLAM3/Examples/ROS/ORB_SLAM3/../../../Thirdparty/Sophus/sophus/se2.hpp:7[m[K,
[10.326s]                  from [01m[K/home/nvidia/projects/ORB_SLAM3/Examples/ROS/ORB_SLAM3/../../../Thirdparty/Sophus/sophus/geometry.hpp:7[m[K,
[10.327s]                  from [01m[K/home/nvidia/projects/ORB_SLAM3/Examples/ROS/ORB_SLAM3/src/../../../../include/Frame.h:28[m[K,
[10.327s]                  from [01m[K/home/nvidia/projects/ORB_SLAM3/Examples/ROS/ORB_SLAM3/src/../../../../include/KeyFrame.h:28[m[K,
[10.327s]                  from [01m[K/home/nvidia/projects/ORB_SLAM3/Examples/ROS/ORB_SLAM3/src/../../../../include/MapPoint.h:23[m[K,
[10.327s]                  from [01m[K/home/nvidia/projects/ORB_SLAM3/Examples/ROS/ORB_SLAM3/src/../../../../include/FrameDrawer.h:24[m[K,
[10.327s]                  from [01m[K/home/nvidia/projects/ORB_SLAM3/Examples/ROS/ORB_SLAM3/src/../../../../include/Viewer.h:23[m[K,
[10.327s]                  from [01m[K/home/nvidia/projects/ORB_SLAM3/Examples/ROS/ORB_SLAM3/src/../../../../include/Tracking.h:26[m[K,
[10.327s]                  from [01m[K/home/nvidia/projects/ORB_SLAM3/Examples/ROS/ORB_SLAM3/src/../../../../include/System.h:31[m[K,
[10.327s]                  from [01m[K/home/nvidia/projects/ORB_SLAM3/Examples/ROS/ORB_SLAM3/src/ros_mono.cc:17[m[K:
[10.328s] [01m[K/usr/include/eigen3/Eigen/src/Core/util/Constants.h:162:37:[m[K [01;36m[Knote: [m[Kdeclared here
[10.328s]   162 | EIGEN_DEPRECATED const unsigned int [01;36m[KAlignedBit[m[K = 0x80;
[10.328s]       |                                     [01;36m[K^~~~~~~~~~[m[K
[10.467s] In file included from [01m[K/home/nvidia/projects/ORB_SLAM3/Examples/ROS/ORB_SLAM3/../../../Thirdparty/g2o/g2o/types/types_six_dof_expmap.h:38[m[K,
[10.467s]                  from [01m[K/home/nvidia/projects/ORB_SLAM3/Examples/ROS/ORB_SLAM3/src/../../../../include/Converter.h:26[m[K,
[10.468s]                  from [01m[K/home/nvidia/projects/ORB_SLAM3/Examples/ROS/ORB_SLAM3/src/../../../../include/Frame.h:33[m[K,
[10.468s]                  from [01m[K/home/nvidia/projects/ORB_SLAM3/Examples/ROS/ORB_SLAM3/src/../../../../include/KeyFrame.h:28[m[K,
[10.468s]                  from [01m[K/home/nvidia/projects/ORB_SLAM3/Examples/ROS/ORB_SLAM3/src/../../../../include/MapPoint.h:23[m[K,
[10.469s]                  from [01m[K/home/nvidia/projects/ORB_SLAM3/Examples/ROS/ORB_SLAM3/src/../../../../include/FrameDrawer.h:24[m[K,
[10.469s]                  from [01m[K/home/nvidia/projects/ORB_SLAM3/Examples/ROS/ORB_SLAM3/src/../../../../include/Viewer.h:23[m[K,
[10.469s]                  from [01m[K/home/nvidia/projects/ORB_SLAM3/Examples/ROS/ORB_SLAM3/src/../../../../include/Tracking.h:26[m[K,
[10.469s]                  from [01m[K/home/nvidia/projects/ORB_SLAM3/Examples/ROS/ORB_SLAM3/src/../../../../include/System.h:31[m[K,
[10.469s]                  from [01m[K/home/nvidia/projects/ORB_SLAM3/Examples/ROS/ORB_SLAM3/src/ros_mono.cc:17[m[K:
[10.469s] /home/nvidia/projects/ORB_SLAM3/Examples/ROS/ORB_SLAM3/../../../Thirdparty/g2o/g2o/types/../core/base_binary_edge.h: In instantiation of ‘[01m[Kclass g2o::BaseBinaryEdge<2, Eigen::Matrix<double, 2, 1>, g2o::VertexSBAPointXYZ, g2o::VertexSE3Expmap>[m[K’:
[10.469s] [01m[K/home/nvidia/projects/ORB_SLAM3/Examples/ROS/ORB_SLAM3/../../../Thirdparty/g2o/g2o/types/types_six_dof_expmap.h:114:35:[m[K   required from here
[10.470s] [01m[K/home/nvidia/projects/ORB_SLAM3/Examples/ROS/ORB_SLAM3/../../../Thirdparty/g2o/g2o/types/../core/base_binary_edge.h:59:80:[m[K [01;35m[Kwarning: [m[K‘[01m[KEigen::AlignedBit[m[K’ is deprecated [[01;35m[K-Wdeprecated-declarations[m[K]
[10.470s]    59 |       typedef Eigen::Map<Matrix<double, Di, Dj>, Matrix<double, Di, Dj>::[01;35m[KFlags & AlignedBit[m[K ? Aligned : Unaligned > HessianBlockType;
[10.470s]       |                                                                          [01;35m[K~~~~~~^~~~~~~~~~~~[m[K
[10.470s] In file included from [01m[K/usr/include/eigen3/Eigen/Core:363[m[K,
[10.470s]                  from [01m[K/usr/include/eigen3/Eigen/LU:11[m[K,
[10.470s]                  from [01m[K/home/nvidia/projects/ORB_SLAM3/Examples/ROS/ORB_SLAM3/../../../Thirdparty/Sophus/sophus/so2.hpp:12[m[K,
[10.470s]                  from [01m[K/home/nvidia/projects/ORB_SLAM3/Examples/ROS/ORB_SLAM3/../../../Thirdparty/Sophus/sophus/se2.hpp:7[m[K,
[10.470s]                  from [01m[K/home/nvidia/projects/ORB_SLAM3/Examples/ROS/ORB_SLAM3/../../../Thirdparty/Sophus/sophus/geometry.hpp:7[m[K,
[10.471s]                  from [01m[K/home/nvidia/projects/ORB_SLAM3/Examples/ROS/ORB_SLAM3/src/../../../../include/Frame.h:28[m[K,
[10.471s]                  from [01m[K/home/nvidia/projects/ORB_SLAM3/Examples/ROS/ORB_SLAM3/src/../../../../include/KeyFrame.h:28[m[K,
[10.471s]                  from [01m[K/home/nvidia/projects/ORB_SLAM3/Examples/ROS/ORB_SLAM3/src/../../../../include/MapPoint.h:23[m[K,
[10.471s]                  from [01m[K/home/nvidia/projects/ORB_SLAM3/Examples/ROS/ORB_SLAM3/src/../../../../include/FrameDrawer.h:24[m[K,
[10.471s]                  from [01m[K/home/nvidia/projects/ORB_SLAM3/Examples/ROS/ORB_SLAM3/src/../../../../include/Viewer.h:23[m[K,
[10.471s]                  from [01m[K/home/nvidia/projects/ORB_SLAM3/Examples/ROS/ORB_SLAM3/src/../../../../include/Tracking.h:26[m[K,
[10.471s]                  from [01m[K/home/nvidia/projects/ORB_SLAM3/Examples/ROS/ORB_SLAM3/src/../../../../include/System.h:31[m[K,
[10.472s]                  from [01m[K/home/nvidia/projects/ORB_SLAM3/Examples/ROS/ORB_SLAM3/src/ros_mono.cc:17[m[K:
[10.472s] [01m[K/usr/include/eigen3/Eigen/src/Core/util/Constants.h:162:37:[m[K [01;36m[Knote: [m[Kdeclared here
[10.472s]   162 | EIGEN_DEPRECATED const unsigned int [01;36m[KAlignedBit[m[K = 0x80;
[10.472s]       |                                     [01;36m[K^~~~~~~~~~[m[K
[10.497s] In file included from [01m[K/home/nvidia/projects/ORB_SLAM3/Examples/ROS/ORB_SLAM3/../../../Thirdparty/g2o/g2o/types/types_six_dof_expmap.h:38[m[K,
[10.497s]                  from [01m[K/home/nvidia/projects/ORB_SLAM3/Examples/ROS/ORB_SLAM3/src/../../../../include/Converter.h:26[m[K,
[10.497s]                  from [01m[K/home/nvidia/projects/ORB_SLAM3/Examples/ROS/ORB_SLAM3/src/../../../../include/Frame.h:33[m[K,
[10.497s]                  from [01m[K/home/nvidia/projects/ORB_SLAM3/Examples/ROS/ORB_SLAM3/src/../../../../include/KeyFrame.h:28[m[K,
[10.498s]                  from [01m[K/home/nvidia/projects/ORB_SLAM3/Examples/ROS/ORB_SLAM3/src/../../../../include/MapPoint.h:23[m[K,
[10.498s]                  from [01m[K/home/nvidia/projects/ORB_SLAM3/Examples/ROS/ORB_SLAM3/src/../../../../include/FrameDrawer.h:24[m[K,
[10.498s]                  from [01m[K/home/nvidia/projects/ORB_SLAM3/Examples/ROS/ORB_SLAM3/src/../../../../include/Viewer.h:23[m[K,
[10.498s]                  from [01m[K/home/nvidia/projects/ORB_SLAM3/Examples/ROS/ORB_SLAM3/src/../../../../include/Tracking.h:26[m[K,
[10.498s]                  from [01m[K/home/nvidia/projects/ORB_SLAM3/Examples/ROS/ORB_SLAM3/src/../../../../include/System.h:31[m[K,
[10.498s]                  from [01m[K/home/nvidia/projects/ORB_SLAM3/Examples/ROS/ORB_SLAM3/src/ros_mono.cc:17[m[K:
[10.498s] [01m[K/home/nvidia/projects/ORB_SLAM3/Examples/ROS/ORB_SLAM3/../../../Thirdparty/g2o/g2o/types/../core/base_binary_edge.h:60:80:[m[K [01;35m[Kwarning: [m[K‘[01m[KEigen::AlignedBit[m[K’ is deprecated [[01;35m[K-Wdeprecated-declarations[m[K]
[10.499s]    60 |       typedef Eigen::Map<Matrix<double, Dj, Di>, Matrix<double, Dj, Di>::[01;35m[KFlags & AlignedBit[m[K ? Aligned : Unaligned > HessianBlockTransposedType;
[10.499s]       |                                                                          [01;35m[K~~~~~~^~~~~~~~~~~~[m[K
[10.499s] In file included from [01m[K/usr/include/eigen3/Eigen/Core:363[m[K,
[10.499s]                  from [01m[K/usr/include/eigen3/Eigen/LU:11[m[K,
[10.499s]                  from [01m[K/home/nvidia/projects/ORB_SLAM3/Examples/ROS/ORB_SLAM3/../../../Thirdparty/Sophus/sophus/so2.hpp:12[m[K,
[10.499s]                  from [01m[K/home/nvidia/projects/ORB_SLAM3/Examples/ROS/ORB_SLAM3/../../../Thirdparty/Sophus/sophus/se2.hpp:7[m[K,
[10.499s]                  from [01m[K/home/nvidia/projects/ORB_SLAM3/Examples/ROS/ORB_SLAM3/../../../Thirdparty/Sophus/sophus/geometry.hpp:7[m[K,
[10.500s]                  from [01m[K/home/nvidia/projects/ORB_SLAM3/Examples/ROS/ORB_SLAM3/src/../../../../include/Frame.h:28[m[K,
[10.500s]                  from [01m[K/home/nvidia/projects/ORB_SLAM3/Examples/ROS/ORB_SLAM3/src/../../../../include/KeyFrame.h:28[m[K,
[10.500s]                  from [01m[K/home/nvidia/projects/ORB_SLAM3/Examples/ROS/ORB_SLAM3/src/../../../../include/MapPoint.h:23[m[K,
[10.500s]                  from [01m[K/home/nvidia/projects/ORB_SLAM3/Examples/ROS/ORB_SLAM3/src/../../../../include/FrameDrawer.h:24[m[K,
[10.500s]                  from [01m[K/home/nvidia/projects/ORB_SLAM3/Examples/ROS/ORB_SLAM3/src/../../../../include/Viewer.h:23[m[K,
[10.500s]                  from [01m[K/home/nvidia/projects/ORB_SLAM3/Examples/ROS/ORB_SLAM3/src/../../../../include/Tracking.h:26[m[K,
[10.500s]                  from [01m[K/home/nvidia/projects/ORB_SLAM3/Examples/ROS/ORB_SLAM3/src/../../../../include/System.h:31[m[K,
[10.500s]                  from [01m[K/home/nvidia/projects/ORB_SLAM3/Examples/ROS/ORB_SLAM3/src/ros_mono.cc:17[m[K:
[10.501s] [01m[K/usr/include/eigen3/Eigen/src/Core/util/Constants.h:162:37:[m[K [01;36m[Knote: [m[Kdeclared here
[10.501s]   162 | EIGEN_DEPRECATED const unsigned int [01;36m[KAlignedBit[m[K = 0x80;
[10.501s]       |                                     [01;36m[K^~~~~~~~~~[m[K
[10.620s] In file included from [01m[K/home/nvidia/projects/ORB_SLAM3/Examples/ROS/ORB_SLAM3/../../../Thirdparty/g2o/g2o/types/types_six_dof_expmap.h:38[m[K,
[10.621s]                  from [01m[K/home/nvidia/projects/ORB_SLAM3/Examples/ROS/ORB_SLAM3/src/../../../../include/Converter.h:26[m[K,
[10.621s]                  from [01m[K/home/nvidia/projects/ORB_SLAM3/Examples/ROS/ORB_SLAM3/src/../../../../include/Frame.h:33[m[K,
[10.621s]                  from [01m[K/home/nvidia/projects/ORB_SLAM3/Examples/ROS/ORB_SLAM3/src/../../../../include/KeyFrame.h:28[m[K,
[10.621s]                  from [01m[K/home/nvidia/projects/ORB_SLAM3/Examples/ROS/ORB_SLAM3/src/../../../../include/MapPoint.h:23[m[K,
[10.621s]                  from [01m[K/home/nvidia/projects/ORB_SLAM3/Examples/ROS/ORB_SLAM3/src/../../../../include/FrameDrawer.h:24[m[K,
[10.622s]                  from [01m[K/home/nvidia/projects/ORB_SLAM3/Examples/ROS/ORB_SLAM3/src/../../../../include/Viewer.h:23[m[K,
[10.622s]                  from [01m[K/home/nvidia/projects/ORB_SLAM3/Examples/ROS/ORB_SLAM3/src/../../../../include/Tracking.h:26[m[K,
[10.622s]                  from [01m[K/home/nvidia/projects/ORB_SLAM3/Examples/ROS/ORB_SLAM3/src/../../../../include/System.h:31[m[K,
[10.622s]                  from [01m[K/home/nvidia/projects/ORB_SLAM3/Examples/ROS/ORB_SLAM3/src/ros_mono.cc:17[m[K:
[10.622s] /home/nvidia/projects/ORB_SLAM3/Examples/ROS/ORB_SLAM3/../../../Thirdparty/g2o/g2o/types/../core/base_binary_edge.h: In instantiation of ‘[01m[Kclass g2o::BaseBinaryEdge<3, Eigen::Matrix<double, 3, 1>, g2o::VertexSBAPointXYZ, g2o::VertexSE3Expmap>[m[K’:
[10.622s] [01m[K/home/nvidia/projects/ORB_SLAM3/Examples/ROS/ORB_SLAM3/../../../Thirdparty/g2o/g2o/types/types_six_dof_expmap.h:146:41:[m[K   required from here
[10.622s] [01m[K/home/nvidia/projects/ORB_SLAM3/Examples/ROS/ORB_SLAM3/../../../Thirdparty/g2o/g2o/types/../core/base_binary_edge.h:59:80:[m[K [01;35m[Kwarning: [m[K‘[01m[KEigen::AlignedBit[m[K’ is deprecated [[01;35m[K-Wdeprecated-declarations[m[K]
[10.623s]    59 |       typedef Eigen::Map<Matrix<double, Di, Dj>, Matrix<double, Di, Dj>::[01;35m[KFlags & AlignedBit[m[K ? Aligned : Unaligned > HessianBlockType;
[10.623s]       |                                                                          [01;35m[K~~~~~~^~~~~~~~~~~~[m[K
[10.623s] In file included from [01m[K/usr/include/eigen3/Eigen/Core:363[m[K,
[10.623s]                  from [01m[K/usr/include/eigen3/Eigen/LU:11[m[K,
[10.623s]                  from [01m[K/home/nvidia/projects/ORB_SLAM3/Examples/ROS/ORB_SLAM3/../../../Thirdparty/Sophus/sophus/so2.hpp:12[m[K,
[10.623s]                  from [01m[K/home/nvidia/projects/ORB_SLAM3/Examples/ROS/ORB_SLAM3/../../../Thirdparty/Sophus/sophus/se2.hpp:7[m[K,
[10.623s]                  from [01m[K/home/nvidia/projects/ORB_SLAM3/Examples/ROS/ORB_SLAM3/../../../Thirdparty/Sophus/sophus/geometry.hpp:7[m[K,
[10.623s]                  from [01m[K/home/nvidia/projects/ORB_SLAM3/Examples/ROS/ORB_SLAM3/src/../../../../include/Frame.h:28[m[K,
[10.624s]                  from [01m[K/home/nvidia/projects/ORB_SLAM3/Examples/ROS/ORB_SLAM3/src/../../../../include/KeyFrame.h:28[m[K,
[10.624s]                  from [01m[K/home/nvidia/projects/ORB_SLAM3/Examples/ROS/ORB_SLAM3/src/../../../../include/MapPoint.h:23[m[K,
[10.624s]                  from [01m[K/home/nvidia/projects/ORB_SLAM3/Examples/ROS/ORB_SLAM3/src/../../../../include/FrameDrawer.h:24[m[K,
[10.624s]                  from [01m[K/home/nvidia/projects/ORB_SLAM3/Examples/ROS/ORB_SLAM3/src/../../../../include/Viewer.h:23[m[K,
[10.624s]                  from [01m[K/home/nvidia/projects/ORB_SLAM3/Examples/ROS/ORB_SLAM3/src/../../../../include/Tracking.h:26[m[K,
[10.624s]                  from [01m[K/home/nvidia/projects/ORB_SLAM3/Examples/ROS/ORB_SLAM3/src/../../../../include/System.h:31[m[K,
[10.624s]                  from [01m[K/home/nvidia/projects/ORB_SLAM3/Examples/ROS/ORB_SLAM3/src/ros_mono.cc:17[m[K:
[10.625s] [01m[K/usr/include/eigen3/Eigen/src/Core/util/Constants.h:162:37:[m[K [01;36m[Knote: [m[Kdeclared here
[10.625s]   162 | EIGEN_DEPRECATED const unsigned int [01;36m[KAlignedBit[m[K = 0x80;
[10.625s]       |                                     [01;36m[K^~~~~~~~~~[m[K
[10.625s] In file included from [01m[K/home/nvidia/projects/ORB_SLAM3/Examples/ROS/ORB_SLAM3/../../../Thirdparty/g2o/g2o/types/types_six_dof_expmap.h:38[m[K,
[10.625s]                  from [01m[K/home/nvidia/projects/ORB_SLAM3/Examples/ROS/ORB_SLAM3/src/../../../../include/Converter.h:26[m[K,
[10.625s]                  from [01m[K/home/nvidia/projects/ORB_SLAM3/Examples/ROS/ORB_SLAM3/src/../../../../include/Frame.h:33[m[K,
[10.625s]                  from [01m[K/home/nvidia/projects/ORB_SLAM3/Examples/ROS/ORB_SLAM3/src/../../../../include/KeyFrame.h:28[m[K,
[10.625s]                  from [01m[K/home/nvidia/projects/ORB_SLAM3/Examples/ROS/ORB_SLAM3/src/../../../../include/MapPoint.h:23[m[K,
[10.626s]                  from [01m[K/home/nvidia/projects/ORB_SLAM3/Examples/ROS/ORB_SLAM3/src/../../../../include/FrameDrawer.h:24[m[K,
[10.626s]                  from [01m[K/home/nvidia/projects/ORB_SLAM3/Examples/ROS/ORB_SLAM3/src/../../../../include/Viewer.h:23[m[K,
[10.628s]                  from [01m[K/home/nvidia/projects/ORB_SLAM3/Examples/ROS/ORB_SLAM3/src/../../../../include/Tracking.h:26[m[K,
[10.628s]                  from [01m[K/home/nvidia/projects/ORB_SLAM3/Examples/ROS/ORB_SLAM3/src/../../../../include/System.h:31[m[K,
[10.628s]                  from [01m[K/home/nvidia/projects/ORB_SLAM3/Examples/ROS/ORB_SLAM3/src/ros_mono.cc:17[m[K:
[10.629s] [01m[K/home/nvidia/projects/ORB_SLAM3/Examples/ROS/ORB_SLAM3/../../../Thirdparty/g2o/g2o/types/../core/base_binary_edge.h:60:80:[m[K [01;35m[Kwarning: [m[K‘[01m[KEigen::AlignedBit[m[K’ is deprecated [[01;35m[K-Wdeprecated-declarations[m[K]
[10.629s]    60 |       typedef Eigen::Map<Matrix<double, Dj, Di>, Matrix<double, Dj, Di>::[01;35m[KFlags & AlignedBit[m[K ? Aligned : Unaligned > HessianBlockTransposedType;
[10.629s]       |                                                                          [01;35m[K~~~~~~^~~~~~~~~~~~[m[K
[10.629s] In file included from [01m[K/usr/include/eigen3/Eigen/Core:363[m[K,
[10.629s]                  from [01m[K/usr/include/eigen3/Eigen/LU:11[m[K,
[10.629s]                  from [01m[K/home/nvidia/projects/ORB_SLAM3/Examples/ROS/ORB_SLAM3/../../../Thirdparty/Sophus/sophus/so2.hpp:12[m[K,
[10.630s]                  from [01m[K/home/nvidia/projects/ORB_SLAM3/Examples/ROS/ORB_SLAM3/../../../Thirdparty/Sophus/sophus/se2.hpp:7[m[K,
[10.630s]                  from [01m[K/home/nvidia/projects/ORB_SLAM3/Examples/ROS/ORB_SLAM3/../../../Thirdparty/Sophus/sophus/geometry.hpp:7[m[K,
[10.630s]                  from [01m[K/home/nvidia/projects/ORB_SLAM3/Examples/ROS/ORB_SLAM3/src/../../../../include/Frame.h:28[m[K,
[10.630s]                  from [01m[K/home/nvidia/projects/ORB_SLAM3/Examples/ROS/ORB_SLAM3/src/../../../../include/KeyFrame.h:28[m[K,
[10.630s]                  from [01m[K/home/nvidia/projects/ORB_SLAM3/Examples/ROS/ORB_SLAM3/src/../../../../include/MapPoint.h:23[m[K,
[10.630s]                  from [01m[K/home/nvidia/projects/ORB_SLAM3/Examples/ROS/ORB_SLAM3/src/../../../../include/FrameDrawer.h:24[m[K,
[10.630s]                  from [01m[K/home/nvidia/projects/ORB_SLAM3/Examples/ROS/ORB_SLAM3/src/../../../../include/Viewer.h:23[m[K,
[10.630s]                  from [01m[K/home/nvidia/projects/ORB_SLAM3/Examples/ROS/ORB_SLAM3/src/../../../../include/Tracking.h:26[m[K,
[10.631s]                  from [01m[K/home/nvidia/projects/ORB_SLAM3/Examples/ROS/ORB_SLAM3/src/../../../../include/System.h:31[m[K,
[10.631s]                  from [01m[K/home/nvidia/projects/ORB_SLAM3/Examples/ROS/ORB_SLAM3/src/ros_mono.cc:17[m[K:
[10.631s] [01m[K/usr/include/eigen3/Eigen/src/Core/util/Constants.h:162:37:[m[K [01;36m[Knote: [m[Kdeclared here
[10.631s]   162 | EIGEN_DEPRECATED const unsigned int [01;36m[KAlignedBit[m[K = 0x80;
[10.631s]       |                                     [01;36m[K^~~~~~~~~~[m[K
[11.050s] In file included from [01m[K/home/nvidia/projects/ORB_SLAM3/Examples/ROS/ORB_SLAM3/../../../Thirdparty/g2o/g2o/types/types_six_dof_expmap.h:37[m[K,
[11.051s]                  from [01m[K/home/nvidia/projects/ORB_SLAM3/Examples/ROS/ORB_SLAM3/src/../../../../include/Converter.h:26[m[K,
[11.051s]                  from [01m[K/home/nvidia/projects/ORB_SLAM3/Examples/ROS/ORB_SLAM3/src/../../../../include/Frame.h:33[m[K,
[11.051s]                  from [01m[K/home/nvidia/projects/ORB_SLAM3/Examples/ROS/ORB_SLAM3/src/../../../../include/KeyFrame.h:28[m[K,
[11.051s]                  from [01m[K/home/nvidia/projects/ORB_SLAM3/Examples/ROS/ORB_SLAM3/src/../../../../include/MapPoint.h:23[m[K,
[11.052s]                  from [01m[K/home/nvidia/projects/ORB_SLAM3/Examples/ROS/ORB_SLAM3/src/../../../../include/FrameDrawer.h:24[m[K,
[11.052s]                  from [01m[K/home/nvidia/projects/ORB_SLAM3/Examples/ROS/ORB_SLAM3/src/../../../../include/Viewer.h:23[m[K,
[11.052s]                  from [01m[K/home/nvidia/projects/ORB_SLAM3/Examples/ROS/ORB_SLAM3/src/../../../../include/Tracking.h:26[m[K,
[11.052s]                  from [01m[K/home/nvidia/projects/ORB_SLAM3/Examples/ROS/ORB_SLAM3/src/../../../../include/System.h:31[m[K,
[11.052s]                  from [01m[K/home/nvidia/projects/ORB_SLAM3/Examples/ROS/ORB_SLAM3/src/ros_mono.cc:17[m[K:
[11.052s] /home/nvidia/projects/ORB_SLAM3/Examples/ROS/ORB_SLAM3/../../../Thirdparty/g2o/g2o/types/../core/base_vertex.h: In instantiation of ‘[01m[Kclass g2o::BaseVertex<7, g2o::Sim3>[m[K’:
[11.053s] [01m[K/home/nvidia/projects/ORB_SLAM3/Examples/ROS/ORB_SLAM3/../../../Thirdparty/g2o/g2o/types/types_seven_dof_expmap.h:48:35:[m[K   required from here
[11.053s] [01m[K/home/nvidia/projects/ORB_SLAM3/Examples/ROS/ORB_SLAM3/../../../Thirdparty/g2o/g2o/types/../core/base_vertex.h:62:72:[m[K [01;35m[Kwarning: [m[K‘[01m[KEigen::AlignedBit[m[K’ is deprecated [[01;35m[K-Wdeprecated-declarations[m[K]
[11.053s]    62 |     typedef Eigen::Map<Matrix<double, D, D>, Matrix<double,D,D>::[01;35m[KFlags & AlignedBit[m[K ? Aligned : Unaligned >  HessianBlockType;
[11.053s]       |                                                                  [01;35m[K~~~~~~^~~~~~~~~~~~[m[K
[11.053s] In file included from [01m[K/usr/include/eigen3/Eigen/Core:363[m[K,
[11.053s]                  from [01m[K/usr/include/eigen3/Eigen/LU:11[m[K,
[11.053s]                  from [01m[K/home/nvidia/projects/ORB_SLAM3/Examples/ROS/ORB_SLAM3/../../../Thirdparty/Sophus/sophus/so2.hpp:12[m[K,
[11.053s]                  from [01m[K/home/nvidia/projects/ORB_SLAM3/Examples/ROS/ORB_SLAM3/../../../Thirdparty/Sophus/sophus/se2.hpp:7[m[K,
[11.054s]                  from [01m[K/home/nvidia/projects/ORB_SLAM3/Examples/ROS/ORB_SLAM3/../../../Thirdparty/Sophus/sophus/geometry.hpp:7[m[K,
[11.055s]                  from [01m[K/home/nvidia/projects/ORB_SLAM3/Examples/ROS/ORB_SLAM3/src/../../../../include/Frame.h:28[m[K,
[11.055s]                  from [01m[K/home/nvidia/projects/ORB_SLAM3/Examples/ROS/ORB_SLAM3/src/../../../../include/KeyFrame.h:28[m[K,
[11.055s]                  from [01m[K/home/nvidia/projects/ORB_SLAM3/Examples/ROS/ORB_SLAM3/src/../../../../include/MapPoint.h:23[m[K,
[11.055s]                  from [01m[K/home/nvidia/projects/ORB_SLAM3/Examples/ROS/ORB_SLAM3/src/../../../../include/FrameDrawer.h:24[m[K,
[11.056s]                  from [01m[K/home/nvidia/projects/ORB_SLAM3/Examples/ROS/ORB_SLAM3/src/../../../../include/Viewer.h:23[m[K,
[11.056s]                  from [01m[K/home/nvidia/projects/ORB_SLAM3/Examples/ROS/ORB_SLAM3/src/../../../../include/Tracking.h:26[m[K,
[11.056s]                  from [01m[K/home/nvidia/projects/ORB_SLAM3/Examples/ROS/ORB_SLAM3/src/../../../../include/System.h:31[m[K,
[11.056s]                  from [01m[K/home/nvidia/projects/ORB_SLAM3/Examples/ROS/ORB_SLAM3/src/ros_mono.cc:17[m[K:
[11.056s] [01m[K/usr/include/eigen3/Eigen/src/Core/util/Constants.h:162:37:[m[K [01;36m[Knote: [m[Kdeclared here
[11.056s]   162 | EIGEN_DEPRECATED const unsigned int [01;36m[KAlignedBit[m[K = 0x80;
[11.056s]       |                                     [01;36m[K^~~~~~~~~~[m[K
[11.116s] In file included from [01m[K/home/nvidia/projects/ORB_SLAM3/Examples/ROS/ORB_SLAM3/../../../Thirdparty/g2o/g2o/types/types_six_dof_expmap.h:38[m[K,
[11.116s]                  from [01m[K/home/nvidia/projects/ORB_SLAM3/Examples/ROS/ORB_SLAM3/src/../../../../include/Converter.h:26[m[K,
[11.117s]                  from [01m[K/home/nvidia/projects/ORB_SLAM3/Examples/ROS/ORB_SLAM3/src/../../../../include/Frame.h:33[m[K,
[11.117s]                  from [01m[K/home/nvidia/projects/ORB_SLAM3/Examples/ROS/ORB_SLAM3/src/../../../../include/KeyFrame.h:28[m[K,
[11.117s]                  from [01m[K/home/nvidia/projects/ORB_SLAM3/Examples/ROS/ORB_SLAM3/src/../../../../include/MapPoint.h:23[m[K,
[11.117s]                  from [01m[K/home/nvidia/projects/ORB_SLAM3/Examples/ROS/ORB_SLAM3/src/../../../../include/FrameDrawer.h:24[m[K,
[11.118s]                  from [01m[K/home/nvidia/projects/ORB_SLAM3/Examples/ROS/ORB_SLAM3/src/../../../../include/Viewer.h:23[m[K,
[11.118s]                  from [01m[K/home/nvidia/projects/ORB_SLAM3/Examples/ROS/ORB_SLAM3/src/../../../../include/Tracking.h:26[m[K,
[11.118s]                  from [01m[K/home/nvidia/projects/ORB_SLAM3/Examples/ROS/ORB_SLAM3/src/../../../../include/System.h:31[m[K,
[11.118s]                  from [01m[K/home/nvidia/projects/ORB_SLAM3/Examples/ROS/ORB_SLAM3/src/ros_mono.cc:17[m[K:
[11.118s] /home/nvidia/projects/ORB_SLAM3/Examples/ROS/ORB_SLAM3/../../../Thirdparty/g2o/g2o/types/../core/base_binary_edge.h: In instantiation of ‘[01m[Kclass g2o::BaseBinaryEdge<7, g2o::Sim3, g2o::VertexSim3Expmap, g2o::VertexSim3Expmap>[m[K’:
[11.118s] [01m[K/home/nvidia/projects/ORB_SLAM3/Examples/ROS/ORB_SLAM3/../../../Thirdparty/g2o/g2o/types/types_seven_dof_expmap.h:99:27:[m[K   required from here
[11.118s] [01m[K/home/nvidia/projects/ORB_SLAM3/Examples/ROS/ORB_SLAM3/../../../Thirdparty/g2o/g2o/types/../core/base_binary_edge.h:59:80:[m[K [01;35m[Kwarning: [m[K‘[01m[KEigen::AlignedBit[m[K’ is deprecated [[01;35m[K-Wdeprecated-declarations[m[K]
[11.119s]    59 |       typedef Eigen::Map<Matrix<double, Di, Dj>, Matrix<double, Di, Dj>::[01;35m[KFlags & AlignedBit[m[K ? Aligned : Unaligned > HessianBlockType;
[11.119s]       |                                                                          [01;35m[K~~~~~~^~~~~~~~~~~~[m[K
[11.119s] In file included from [01m[K/usr/include/eigen3/Eigen/Core:363[m[K,
[11.119s]                  from [01m[K/usr/include/eigen3/Eigen/LU:11[m[K,
[11.119s]                  from [01m[K/home/nvidia/projects/ORB_SLAM3/Examples/ROS/ORB_SLAM3/../../../Thirdparty/Sophus/sophus/so2.hpp:12[m[K,
[11.119s]                  from [01m[K/home/nvidia/projects/ORB_SLAM3/Examples/ROS/ORB_SLAM3/../../../Thirdparty/Sophus/sophus/se2.hpp:7[m[K,
[11.119s]                  from [01m[K/home/nvidia/projects/ORB_SLAM3/Examples/ROS/ORB_SLAM3/../../../Thirdparty/Sophus/sophus/geometry.hpp:7[m[K,
[11.120s]                  from [01m[K/home/nvidia/projects/ORB_SLAM3/Examples/ROS/ORB_SLAM3/src/../../../../include/Frame.h:28[m[K,
[11.120s]                  from [01m[K/home/nvidia/projects/ORB_SLAM3/Examples/ROS/ORB_SLAM3/src/../../../../include/KeyFrame.h:28[m[K,
[11.120s]                  from [01m[K/home/nvidia/projects/ORB_SLAM3/Examples/ROS/ORB_SLAM3/src/../../../../include/MapPoint.h:23[m[K,
[11.120s]                  from [01m[K/home/nvidia/projects/ORB_SLAM3/Examples/ROS/ORB_SLAM3/src/../../../../include/FrameDrawer.h:24[m[K,
[11.120s]                  from [01m[K/home/nvidia/projects/ORB_SLAM3/Examples/ROS/ORB_SLAM3/src/../../../../include/Viewer.h:23[m[K,
[11.121s]                  from [01m[K/home/nvidia/projects/ORB_SLAM3/Examples/ROS/ORB_SLAM3/src/../../../../include/Tracking.h:26[m[K,
[11.121s]                  from [01m[K/home/nvidia/projects/ORB_SLAM3/Examples/ROS/ORB_SLAM3/src/../../../../include/System.h:31[m[K,
[11.121s]                  from [01m[K/home/nvidia/projects/ORB_SLAM3/Examples/ROS/ORB_SLAM3/src/ros_mono.cc:17[m[K:
[11.121s] [01m[K/usr/include/eigen3/Eigen/src/Core/util/Constants.h:162:37:[m[K [01;36m[Knote: [m[Kdeclared here
[11.121s]   162 | EIGEN_DEPRECATED const unsigned int [01;36m[KAlignedBit[m[K = 0x80;
[11.122s]       |                                     [01;36m[K^~~~~~~~~~[m[K
[11.122s] In file included from [01m[K/home/nvidia/projects/ORB_SLAM3/Examples/ROS/ORB_SLAM3/../../../Thirdparty/g2o/g2o/types/types_six_dof_expmap.h:38[m[K,
[11.122s]                  from [01m[K/home/nvidia/projects/ORB_SLAM3/Examples/ROS/ORB_SLAM3/src/../../../../include/Converter.h:26[m[K,
[11.122s]                  from [01m[K/home/nvidia/projects/ORB_SLAM3/Examples/ROS/ORB_SLAM3/src/../../../../include/Frame.h:33[m[K,
[11.122s]                  from [01m[K/home/nvidia/projects/ORB_SLAM3/Examples/ROS/ORB_SLAM3/src/../../../../include/KeyFrame.h:28[m[K,
[11.123s]                  from [01m[K/home/nvidia/projects/ORB_SLAM3/Examples/ROS/ORB_SLAM3/src/../../../../include/MapPoint.h:23[m[K,
[11.123s]                  from [01m[K/home/nvidia/projects/ORB_SLAM3/Examples/ROS/ORB_SLAM3/src/../../../../include/FrameDrawer.h:24[m[K,
[11.123s]                  from [01m[K/home/nvidia/projects/ORB_SLAM3/Examples/ROS/ORB_SLAM3/src/../../../../include/Viewer.h:23[m[K,
[11.123s]                  from [01m[K/home/nvidia/projects/ORB_SLAM3/Examples/ROS/ORB_SLAM3/src/../../../../include/Tracking.h:26[m[K,
[11.123s]                  from [01m[K/home/nvidia/projects/ORB_SLAM3/Examples/ROS/ORB_SLAM3/src/../../../../include/System.h:31[m[K,
[11.123s]                  from [01m[K/home/nvidia/projects/ORB_SLAM3/Examples/ROS/ORB_SLAM3/src/ros_mono.cc:17[m[K:
[11.123s] [01m[K/home/nvidia/projects/ORB_SLAM3/Examples/ROS/ORB_SLAM3/../../../Thirdparty/g2o/g2o/types/../core/base_binary_edge.h:60:80:[m[K [01;35m[Kwarning: [m[K‘[01m[KEigen::AlignedBit[m[K’ is deprecated [[01;35m[K-Wdeprecated-declarations[m[K]
[11.124s]    60 |       typedef Eigen::Map<Matrix<double, Dj, Di>, Matrix<double, Dj, Di>::[01;35m[KFlags & AlignedBit[m[K ? Aligned : Unaligned > HessianBlockTransposedType;
[11.124s]       |                                                                          [01;35m[K~~~~~~^~~~~~~~~~~~[m[K
[11.124s] In file included from [01m[K/usr/include/eigen3/Eigen/Core:363[m[K,
[11.124s]                  from [01m[K/usr/include/eigen3/Eigen/LU:11[m[K,
[11.124s]                  from [01m[K/home/nvidia/projects/ORB_SLAM3/Examples/ROS/ORB_SLAM3/../../../Thirdparty/Sophus/sophus/so2.hpp:12[m[K,
[11.124s]                  from [01m[K/home/nvidia/projects/ORB_SLAM3/Examples/ROS/ORB_SLAM3/../../../Thirdparty/Sophus/sophus/se2.hpp:7[m[K,
[11.124s]                  from [01m[K/home/nvidia/projects/ORB_SLAM3/Examples/ROS/ORB_SLAM3/../../../Thirdparty/Sophus/sophus/geometry.hpp:7[m[K,
[11.125s]                  from [01m[K/home/nvidia/projects/ORB_SLAM3/Examples/ROS/ORB_SLAM3/src/../../../../include/Frame.h:28[m[K,
[11.125s]                  from [01m[K/home/nvidia/projects/ORB_SLAM3/Examples/ROS/ORB_SLAM3/src/../../../../include/KeyFrame.h:28[m[K,
[11.125s]                  from [01m[K/home/nvidia/projects/ORB_SLAM3/Examples/ROS/ORB_SLAM3/src/../../../../include/MapPoint.h:23[m[K,
[11.125s]                  from [01m[K/home/nvidia/projects/ORB_SLAM3/Examples/ROS/ORB_SLAM3/src/../../../../include/FrameDrawer.h:24[m[K,
[11.125s]                  from [01m[K/home/nvidia/projects/ORB_SLAM3/Examples/ROS/ORB_SLAM3/src/../../../../include/Viewer.h:23[m[K,
[11.125s]                  from [01m[K/home/nvidia/projects/ORB_SLAM3/Examples/ROS/ORB_SLAM3/src/../../../../include/Tracking.h:26[m[K,
[11.125s]                  from [01m[K/home/nvidia/projects/ORB_SLAM3/Examples/ROS/ORB_SLAM3/src/../../../../include/System.h:31[m[K,
[11.126s]                  from [01m[K/home/nvidia/projects/ORB_SLAM3/Examples/ROS/ORB_SLAM3/src/ros_mono.cc:17[m[K:
[11.126s] [01m[K/usr/include/eigen3/Eigen/src/Core/util/Constants.h:162:37:[m[K [01;36m[Knote: [m[Kdeclared here
[11.126s]   162 | EIGEN_DEPRECATED const unsigned int [01;36m[KAlignedBit[m[K = 0x80;
[11.126s]       |                                     [01;36m[K^~~~~~~~~~[m[K
[11.207s] In file included from [01m[K/home/nvidia/projects/ORB_SLAM3/Examples/ROS/ORB_SLAM3/../../../Thirdparty/g2o/g2o/types/types_six_dof_expmap.h:38[m[K,
[11.208s]                  from [01m[K/home/nvidia/projects/ORB_SLAM3/Examples/ROS/ORB_SLAM3/src/../../../../include/Converter.h:26[m[K,
[11.208s]                  from [01m[K/home/nvidia/projects/ORB_SLAM3/Examples/ROS/ORB_SLAM3/src/../../../../include/Frame.h:33[m[K,
[11.208s]                  from [01m[K/home/nvidia/projects/ORB_SLAM3/Examples/ROS/ORB_SLAM3/src/../../../../include/KeyFrame.h:28[m[K,
[11.208s]                  from [01m[K/home/nvidia/projects/ORB_SLAM3/Examples/ROS/ORB_SLAM3/src/../../../../include/MapPoint.h:23[m[K,
[11.209s]                  from [01m[K/home/nvidia/projects/ORB_SLAM3/Examples/ROS/ORB_SLAM3/src/../../../../include/FrameDrawer.h:24[m[K,
[11.209s]                  from [01m[K/home/nvidia/projects/ORB_SLAM3/Examples/ROS/ORB_SLAM3/src/../../../../include/Viewer.h:23[m[K,
[11.209s]                  from [01m[K/home/nvidia/projects/ORB_SLAM3/Examples/ROS/ORB_SLAM3/src/../../../../include/Tracking.h:26[m[K,
[11.209s]                  from [01m[K/home/nvidia/projects/ORB_SLAM3/Examples/ROS/ORB_SLAM3/src/../../../../include/System.h:31[m[K,
[11.209s]                  from [01m[K/home/nvidia/projects/ORB_SLAM3/Examples/ROS/ORB_SLAM3/src/ros_mono.cc:17[m[K:
[11.209s] /home/nvidia/projects/ORB_SLAM3/Examples/ROS/ORB_SLAM3/../../../Thirdparty/g2o/g2o/types/../core/base_binary_edge.h: In instantiation of ‘[01m[Kclass g2o::BaseBinaryEdge<2, Eigen::Matrix<double, 2, 1>, g2o::VertexSBAPointXYZ, g2o::VertexSim3Expmap>[m[K’:
[11.210s] [01m[K/home/nvidia/projects/ORB_SLAM3/Examples/ROS/ORB_SLAM3/../../../Thirdparty/g2o/g2o/types/types_seven_dof_expmap.h:130:36:[m[K   required from here
[11.210s] [01m[K/home/nvidia/projects/ORB_SLAM3/Examples/ROS/ORB_SLAM3/../../../Thirdparty/g2o/g2o/types/../core/base_binary_edge.h:59:80:[m[K [01;35m[Kwarning: [m[K‘[01m[KEigen::AlignedBit[m[K’ is deprecated [[01;35m[K-Wdeprecated-declarations[m[K]
[11.210s]    59 |       typedef Eigen::Map<Matrix<double, Di, Dj>, Matrix<double, Di, Dj>::[01;35m[KFlags & AlignedBit[m[K ? Aligned : Unaligned > HessianBlockType;
[11.210s]       |                                                                          [01;35m[K~~~~~~^~~~~~~~~~~~[m[K
[11.210s] In file included from [01m[K/usr/include/eigen3/Eigen/Core:363[m[K,
[11.210s]                  from [01m[K/usr/include/eigen3/Eigen/LU:11[m[K,
[11.210s]                  from [01m[K/home/nvidia/projects/ORB_SLAM3/Examples/ROS/ORB_SLAM3/../../../Thirdparty/Sophus/sophus/so2.hpp:12[m[K,
[11.211s]                  from [01m[K/home/nvidia/projects/ORB_SLAM3/Examples/ROS/ORB_SLAM3/../../../Thirdparty/Sophus/sophus/se2.hpp:7[m[K,
[11.211s]                  from [01m[K/home/nvidia/projects/ORB_SLAM3/Examples/ROS/ORB_SLAM3/../../../Thirdparty/Sophus/sophus/geometry.hpp:7[m[K,
[11.211s]                  from [01m[K/home/nvidia/projects/ORB_SLAM3/Examples/ROS/ORB_SLAM3/src/../../../../include/Frame.h:28[m[K,
[11.211s]                  from [01m[K/home/nvidia/projects/ORB_SLAM3/Examples/ROS/ORB_SLAM3/src/../../../../include/KeyFrame.h:28[m[K,
[11.211s]                  from [01m[K/home/nvidia/projects/ORB_SLAM3/Examples/ROS/ORB_SLAM3/src/../../../../include/MapPoint.h:23[m[K,
[11.211s]                  from [01m[K/home/nvidia/projects/ORB_SLAM3/Examples/ROS/ORB_SLAM3/src/../../../../include/FrameDrawer.h:24[m[K,
[11.211s]                  from [01m[K/home/nvidia/projects/ORB_SLAM3/Examples/ROS/ORB_SLAM3/src/../../../../include/Viewer.h:23[m[K,
[11.211s]                  from [01m[K/home/nvidia/projects/ORB_SLAM3/Examples/ROS/ORB_SLAM3/src/../../../../include/Tracking.h:26[m[K,
[11.212s]                  from [01m[K/home/nvidia/projects/ORB_SLAM3/Examples/ROS/ORB_SLAM3/src/../../../../include/System.h:31[m[K,
[11.212s]                  from [01m[K/home/nvidia/projects/ORB_SLAM3/Examples/ROS/ORB_SLAM3/src/ros_mono.cc:17[m[K:
[11.212s] [01m[K/usr/include/eigen3/Eigen/src/Core/util/Constants.h:162:37:[m[K [01;36m[Knote: [m[Kdeclared here
[11.212s]   162 | EIGEN_DEPRECATED const unsigned int [01;36m[KAlignedBit[m[K = 0x80;
[11.212s]       |                                     [01;36m[K^~~~~~~~~~[m[K
[11.236s] In file included from [01m[K/home/nvidia/projects/ORB_SLAM3/Examples/ROS/ORB_SLAM3/../../../Thirdparty/g2o/g2o/types/types_six_dof_expmap.h:38[m[K,
[11.236s]                  from [01m[K/home/nvidia/projects/ORB_SLAM3/Examples/ROS/ORB_SLAM3/src/../../../../include/Converter.h:26[m[K,
[11.236s]                  from [01m[K/home/nvidia/projects/ORB_SLAM3/Examples/ROS/ORB_SLAM3/src/../../../../include/Frame.h:33[m[K,
[11.236s]                  from [01m[K/home/nvidia/projects/ORB_SLAM3/Examples/ROS/ORB_SLAM3/src/../../../../include/KeyFrame.h:28[m[K,
[11.236s]                  from [01m[K/home/nvidia/projects/ORB_SLAM3/Examples/ROS/ORB_SLAM3/src/../../../../include/MapPoint.h:23[m[K,
[11.237s]                  from [01m[K/home/nvidia/projects/ORB_SLAM3/Examples/ROS/ORB_SLAM3/src/../../../../include/FrameDrawer.h:24[m[K,
[11.237s]                  from [01m[K/home/nvidia/projects/ORB_SLAM3/Examples/ROS/ORB_SLAM3/src/../../../../include/Viewer.h:23[m[K,
[11.237s]                  from [01m[K/home/nvidia/projects/ORB_SLAM3/Examples/ROS/ORB_SLAM3/src/../../../../include/Tracking.h:26[m[K,
[11.237s]                  from [01m[K/home/nvidia/projects/ORB_SLAM3/Examples/ROS/ORB_SLAM3/src/../../../../include/System.h:31[m[K,
[11.237s]                  from [01m[K/home/nvidia/projects/ORB_SLAM3/Examples/ROS/ORB_SLAM3/src/ros_mono.cc:17[m[K:
[11.237s] [01m[K/home/nvidia/projects/ORB_SLAM3/Examples/ROS/ORB_SLAM3/../../../Thirdparty/g2o/g2o/types/../core/base_binary_edge.h:60:80:[m[K [01;35m[Kwarning: [m[K‘[01m[KEigen::AlignedBit[m[K’ is deprecated [[01;35m[K-Wdeprecated-declarations[m[K]
[11.238s]    60 |       typedef Eigen::Map<Matrix<double, Dj, Di>, Matrix<double, Dj, Di>::[01;35m[KFlags & AlignedBit[m[K ? Aligned : Unaligned > HessianBlockTransposedType;
[11.238s]       |                                                                          [01;35m[K~~~~~~^~~~~~~~~~~~[m[K
[11.238s] In file included from [01m[K/usr/include/eigen3/Eigen/Core:363[m[K,
[11.238s]                  from [01m[K/usr/include/eigen3/Eigen/LU:11[m[K,
[11.238s]                  from [01m[K/home/nvidia/projects/ORB_SLAM3/Examples/ROS/ORB_SLAM3/../../../Thirdparty/Sophus/sophus/so2.hpp:12[m[K,
[11.238s]                  from [01m[K/home/nvidia/projects/ORB_SLAM3/Examples/ROS/ORB_SLAM3/../../../Thirdparty/Sophus/sophus/se2.hpp:7[m[K,
[11.239s]                  from [01m[K/home/nvidia/projects/ORB_SLAM3/Examples/ROS/ORB_SLAM3/../../../Thirdparty/Sophus/sophus/geometry.hpp:7[m[K,
[11.239s]                  from [01m[K/home/nvidia/projects/ORB_SLAM3/Examples/ROS/ORB_SLAM3/src/../../../../include/Frame.h:28[m[K,
[11.239s]                  from [01m[K/home/nvidia/projects/ORB_SLAM3/Examples/ROS/ORB_SLAM3/src/../../../../include/KeyFrame.h:28[m[K,
[11.239s]                  from [01m[K/home/nvidia/projects/ORB_SLAM3/Examples/ROS/ORB_SLAM3/src/../../../../include/MapPoint.h:23[m[K,
[11.239s]                  from [01m[K/home/nvidia/projects/ORB_SLAM3/Examples/ROS/ORB_SLAM3/src/../../../../include/FrameDrawer.h:24[m[K,
[11.239s]                  from [01m[K/home/nvidia/projects/ORB_SLAM3/Examples/ROS/ORB_SLAM3/src/../../../../include/Viewer.h:23[m[K,
[11.239s]                  from [01m[K/home/nvidia/projects/ORB_SLAM3/Examples/ROS/ORB_SLAM3/src/../../../../include/Tracking.h:26[m[K,
[11.240s]                  from [01m[K/home/nvidia/projects/ORB_SLAM3/Examples/ROS/ORB_SLAM3/src/../../../../include/System.h:31[m[K,
[11.240s]                  from [01m[K/home/nvidia/projects/ORB_SLAM3/Examples/ROS/ORB_SLAM3/src/ros_mono.cc:17[m[K:
[11.240s] [01m[K/usr/include/eigen3/Eigen/src/Core/util/Constants.h:162:37:[m[K [01;36m[Knote: [m[Kdeclared here
[11.240s]   162 | EIGEN_DEPRECATED const unsigned int [01;36m[KAlignedBit[m[K = 0x80;
[11.240s]       |                                     [01;36m[K^~~~~~~~~~[m[K
[12.595s] In file included from [01m[K/home/nvidia/projects/ORB_SLAM3/Examples/ROS/ORB_SLAM3/src/../../../../include/Atlas.h:27[m[K,
[12.595s]                  from [01m[K/home/nvidia/projects/ORB_SLAM3/Examples/ROS/ORB_SLAM3/src/../../../../include/FrameDrawer.h:25[m[K,
[12.595s]                  from [01m[K/home/nvidia/projects/ORB_SLAM3/Examples/ROS/ORB_SLAM3/src/../../../../include/Viewer.h:23[m[K,
[12.595s]                  from [01m[K/home/nvidia/projects/ORB_SLAM3/Examples/ROS/ORB_SLAM3/src/../../../../include/Tracking.h:26[m[K,
[12.596s]                  from [01m[K/home/nvidia/projects/ORB_SLAM3/Examples/ROS/ORB_SLAM3/src/../../../../include/System.h:31[m[K,
[12.596s]                  from [01m[K/home/nvidia/projects/ORB_SLAM3/Examples/ROS/ORB_SLAM3/src/ros_mono.cc:17[m[K:
[12.596s] [01m[K/home/nvidia/projects/ORB_SLAM3/Examples/ROS/ORB_SLAM3/../../../include/CameraModels/KannalaBrandt8.h:[m[K In constructor ‘[01m[KORB_SLAM3::KannalaBrandt8::KannalaBrandt8(std::vector<float>)[m[K’:
[12.596s] [01m[K/home/nvidia/projects/ORB_SLAM3/Examples/ROS/ORB_SLAM3/../../../include/CameraModels/KannalaBrandt8.h:102:21:[m[K [01;35m[Kwarning: [m[K‘[01m[KORB_SLAM3::KannalaBrandt8::precision[m[K’ will be initialized after [[01;35m[K-Wreorder[m[K]
[12.596s]   102 |         const float [01;35m[Kprecision[m[K;
[12.596s]       |                     [01;35m[K^~~~~~~~~[m[K
[12.597s] [01m[K/home/nvidia/projects/ORB_SLAM3/Examples/ROS/ORB_SLAM3/../../../include/CameraModels/KannalaBrandt8.h:88:26:[m[K [01;35m[Kwarning: [m[K  ‘[01m[Kstd::vector<int> ORB_SLAM3::KannalaBrandt8::mvLappingArea[m[K’ [[01;35m[K-Wreorder[m[K]
[12.597s]    88 |         std::vector<int> [01;35m[KmvLappingArea[m[K;
[12.597s]       |                          [01;35m[K^~~~~~~~~~~~~[m[K
[12.597s] In file included from [01m[K/home/nvidia/projects/ORB_SLAM3/Examples/ROS/ORB_SLAM3/src/../../../../include/Atlas.h:27[m[K,
[12.598s]                  from [01m[K/home/nvidia/projects/ORB_SLAM3/Examples/ROS/ORB_SLAM3/src/../../../../include/FrameDrawer.h:25[m[K,
[12.598s]                  from [01m[K/home/nvidia/projects/ORB_SLAM3/Examples/ROS/ORB_SLAM3/src/../../../../include/Viewer.h:23[m[K,
[12.598s]                  from [01m[K/home/nvidia/projects/ORB_SLAM3/Examples/ROS/ORB_SLAM3/src/../../../../include/Tracking.h:26[m[K,
[12.598s]                  from [01m[K/home/nvidia/projects/ORB_SLAM3/Examples/ROS/ORB_SLAM3/src/../../../../include/System.h:31[m[K,
[12.598s]                  from [01m[K/home/nvidia/projects/ORB_SLAM3/Examples/ROS/ORB_SLAM3/src/ros_mono.cc:17[m[K:
[12.598s] [01m[K/home/nvidia/projects/ORB_SLAM3/Examples/ROS/ORB_SLAM3/../../../include/CameraModels/KannalaBrandt8.h:47:9:[m[K [01;35m[Kwarning: [m[K  when initialized here [[01;35m[K-Wreorder[m[K]
[12.599s]    47 |         [01;35m[KKannalaBrandt8[m[K(const std::vector<float> _vParameters) : GeometricCamera(_vParameters), precision(1e-6), mvLappingArea(2,0) ,tvr(nullptr) {
[12.599s]       |         [01;35m[K^~~~~~~~~~~~~~[m[K
[12.599s] In file included from [01m[K/home/nvidia/projects/ORB_SLAM3/Examples/ROS/ORB_SLAM3/src/../../../../include/Atlas.h:27[m[K,
[12.599s]                  from [01m[K/home/nvidia/projects/ORB_SLAM3/Examples/ROS/ORB_SLAM3/src/../../../../include/FrameDrawer.h:25[m[K,
[12.599s]                  from [01m[K/home/nvidia/projects/ORB_SLAM3/Examples/ROS/ORB_SLAM3/src/../../../../include/Viewer.h:23[m[K,
[12.599s]                  from [01m[K/home/nvidia/projects/ORB_SLAM3/Examples/ROS/ORB_SLAM3/src/../../../../include/Tracking.h:26[m[K,
[12.600s]                  from [01m[K/home/nvidia/projects/ORB_SLAM3/Examples/ROS/ORB_SLAM3/src/../../../../include/System.h:31[m[K,
[12.600s]                  from [01m[K/home/nvidia/projects/ORB_SLAM3/Examples/ROS/ORB_SLAM3/src/ros_mono.cc:17[m[K:
[12.600s] [01m[K/home/nvidia/projects/ORB_SLAM3/Examples/ROS/ORB_SLAM3/../../../include/CameraModels/KannalaBrandt8.h:[m[K In constructor ‘[01m[KORB_SLAM3::KannalaBrandt8::KannalaBrandt8(std::vector<float>, float)[m[K’:
[12.600s] [01m[K/home/nvidia/projects/ORB_SLAM3/Examples/ROS/ORB_SLAM3/../../../include/CameraModels/KannalaBrandt8.h:102:21:[m[K [01;35m[Kwarning: [m[K‘[01m[KORB_SLAM3::KannalaBrandt8::precision[m[K’ will be initialized after [[01;35m[K-Wreorder[m[K]
[12.600s]   102 |         const float [01;35m[Kprecision[m[K;
[12.600s]       |                     [01;35m[K^~~~~~~~~[m[K
[12.601s] [01m[K/home/nvidia/projects/ORB_SLAM3/Examples/ROS/ORB_SLAM3/../../../include/CameraModels/KannalaBrandt8.h:88:26:[m[K [01;35m[Kwarning: [m[K  ‘[01m[Kstd::vector<int> ORB_SLAM3::KannalaBrandt8::mvLappingArea[m[K’ [[01;35m[K-Wreorder[m[K]
[12.601s]    88 |         std::vector<int> [01;35m[KmvLappingArea[m[K;
[12.601s]       |                          [01;35m[K^~~~~~~~~~~~~[m[K
[12.602s] [01m[K/home/nvidia/projects/ORB_SLAM3/Examples/ROS/ORB_SLAM3/../../../include/CameraModels/KannalaBrandt8.h:53:9:[m[K [01;35m[Kwarning: [m[K  when initialized here [[01;35m[K-Wreorder[m[K]
[12.602s]    53 |         [01;35m[KKannalaBrandt8[m[K(const std::vector<float> _vParameters, const float _precision) : GeometricCamera(_vParameters),
[12.602s]       |         [01;35m[K^~~~~~~~~~~~~~[m[K
[12.603s] [01m[K/home/nvidia/projects/ORB_SLAM3/Examples/ROS/ORB_SLAM3/../../../include/CameraModels/KannalaBrandt8.h:[m[K In constructor ‘[01m[KORB_SLAM3::KannalaBrandt8::KannalaBrandt8(ORB_SLAM3::KannalaBrandt8*)[m[K’:
[12.603s] [01m[K/home/nvidia/projects/ORB_SLAM3/Examples/ROS/ORB_SLAM3/../../../include/CameraModels/KannalaBrandt8.h:102:21:[m[K [01;35m[Kwarning: [m[K‘[01m[KORB_SLAM3::KannalaBrandt8::precision[m[K’ will be initialized after [[01;35m[K-Wreorder[m[K]
[12.603s]   102 |         const float [01;35m[Kprecision[m[K;
[12.603s]       |                     [01;35m[K^~~~~~~~~[m[K
[12.603s] [01m[K/home/nvidia/projects/ORB_SLAM3/Examples/ROS/ORB_SLAM3/../../../include/CameraModels/KannalaBrandt8.h:88:26:[m[K [01;35m[Kwarning: [m[K  ‘[01m[Kstd::vector<int> ORB_SLAM3::KannalaBrandt8::mvLappingArea[m[K’ [[01;35m[K-Wreorder[m[K]
[12.603s]    88 |         std::vector<int> [01;35m[KmvLappingArea[m[K;
[12.603s]       |                          [01;35m[K^~~~~~~~~~~~~[m[K
[12.604s] [01m[K/home/nvidia/projects/ORB_SLAM3/Examples/ROS/ORB_SLAM3/../../../include/CameraModels/KannalaBrandt8.h:59:9:[m[K [01;35m[Kwarning: [m[K  when initialized here [[01;35m[K-Wreorder[m[K]
[12.604s]    59 |         [01;35m[KKannalaBrandt8[m[K(KannalaBrandt8* pKannala) : GeometricCamera(pKannala->mvParameters), precision(pKannala->precision), mvLappingArea(2,0) ,tvr(nullptr) {
[12.604s]       |         [01;35m[K^~~~~~~~~~~~~~[m[K
[36.616s] [100%] [32m[1mLinking CXX executable mono[0m
[37.611s] /usr/bin/ld: warning: libopencv_imgcodecs.so.4.2, needed by /opt/ros/foxy/lib/libcv_bridge.so, may conflict with libopencv_imgcodecs.so.4.5
[37.612s] /usr/bin/ld: warning: libopencv_imgproc.so.4.2, needed by /opt/ros/foxy/lib/libcv_bridge.so, may conflict with libopencv_imgproc.so.4.5
[37.612s] /usr/bin/ld: warning: libopencv_core.so.4.2, needed by /opt/ros/foxy/lib/libcv_bridge.so, may conflict with libopencv_core.so.4.5
[37.631s] [100%] Built target mono
[37.655s] Invoked command in '/home/nvidia/projects/ORB_SLAM3/Examples/ROS/ORB_SLAM3/build/orb_slam3_ros2' returned '0': CMAKE_PREFIX_PATH=${CMAKE_PREFIX_PATH}:/home/nvidia/projects/a2rl/install/data_logger_interface:/opt/ros/foxy /usr/bin/cmake --build /home/nvidia/projects/ORB_SLAM3/Examples/ROS/ORB_SLAM3/build/orb_slam3_ros2 -- -j8 -l8
[37.732s] Invoking command in '/home/nvidia/projects/ORB_SLAM3/Examples/ROS/ORB_SLAM3/build/orb_slam3_ros2': CMAKE_PREFIX_PATH=${CMAKE_PREFIX_PATH}:/home/nvidia/projects/a2rl/install/data_logger_interface:/opt/ros/foxy /usr/bin/cmake --install /home/nvidia/projects/ORB_SLAM3/Examples/ROS/ORB_SLAM3/build/orb_slam3_ros2
[37.748s] -- Install configuration: ""
[37.750s] -- Execute custom install script
[37.750s] -- Up-to-date symlink: /home/nvidia/projects/ORB_SLAM3/Examples/ROS/ORB_SLAM3/install/orb_slam3_ros2/lib/orb_slam3_ros2/mono_inertial
[37.751s] -- Up-to-date symlink: /home/nvidia/projects/ORB_SLAM3/Examples/ROS/ORB_SLAM3/install/orb_slam3_ros2/lib/orb_slam3_ros2/mono
[37.751s] -- Up-to-date symlink: /home/nvidia/projects/ORB_SLAM3/Examples/ROS/ORB_SLAM3/install/orb_slam3_ros2/share/ament_index/resource_index/package_run_dependencies/orb_slam3_ros2
[37.752s] -- Up-to-date symlink: /home/nvidia/projects/ORB_SLAM3/Examples/ROS/ORB_SLAM3/install/orb_slam3_ros2/share/ament_index/resource_index/parent_prefix_path/orb_slam3_ros2
[37.753s] -- Up-to-date symlink: /home/nvidia/projects/ORB_SLAM3/Examples/ROS/ORB_SLAM3/install/orb_slam3_ros2/share/orb_slam3_ros2/environment/ament_prefix_path.sh
[37.753s] -- Up-to-date symlink: /home/nvidia/projects/ORB_SLAM3/Examples/ROS/ORB_SLAM3/install/orb_slam3_ros2/share/orb_slam3_ros2/environment/ament_prefix_path.dsv
[37.754s] -- Up-to-date symlink: /home/nvidia/projects/ORB_SLAM3/Examples/ROS/ORB_SLAM3/install/orb_slam3_ros2/share/orb_slam3_ros2/environment/path.sh
[37.754s] -- Up-to-date symlink: /home/nvidia/projects/ORB_SLAM3/Examples/ROS/ORB_SLAM3/install/orb_slam3_ros2/share/orb_slam3_ros2/environment/path.dsv
[37.755s] -- Up-to-date symlink: /home/nvidia/projects/ORB_SLAM3/Examples/ROS/ORB_SLAM3/install/orb_slam3_ros2/share/orb_slam3_ros2/local_setup.bash
[37.755s] -- Up-to-date symlink: /home/nvidia/projects/ORB_SLAM3/Examples/ROS/ORB_SLAM3/install/orb_slam3_ros2/share/orb_slam3_ros2/local_setup.sh
[37.756s] -- Up-to-date symlink: /home/nvidia/projects/ORB_SLAM3/Examples/ROS/ORB_SLAM3/install/orb_slam3_ros2/share/orb_slam3_ros2/local_setup.zsh
[37.756s] -- Up-to-date symlink: /home/nvidia/projects/ORB_SLAM3/Examples/ROS/ORB_SLAM3/install/orb_slam3_ros2/share/orb_slam3_ros2/local_setup.dsv
[37.757s] -- Symlinking: /home/nvidia/projects/ORB_SLAM3/Examples/ROS/ORB_SLAM3/install/orb_slam3_ros2/share/orb_slam3_ros2/package.dsv
[37.777s] -- Up-to-date symlink: /home/nvidia/projects/ORB_SLAM3/Examples/ROS/ORB_SLAM3/install/orb_slam3_ros2/share/ament_index/resource_index/packages/orb_slam3_ros2
[37.778s] -- Up-to-date symlink: /home/nvidia/projects/ORB_SLAM3/Examples/ROS/ORB_SLAM3/install/orb_slam3_ros2/share/orb_slam3_ros2/cmake/orb_slam3_ros2Config.cmake
[37.778s] -- Up-to-date symlink: /home/nvidia/projects/ORB_SLAM3/Examples/ROS/ORB_SLAM3/install/orb_slam3_ros2/share/orb_slam3_ros2/cmake/orb_slam3_ros2Config-version.cmake
[37.778s] -- Up-to-date symlink: /home/nvidia/projects/ORB_SLAM3/Examples/ROS/ORB_SLAM3/install/orb_slam3_ros2/share/orb_slam3_ros2/package.xml
[37.784s] Invoked command in '/home/nvidia/projects/ORB_SLAM3/Examples/ROS/ORB_SLAM3/build/orb_slam3_ros2' returned '0': CMAKE_PREFIX_PATH=${CMAKE_PREFIX_PATH}:/home/nvidia/projects/a2rl/install/data_logger_interface:/opt/ros/foxy /usr/bin/cmake --install /home/nvidia/projects/ORB_SLAM3/Examples/ROS/ORB_SLAM3/build/orb_slam3_ros2
