-- Found ament_cmake: 0.9.12 (/opt/ros/foxy/share/ament_cmake/cmake)
-- Using PYTHON_EXECUTABLE: /usr/bin/python3
-- Override CMake install command with custom implementation using symlinks instead of copying resources
-- Found rclcpp: 2.4.3 (/opt/ros/foxy/share/rclcpp/cmake)
-- Using all available rosidl_typesupport_c: rosidl_typesupport_fastrtps_c;rosidl_typesupport_introspection_c
-- Found rosidl_adapter: 1.3.1 (/opt/ros/foxy/share/rosidl_adapter/cmake)
-- Using all available rosidl_typesupport_cpp: rosidl_typesupport_fastrtps_cpp;rosidl_typesupport_introspection_cpp
-- Found rmw_implementation_cmake: 1.0.4 (/opt/ros/foxy/share/rmw_implementation_cmake/cmake)
-- Using RMW implementation 'rmw_fastrtps_cpp' as default
-- Found sensor_msgs: 2.0.5 (/opt/ros/foxy/share/sensor_msgs/cmake)
-- Found image_transport: 2.4.0 (/opt/ros/foxy/share/image_transport/cmake)
-- Found cv_bridge: 3.0.7 (/opt/ros/foxy/share/cv_bridge/cmake)
-- Configuring done
-- Generating done
-- Build files have been written to: /home/nvidia/projects/ORB_SLAM3/Examples/ROS/ORB_SLAM3/build/orb_slam3_ros2
[35m[1mScanning dependencies of target mono[0m
[ 50%] Built target mono_inertial
[ 75%] [32mBuilding CXX object CMakeFiles/mono.dir/src/ros_mono.cc.o[0m
In file included from [01m[K/home/nvidia/projects/ORB_SLAM3/Examples/ROS/ORB_SLAM3/src/../../../../include/Frame.h:30[m[K,
                 from [01m[K/home/nvidia/projects/ORB_SLAM3/Examples/ROS/ORB_SLAM3/src/../../../../include/KeyFrame.h:28[m[K,
                 from [01m[K/home/nvidia/projects/ORB_SLAM3/Examples/ROS/ORB_SLAM3/src/../../../../include/MapPoint.h:23[m[K,
                 from [01m[K/home/nvidia/projects/ORB_SLAM3/Examples/ROS/ORB_SLAM3/src/../../../../include/FrameDrawer.h:24[m[K,
                 from [01m[K/home/nvidia/projects/ORB_SLAM3/Examples/ROS/ORB_SLAM3/src/../../../../include/Viewer.h:23[m[K,
                 from [01m[K/home/nvidia/projects/ORB_SLAM3/Examples/ROS/ORB_SLAM3/src/../../../../include/Tracking.h:26[m[K,
                 from [01m[K/home/nvidia/projects/ORB_SLAM3/Examples/ROS/ORB_SLAM3/src/../../../../include/System.h:31[m[K,
                 from [01m[K/home/nvidia/projects/ORB_SLAM3/Examples/ROS/ORB_SLAM3/src/ros_mono.cc:17[m[K:
[01m[K/home/nvidia/projects/ORB_SLAM3/Examples/ROS/ORB_SLAM3/src/../../../../include/ImuTypes.h:[m[K In member function ‘[01m[Kvoid ORB_SLAM3::IMU::Preintegrated::printMeasurements() const[m[K’:
[01m[K/home/nvidia/projects/ORB_SLAM3/Examples/ROS/ORB_SLAM3/src/../../../../include/ImuTypes.h:204:23:[m[K [01;35m[Kwarning: [m[Kcomparison of integer expressions of different signedness: ‘[01m[Kint[m[K’ and ‘[01m[Kstd::vector<ORB_SLAM3::IMU::Preintegrated::integrable>::size_type[m[K’ {aka ‘[01m[Klong unsigned int[m[K’} [[01;35m[K-Wsign-compare[m[K]
  204 |         for(int i=0; [01;35m[Ki<mvMeasurements.size()[m[K; i++){
      |                      [01;35m[K~^~~~~~~~~~~~~~~~~~~~~~[m[K
In file included from [01m[K/home/nvidia/projects/ORB_SLAM3/Examples/ROS/ORB_SLAM3/../../../Thirdparty/g2o/g2o/types/types_six_dof_expmap.h:37[m[K,
                 from [01m[K/home/nvidia/projects/ORB_SLAM3/Examples/ROS/ORB_SLAM3/src/../../../../include/Converter.h:26[m[K,
                 from [01m[K/home/nvidia/projects/ORB_SLAM3/Examples/ROS/ORB_SLAM3/src/../../../../include/Frame.h:33[m[K,
                 from [01m[K/home/nvidia/projects/ORB_SLAM3/Examples/ROS/ORB_SLAM3/src/../../../../include/KeyFrame.h:28[m[K,
                 from [01m[K/home/nvidia/projects/ORB_SLAM3/Examples/ROS/ORB_SLAM3/src/../../../../include/MapPoint.h:23[m[K,
                 from [01m[K/home/nvidia/projects/ORB_SLAM3/Examples/ROS/ORB_SLAM3/src/../../../../include/FrameDrawer.h:24[m[K,
                 from [01m[K/home/nvidia/projects/ORB_SLAM3/Examples/ROS/ORB_SLAM3/src/../../../../include/Viewer.h:23[m[K,
                 from [01m[K/home/nvidia/projects/ORB_SLAM3/Examples/ROS/ORB_SLAM3/src/../../../../include/Tracking.h:26[m[K,
                 from [01m[K/home/nvidia/projects/ORB_SLAM3/Examples/ROS/ORB_SLAM3/src/../../../../include/System.h:31[m[K,
                 from [01m[K/home/nvidia/projects/ORB_SLAM3/Examples/ROS/ORB_SLAM3/src/ros_mono.cc:17[m[K:
[01m[K/home/nvidia/projects/ORB_SLAM3/Examples/ROS/ORB_SLAM3/../../../Thirdparty/g2o/g2o/types/../core/base_vertex.h:[m[K At global scope:
[01m[K/home/nvidia/projects/ORB_SLAM3/Examples/ROS/ORB_SLAM3/../../../Thirdparty/g2o/g2o/types/../core/base_vertex.h:62:74:[m[K [01;35m[Kwarning: [m[K‘[01m[KEigen::AlignedBit[m[K’ is deprecated [[01;35m[K-Wdeprecated-declarations[m[K]
   62 |     typedef Eigen::Map<Matrix<double, D, D>, Matrix<double,D,D>::Flags & [01;35m[KAlignedBit[m[K ? Aligned : Unaligned >  HessianBlockType;
      |                                                                          [01;35m[K^~~~~~~~~~[m[K
In file included from [01m[K/usr/include/eigen3/Eigen/Core:363[m[K,
                 from [01m[K/usr/include/eigen3/Eigen/LU:11[m[K,
                 from [01m[K/home/nvidia/projects/ORB_SLAM3/Examples/ROS/ORB_SLAM3/../../../Thirdparty/Sophus/sophus/so2.hpp:12[m[K,
                 from [01m[K/home/nvidia/projects/ORB_SLAM3/Examples/ROS/ORB_SLAM3/../../../Thirdparty/Sophus/sophus/se2.hpp:7[m[K,
                 from [01m[K/home/nvidia/projects/ORB_SLAM3/Examples/ROS/ORB_SLAM3/../../../Thirdparty/Sophus/sophus/geometry.hpp:7[m[K,
                 from [01m[K/home/nvidia/projects/ORB_SLAM3/Examples/ROS/ORB_SLAM3/src/../../../../include/Frame.h:28[m[K,
                 from [01m[K/home/nvidia/projects/ORB_SLAM3/Examples/ROS/ORB_SLAM3/src/../../../../include/KeyFrame.h:28[m[K,
                 from [01m[K/home/nvidia/projects/ORB_SLAM3/Examples/ROS/ORB_SLAM3/src/../../../../include/MapPoint.h:23[m[K,
                 from [01m[K/home/nvidia/projects/ORB_SLAM3/Examples/ROS/ORB_SLAM3/src/../../../../include/FrameDrawer.h:24[m[K,
                 from [01m[K/home/nvidia/projects/ORB_SLAM3/Examples/ROS/ORB_SLAM3/src/../../../../include/Viewer.h:23[m[K,
                 from [01m[K/home/nvidia/projects/ORB_SLAM3/Examples/ROS/ORB_SLAM3/src/../../../../include/Tracking.h:26[m[K,
                 from [01m[K/home/nvidia/projects/ORB_SLAM3/Examples/ROS/ORB_SLAM3/src/../../../../include/System.h:31[m[K,
                 from [01m[K/home/nvidia/projects/ORB_SLAM3/Examples/ROS/ORB_SLAM3/src/ros_mono.cc:17[m[K:
[01m[K/usr/include/eigen3/Eigen/src/Core/util/Constants.h:162:37:[m[K [01;36m[Knote: [m[Kdeclared here
  162 | EIGEN_DEPRECATED const unsigned int [01;36m[KAlignedBit[m[K = 0x80;
      |                                     [01;36m[K^~~~~~~~~~[m[K
In file included from [01m[K/home/nvidia/projects/ORB_SLAM3/Examples/ROS/ORB_SLAM3/../../../Thirdparty/g2o/g2o/types/types_six_dof_expmap.h:38[m[K,
                 from [01m[K/home/nvidia/projects/ORB_SLAM3/Examples/ROS/ORB_SLAM3/src/../../../../include/Converter.h:26[m[K,
                 from [01m[K/home/nvidia/projects/ORB_SLAM3/Examples/ROS/ORB_SLAM3/src/../../../../include/Frame.h:33[m[K,
                 from [01m[K/home/nvidia/projects/ORB_SLAM3/Examples/ROS/ORB_SLAM3/src/../../../../include/KeyFrame.h:28[m[K,
                 from [01m[K/home/nvidia/projects/ORB_SLAM3/Examples/ROS/ORB_SLAM3/src/../../../../include/MapPoint.h:23[m[K,
                 from [01m[K/home/nvidia/projects/ORB_SLAM3/Examples/ROS/ORB_SLAM3/src/../../../../include/FrameDrawer.h:24[m[K,
                 from [01m[K/home/nvidia/projects/ORB_SLAM3/Examples/ROS/ORB_SLAM3/src/../../../../include/Viewer.h:23[m[K,
                 from [01m[K/home/nvidia/projects/ORB_SLAM3/Examples/ROS/ORB_SLAM3/src/../../../../include/Tracking.h:26[m[K,
                 from [01m[K/home/nvidia/projects/ORB_SLAM3/Examples/ROS/ORB_SLAM3/src/../../../../include/System.h:31[m[K,
                 from [01m[K/home/nvidia/projects/ORB_SLAM3/Examples/ROS/ORB_SLAM3/src/ros_mono.cc:17[m[K:
[01m[K/home/nvidia/projects/ORB_SLAM3/Examples/ROS/ORB_SLAM3/../../../Thirdparty/g2o/g2o/types/../core/base_binary_edge.h:59:82:[m[K [01;35m[Kwarning: [m[K‘[01m[KEigen::AlignedBit[m[K’ is deprecated [[01;35m[K-Wdeprecated-declarations[m[K]
   59 |       typedef Eigen::Map<Matrix<double, Di, Dj>, Matrix<double, Di, Dj>::Flags & [01;35m[KAlignedBit[m[K ? Aligned : Unaligned > HessianBlockType;
      |                                                                                  [01;35m[K^~~~~~~~~~[m[K
In file included from [01m[K/usr/include/eigen3/Eigen/Core:363[m[K,
                 from [01m[K/usr/include/eigen3/Eigen/LU:11[m[K,
                 from [01m[K/home/nvidia/projects/ORB_SLAM3/Examples/ROS/ORB_SLAM3/../../../Thirdparty/Sophus/sophus/so2.hpp:12[m[K,
                 from [01m[K/home/nvidia/projects/ORB_SLAM3/Examples/ROS/ORB_SLAM3/../../../Thirdparty/Sophus/sophus/se2.hpp:7[m[K,
                 from [01m[K/home/nvidia/projects/ORB_SLAM3/Examples/ROS/ORB_SLAM3/../../../Thirdparty/Sophus/sophus/geometry.hpp:7[m[K,
                 from [01m[K/home/nvidia/projects/ORB_SLAM3/Examples/ROS/ORB_SLAM3/src/../../../../include/Frame.h:28[m[K,
                 from [01m[K/home/nvidia/projects/ORB_SLAM3/Examples/ROS/ORB_SLAM3/src/../../../../include/KeyFrame.h:28[m[K,
                 from [01m[K/home/nvidia/projects/ORB_SLAM3/Examples/ROS/ORB_SLAM3/src/../../../../include/MapPoint.h:23[m[K,
                 from [01m[K/home/nvidia/projects/ORB_SLAM3/Examples/ROS/ORB_SLAM3/src/../../../../include/FrameDrawer.h:24[m[K,
                 from [01m[K/home/nvidia/projects/ORB_SLAM3/Examples/ROS/ORB_SLAM3/src/../../../../include/Viewer.h:23[m[K,
                 from [01m[K/home/nvidia/projects/ORB_SLAM3/Examples/ROS/ORB_SLAM3/src/../../../../include/Tracking.h:26[m[K,
                 from [01m[K/home/nvidia/projects/ORB_SLAM3/Examples/ROS/ORB_SLAM3/src/../../../../include/System.h:31[m[K,
                 from [01m[K/home/nvidia/projects/ORB_SLAM3/Examples/ROS/ORB_SLAM3/src/ros_mono.cc:17[m[K:
[01m[K/usr/include/eigen3/Eigen/src/Core/util/Constants.h:162:37:[m[K [01;36m[Knote: [m[Kdeclared here
  162 | EIGEN_DEPRECATED const unsigned int [01;36m[KAlignedBit[m[K = 0x80;
      |                                     [01;36m[K^~~~~~~~~~[m[K
In file included from [01m[K/home/nvidia/projects/ORB_SLAM3/Examples/ROS/ORB_SLAM3/../../../Thirdparty/g2o/g2o/types/types_six_dof_expmap.h:38[m[K,
                 from [01m[K/home/nvidia/projects/ORB_SLAM3/Examples/ROS/ORB_SLAM3/src/../../../../include/Converter.h:26[m[K,
                 from [01m[K/home/nvidia/projects/ORB_SLAM3/Examples/ROS/ORB_SLAM3/src/../../../../include/Frame.h:33[m[K,
                 from [01m[K/home/nvidia/projects/ORB_SLAM3/Examples/ROS/ORB_SLAM3/src/../../../../include/KeyFrame.h:28[m[K,
                 from [01m[K/home/nvidia/projects/ORB_SLAM3/Examples/ROS/ORB_SLAM3/src/../../../../include/MapPoint.h:23[m[K,
                 from [01m[K/home/nvidia/projects/ORB_SLAM3/Examples/ROS/ORB_SLAM3/src/../../../../include/FrameDrawer.h:24[m[K,
                 from [01m[K/home/nvidia/projects/ORB_SLAM3/Examples/ROS/ORB_SLAM3/src/../../../../include/Viewer.h:23[m[K,
                 from [01m[K/home/nvidia/projects/ORB_SLAM3/Examples/ROS/ORB_SLAM3/src/../../../../include/Tracking.h:26[m[K,
                 from [01m[K/home/nvidia/projects/ORB_SLAM3/Examples/ROS/ORB_SLAM3/src/../../../../include/System.h:31[m[K,
                 from [01m[K/home/nvidia/projects/ORB_SLAM3/Examples/ROS/ORB_SLAM3/src/ros_mono.cc:17[m[K:
[01m[K/home/nvidia/projects/ORB_SLAM3/Examples/ROS/ORB_SLAM3/../../../Thirdparty/g2o/g2o/types/../core/base_binary_edge.h:60:82:[m[K [01;35m[Kwarning: [m[K‘[01m[KEigen::AlignedBit[m[K’ is deprecated [[01;35m[K-Wdeprecated-declarations[m[K]
   60 |       typedef Eigen::Map<Matrix<double, Dj, Di>, Matrix<double, Dj, Di>::Flags & [01;35m[KAlignedBit[m[K ? Aligned : Unaligned > HessianBlockTransposedType;
      |                                                                                  [01;35m[K^~~~~~~~~~[m[K
In file included from [01m[K/usr/include/eigen3/Eigen/Core:363[m[K,
                 from [01m[K/usr/include/eigen3/Eigen/LU:11[m[K,
                 from [01m[K/home/nvidia/projects/ORB_SLAM3/Examples/ROS/ORB_SLAM3/../../../Thirdparty/Sophus/sophus/so2.hpp:12[m[K,
                 from [01m[K/home/nvidia/projects/ORB_SLAM3/Examples/ROS/ORB_SLAM3/../../../Thirdparty/Sophus/sophus/se2.hpp:7[m[K,
                 from [01m[K/home/nvidia/projects/ORB_SLAM3/Examples/ROS/ORB_SLAM3/../../../Thirdparty/Sophus/sophus/geometry.hpp:7[m[K,
                 from [01m[K/home/nvidia/projects/ORB_SLAM3/Examples/ROS/ORB_SLAM3/src/../../../../include/Frame.h:28[m[K,
                 from [01m[K/home/nvidia/projects/ORB_SLAM3/Examples/ROS/ORB_SLAM3/src/../../../../include/KeyFrame.h:28[m[K,
                 from [01m[K/home/nvidia/projects/ORB_SLAM3/Examples/ROS/ORB_SLAM3/src/../../../../include/MapPoint.h:23[m[K,
                 from [01m[K/home/nvidia/projects/ORB_SLAM3/Examples/ROS/ORB_SLAM3/src/../../../../include/FrameDrawer.h:24[m[K,
                 from [01m[K/home/nvidia/projects/ORB_SLAM3/Examples/ROS/ORB_SLAM3/src/../../../../include/Viewer.h:23[m[K,
                 from [01m[K/home/nvidia/projects/ORB_SLAM3/Examples/ROS/ORB_SLAM3/src/../../../../include/Tracking.h:26[m[K,
                 from [01m[K/home/nvidia/projects/ORB_SLAM3/Examples/ROS/ORB_SLAM3/src/../../../../include/System.h:31[m[K,
                 from [01m[K/home/nvidia/projects/ORB_SLAM3/Examples/ROS/ORB_SLAM3/src/ros_mono.cc:17[m[K:
[01m[K/usr/include/eigen3/Eigen/src/Core/util/Constants.h:162:37:[m[K [01;36m[Knote: [m[Kdeclared here
  162 | EIGEN_DEPRECATED const unsigned int [01;36m[KAlignedBit[m[K = 0x80;
      |                                     [01;36m[K^~~~~~~~~~[m[K
In file included from [01m[K/home/nvidia/projects/ORB_SLAM3/Examples/ROS/ORB_SLAM3/../../../Thirdparty/g2o/g2o/types/types_six_dof_expmap.h:37[m[K,
                 from [01m[K/home/nvidia/projects/ORB_SLAM3/Examples/ROS/ORB_SLAM3/src/../../../../include/Converter.h:26[m[K,
                 from [01m[K/home/nvidia/projects/ORB_SLAM3/Examples/ROS/ORB_SLAM3/src/../../../../include/Frame.h:33[m[K,
                 from [01m[K/home/nvidia/projects/ORB_SLAM3/Examples/ROS/ORB_SLAM3/src/../../../../include/KeyFrame.h:28[m[K,
                 from [01m[K/home/nvidia/projects/ORB_SLAM3/Examples/ROS/ORB_SLAM3/src/../../../../include/MapPoint.h:23[m[K,
                 from [01m[K/home/nvidia/projects/ORB_SLAM3/Examples/ROS/ORB_SLAM3/src/../../../../include/FrameDrawer.h:24[m[K,
                 from [01m[K/home/nvidia/projects/ORB_SLAM3/Examples/ROS/ORB_SLAM3/src/../../../../include/Viewer.h:23[m[K,
                 from [01m[K/home/nvidia/projects/ORB_SLAM3/Examples/ROS/ORB_SLAM3/src/../../../../include/Tracking.h:26[m[K,
                 from [01m[K/home/nvidia/projects/ORB_SLAM3/Examples/ROS/ORB_SLAM3/src/../../../../include/System.h:31[m[K,
                 from [01m[K/home/nvidia/projects/ORB_SLAM3/Examples/ROS/ORB_SLAM3/src/ros_mono.cc:17[m[K:
/home/nvidia/projects/ORB_SLAM3/Examples/ROS/ORB_SLAM3/../../../Thirdparty/g2o/g2o/types/../core/base_vertex.h: In instantiation of ‘[01m[Kclass g2o::BaseVertex<3, Eigen::Matrix<double, 3, 1> >[m[K’:
[01m[K/home/nvidia/projects/ORB_SLAM3/Examples/ROS/ORB_SLAM3/../../../Thirdparty/g2o/g2o/types/types_sba.h:40:35:[m[K   required from here
[01m[K/home/nvidia/projects/ORB_SLAM3/Examples/ROS/ORB_SLAM3/../../../Thirdparty/g2o/g2o/types/../core/base_vertex.h:62:72:[m[K [01;35m[Kwarning: [m[K‘[01m[KEigen::AlignedBit[m[K’ is deprecated [[01;35m[K-Wdeprecated-declarations[m[K]
   62 |     typedef Eigen::Map<Matrix<double, D, D>, Matrix<double,D,D>::[01;35m[KFlags & AlignedBit[m[K ? Aligned : Unaligned >  HessianBlockType;
      |                                                                  [01;35m[K~~~~~~^~~~~~~~~~~~[m[K
In file included from [01m[K/usr/include/eigen3/Eigen/Core:363[m[K,
                 from [01m[K/usr/include/eigen3/Eigen/LU:11[m[K,
                 from [01m[K/home/nvidia/projects/ORB_SLAM3/Examples/ROS/ORB_SLAM3/../../../Thirdparty/Sophus/sophus/so2.hpp:12[m[K,
                 from [01m[K/home/nvidia/projects/ORB_SLAM3/Examples/ROS/ORB_SLAM3/../../../Thirdparty/Sophus/sophus/se2.hpp:7[m[K,
                 from [01m[K/home/nvidia/projects/ORB_SLAM3/Examples/ROS/ORB_SLAM3/../../../Thirdparty/Sophus/sophus/geometry.hpp:7[m[K,
                 from [01m[K/home/nvidia/projects/ORB_SLAM3/Examples/ROS/ORB_SLAM3/src/../../../../include/Frame.h:28[m[K,
                 from [01m[K/home/nvidia/projects/ORB_SLAM3/Examples/ROS/ORB_SLAM3/src/../../../../include/KeyFrame.h:28[m[K,
                 from [01m[K/home/nvidia/projects/ORB_SLAM3/Examples/ROS/ORB_SLAM3/src/../../../../include/MapPoint.h:23[m[K,
                 from [01m[K/home/nvidia/projects/ORB_SLAM3/Examples/ROS/ORB_SLAM3/src/../../../../include/FrameDrawer.h:24[m[K,
                 from [01m[K/home/nvidia/projects/ORB_SLAM3/Examples/ROS/ORB_SLAM3/src/../../../../include/Viewer.h:23[m[K,
                 from [01m[K/home/nvidia/projects/ORB_SLAM3/Examples/ROS/ORB_SLAM3/src/../../../../include/Tracking.h:26[m[K,
                 from [01m[K/home/nvidia/projects/ORB_SLAM3/Examples/ROS/ORB_SLAM3/src/../../../../include/System.h:31[m[K,
                 from [01m[K/home/nvidia/projects/ORB_SLAM3/Examples/ROS/ORB_SLAM3/src/ros_mono.cc:17[m[K:
[01m[K/usr/include/eigen3/Eigen/src/Core/util/Constants.h:162:37:[m[K [01;36m[Knote: [m[Kdeclared here
  162 | EIGEN_DEPRECATED const unsigned int [01;36m[KAlignedBit[m[K = 0x80;
      |                                     [01;36m[K^~~~~~~~~~[m[K
In file included from [01m[K/home/nvidia/projects/ORB_SLAM3/Examples/ROS/ORB_SLAM3/../../../Thirdparty/g2o/g2o/types/types_six_dof_expmap.h:37[m[K,
                 from [01m[K/home/nvidia/projects/ORB_SLAM3/Examples/ROS/ORB_SLAM3/src/../../../../include/Converter.h:26[m[K,
                 from [01m[K/home/nvidia/projects/ORB_SLAM3/Examples/ROS/ORB_SLAM3/src/../../../../include/Frame.h:33[m[K,
                 from [01m[K/home/nvidia/projects/ORB_SLAM3/Examples/ROS/ORB_SLAM3/src/../../../../include/KeyFrame.h:28[m[K,
                 from [01m[K/home/nvidia/projects/ORB_SLAM3/Examples/ROS/ORB_SLAM3/src/../../../../include/MapPoint.h:23[m[K,
                 from [01m[K/home/nvidia/projects/ORB_SLAM3/Examples/ROS/ORB_SLAM3/src/../../../../include/FrameDrawer.h:24[m[K,
                 from [01m[K/home/nvidia/projects/ORB_SLAM3/Examples/ROS/ORB_SLAM3/src/../../../../include/Viewer.h:23[m[K,
                 from [01m[K/home/nvidia/projects/ORB_SLAM3/Examples/ROS/ORB_SLAM3/src/../../../../include/Tracking.h:26[m[K,
                 from [01m[K/home/nvidia/projects/ORB_SLAM3/Examples/ROS/ORB_SLAM3/src/../../../../include/System.h:31[m[K,
                 from [01m[K/home/nvidia/projects/ORB_SLAM3/Examples/ROS/ORB_SLAM3/src/ros_mono.cc:17[m[K:
/home/nvidia/projects/ORB_SLAM3/Examples/ROS/ORB_SLAM3/../../../Thirdparty/g2o/g2o/types/../core/base_vertex.h: In instantiation of ‘[01m[Kclass g2o::BaseVertex<6, g2o::SE3Quat>[m[K’:
[01m[K/home/nvidia/projects/ORB_SLAM3/Examples/ROS/ORB_SLAM3/../../../Thirdparty/g2o/g2o/types/types_six_dof_expmap.h:59:33:[m[K   required from here
[01m[K/home/nvidia/projects/ORB_SLAM3/Examples/ROS/ORB_SLAM3/../../../Thirdparty/g2o/g2o/types/../core/base_vertex.h:62:72:[m[K [01;35m[Kwarning: [m[K‘[01m[KEigen::AlignedBit[m[K’ is deprecated [[01;35m[K-Wdeprecated-declarations[m[K]
   62 |     typedef Eigen::Map<Matrix<double, D, D>, Matrix<double,D,D>::[01;35m[KFlags & AlignedBit[m[K ? Aligned : Unaligned >  HessianBlockType;
      |                                                                  [01;35m[K~~~~~~^~~~~~~~~~~~[m[K
In file included from [01m[K/usr/include/eigen3/Eigen/Core:363[m[K,
                 from [01m[K/usr/include/eigen3/Eigen/LU:11[m[K,
                 from [01m[K/home/nvidia/projects/ORB_SLAM3/Examples/ROS/ORB_SLAM3/../../../Thirdparty/Sophus/sophus/so2.hpp:12[m[K,
                 from [01m[K/home/nvidia/projects/ORB_SLAM3/Examples/ROS/ORB_SLAM3/../../../Thirdparty/Sophus/sophus/se2.hpp:7[m[K,
                 from [01m[K/home/nvidia/projects/ORB_SLAM3/Examples/ROS/ORB_SLAM3/../../../Thirdparty/Sophus/sophus/geometry.hpp:7[m[K,
                 from [01m[K/home/nvidia/projects/ORB_SLAM3/Examples/ROS/ORB_SLAM3/src/../../../../include/Frame.h:28[m[K,
                 from [01m[K/home/nvidia/projects/ORB_SLAM3/Examples/ROS/ORB_SLAM3/src/../../../../include/KeyFrame.h:28[m[K,
                 from [01m[K/home/nvidia/projects/ORB_SLAM3/Examples/ROS/ORB_SLAM3/src/../../../../include/MapPoint.h:23[m[K,
                 from [01m[K/home/nvidia/projects/ORB_SLAM3/Examples/ROS/ORB_SLAM3/src/../../../../include/FrameDrawer.h:24[m[K,
                 from [01m[K/home/nvidia/projects/ORB_SLAM3/Examples/ROS/ORB_SLAM3/src/../../../../include/Viewer.h:23[m[K,
                 from [01m[K/home/nvidia/projects/ORB_SLAM3/Examples/ROS/ORB_SLAM3/src/../../../../include/Tracking.h:26[m[K,
                 from [01m[K/home/nvidia/projects/ORB_SLAM3/Examples/ROS/ORB_SLAM3/src/../../../../include/System.h:31[m[K,
                 from [01m[K/home/nvidia/projects/ORB_SLAM3/Examples/ROS/ORB_SLAM3/src/ros_mono.cc:17[m[K:
[01m[K/usr/include/eigen3/Eigen/src/Core/util/Constants.h:162:37:[m[K [01;36m[Knote: [m[Kdeclared here
  162 | EIGEN_DEPRECATED const unsigned int [01;36m[KAlignedBit[m[K = 0x80;
      |                                     [01;36m[K^~~~~~~~~~[m[K
In file included from [01m[K/home/nvidia/projects/ORB_SLAM3/Examples/ROS/ORB_SLAM3/../../../Thirdparty/g2o/g2o/types/types_six_dof_expmap.h:38[m[K,
                 from [01m[K/home/nvidia/projects/ORB_SLAM3/Examples/ROS/ORB_SLAM3/src/../../../../include/Converter.h:26[m[K,
                 from [01m[K/home/nvidia/projects/ORB_SLAM3/Examples/ROS/ORB_SLAM3/src/../../../../include/Frame.h:33[m[K,
                 from [01m[K/home/nvidia/projects/ORB_SLAM3/Examples/ROS/ORB_SLAM3/src/../../../../include/KeyFrame.h:28[m[K,
                 from [01m[K/home/nvidia/projects/ORB_SLAM3/Examples/ROS/ORB_SLAM3/src/../../../../include/MapPoint.h:23[m[K,
                 from [01m[K/home/nvidia/projects/ORB_SLAM3/Examples/ROS/ORB_SLAM3/src/../../../../include/FrameDrawer.h:24[m[K,
                 from [01m[K/home/nvidia/projects/ORB_SLAM3/Examples/ROS/ORB_SLAM3/src/../../../../include/Viewer.h:23[m[K,
                 from [01m[K/home/nvidia/projects/ORB_SLAM3/Examples/ROS/ORB_SLAM3/src/../../../../include/Tracking.h:26[m[K,
                 from [01m[K/home/nvidia/projects/ORB_SLAM3/Examples/ROS/ORB_SLAM3/src/../../../../include/System.h:31[m[K,
                 from [01m[K/home/nvidia/projects/ORB_SLAM3/Examples/ROS/ORB_SLAM3/src/ros_mono.cc:17[m[K:
/home/nvidia/projects/ORB_SLAM3/Examples/ROS/ORB_SLAM3/../../../Thirdparty/g2o/g2o/types/../core/base_binary_edge.h: In instantiation of ‘[01m[Kclass g2o::BaseBinaryEdge<6, g2o::SE3Quat, g2o::VertexSE3Expmap, g2o::VertexSE3Expmap>[m[K’:
[01m[K/home/nvidia/projects/ORB_SLAM3/Examples/ROS/ORB_SLAM3/../../../Thirdparty/g2o/g2o/types/types_six_dof_expmap.h:83:24:[m[K   required from here
[01m[K/home/nvidia/projects/ORB_SLAM3/Examples/ROS/ORB_SLAM3/../../../Thirdparty/g2o/g2o/types/../core/base_binary_edge.h:59:80:[m[K [01;35m[Kwarning: [m[K‘[01m[KEigen::AlignedBit[m[K’ is deprecated [[01;35m[K-Wdeprecated-declarations[m[K]
   59 |       typedef Eigen::Map<Matrix<double, Di, Dj>, Matrix<double, Di, Dj>::[01;35m[KFlags & AlignedBit[m[K ? Aligned : Unaligned > HessianBlockType;
      |                                                                          [01;35m[K~~~~~~^~~~~~~~~~~~[m[K
In file included from [01m[K/usr/include/eigen3/Eigen/Core:363[m[K,
                 from [01m[K/usr/include/eigen3/Eigen/LU:11[m[K,
                 from [01m[K/home/nvidia/projects/ORB_SLAM3/Examples/ROS/ORB_SLAM3/../../../Thirdparty/Sophus/sophus/so2.hpp:12[m[K,
                 from [01m[K/home/nvidia/projects/ORB_SLAM3/Examples/ROS/ORB_SLAM3/../../../Thirdparty/Sophus/sophus/se2.hpp:7[m[K,
                 from [01m[K/home/nvidia/projects/ORB_SLAM3/Examples/ROS/ORB_SLAM3/../../../Thirdparty/Sophus/sophus/geometry.hpp:7[m[K,
                 from [01m[K/home/nvidia/projects/ORB_SLAM3/Examples/ROS/ORB_SLAM3/src/../../../../include/Frame.h:28[m[K,
                 from [01m[K/home/nvidia/projects/ORB_SLAM3/Examples/ROS/ORB_SLAM3/src/../../../../include/KeyFrame.h:28[m[K,
                 from [01m[K/home/nvidia/projects/ORB_SLAM3/Examples/ROS/ORB_SLAM3/src/../../../../include/MapPoint.h:23[m[K,
                 from [01m[K/home/nvidia/projects/ORB_SLAM3/Examples/ROS/ORB_SLAM3/src/../../../../include/FrameDrawer.h:24[m[K,
                 from [01m[K/home/nvidia/projects/ORB_SLAM3/Examples/ROS/ORB_SLAM3/src/../../../../include/Viewer.h:23[m[K,
                 from [01m[K/home/nvidia/projects/ORB_SLAM3/Examples/ROS/ORB_SLAM3/src/../../../../include/Tracking.h:26[m[K,
                 from [01m[K/home/nvidia/projects/ORB_SLAM3/Examples/ROS/ORB_SLAM3/src/../../../../include/System.h:31[m[K,
                 from [01m[K/home/nvidia/projects/ORB_SLAM3/Examples/ROS/ORB_SLAM3/src/ros_mono.cc:17[m[K:
[01m[K/usr/include/eigen3/Eigen/src/Core/util/Constants.h:162:37:[m[K [01;36m[Knote: [m[Kdeclared here
  162 | EIGEN_DEPRECATED const unsigned int [01;36m[KAlignedBit[m[K = 0x80;
      |                                     [01;36m[K^~~~~~~~~~[m[K
In file included from [01m[K/home/nvidia/projects/ORB_SLAM3/Examples/ROS/ORB_SLAM3/../../../Thirdparty/g2o/g2o/types/types_six_dof_expmap.h:38[m[K,
                 from [01m[K/home/nvidia/projects/ORB_SLAM3/Examples/ROS/ORB_SLAM3/src/../../../../include/Converter.h:26[m[K,
                 from [01m[K/home/nvidia/projects/ORB_SLAM3/Examples/ROS/ORB_SLAM3/src/../../../../include/Frame.h:33[m[K,
                 from [01m[K/home/nvidia/projects/ORB_SLAM3/Examples/ROS/ORB_SLAM3/src/../../../../include/KeyFrame.h:28[m[K,
                 from [01m[K/home/nvidia/projects/ORB_SLAM3/Examples/ROS/ORB_SLAM3/src/../../../../include/MapPoint.h:23[m[K,
                 from [01m[K/home/nvidia/projects/ORB_SLAM3/Examples/ROS/ORB_SLAM3/src/../../../../include/FrameDrawer.h:24[m[K,
                 from [01m[K/home/nvidia/projects/ORB_SLAM3/Examples/ROS/ORB_SLAM3/src/../../../../include/Viewer.h:23[m[K,
                 from [01m[K/home/nvidia/projects/ORB_SLAM3/Examples/ROS/ORB_SLAM3/src/../../../../include/Tracking.h:26[m[K,
                 from [01m[K/home/nvidia/projects/ORB_SLAM3/Examples/ROS/ORB_SLAM3/src/../../../../include/System.h:31[m[K,
                 from [01m[K/home/nvidia/projects/ORB_SLAM3/Examples/ROS/ORB_SLAM3/src/ros_mono.cc:17[m[K:
[01m[K/home/nvidia/projects/ORB_SLAM3/Examples/ROS/ORB_SLAM3/../../../Thirdparty/g2o/g2o/types/../core/base_binary_edge.h:60:80:[m[K [01;35m[Kwarning: [m[K‘[01m[KEigen::AlignedBit[m[K’ is deprecated [[01;35m[K-Wdeprecated-declarations[m[K]
   60 |       typedef Eigen::Map<Matrix<double, Dj, Di>, Matrix<double, Dj, Di>::[01;35m[KFlags & AlignedBit[m[K ? Aligned : Unaligned > HessianBlockTransposedType;
      |                                                                          [01;35m[K~~~~~~^~~~~~~~~~~~[m[K
In file included from [01m[K/usr/include/eigen3/Eigen/Core:363[m[K,
                 from [01m[K/usr/include/eigen3/Eigen/LU:11[m[K,
                 from [01m[K/home/nvidia/projects/ORB_SLAM3/Examples/ROS/ORB_SLAM3/../../../Thirdparty/Sophus/sophus/so2.hpp:12[m[K,
                 from [01m[K/home/nvidia/projects/ORB_SLAM3/Examples/ROS/ORB_SLAM3/../../../Thirdparty/Sophus/sophus/se2.hpp:7[m[K,
                 from [01m[K/home/nvidia/projects/ORB_SLAM3/Examples/ROS/ORB_SLAM3/../../../Thirdparty/Sophus/sophus/geometry.hpp:7[m[K,
                 from [01m[K/home/nvidia/projects/ORB_SLAM3/Examples/ROS/ORB_SLAM3/src/../../../../include/Frame.h:28[m[K,
                 from [01m[K/home/nvidia/projects/ORB_SLAM3/Examples/ROS/ORB_SLAM3/src/../../../../include/KeyFrame.h:28[m[K,
                 from [01m[K/home/nvidia/projects/ORB_SLAM3/Examples/ROS/ORB_SLAM3/src/../../../../include/MapPoint.h:23[m[K,
                 from [01m[K/home/nvidia/projects/ORB_SLAM3/Examples/ROS/ORB_SLAM3/src/../../../../include/FrameDrawer.h:24[m[K,
                 from [01m[K/home/nvidia/projects/ORB_SLAM3/Examples/ROS/ORB_SLAM3/src/../../../../include/Viewer.h:23[m[K,
                 from [01m[K/home/nvidia/projects/ORB_SLAM3/Examples/ROS/ORB_SLAM3/src/../../../../include/Tracking.h:26[m[K,
                 from [01m[K/home/nvidia/projects/ORB_SLAM3/Examples/ROS/ORB_SLAM3/src/../../../../include/System.h:31[m[K,
                 from [01m[K/home/nvidia/projects/ORB_SLAM3/Examples/ROS/ORB_SLAM3/src/ros_mono.cc:17[m[K:
[01m[K/usr/include/eigen3/Eigen/src/Core/util/Constants.h:162:37:[m[K [01;36m[Knote: [m[Kdeclared here
  162 | EIGEN_DEPRECATED const unsigned int [01;36m[KAlignedBit[m[K = 0x80;
      |                                     [01;36m[K^~~~~~~~~~[m[K
In file included from [01m[K/home/nvidia/projects/ORB_SLAM3/Examples/ROS/ORB_SLAM3/../../../Thirdparty/g2o/g2o/types/types_six_dof_expmap.h:38[m[K,
                 from [01m[K/home/nvidia/projects/ORB_SLAM3/Examples/ROS/ORB_SLAM3/src/../../../../include/Converter.h:26[m[K,
                 from [01m[K/home/nvidia/projects/ORB_SLAM3/Examples/ROS/ORB_SLAM3/src/../../../../include/Frame.h:33[m[K,
                 from [01m[K/home/nvidia/projects/ORB_SLAM3/Examples/ROS/ORB_SLAM3/src/../../../../include/KeyFrame.h:28[m[K,
                 from [01m[K/home/nvidia/projects/ORB_SLAM3/Examples/ROS/ORB_SLAM3/src/../../../../include/MapPoint.h:23[m[K,
                 from [01m[K/home/nvidia/projects/ORB_SLAM3/Examples/ROS/ORB_SLAM3/src/../../../../include/FrameDrawer.h:24[m[K,
                 from [01m[K/home/nvidia/projects/ORB_SLAM3/Examples/ROS/ORB_SLAM3/src/../../../../include/Viewer.h:23[m[K,
                 from [01m[K/home/nvidia/projects/ORB_SLAM3/Examples/ROS/ORB_SLAM3/src/../../../../include/Tracking.h:26[m[K,
                 from [01m[K/home/nvidia/projects/ORB_SLAM3/Examples/ROS/ORB_SLAM3/src/../../../../include/System.h:31[m[K,
                 from [01m[K/home/nvidia/projects/ORB_SLAM3/Examples/ROS/ORB_SLAM3/src/ros_mono.cc:17[m[K:
/home/nvidia/projects/ORB_SLAM3/Examples/ROS/ORB_SLAM3/../../../Thirdparty/g2o/g2o/types/../core/base_binary_edge.h: In instantiation of ‘[01m[Kclass g2o::BaseBinaryEdge<2, Eigen::Matrix<double, 2, 1>, g2o::VertexSBAPointXYZ, g2o::VertexSE3Expmap>[m[K’:
[01m[K/home/nvidia/projects/ORB_SLAM3/Examples/ROS/ORB_SLAM3/../../../Thirdparty/g2o/g2o/types/types_six_dof_expmap.h:114:35:[m[K   required from here
[01m[K/home/nvidia/projects/ORB_SLAM3/Examples/ROS/ORB_SLAM3/../../../Thirdparty/g2o/g2o/types/../core/base_binary_edge.h:59:80:[m[K [01;35m[Kwarning: [m[K‘[01m[KEigen::AlignedBit[m[K’ is deprecated [[01;35m[K-Wdeprecated-declarations[m[K]
   59 |       typedef Eigen::Map<Matrix<double, Di, Dj>, Matrix<double, Di, Dj>::[01;35m[KFlags & AlignedBit[m[K ? Aligned : Unaligned > HessianBlockType;
      |                                                                          [01;35m[K~~~~~~^~~~~~~~~~~~[m[K
In file included from [01m[K/usr/include/eigen3/Eigen/Core:363[m[K,
                 from [01m[K/usr/include/eigen3/Eigen/LU:11[m[K,
                 from [01m[K/home/nvidia/projects/ORB_SLAM3/Examples/ROS/ORB_SLAM3/../../../Thirdparty/Sophus/sophus/so2.hpp:12[m[K,
                 from [01m[K/home/nvidia/projects/ORB_SLAM3/Examples/ROS/ORB_SLAM3/../../../Thirdparty/Sophus/sophus/se2.hpp:7[m[K,
                 from [01m[K/home/nvidia/projects/ORB_SLAM3/Examples/ROS/ORB_SLAM3/../../../Thirdparty/Sophus/sophus/geometry.hpp:7[m[K,
                 from [01m[K/home/nvidia/projects/ORB_SLAM3/Examples/ROS/ORB_SLAM3/src/../../../../include/Frame.h:28[m[K,
                 from [01m[K/home/nvidia/projects/ORB_SLAM3/Examples/ROS/ORB_SLAM3/src/../../../../include/KeyFrame.h:28[m[K,
                 from [01m[K/home/nvidia/projects/ORB_SLAM3/Examples/ROS/ORB_SLAM3/src/../../../../include/MapPoint.h:23[m[K,
                 from [01m[K/home/nvidia/projects/ORB_SLAM3/Examples/ROS/ORB_SLAM3/src/../../../../include/FrameDrawer.h:24[m[K,
                 from [01m[K/home/nvidia/projects/ORB_SLAM3/Examples/ROS/ORB_SLAM3/src/../../../../include/Viewer.h:23[m[K,
                 from [01m[K/home/nvidia/projects/ORB_SLAM3/Examples/ROS/ORB_SLAM3/src/../../../../include/Tracking.h:26[m[K,
                 from [01m[K/home/nvidia/projects/ORB_SLAM3/Examples/ROS/ORB_SLAM3/src/../../../../include/System.h:31[m[K,
                 from [01m[K/home/nvidia/projects/ORB_SLAM3/Examples/ROS/ORB_SLAM3/src/ros_mono.cc:17[m[K:
[01m[K/usr/include/eigen3/Eigen/src/Core/util/Constants.h:162:37:[m[K [01;36m[Knote: [m[Kdeclared here
  162 | EIGEN_DEPRECATED const unsigned int [01;36m[KAlignedBit[m[K = 0x80;
      |                                     [01;36m[K^~~~~~~~~~[m[K
In file included from [01m[K/home/nvidia/projects/ORB_SLAM3/Examples/ROS/ORB_SLAM3/../../../Thirdparty/g2o/g2o/types/types_six_dof_expmap.h:38[m[K,
                 from [01m[K/home/nvidia/projects/ORB_SLAM3/Examples/ROS/ORB_SLAM3/src/../../../../include/Converter.h:26[m[K,
                 from [01m[K/home/nvidia/projects/ORB_SLAM3/Examples/ROS/ORB_SLAM3/src/../../../../include/Frame.h:33[m[K,
                 from [01m[K/home/nvidia/projects/ORB_SLAM3/Examples/ROS/ORB_SLAM3/src/../../../../include/KeyFrame.h:28[m[K,
                 from [01m[K/home/nvidia/projects/ORB_SLAM3/Examples/ROS/ORB_SLAM3/src/../../../../include/MapPoint.h:23[m[K,
                 from [01m[K/home/nvidia/projects/ORB_SLAM3/Examples/ROS/ORB_SLAM3/src/../../../../include/FrameDrawer.h:24[m[K,
                 from [01m[K/home/nvidia/projects/ORB_SLAM3/Examples/ROS/ORB_SLAM3/src/../../../../include/Viewer.h:23[m[K,
                 from [01m[K/home/nvidia/projects/ORB_SLAM3/Examples/ROS/ORB_SLAM3/src/../../../../include/Tracking.h:26[m[K,
                 from [01m[K/home/nvidia/projects/ORB_SLAM3/Examples/ROS/ORB_SLAM3/src/../../../../include/System.h:31[m[K,
                 from [01m[K/home/nvidia/projects/ORB_SLAM3/Examples/ROS/ORB_SLAM3/src/ros_mono.cc:17[m[K:
[01m[K/home/nvidia/projects/ORB_SLAM3/Examples/ROS/ORB_SLAM3/../../../Thirdparty/g2o/g2o/types/../core/base_binary_edge.h:60:80:[m[K [01;35m[Kwarning: [m[K‘[01m[KEigen::AlignedBit[m[K’ is deprecated [[01;35m[K-Wdeprecated-declarations[m[K]
   60 |       typedef Eigen::Map<Matrix<double, Dj, Di>, Matrix<double, Dj, Di>::[01;35m[KFlags & AlignedBit[m[K ? Aligned : Unaligned > HessianBlockTransposedType;
      |                                                                          [01;35m[K~~~~~~^~~~~~~~~~~~[m[K
In file included from [01m[K/usr/include/eigen3/Eigen/Core:363[m[K,
                 from [01m[K/usr/include/eigen3/Eigen/LU:11[m[K,
                 from [01m[K/home/nvidia/projects/ORB_SLAM3/Examples/ROS/ORB_SLAM3/../../../Thirdparty/Sophus/sophus/so2.hpp:12[m[K,
                 from [01m[K/home/nvidia/projects/ORB_SLAM3/Examples/ROS/ORB_SLAM3/../../../Thirdparty/Sophus/sophus/se2.hpp:7[m[K,
                 from [01m[K/home/nvidia/projects/ORB_SLAM3/Examples/ROS/ORB_SLAM3/../../../Thirdparty/Sophus/sophus/geometry.hpp:7[m[K,
                 from [01m[K/home/nvidia/projects/ORB_SLAM3/Examples/ROS/ORB_SLAM3/src/../../../../include/Frame.h:28[m[K,
                 from [01m[K/home/nvidia/projects/ORB_SLAM3/Examples/ROS/ORB_SLAM3/src/../../../../include/KeyFrame.h:28[m[K,
                 from [01m[K/home/nvidia/projects/ORB_SLAM3/Examples/ROS/ORB_SLAM3/src/../../../../include/MapPoint.h:23[m[K,
                 from [01m[K/home/nvidia/projects/ORB_SLAM3/Examples/ROS/ORB_SLAM3/src/../../../../include/FrameDrawer.h:24[m[K,
                 from [01m[K/home/nvidia/projects/ORB_SLAM3/Examples/ROS/ORB_SLAM3/src/../../../../include/Viewer.h:23[m[K,
                 from [01m[K/home/nvidia/projects/ORB_SLAM3/Examples/ROS/ORB_SLAM3/src/../../../../include/Tracking.h:26[m[K,
                 from [01m[K/home/nvidia/projects/ORB_SLAM3/Examples/ROS/ORB_SLAM3/src/../../../../include/System.h:31[m[K,
                 from [01m[K/home/nvidia/projects/ORB_SLAM3/Examples/ROS/ORB_SLAM3/src/ros_mono.cc:17[m[K:
[01m[K/usr/include/eigen3/Eigen/src/Core/util/Constants.h:162:37:[m[K [01;36m[Knote: [m[Kdeclared here
  162 | EIGEN_DEPRECATED const unsigned int [01;36m[KAlignedBit[m[K = 0x80;
      |                                     [01;36m[K^~~~~~~~~~[m[K
In file included from [01m[K/home/nvidia/projects/ORB_SLAM3/Examples/ROS/ORB_SLAM3/../../../Thirdparty/g2o/g2o/types/types_six_dof_expmap.h:38[m[K,
                 from [01m[K/home/nvidia/projects/ORB_SLAM3/Examples/ROS/ORB_SLAM3/src/../../../../include/Converter.h:26[m[K,
                 from [01m[K/home/nvidia/projects/ORB_SLAM3/Examples/ROS/ORB_SLAM3/src/../../../../include/Frame.h:33[m[K,
                 from [01m[K/home/nvidia/projects/ORB_SLAM3/Examples/ROS/ORB_SLAM3/src/../../../../include/KeyFrame.h:28[m[K,
                 from [01m[K/home/nvidia/projects/ORB_SLAM3/Examples/ROS/ORB_SLAM3/src/../../../../include/MapPoint.h:23[m[K,
                 from [01m[K/home/nvidia/projects/ORB_SLAM3/Examples/ROS/ORB_SLAM3/src/../../../../include/FrameDrawer.h:24[m[K,
                 from [01m[K/home/nvidia/projects/ORB_SLAM3/Examples/ROS/ORB_SLAM3/src/../../../../include/Viewer.h:23[m[K,
                 from [01m[K/home/nvidia/projects/ORB_SLAM3/Examples/ROS/ORB_SLAM3/src/../../../../include/Tracking.h:26[m[K,
                 from [01m[K/home/nvidia/projects/ORB_SLAM3/Examples/ROS/ORB_SLAM3/src/../../../../include/System.h:31[m[K,
                 from [01m[K/home/nvidia/projects/ORB_SLAM3/Examples/ROS/ORB_SLAM3/src/ros_mono.cc:17[m[K:
/home/nvidia/projects/ORB_SLAM3/Examples/ROS/ORB_SLAM3/../../../Thirdparty/g2o/g2o/types/../core/base_binary_edge.h: In instantiation of ‘[01m[Kclass g2o::BaseBinaryEdge<3, Eigen::Matrix<double, 3, 1>, g2o::VertexSBAPointXYZ, g2o::VertexSE3Expmap>[m[K’:
[01m[K/home/nvidia/projects/ORB_SLAM3/Examples/ROS/ORB_SLAM3/../../../Thirdparty/g2o/g2o/types/types_six_dof_expmap.h:146:41:[m[K   required from here
[01m[K/home/nvidia/projects/ORB_SLAM3/Examples/ROS/ORB_SLAM3/../../../Thirdparty/g2o/g2o/types/../core/base_binary_edge.h:59:80:[m[K [01;35m[Kwarning: [m[K‘[01m[KEigen::AlignedBit[m[K’ is deprecated [[01;35m[K-Wdeprecated-declarations[m[K]
   59 |       typedef Eigen::Map<Matrix<double, Di, Dj>, Matrix<double, Di, Dj>::[01;35m[KFlags & AlignedBit[m[K ? Aligned : Unaligned > HessianBlockType;
      |                                                                          [01;35m[K~~~~~~^~~~~~~~~~~~[m[K
In file included from [01m[K/usr/include/eigen3/Eigen/Core:363[m[K,
                 from [01m[K/usr/include/eigen3/Eigen/LU:11[m[K,
                 from [01m[K/home/nvidia/projects/ORB_SLAM3/Examples/ROS/ORB_SLAM3/../../../Thirdparty/Sophus/sophus/so2.hpp:12[m[K,
                 from [01m[K/home/nvidia/projects/ORB_SLAM3/Examples/ROS/ORB_SLAM3/../../../Thirdparty/Sophus/sophus/se2.hpp:7[m[K,
                 from [01m[K/home/nvidia/projects/ORB_SLAM3/Examples/ROS/ORB_SLAM3/../../../Thirdparty/Sophus/sophus/geometry.hpp:7[m[K,
                 from [01m[K/home/nvidia/projects/ORB_SLAM3/Examples/ROS/ORB_SLAM3/src/../../../../include/Frame.h:28[m[K,
                 from [01m[K/home/nvidia/projects/ORB_SLAM3/Examples/ROS/ORB_SLAM3/src/../../../../include/KeyFrame.h:28[m[K,
                 from [01m[K/home/nvidia/projects/ORB_SLAM3/Examples/ROS/ORB_SLAM3/src/../../../../include/MapPoint.h:23[m[K,
                 from [01m[K/home/nvidia/projects/ORB_SLAM3/Examples/ROS/ORB_SLAM3/src/../../../../include/FrameDrawer.h:24[m[K,
                 from [01m[K/home/nvidia/projects/ORB_SLAM3/Examples/ROS/ORB_SLAM3/src/../../../../include/Viewer.h:23[m[K,
                 from [01m[K/home/nvidia/projects/ORB_SLAM3/Examples/ROS/ORB_SLAM3/src/../../../../include/Tracking.h:26[m[K,
                 from [01m[K/home/nvidia/projects/ORB_SLAM3/Examples/ROS/ORB_SLAM3/src/../../../../include/System.h:31[m[K,
                 from [01m[K/home/nvidia/projects/ORB_SLAM3/Examples/ROS/ORB_SLAM3/src/ros_mono.cc:17[m[K:
[01m[K/usr/include/eigen3/Eigen/src/Core/util/Constants.h:162:37:[m[K [01;36m[Knote: [m[Kdeclared here
  162 | EIGEN_DEPRECATED const unsigned int [01;36m[KAlignedBit[m[K = 0x80;
      |                                     [01;36m[K^~~~~~~~~~[m[K
In file included from [01m[K/home/nvidia/projects/ORB_SLAM3/Examples/ROS/ORB_SLAM3/../../../Thirdparty/g2o/g2o/types/types_six_dof_expmap.h:38[m[K,
                 from [01m[K/home/nvidia/projects/ORB_SLAM3/Examples/ROS/ORB_SLAM3/src/../../../../include/Converter.h:26[m[K,
                 from [01m[K/home/nvidia/projects/ORB_SLAM3/Examples/ROS/ORB_SLAM3/src/../../../../include/Frame.h:33[m[K,
                 from [01m[K/home/nvidia/projects/ORB_SLAM3/Examples/ROS/ORB_SLAM3/src/../../../../include/KeyFrame.h:28[m[K,
                 from [01m[K/home/nvidia/projects/ORB_SLAM3/Examples/ROS/ORB_SLAM3/src/../../../../include/MapPoint.h:23[m[K,
                 from [01m[K/home/nvidia/projects/ORB_SLAM3/Examples/ROS/ORB_SLAM3/src/../../../../include/FrameDrawer.h:24[m[K,
                 from [01m[K/home/nvidia/projects/ORB_SLAM3/Examples/ROS/ORB_SLAM3/src/../../../../include/Viewer.h:23[m[K,
                 from [01m[K/home/nvidia/projects/ORB_SLAM3/Examples/ROS/ORB_SLAM3/src/../../../../include/Tracking.h:26[m[K,
                 from [01m[K/home/nvidia/projects/ORB_SLAM3/Examples/ROS/ORB_SLAM3/src/../../../../include/System.h:31[m[K,
                 from [01m[K/home/nvidia/projects/ORB_SLAM3/Examples/ROS/ORB_SLAM3/src/ros_mono.cc:17[m[K:
[01m[K/home/nvidia/projects/ORB_SLAM3/Examples/ROS/ORB_SLAM3/../../../Thirdparty/g2o/g2o/types/../core/base_binary_edge.h:60:80:[m[K [01;35m[Kwarning: [m[K‘[01m[KEigen::AlignedBit[m[K’ is deprecated [[01;35m[K-Wdeprecated-declarations[m[K]
   60 |       typedef Eigen::Map<Matrix<double, Dj, Di>, Matrix<double, Dj, Di>::[01;35m[KFlags & AlignedBit[m[K ? Aligned : Unaligned > HessianBlockTransposedType;
      |                                                                          [01;35m[K~~~~~~^~~~~~~~~~~~[m[K
In file included from [01m[K/usr/include/eigen3/Eigen/Core:363[m[K,
                 from [01m[K/usr/include/eigen3/Eigen/LU:11[m[K,
                 from [01m[K/home/nvidia/projects/ORB_SLAM3/Examples/ROS/ORB_SLAM3/../../../Thirdparty/Sophus/sophus/so2.hpp:12[m[K,
                 from [01m[K/home/nvidia/projects/ORB_SLAM3/Examples/ROS/ORB_SLAM3/../../../Thirdparty/Sophus/sophus/se2.hpp:7[m[K,
                 from [01m[K/home/nvidia/projects/ORB_SLAM3/Examples/ROS/ORB_SLAM3/../../../Thirdparty/Sophus/sophus/geometry.hpp:7[m[K,
                 from [01m[K/home/nvidia/projects/ORB_SLAM3/Examples/ROS/ORB_SLAM3/src/../../../../include/Frame.h:28[m[K,
                 from [01m[K/home/nvidia/projects/ORB_SLAM3/Examples/ROS/ORB_SLAM3/src/../../../../include/KeyFrame.h:28[m[K,
                 from [01m[K/home/nvidia/projects/ORB_SLAM3/Examples/ROS/ORB_SLAM3/src/../../../../include/MapPoint.h:23[m[K,
                 from [01m[K/home/nvidia/projects/ORB_SLAM3/Examples/ROS/ORB_SLAM3/src/../../../../include/FrameDrawer.h:24[m[K,
                 from [01m[K/home/nvidia/projects/ORB_SLAM3/Examples/ROS/ORB_SLAM3/src/../../../../include/Viewer.h:23[m[K,
                 from [01m[K/home/nvidia/projects/ORB_SLAM3/Examples/ROS/ORB_SLAM3/src/../../../../include/Tracking.h:26[m[K,
                 from [01m[K/home/nvidia/projects/ORB_SLAM3/Examples/ROS/ORB_SLAM3/src/../../../../include/System.h:31[m[K,
                 from [01m[K/home/nvidia/projects/ORB_SLAM3/Examples/ROS/ORB_SLAM3/src/ros_mono.cc:17[m[K:
[01m[K/usr/include/eigen3/Eigen/src/Core/util/Constants.h:162:37:[m[K [01;36m[Knote: [m[Kdeclared here
  162 | EIGEN_DEPRECATED const unsigned int [01;36m[KAlignedBit[m[K = 0x80;
      |                                     [01;36m[K^~~~~~~~~~[m[K
In file included from [01m[K/home/nvidia/projects/ORB_SLAM3/Examples/ROS/ORB_SLAM3/../../../Thirdparty/g2o/g2o/types/types_six_dof_expmap.h:37[m[K,
                 from [01m[K/home/nvidia/projects/ORB_SLAM3/Examples/ROS/ORB_SLAM3/src/../../../../include/Converter.h:26[m[K,
                 from [01m[K/home/nvidia/projects/ORB_SLAM3/Examples/ROS/ORB_SLAM3/src/../../../../include/Frame.h:33[m[K,
                 from [01m[K/home/nvidia/projects/ORB_SLAM3/Examples/ROS/ORB_SLAM3/src/../../../../include/KeyFrame.h:28[m[K,
                 from [01m[K/home/nvidia/projects/ORB_SLAM3/Examples/ROS/ORB_SLAM3/src/../../../../include/MapPoint.h:23[m[K,
                 from [01m[K/home/nvidia/projects/ORB_SLAM3/Examples/ROS/ORB_SLAM3/src/../../../../include/FrameDrawer.h:24[m[K,
                 from [01m[K/home/nvidia/projects/ORB_SLAM3/Examples/ROS/ORB_SLAM3/src/../../../../include/Viewer.h:23[m[K,
                 from [01m[K/home/nvidia/projects/ORB_SLAM3/Examples/ROS/ORB_SLAM3/src/../../../../include/Tracking.h:26[m[K,
                 from [01m[K/home/nvidia/projects/ORB_SLAM3/Examples/ROS/ORB_SLAM3/src/../../../../include/System.h:31[m[K,
                 from [01m[K/home/nvidia/projects/ORB_SLAM3/Examples/ROS/ORB_SLAM3/src/ros_mono.cc:17[m[K:
/home/nvidia/projects/ORB_SLAM3/Examples/ROS/ORB_SLAM3/../../../Thirdparty/g2o/g2o/types/../core/base_vertex.h: In instantiation of ‘[01m[Kclass g2o::BaseVertex<7, g2o::Sim3>[m[K’:
[01m[K/home/nvidia/projects/ORB_SLAM3/Examples/ROS/ORB_SLAM3/../../../Thirdparty/g2o/g2o/types/types_seven_dof_expmap.h:48:35:[m[K   required from here
[01m[K/home/nvidia/projects/ORB_SLAM3/Examples/ROS/ORB_SLAM3/../../../Thirdparty/g2o/g2o/types/../core/base_vertex.h:62:72:[m[K [01;35m[Kwarning: [m[K‘[01m[KEigen::AlignedBit[m[K’ is deprecated [[01;35m[K-Wdeprecated-declarations[m[K]
   62 |     typedef Eigen::Map<Matrix<double, D, D>, Matrix<double,D,D>::[01;35m[KFlags & AlignedBit[m[K ? Aligned : Unaligned >  HessianBlockType;
      |                                                                  [01;35m[K~~~~~~^~~~~~~~~~~~[m[K
In file included from [01m[K/usr/include/eigen3/Eigen/Core:363[m[K,
                 from [01m[K/usr/include/eigen3/Eigen/LU:11[m[K,
                 from [01m[K/home/nvidia/projects/ORB_SLAM3/Examples/ROS/ORB_SLAM3/../../../Thirdparty/Sophus/sophus/so2.hpp:12[m[K,
                 from [01m[K/home/nvidia/projects/ORB_SLAM3/Examples/ROS/ORB_SLAM3/../../../Thirdparty/Sophus/sophus/se2.hpp:7[m[K,
                 from [01m[K/home/nvidia/projects/ORB_SLAM3/Examples/ROS/ORB_SLAM3/../../../Thirdparty/Sophus/sophus/geometry.hpp:7[m[K,
                 from [01m[K/home/nvidia/projects/ORB_SLAM3/Examples/ROS/ORB_SLAM3/src/../../../../include/Frame.h:28[m[K,
                 from [01m[K/home/nvidia/projects/ORB_SLAM3/Examples/ROS/ORB_SLAM3/src/../../../../include/KeyFrame.h:28[m[K,
                 from [01m[K/home/nvidia/projects/ORB_SLAM3/Examples/ROS/ORB_SLAM3/src/../../../../include/MapPoint.h:23[m[K,
                 from [01m[K/home/nvidia/projects/ORB_SLAM3/Examples/ROS/ORB_SLAM3/src/../../../../include/FrameDrawer.h:24[m[K,
                 from [01m[K/home/nvidia/projects/ORB_SLAM3/Examples/ROS/ORB_SLAM3/src/../../../../include/Viewer.h:23[m[K,
                 from [01m[K/home/nvidia/projects/ORB_SLAM3/Examples/ROS/ORB_SLAM3/src/../../../../include/Tracking.h:26[m[K,
                 from [01m[K/home/nvidia/projects/ORB_SLAM3/Examples/ROS/ORB_SLAM3/src/../../../../include/System.h:31[m[K,
                 from [01m[K/home/nvidia/projects/ORB_SLAM3/Examples/ROS/ORB_SLAM3/src/ros_mono.cc:17[m[K:
[01m[K/usr/include/eigen3/Eigen/src/Core/util/Constants.h:162:37:[m[K [01;36m[Knote: [m[Kdeclared here
  162 | EIGEN_DEPRECATED const unsigned int [01;36m[KAlignedBit[m[K = 0x80;
      |                                     [01;36m[K^~~~~~~~~~[m[K
In file included from [01m[K/home/nvidia/projects/ORB_SLAM3/Examples/ROS/ORB_SLAM3/../../../Thirdparty/g2o/g2o/types/types_six_dof_expmap.h:38[m[K,
                 from [01m[K/home/nvidia/projects/ORB_SLAM3/Examples/ROS/ORB_SLAM3/src/../../../../include/Converter.h:26[m[K,
                 from [01m[K/home/nvidia/projects/ORB_SLAM3/Examples/ROS/ORB_SLAM3/src/../../../../include/Frame.h:33[m[K,
                 from [01m[K/home/nvidia/projects/ORB_SLAM3/Examples/ROS/ORB_SLAM3/src/../../../../include/KeyFrame.h:28[m[K,
                 from [01m[K/home/nvidia/projects/ORB_SLAM3/Examples/ROS/ORB_SLAM3/src/../../../../include/MapPoint.h:23[m[K,
                 from [01m[K/home/nvidia/projects/ORB_SLAM3/Examples/ROS/ORB_SLAM3/src/../../../../include/FrameDrawer.h:24[m[K,
                 from [01m[K/home/nvidia/projects/ORB_SLAM3/Examples/ROS/ORB_SLAM3/src/../../../../include/Viewer.h:23[m[K,
                 from [01m[K/home/nvidia/projects/ORB_SLAM3/Examples/ROS/ORB_SLAM3/src/../../../../include/Tracking.h:26[m[K,
                 from [01m[K/home/nvidia/projects/ORB_SLAM3/Examples/ROS/ORB_SLAM3/src/../../../../include/System.h:31[m[K,
                 from [01m[K/home/nvidia/projects/ORB_SLAM3/Examples/ROS/ORB_SLAM3/src/ros_mono.cc:17[m[K:
/home/nvidia/projects/ORB_SLAM3/Examples/ROS/ORB_SLAM3/../../../Thirdparty/g2o/g2o/types/../core/base_binary_edge.h: In instantiation of ‘[01m[Kclass g2o::BaseBinaryEdge<7, g2o::Sim3, g2o::VertexSim3Expmap, g2o::VertexSim3Expmap>[m[K’:
[01m[K/home/nvidia/projects/ORB_SLAM3/Examples/ROS/ORB_SLAM3/../../../Thirdparty/g2o/g2o/types/types_seven_dof_expmap.h:99:27:[m[K   required from here
[01m[K/home/nvidia/projects/ORB_SLAM3/Examples/ROS/ORB_SLAM3/../../../Thirdparty/g2o/g2o/types/../core/base_binary_edge.h:59:80:[m[K [01;35m[Kwarning: [m[K‘[01m[KEigen::AlignedBit[m[K’ is deprecated [[01;35m[K-Wdeprecated-declarations[m[K]
   59 |       typedef Eigen::Map<Matrix<double, Di, Dj>, Matrix<double, Di, Dj>::[01;35m[KFlags & AlignedBit[m[K ? Aligned : Unaligned > HessianBlockType;
      |                                                                          [01;35m[K~~~~~~^~~~~~~~~~~~[m[K
In file included from [01m[K/usr/include/eigen3/Eigen/Core:363[m[K,
                 from [01m[K/usr/include/eigen3/Eigen/LU:11[m[K,
                 from [01m[K/home/nvidia/projects/ORB_SLAM3/Examples/ROS/ORB_SLAM3/../../../Thirdparty/Sophus/sophus/so2.hpp:12[m[K,
                 from [01m[K/home/nvidia/projects/ORB_SLAM3/Examples/ROS/ORB_SLAM3/../../../Thirdparty/Sophus/sophus/se2.hpp:7[m[K,
                 from [01m[K/home/nvidia/projects/ORB_SLAM3/Examples/ROS/ORB_SLAM3/../../../Thirdparty/Sophus/sophus/geometry.hpp:7[m[K,
                 from [01m[K/home/nvidia/projects/ORB_SLAM3/Examples/ROS/ORB_SLAM3/src/../../../../include/Frame.h:28[m[K,
                 from [01m[K/home/nvidia/projects/ORB_SLAM3/Examples/ROS/ORB_SLAM3/src/../../../../include/KeyFrame.h:28[m[K,
                 from [01m[K/home/nvidia/projects/ORB_SLAM3/Examples/ROS/ORB_SLAM3/src/../../../../include/MapPoint.h:23[m[K,
                 from [01m[K/home/nvidia/projects/ORB_SLAM3/Examples/ROS/ORB_SLAM3/src/../../../../include/FrameDrawer.h:24[m[K,
                 from [01m[K/home/nvidia/projects/ORB_SLAM3/Examples/ROS/ORB_SLAM3/src/../../../../include/Viewer.h:23[m[K,
                 from [01m[K/home/nvidia/projects/ORB_SLAM3/Examples/ROS/ORB_SLAM3/src/../../../../include/Tracking.h:26[m[K,
                 from [01m[K/home/nvidia/projects/ORB_SLAM3/Examples/ROS/ORB_SLAM3/src/../../../../include/System.h:31[m[K,
                 from [01m[K/home/nvidia/projects/ORB_SLAM3/Examples/ROS/ORB_SLAM3/src/ros_mono.cc:17[m[K:
[01m[K/usr/include/eigen3/Eigen/src/Core/util/Constants.h:162:37:[m[K [01;36m[Knote: [m[Kdeclared here
  162 | EIGEN_DEPRECATED const unsigned int [01;36m[KAlignedBit[m[K = 0x80;
      |                                     [01;36m[K^~~~~~~~~~[m[K
In file included from [01m[K/home/nvidia/projects/ORB_SLAM3/Examples/ROS/ORB_SLAM3/../../../Thirdparty/g2o/g2o/types/types_six_dof_expmap.h:38[m[K,
                 from [01m[K/home/nvidia/projects/ORB_SLAM3/Examples/ROS/ORB_SLAM3/src/../../../../include/Converter.h:26[m[K,
                 from [01m[K/home/nvidia/projects/ORB_SLAM3/Examples/ROS/ORB_SLAM3/src/../../../../include/Frame.h:33[m[K,
                 from [01m[K/home/nvidia/projects/ORB_SLAM3/Examples/ROS/ORB_SLAM3/src/../../../../include/KeyFrame.h:28[m[K,
                 from [01m[K/home/nvidia/projects/ORB_SLAM3/Examples/ROS/ORB_SLAM3/src/../../../../include/MapPoint.h:23[m[K,
                 from [01m[K/home/nvidia/projects/ORB_SLAM3/Examples/ROS/ORB_SLAM3/src/../../../../include/FrameDrawer.h:24[m[K,
                 from [01m[K/home/nvidia/projects/ORB_SLAM3/Examples/ROS/ORB_SLAM3/src/../../../../include/Viewer.h:23[m[K,
                 from [01m[K/home/nvidia/projects/ORB_SLAM3/Examples/ROS/ORB_SLAM3/src/../../../../include/Tracking.h:26[m[K,
                 from [01m[K/home/nvidia/projects/ORB_SLAM3/Examples/ROS/ORB_SLAM3/src/../../../../include/System.h:31[m[K,
                 from [01m[K/home/nvidia/projects/ORB_SLAM3/Examples/ROS/ORB_SLAM3/src/ros_mono.cc:17[m[K:
[01m[K/home/nvidia/projects/ORB_SLAM3/Examples/ROS/ORB_SLAM3/../../../Thirdparty/g2o/g2o/types/../core/base_binary_edge.h:60:80:[m[K [01;35m[Kwarning: [m[K‘[01m[KEigen::AlignedBit[m[K’ is deprecated [[01;35m[K-Wdeprecated-declarations[m[K]
   60 |       typedef Eigen::Map<Matrix<double, Dj, Di>, Matrix<double, Dj, Di>::[01;35m[KFlags & AlignedBit[m[K ? Aligned : Unaligned > HessianBlockTransposedType;
      |                                                                          [01;35m[K~~~~~~^~~~~~~~~~~~[m[K
In file included from [01m[K/usr/include/eigen3/Eigen/Core:363[m[K,
                 from [01m[K/usr/include/eigen3/Eigen/LU:11[m[K,
                 from [01m[K/home/nvidia/projects/ORB_SLAM3/Examples/ROS/ORB_SLAM3/../../../Thirdparty/Sophus/sophus/so2.hpp:12[m[K,
                 from [01m[K/home/nvidia/projects/ORB_SLAM3/Examples/ROS/ORB_SLAM3/../../../Thirdparty/Sophus/sophus/se2.hpp:7[m[K,
                 from [01m[K/home/nvidia/projects/ORB_SLAM3/Examples/ROS/ORB_SLAM3/../../../Thirdparty/Sophus/sophus/geometry.hpp:7[m[K,
                 from [01m[K/home/nvidia/projects/ORB_SLAM3/Examples/ROS/ORB_SLAM3/src/../../../../include/Frame.h:28[m[K,
                 from [01m[K/home/nvidia/projects/ORB_SLAM3/Examples/ROS/ORB_SLAM3/src/../../../../include/KeyFrame.h:28[m[K,
                 from [01m[K/home/nvidia/projects/ORB_SLAM3/Examples/ROS/ORB_SLAM3/src/../../../../include/MapPoint.h:23[m[K,
                 from [01m[K/home/nvidia/projects/ORB_SLAM3/Examples/ROS/ORB_SLAM3/src/../../../../include/FrameDrawer.h:24[m[K,
                 from [01m[K/home/nvidia/projects/ORB_SLAM3/Examples/ROS/ORB_SLAM3/src/../../../../include/Viewer.h:23[m[K,
                 from [01m[K/home/nvidia/projects/ORB_SLAM3/Examples/ROS/ORB_SLAM3/src/../../../../include/Tracking.h:26[m[K,
                 from [01m[K/home/nvidia/projects/ORB_SLAM3/Examples/ROS/ORB_SLAM3/src/../../../../include/System.h:31[m[K,
                 from [01m[K/home/nvidia/projects/ORB_SLAM3/Examples/ROS/ORB_SLAM3/src/ros_mono.cc:17[m[K:
[01m[K/usr/include/eigen3/Eigen/src/Core/util/Constants.h:162:37:[m[K [01;36m[Knote: [m[Kdeclared here
  162 | EIGEN_DEPRECATED const unsigned int [01;36m[KAlignedBit[m[K = 0x80;
      |                                     [01;36m[K^~~~~~~~~~[m[K
In file included from [01m[K/home/nvidia/projects/ORB_SLAM3/Examples/ROS/ORB_SLAM3/../../../Thirdparty/g2o/g2o/types/types_six_dof_expmap.h:38[m[K,
                 from [01m[K/home/nvidia/projects/ORB_SLAM3/Examples/ROS/ORB_SLAM3/src/../../../../include/Converter.h:26[m[K,
                 from [01m[K/home/nvidia/projects/ORB_SLAM3/Examples/ROS/ORB_SLAM3/src/../../../../include/Frame.h:33[m[K,
                 from [01m[K/home/nvidia/projects/ORB_SLAM3/Examples/ROS/ORB_SLAM3/src/../../../../include/KeyFrame.h:28[m[K,
                 from [01m[K/home/nvidia/projects/ORB_SLAM3/Examples/ROS/ORB_SLAM3/src/../../../../include/MapPoint.h:23[m[K,
                 from [01m[K/home/nvidia/projects/ORB_SLAM3/Examples/ROS/ORB_SLAM3/src/../../../../include/FrameDrawer.h:24[m[K,
                 from [01m[K/home/nvidia/projects/ORB_SLAM3/Examples/ROS/ORB_SLAM3/src/../../../../include/Viewer.h:23[m[K,
                 from [01m[K/home/nvidia/projects/ORB_SLAM3/Examples/ROS/ORB_SLAM3/src/../../../../include/Tracking.h:26[m[K,
                 from [01m[K/home/nvidia/projects/ORB_SLAM3/Examples/ROS/ORB_SLAM3/src/../../../../include/System.h:31[m[K,
                 from [01m[K/home/nvidia/projects/ORB_SLAM3/Examples/ROS/ORB_SLAM3/src/ros_mono.cc:17[m[K:
/home/nvidia/projects/ORB_SLAM3/Examples/ROS/ORB_SLAM3/../../../Thirdparty/g2o/g2o/types/../core/base_binary_edge.h: In instantiation of ‘[01m[Kclass g2o::BaseBinaryEdge<2, Eigen::Matrix<double, 2, 1>, g2o::VertexSBAPointXYZ, g2o::VertexSim3Expmap>[m[K’:
[01m[K/home/nvidia/projects/ORB_SLAM3/Examples/ROS/ORB_SLAM3/../../../Thirdparty/g2o/g2o/types/types_seven_dof_expmap.h:130:36:[m[K   required from here
[01m[K/home/nvidia/projects/ORB_SLAM3/Examples/ROS/ORB_SLAM3/../../../Thirdparty/g2o/g2o/types/../core/base_binary_edge.h:59:80:[m[K [01;35m[Kwarning: [m[K‘[01m[KEigen::AlignedBit[m[K’ is deprecated [[01;35m[K-Wdeprecated-declarations[m[K]
   59 |       typedef Eigen::Map<Matrix<double, Di, Dj>, Matrix<double, Di, Dj>::[01;35m[KFlags & AlignedBit[m[K ? Aligned : Unaligned > HessianBlockType;
      |                                                                          [01;35m[K~~~~~~^~~~~~~~~~~~[m[K
In file included from [01m[K/usr/include/eigen3/Eigen/Core:363[m[K,
                 from [01m[K/usr/include/eigen3/Eigen/LU:11[m[K,
                 from [01m[K/home/nvidia/projects/ORB_SLAM3/Examples/ROS/ORB_SLAM3/../../../Thirdparty/Sophus/sophus/so2.hpp:12[m[K,
                 from [01m[K/home/nvidia/projects/ORB_SLAM3/Examples/ROS/ORB_SLAM3/../../../Thirdparty/Sophus/sophus/se2.hpp:7[m[K,
                 from [01m[K/home/nvidia/projects/ORB_SLAM3/Examples/ROS/ORB_SLAM3/../../../Thirdparty/Sophus/sophus/geometry.hpp:7[m[K,
                 from [01m[K/home/nvidia/projects/ORB_SLAM3/Examples/ROS/ORB_SLAM3/src/../../../../include/Frame.h:28[m[K,
                 from [01m[K/home/nvidia/projects/ORB_SLAM3/Examples/ROS/ORB_SLAM3/src/../../../../include/KeyFrame.h:28[m[K,
                 from [01m[K/home/nvidia/projects/ORB_SLAM3/Examples/ROS/ORB_SLAM3/src/../../../../include/MapPoint.h:23[m[K,
                 from [01m[K/home/nvidia/projects/ORB_SLAM3/Examples/ROS/ORB_SLAM3/src/../../../../include/FrameDrawer.h:24[m[K,
                 from [01m[K/home/nvidia/projects/ORB_SLAM3/Examples/ROS/ORB_SLAM3/src/../../../../include/Viewer.h:23[m[K,
                 from [01m[K/home/nvidia/projects/ORB_SLAM3/Examples/ROS/ORB_SLAM3/src/../../../../include/Tracking.h:26[m[K,
                 from [01m[K/home/nvidia/projects/ORB_SLAM3/Examples/ROS/ORB_SLAM3/src/../../../../include/System.h:31[m[K,
                 from [01m[K/home/nvidia/projects/ORB_SLAM3/Examples/ROS/ORB_SLAM3/src/ros_mono.cc:17[m[K:
[01m[K/usr/include/eigen3/Eigen/src/Core/util/Constants.h:162:37:[m[K [01;36m[Knote: [m[Kdeclared here
  162 | EIGEN_DEPRECATED const unsigned int [01;36m[KAlignedBit[m[K = 0x80;
      |                                     [01;36m[K^~~~~~~~~~[m[K
In file included from [01m[K/home/nvidia/projects/ORB_SLAM3/Examples/ROS/ORB_SLAM3/../../../Thirdparty/g2o/g2o/types/types_six_dof_expmap.h:38[m[K,
                 from [01m[K/home/nvidia/projects/ORB_SLAM3/Examples/ROS/ORB_SLAM3/src/../../../../include/Converter.h:26[m[K,
                 from [01m[K/home/nvidia/projects/ORB_SLAM3/Examples/ROS/ORB_SLAM3/src/../../../../include/Frame.h:33[m[K,
                 from [01m[K/home/nvidia/projects/ORB_SLAM3/Examples/ROS/ORB_SLAM3/src/../../../../include/KeyFrame.h:28[m[K,
                 from [01m[K/home/nvidia/projects/ORB_SLAM3/Examples/ROS/ORB_SLAM3/src/../../../../include/MapPoint.h:23[m[K,
                 from [01m[K/home/nvidia/projects/ORB_SLAM3/Examples/ROS/ORB_SLAM3/src/../../../../include/FrameDrawer.h:24[m[K,
                 from [01m[K/home/nvidia/projects/ORB_SLAM3/Examples/ROS/ORB_SLAM3/src/../../../../include/Viewer.h:23[m[K,
                 from [01m[K/home/nvidia/projects/ORB_SLAM3/Examples/ROS/ORB_SLAM3/src/../../../../include/Tracking.h:26[m[K,
                 from [01m[K/home/nvidia/projects/ORB_SLAM3/Examples/ROS/ORB_SLAM3/src/../../../../include/System.h:31[m[K,
                 from [01m[K/home/nvidia/projects/ORB_SLAM3/Examples/ROS/ORB_SLAM3/src/ros_mono.cc:17[m[K:
[01m[K/home/nvidia/projects/ORB_SLAM3/Examples/ROS/ORB_SLAM3/../../../Thirdparty/g2o/g2o/types/../core/base_binary_edge.h:60:80:[m[K [01;35m[Kwarning: [m[K‘[01m[KEigen::AlignedBit[m[K’ is deprecated [[01;35m[K-Wdeprecated-declarations[m[K]
   60 |       typedef Eigen::Map<Matrix<double, Dj, Di>, Matrix<double, Dj, Di>::[01;35m[KFlags & AlignedBit[m[K ? Aligned : Unaligned > HessianBlockTransposedType;
      |                                                                          [01;35m[K~~~~~~^~~~~~~~~~~~[m[K
In file included from [01m[K/usr/include/eigen3/Eigen/Core:363[m[K,
                 from [01m[K/usr/include/eigen3/Eigen/LU:11[m[K,
                 from [01m[K/home/nvidia/projects/ORB_SLAM3/Examples/ROS/ORB_SLAM3/../../../Thirdparty/Sophus/sophus/so2.hpp:12[m[K,
                 from [01m[K/home/nvidia/projects/ORB_SLAM3/Examples/ROS/ORB_SLAM3/../../../Thirdparty/Sophus/sophus/se2.hpp:7[m[K,
                 from [01m[K/home/nvidia/projects/ORB_SLAM3/Examples/ROS/ORB_SLAM3/../../../Thirdparty/Sophus/sophus/geometry.hpp:7[m[K,
                 from [01m[K/home/nvidia/projects/ORB_SLAM3/Examples/ROS/ORB_SLAM3/src/../../../../include/Frame.h:28[m[K,
                 from [01m[K/home/nvidia/projects/ORB_SLAM3/Examples/ROS/ORB_SLAM3/src/../../../../include/KeyFrame.h:28[m[K,
                 from [01m[K/home/nvidia/projects/ORB_SLAM3/Examples/ROS/ORB_SLAM3/src/../../../../include/MapPoint.h:23[m[K,
                 from [01m[K/home/nvidia/projects/ORB_SLAM3/Examples/ROS/ORB_SLAM3/src/../../../../include/FrameDrawer.h:24[m[K,
                 from [01m[K/home/nvidia/projects/ORB_SLAM3/Examples/ROS/ORB_SLAM3/src/../../../../include/Viewer.h:23[m[K,
                 from [01m[K/home/nvidia/projects/ORB_SLAM3/Examples/ROS/ORB_SLAM3/src/../../../../include/Tracking.h:26[m[K,
                 from [01m[K/home/nvidia/projects/ORB_SLAM3/Examples/ROS/ORB_SLAM3/src/../../../../include/System.h:31[m[K,
                 from [01m[K/home/nvidia/projects/ORB_SLAM3/Examples/ROS/ORB_SLAM3/src/ros_mono.cc:17[m[K:
[01m[K/usr/include/eigen3/Eigen/src/Core/util/Constants.h:162:37:[m[K [01;36m[Knote: [m[Kdeclared here
  162 | EIGEN_DEPRECATED const unsigned int [01;36m[KAlignedBit[m[K = 0x80;
      |                                     [01;36m[K^~~~~~~~~~[m[K
In file included from [01m[K/home/nvidia/projects/ORB_SLAM3/Examples/ROS/ORB_SLAM3/src/../../../../include/Atlas.h:27[m[K,
                 from [01m[K/home/nvidia/projects/ORB_SLAM3/Examples/ROS/ORB_SLAM3/src/../../../../include/FrameDrawer.h:25[m[K,
                 from [01m[K/home/nvidia/projects/ORB_SLAM3/Examples/ROS/ORB_SLAM3/src/../../../../include/Viewer.h:23[m[K,
                 from [01m[K/home/nvidia/projects/ORB_SLAM3/Examples/ROS/ORB_SLAM3/src/../../../../include/Tracking.h:26[m[K,
                 from [01m[K/home/nvidia/projects/ORB_SLAM3/Examples/ROS/ORB_SLAM3/src/../../../../include/System.h:31[m[K,
                 from [01m[K/home/nvidia/projects/ORB_SLAM3/Examples/ROS/ORB_SLAM3/src/ros_mono.cc:17[m[K:
[01m[K/home/nvidia/projects/ORB_SLAM3/Examples/ROS/ORB_SLAM3/../../../include/CameraModels/KannalaBrandt8.h:[m[K In constructor ‘[01m[KORB_SLAM3::KannalaBrandt8::KannalaBrandt8(std::vector<float>)[m[K’:
[01m[K/home/nvidia/projects/ORB_SLAM3/Examples/ROS/ORB_SLAM3/../../../include/CameraModels/KannalaBrandt8.h:102:21:[m[K [01;35m[Kwarning: [m[K‘[01m[KORB_SLAM3::KannalaBrandt8::precision[m[K’ will be initialized after [[01;35m[K-Wreorder[m[K]
  102 |         const float [01;35m[Kprecision[m[K;
      |                     [01;35m[K^~~~~~~~~[m[K
[01m[K/home/nvidia/projects/ORB_SLAM3/Examples/ROS/ORB_SLAM3/../../../include/CameraModels/KannalaBrandt8.h:88:26:[m[K [01;35m[Kwarning: [m[K  ‘[01m[Kstd::vector<int> ORB_SLAM3::KannalaBrandt8::mvLappingArea[m[K’ [[01;35m[K-Wreorder[m[K]
   88 |         std::vector<int> [01;35m[KmvLappingArea[m[K;
      |                          [01;35m[K^~~~~~~~~~~~~[m[K
In file included from [01m[K/home/nvidia/projects/ORB_SLAM3/Examples/ROS/ORB_SLAM3/src/../../../../include/Atlas.h:27[m[K,
                 from [01m[K/home/nvidia/projects/ORB_SLAM3/Examples/ROS/ORB_SLAM3/src/../../../../include/FrameDrawer.h:25[m[K,
                 from [01m[K/home/nvidia/projects/ORB_SLAM3/Examples/ROS/ORB_SLAM3/src/../../../../include/Viewer.h:23[m[K,
                 from [01m[K/home/nvidia/projects/ORB_SLAM3/Examples/ROS/ORB_SLAM3/src/../../../../include/Tracking.h:26[m[K,
                 from [01m[K/home/nvidia/projects/ORB_SLAM3/Examples/ROS/ORB_SLAM3/src/../../../../include/System.h:31[m[K,
                 from [01m[K/home/nvidia/projects/ORB_SLAM3/Examples/ROS/ORB_SLAM3/src/ros_mono.cc:17[m[K:
[01m[K/home/nvidia/projects/ORB_SLAM3/Examples/ROS/ORB_SLAM3/../../../include/CameraModels/KannalaBrandt8.h:47:9:[m[K [01;35m[Kwarning: [m[K  when initialized here [[01;35m[K-Wreorder[m[K]
   47 |         [01;35m[KKannalaBrandt8[m[K(const std::vector<float> _vParameters) : GeometricCamera(_vParameters), precision(1e-6), mvLappingArea(2,0) ,tvr(nullptr) {
      |         [01;35m[K^~~~~~~~~~~~~~[m[K
In file included from [01m[K/home/nvidia/projects/ORB_SLAM3/Examples/ROS/ORB_SLAM3/src/../../../../include/Atlas.h:27[m[K,
                 from [01m[K/home/nvidia/projects/ORB_SLAM3/Examples/ROS/ORB_SLAM3/src/../../../../include/FrameDrawer.h:25[m[K,
                 from [01m[K/home/nvidia/projects/ORB_SLAM3/Examples/ROS/ORB_SLAM3/src/../../../../include/Viewer.h:23[m[K,
                 from [01m[K/home/nvidia/projects/ORB_SLAM3/Examples/ROS/ORB_SLAM3/src/../../../../include/Tracking.h:26[m[K,
                 from [01m[K/home/nvidia/projects/ORB_SLAM3/Examples/ROS/ORB_SLAM3/src/../../../../include/System.h:31[m[K,
                 from [01m[K/home/nvidia/projects/ORB_SLAM3/Examples/ROS/ORB_SLAM3/src/ros_mono.cc:17[m[K:
[01m[K/home/nvidia/projects/ORB_SLAM3/Examples/ROS/ORB_SLAM3/../../../include/CameraModels/KannalaBrandt8.h:[m[K In constructor ‘[01m[KORB_SLAM3::KannalaBrandt8::KannalaBrandt8(std::vector<float>, float)[m[K’:
[01m[K/home/nvidia/projects/ORB_SLAM3/Examples/ROS/ORB_SLAM3/../../../include/CameraModels/KannalaBrandt8.h:102:21:[m[K [01;35m[Kwarning: [m[K‘[01m[KORB_SLAM3::KannalaBrandt8::precision[m[K’ will be initialized after [[01;35m[K-Wreorder[m[K]
  102 |         const float [01;35m[Kprecision[m[K;
      |                     [01;35m[K^~~~~~~~~[m[K
[01m[K/home/nvidia/projects/ORB_SLAM3/Examples/ROS/ORB_SLAM3/../../../include/CameraModels/KannalaBrandt8.h:88:26:[m[K [01;35m[Kwarning: [m[K  ‘[01m[Kstd::vector<int> ORB_SLAM3::KannalaBrandt8::mvLappingArea[m[K’ [[01;35m[K-Wreorder[m[K]
   88 |         std::vector<int> [01;35m[KmvLappingArea[m[K;
      |                          [01;35m[K^~~~~~~~~~~~~[m[K
[01m[K/home/nvidia/projects/ORB_SLAM3/Examples/ROS/ORB_SLAM3/../../../include/CameraModels/KannalaBrandt8.h:53:9:[m[K [01;35m[Kwarning: [m[K  when initialized here [[01;35m[K-Wreorder[m[K]
   53 |         [01;35m[KKannalaBrandt8[m[K(const std::vector<float> _vParameters, const float _precision) : GeometricCamera(_vParameters),
      |         [01;35m[K^~~~~~~~~~~~~~[m[K
[01m[K/home/nvidia/projects/ORB_SLAM3/Examples/ROS/ORB_SLAM3/../../../include/CameraModels/KannalaBrandt8.h:[m[K In constructor ‘[01m[KORB_SLAM3::KannalaBrandt8::KannalaBrandt8(ORB_SLAM3::KannalaBrandt8*)[m[K’:
[01m[K/home/nvidia/projects/ORB_SLAM3/Examples/ROS/ORB_SLAM3/../../../include/CameraModels/KannalaBrandt8.h:102:21:[m[K [01;35m[Kwarning: [m[K‘[01m[KORB_SLAM3::KannalaBrandt8::precision[m[K’ will be initialized after [[01;35m[K-Wreorder[m[K]
  102 |         const float [01;35m[Kprecision[m[K;
      |                     [01;35m[K^~~~~~~~~[m[K
[01m[K/home/nvidia/projects/ORB_SLAM3/Examples/ROS/ORB_SLAM3/../../../include/CameraModels/KannalaBrandt8.h:88:26:[m[K [01;35m[Kwarning: [m[K  ‘[01m[Kstd::vector<int> ORB_SLAM3::KannalaBrandt8::mvLappingArea[m[K’ [[01;35m[K-Wreorder[m[K]
   88 |         std::vector<int> [01;35m[KmvLappingArea[m[K;
      |                          [01;35m[K^~~~~~~~~~~~~[m[K
[01m[K/home/nvidia/projects/ORB_SLAM3/Examples/ROS/ORB_SLAM3/../../../include/CameraModels/KannalaBrandt8.h:59:9:[m[K [01;35m[Kwarning: [m[K  when initialized here [[01;35m[K-Wreorder[m[K]
   59 |         [01;35m[KKannalaBrandt8[m[K(KannalaBrandt8* pKannala) : GeometricCamera(pKannala->mvParameters), precision(pKannala->precision), mvLappingArea(2,0) ,tvr(nullptr) {
      |         [01;35m[K^~~~~~~~~~~~~~[m[K
[01m[K/home/nvidia/projects/ORB_SLAM3/Examples/ROS/ORB_SLAM3/src/ros_mono.cc:[m[K In member function ‘[01m[Kvoid ImageGrabber::GrabImage(sensor_msgs::msg::Image_<std::allocator<void> >::SharedPtr)[m[K’:
[01m[K/home/nvidia/projects/ORB_SLAM3/Examples/ROS/ORB_SLAM3/src/ros_mono.cc:45:9:[m[K [01;31m[Kerror: [m[Kexpected ‘[01m[K;[m[K’ before ‘[01m[Kif[m[K’
   45 |         [01;31m[Kif[m[K (im.empty())
      |         [01;31m[K^~[m[K
make[2]: *** [CMakeFiles/mono.dir/build.make:63: CMakeFiles/mono.dir/src/ros_mono.cc.o] Interrupt
make[1]: *** [CMakeFiles/Makefile2:80: CMakeFiles/mono.dir/all] Interrupt
make: *** [Makefile:141: all] Interrupt
