[0.030s] Invoking command in '/home/nvidia/projects/ORB_SLAM3/Examples/ROS/ORB_SLAM3/build/orb_slam3_ros2': CMAKE_PREFIX_PATH=${CMAKE_PREFIX_PATH}:/home/nvidia/projects/a2rl/install/data_logger_interface:/opt/ros/foxy /usr/bin/cmake --build /home/nvidia/projects/ORB_SLAM3/Examples/ROS/ORB_SLAM3/build/orb_slam3_ros2 -- -j8 -l8
[0.084s] -- Found ament_cmake: 0.9.12 (/opt/ros/foxy/share/ament_cmake/cmake)
[0.130s] -- Using PYTHON_EXECUTABLE: /usr/bin/python3
[0.518s] -- Override CMake install command with custom implementation using symlinks instead of copying resources
[0.536s] -- Found rclcpp: 2.4.3 (/opt/ros/foxy/share/rclcpp/cmake)
[0.604s] -- Using all available rosidl_typesupport_c: rosidl_typesupport_fastrtps_c;rosidl_typesupport_introspection_c
[0.611s] -- Found rosidl_adapter: 1.3.1 (/opt/ros/foxy/share/rosidl_adapter/cmake)
[0.849s] -- Using all available rosidl_typesupport_cpp: rosidl_typesupport_fastrtps_cpp;rosidl_typesupport_introspection_cpp
[0.943s] -- Found rmw_implementation_cmake: 1.0.4 (/opt/ros/foxy/share/rmw_implementation_cmake/cmake)
[0.946s] -- Using RMW implementation 'rmw_fastrtps_cpp' as default
[1.211s] -- Found sensor_msgs: 2.0.5 (/opt/ros/foxy/share/sensor_msgs/cmake)
[1.419s] -- Found image_transport: 2.4.0 (/opt/ros/foxy/share/image_transport/cmake)
[1.495s] -- Found cv_bridge: 3.0.7 (/opt/ros/foxy/share/cv_bridge/cmake)
[1.743s] -- Configuring done
[1.815s] -- Generating done
[1.819s] -- Build files have been written to: /home/nvidia/projects/ORB_SLAM3/Examples/ROS/ORB_SLAM3/build/orb_slam3_ros2
[1.881s] [35m[1mScanning dependencies of target mono[0m
[1.931s] [ 50%] Built target mono_inertial
[1.984s] [ 75%] [32mBuilding CXX object CMakeFiles/mono.dir/src/ros_mono.cc.o[0m
[11.024s] In file included from [01m[K/home/nvidia/projects/ORB_SLAM3/Examples/ROS/ORB_SLAM3/src/../../../../include/Frame.h:30[m[K,
[11.024s]                  from [01m[K/home/nvidia/projects/ORB_SLAM3/Examples/ROS/ORB_SLAM3/src/../../../../include/KeyFrame.h:28[m[K,
[11.025s]                  from [01m[K/home/nvidia/projects/ORB_SLAM3/Examples/ROS/ORB_SLAM3/src/../../../../include/MapPoint.h:23[m[K,
[11.025s]                  from [01m[K/home/nvidia/projects/ORB_SLAM3/Examples/ROS/ORB_SLAM3/src/../../../../include/FrameDrawer.h:24[m[K,
[11.025s]                  from [01m[K/home/nvidia/projects/ORB_SLAM3/Examples/ROS/ORB_SLAM3/src/../../../../include/Viewer.h:23[m[K,
[11.025s]                  from [01m[K/home/nvidia/projects/ORB_SLAM3/Examples/ROS/ORB_SLAM3/src/../../../../include/Tracking.h:26[m[K,
[11.025s]                  from [01m[K/home/nvidia/projects/ORB_SLAM3/Examples/ROS/ORB_SLAM3/src/../../../../include/System.h:31[m[K,
[11.026s]                  from [01m[K/home/nvidia/projects/ORB_SLAM3/Examples/ROS/ORB_SLAM3/src/ros_mono.cc:17[m[K:
[11.026s] [01m[K/home/nvidia/projects/ORB_SLAM3/Examples/ROS/ORB_SLAM3/src/../../../../include/ImuTypes.h:[m[K In member function ‘[01m[Kvoid ORB_SLAM3::IMU::Preintegrated::printMeasurements() const[m[K’:
[11.026s] [01m[K/home/nvidia/projects/ORB_SLAM3/Examples/ROS/ORB_SLAM3/src/../../../../include/ImuTypes.h:204:23:[m[K [01;35m[Kwarning: [m[Kcomparison of integer expressions of different signedness: ‘[01m[Kint[m[K’ and ‘[01m[Kstd::vector<ORB_SLAM3::IMU::Preintegrated::integrable>::size_type[m[K’ {aka ‘[01m[Klong unsigned int[m[K’} [[01;35m[K-Wsign-compare[m[K]
[11.026s]   204 |         for(int i=0; [01;35m[Ki<mvMeasurements.size()[m[K; i++){
[11.026s]       |                      [01;35m[K~^~~~~~~~~~~~~~~~~~~~~~[m[K
[11.229s] In file included from [01m[K/home/nvidia/projects/ORB_SLAM3/Examples/ROS/ORB_SLAM3/../../../Thirdparty/g2o/g2o/types/types_six_dof_expmap.h:37[m[K,
[11.229s]                  from [01m[K/home/nvidia/projects/ORB_SLAM3/Examples/ROS/ORB_SLAM3/src/../../../../include/Converter.h:26[m[K,
[11.229s]                  from [01m[K/home/nvidia/projects/ORB_SLAM3/Examples/ROS/ORB_SLAM3/src/../../../../include/Frame.h:33[m[K,
[11.229s]                  from [01m[K/home/nvidia/projects/ORB_SLAM3/Examples/ROS/ORB_SLAM3/src/../../../../include/KeyFrame.h:28[m[K,
[11.229s]                  from [01m[K/home/nvidia/projects/ORB_SLAM3/Examples/ROS/ORB_SLAM3/src/../../../../include/MapPoint.h:23[m[K,
[11.230s]                  from [01m[K/home/nvidia/projects/ORB_SLAM3/Examples/ROS/ORB_SLAM3/src/../../../../include/FrameDrawer.h:24[m[K,
[11.230s]                  from [01m[K/home/nvidia/projects/ORB_SLAM3/Examples/ROS/ORB_SLAM3/src/../../../../include/Viewer.h:23[m[K,
[11.230s]                  from [01m[K/home/nvidia/projects/ORB_SLAM3/Examples/ROS/ORB_SLAM3/src/../../../../include/Tracking.h:26[m[K,
[11.230s]                  from [01m[K/home/nvidia/projects/ORB_SLAM3/Examples/ROS/ORB_SLAM3/src/../../../../include/System.h:31[m[K,
[11.230s]                  from [01m[K/home/nvidia/projects/ORB_SLAM3/Examples/ROS/ORB_SLAM3/src/ros_mono.cc:17[m[K:
[11.230s] [01m[K/home/nvidia/projects/ORB_SLAM3/Examples/ROS/ORB_SLAM3/../../../Thirdparty/g2o/g2o/types/../core/base_vertex.h:[m[K At global scope:
[11.230s] [01m[K/home/nvidia/projects/ORB_SLAM3/Examples/ROS/ORB_SLAM3/../../../Thirdparty/g2o/g2o/types/../core/base_vertex.h:62:74:[m[K [01;35m[Kwarning: [m[K‘[01m[KEigen::AlignedBit[m[K’ is deprecated [[01;35m[K-Wdeprecated-declarations[m[K]
[11.231s]    62 |     typedef Eigen::Map<Matrix<double, D, D>, Matrix<double,D,D>::Flags & [01;35m[KAlignedBit[m[K ? Aligned : Unaligned >  HessianBlockType;
[11.231s]       |                                                                          [01;35m[K^~~~~~~~~~[m[K
[11.231s] In file included from [01m[K/usr/include/eigen3/Eigen/Core:363[m[K,
[11.231s]                  from [01m[K/usr/include/eigen3/Eigen/LU:11[m[K,
[11.231s]                  from [01m[K/home/nvidia/projects/ORB_SLAM3/Examples/ROS/ORB_SLAM3/../../../Thirdparty/Sophus/sophus/so2.hpp:12[m[K,
[11.231s]                  from [01m[K/home/nvidia/projects/ORB_SLAM3/Examples/ROS/ORB_SLAM3/../../../Thirdparty/Sophus/sophus/se2.hpp:7[m[K,
[11.231s]                  from [01m[K/home/nvidia/projects/ORB_SLAM3/Examples/ROS/ORB_SLAM3/../../../Thirdparty/Sophus/sophus/geometry.hpp:7[m[K,
[11.231s]                  from [01m[K/home/nvidia/projects/ORB_SLAM3/Examples/ROS/ORB_SLAM3/src/../../../../include/Frame.h:28[m[K,
[11.232s]                  from [01m[K/home/nvidia/projects/ORB_SLAM3/Examples/ROS/ORB_SLAM3/src/../../../../include/KeyFrame.h:28[m[K,
[11.232s]                  from [01m[K/home/nvidia/projects/ORB_SLAM3/Examples/ROS/ORB_SLAM3/src/../../../../include/MapPoint.h:23[m[K,
[11.232s]                  from [01m[K/home/nvidia/projects/ORB_SLAM3/Examples/ROS/ORB_SLAM3/src/../../../../include/FrameDrawer.h:24[m[K,
[11.232s]                  from [01m[K/home/nvidia/projects/ORB_SLAM3/Examples/ROS/ORB_SLAM3/src/../../../../include/Viewer.h:23[m[K,
[11.232s]                  from [01m[K/home/nvidia/projects/ORB_SLAM3/Examples/ROS/ORB_SLAM3/src/../../../../include/Tracking.h:26[m[K,
[11.232s]                  from [01m[K/home/nvidia/projects/ORB_SLAM3/Examples/ROS/ORB_SLAM3/src/../../../../include/System.h:31[m[K,
[11.232s]                  from [01m[K/home/nvidia/projects/ORB_SLAM3/Examples/ROS/ORB_SLAM3/src/ros_mono.cc:17[m[K:
[11.233s] [01m[K/usr/include/eigen3/Eigen/src/Core/util/Constants.h:162:37:[m[K [01;36m[Knote: [m[Kdeclared here
[11.233s]   162 | EIGEN_DEPRECATED const unsigned int [01;36m[KAlignedBit[m[K = 0x80;
[11.233s]       |                                     [01;36m[K^~~~~~~~~~[m[K
[11.282s] In file included from [01m[K/home/nvidia/projects/ORB_SLAM3/Examples/ROS/ORB_SLAM3/../../../Thirdparty/g2o/g2o/types/types_six_dof_expmap.h:38[m[K,
[11.282s]                  from [01m[K/home/nvidia/projects/ORB_SLAM3/Examples/ROS/ORB_SLAM3/src/../../../../include/Converter.h:26[m[K,
[11.282s]                  from [01m[K/home/nvidia/projects/ORB_SLAM3/Examples/ROS/ORB_SLAM3/src/../../../../include/Frame.h:33[m[K,
[11.283s]                  from [01m[K/home/nvidia/projects/ORB_SLAM3/Examples/ROS/ORB_SLAM3/src/../../../../include/KeyFrame.h:28[m[K,
[11.283s]                  from [01m[K/home/nvidia/projects/ORB_SLAM3/Examples/ROS/ORB_SLAM3/src/../../../../include/MapPoint.h:23[m[K,
[11.283s]                  from [01m[K/home/nvidia/projects/ORB_SLAM3/Examples/ROS/ORB_SLAM3/src/../../../../include/FrameDrawer.h:24[m[K,
[11.283s]                  from [01m[K/home/nvidia/projects/ORB_SLAM3/Examples/ROS/ORB_SLAM3/src/../../../../include/Viewer.h:23[m[K,
[11.283s]                  from [01m[K/home/nvidia/projects/ORB_SLAM3/Examples/ROS/ORB_SLAM3/src/../../../../include/Tracking.h:26[m[K,
[11.283s]                  from [01m[K/home/nvidia/projects/ORB_SLAM3/Examples/ROS/ORB_SLAM3/src/../../../../include/System.h:31[m[K,
[11.284s]                  from [01m[K/home/nvidia/projects/ORB_SLAM3/Examples/ROS/ORB_SLAM3/src/ros_mono.cc:17[m[K:
[11.284s] [01m[K/home/nvidia/projects/ORB_SLAM3/Examples/ROS/ORB_SLAM3/../../../Thirdparty/g2o/g2o/types/../core/base_binary_edge.h:59:82:[m[K [01;35m[Kwarning: [m[K‘[01m[KEigen::AlignedBit[m[K’ is deprecated [[01;35m[K-Wdeprecated-declarations[m[K]
[11.284s]    59 |       typedef Eigen::Map<Matrix<double, Di, Dj>, Matrix<double, Di, Dj>::Flags & [01;35m[KAlignedBit[m[K ? Aligned : Unaligned > HessianBlockType;
[11.284s]       |                                                                                  [01;35m[K^~~~~~~~~~[m[K
[11.284s] In file included from [01m[K/usr/include/eigen3/Eigen/Core:363[m[K,
[11.284s]                  from [01m[K/usr/include/eigen3/Eigen/LU:11[m[K,
[11.284s]                  from [01m[K/home/nvidia/projects/ORB_SLAM3/Examples/ROS/ORB_SLAM3/../../../Thirdparty/Sophus/sophus/so2.hpp:12[m[K,
[11.285s]                  from [01m[K/home/nvidia/projects/ORB_SLAM3/Examples/ROS/ORB_SLAM3/../../../Thirdparty/Sophus/sophus/se2.hpp:7[m[K,
[11.285s]                  from [01m[K/home/nvidia/projects/ORB_SLAM3/Examples/ROS/ORB_SLAM3/../../../Thirdparty/Sophus/sophus/geometry.hpp:7[m[K,
[11.285s]                  from [01m[K/home/nvidia/projects/ORB_SLAM3/Examples/ROS/ORB_SLAM3/src/../../../../include/Frame.h:28[m[K,
[11.285s]                  from [01m[K/home/nvidia/projects/ORB_SLAM3/Examples/ROS/ORB_SLAM3/src/../../../../include/KeyFrame.h:28[m[K,
[11.285s]                  from [01m[K/home/nvidia/projects/ORB_SLAM3/Examples/ROS/ORB_SLAM3/src/../../../../include/MapPoint.h:23[m[K,
[11.285s]                  from [01m[K/home/nvidia/projects/ORB_SLAM3/Examples/ROS/ORB_SLAM3/src/../../../../include/FrameDrawer.h:24[m[K,
[11.285s]                  from [01m[K/home/nvidia/projects/ORB_SLAM3/Examples/ROS/ORB_SLAM3/src/../../../../include/Viewer.h:23[m[K,
[11.286s]                  from [01m[K/home/nvidia/projects/ORB_SLAM3/Examples/ROS/ORB_SLAM3/src/../../../../include/Tracking.h:26[m[K,
[11.286s]                  from [01m[K/home/nvidia/projects/ORB_SLAM3/Examples/ROS/ORB_SLAM3/src/../../../../include/System.h:31[m[K,
[11.286s]                  from [01m[K/home/nvidia/projects/ORB_SLAM3/Examples/ROS/ORB_SLAM3/src/ros_mono.cc:17[m[K:
[11.286s] [01m[K/usr/include/eigen3/Eigen/src/Core/util/Constants.h:162:37:[m[K [01;36m[Knote: [m[Kdeclared here
[11.286s]   162 | EIGEN_DEPRECATED const unsigned int [01;36m[KAlignedBit[m[K = 0x80;
[11.286s]       |                                     [01;36m[K^~~~~~~~~~[m[K
[11.286s] In file included from [01m[K/home/nvidia/projects/ORB_SLAM3/Examples/ROS/ORB_SLAM3/../../../Thirdparty/g2o/g2o/types/types_six_dof_expmap.h:38[m[K,
[11.286s]                  from [01m[K/home/nvidia/projects/ORB_SLAM3/Examples/ROS/ORB_SLAM3/src/../../../../include/Converter.h:26[m[K,
[11.287s]                  from [01m[K/home/nvidia/projects/ORB_SLAM3/Examples/ROS/ORB_SLAM3/src/../../../../include/Frame.h:33[m[K,
[11.287s]                  from [01m[K/home/nvidia/projects/ORB_SLAM3/Examples/ROS/ORB_SLAM3/src/../../../../include/KeyFrame.h:28[m[K,
[11.287s]                  from [01m[K/home/nvidia/projects/ORB_SLAM3/Examples/ROS/ORB_SLAM3/src/../../../../include/MapPoint.h:23[m[K,
[11.287s]                  from [01m[K/home/nvidia/projects/ORB_SLAM3/Examples/ROS/ORB_SLAM3/src/../../../../include/FrameDrawer.h:24[m[K,
[11.287s]                  from [01m[K/home/nvidia/projects/ORB_SLAM3/Examples/ROS/ORB_SLAM3/src/../../../../include/Viewer.h:23[m[K,
[11.287s]                  from [01m[K/home/nvidia/projects/ORB_SLAM3/Examples/ROS/ORB_SLAM3/src/../../../../include/Tracking.h:26[m[K,
[11.287s]                  from [01m[K/home/nvidia/projects/ORB_SLAM3/Examples/ROS/ORB_SLAM3/src/../../../../include/System.h:31[m[K,
[11.287s]                  from [01m[K/home/nvidia/projects/ORB_SLAM3/Examples/ROS/ORB_SLAM3/src/ros_mono.cc:17[m[K:
[11.288s] [01m[K/home/nvidia/projects/ORB_SLAM3/Examples/ROS/ORB_SLAM3/../../../Thirdparty/g2o/g2o/types/../core/base_binary_edge.h:60:82:[m[K [01;35m[Kwarning: [m[K‘[01m[KEigen::AlignedBit[m[K’ is deprecated [[01;35m[K-Wdeprecated-declarations[m[K]
[11.288s]    60 |       typedef Eigen::Map<Matrix<double, Dj, Di>, Matrix<double, Dj, Di>::Flags & [01;35m[KAlignedBit[m[K ? Aligned : Unaligned > HessianBlockTransposedType;
[11.288s]       |                                                                                  [01;35m[K^~~~~~~~~~[m[K
[11.288s] In file included from [01m[K/usr/include/eigen3/Eigen/Core:363[m[K,
[11.288s]                  from [01m[K/usr/include/eigen3/Eigen/LU:11[m[K,
[11.288s]                  from [01m[K/home/nvidia/projects/ORB_SLAM3/Examples/ROS/ORB_SLAM3/../../../Thirdparty/Sophus/sophus/so2.hpp:12[m[K,
[11.288s]                  from [01m[K/home/nvidia/projects/ORB_SLAM3/Examples/ROS/ORB_SLAM3/../../../Thirdparty/Sophus/sophus/se2.hpp:7[m[K,
[11.289s]                  from [01m[K/home/nvidia/projects/ORB_SLAM3/Examples/ROS/ORB_SLAM3/../../../Thirdparty/Sophus/sophus/geometry.hpp:7[m[K,
[11.289s]                  from [01m[K/home/nvidia/projects/ORB_SLAM3/Examples/ROS/ORB_SLAM3/src/../../../../include/Frame.h:28[m[K,
[11.289s]                  from [01m[K/home/nvidia/projects/ORB_SLAM3/Examples/ROS/ORB_SLAM3/src/../../../../include/KeyFrame.h:28[m[K,
[11.289s]                  from [01m[K/home/nvidia/projects/ORB_SLAM3/Examples/ROS/ORB_SLAM3/src/../../../../include/MapPoint.h:23[m[K,
[11.289s]                  from [01m[K/home/nvidia/projects/ORB_SLAM3/Examples/ROS/ORB_SLAM3/src/../../../../include/FrameDrawer.h:24[m[K,
[11.289s]                  from [01m[K/home/nvidia/projects/ORB_SLAM3/Examples/ROS/ORB_SLAM3/src/../../../../include/Viewer.h:23[m[K,
[11.289s]                  from [01m[K/home/nvidia/projects/ORB_SLAM3/Examples/ROS/ORB_SLAM3/src/../../../../include/Tracking.h:26[m[K,
[11.289s]                  from [01m[K/home/nvidia/projects/ORB_SLAM3/Examples/ROS/ORB_SLAM3/src/../../../../include/System.h:31[m[K,
[11.290s]                  from [01m[K/home/nvidia/projects/ORB_SLAM3/Examples/ROS/ORB_SLAM3/src/ros_mono.cc:17[m[K:
[11.290s] [01m[K/usr/include/eigen3/Eigen/src/Core/util/Constants.h:162:37:[m[K [01;36m[Knote: [m[Kdeclared here
[11.290s]   162 | EIGEN_DEPRECATED const unsigned int [01;36m[KAlignedBit[m[K = 0x80;
[11.290s]       |                                     [01;36m[K^~~~~~~~~~[m[K
[12.037s] In file included from [01m[K/home/nvidia/projects/ORB_SLAM3/Examples/ROS/ORB_SLAM3/../../../Thirdparty/g2o/g2o/types/types_six_dof_expmap.h:37[m[K,
[12.038s]                  from [01m[K/home/nvidia/projects/ORB_SLAM3/Examples/ROS/ORB_SLAM3/src/../../../../include/Converter.h:26[m[K,
[12.038s]                  from [01m[K/home/nvidia/projects/ORB_SLAM3/Examples/ROS/ORB_SLAM3/src/../../../../include/Frame.h:33[m[K,
[12.038s]                  from [01m[K/home/nvidia/projects/ORB_SLAM3/Examples/ROS/ORB_SLAM3/src/../../../../include/KeyFrame.h:28[m[K,
[12.038s]                  from [01m[K/home/nvidia/projects/ORB_SLAM3/Examples/ROS/ORB_SLAM3/src/../../../../include/MapPoint.h:23[m[K,
[12.038s]                  from [01m[K/home/nvidia/projects/ORB_SLAM3/Examples/ROS/ORB_SLAM3/src/../../../../include/FrameDrawer.h:24[m[K,
[12.039s]                  from [01m[K/home/nvidia/projects/ORB_SLAM3/Examples/ROS/ORB_SLAM3/src/../../../../include/Viewer.h:23[m[K,
[12.039s]                  from [01m[K/home/nvidia/projects/ORB_SLAM3/Examples/ROS/ORB_SLAM3/src/../../../../include/Tracking.h:26[m[K,
[12.039s]                  from [01m[K/home/nvidia/projects/ORB_SLAM3/Examples/ROS/ORB_SLAM3/src/../../../../include/System.h:31[m[K,
[12.039s]                  from [01m[K/home/nvidia/projects/ORB_SLAM3/Examples/ROS/ORB_SLAM3/src/ros_mono.cc:17[m[K:
[12.039s] /home/nvidia/projects/ORB_SLAM3/Examples/ROS/ORB_SLAM3/../../../Thirdparty/g2o/g2o/types/../core/base_vertex.h: In instantiation of ‘[01m[Kclass g2o::BaseVertex<3, Eigen::Matrix<double, 3, 1> >[m[K’:
[12.040s] [01m[K/home/nvidia/projects/ORB_SLAM3/Examples/ROS/ORB_SLAM3/../../../Thirdparty/g2o/g2o/types/types_sba.h:40:35:[m[K   required from here
[12.040s] [01m[K/home/nvidia/projects/ORB_SLAM3/Examples/ROS/ORB_SLAM3/../../../Thirdparty/g2o/g2o/types/../core/base_vertex.h:62:72:[m[K [01;35m[Kwarning: [m[K‘[01m[KEigen::AlignedBit[m[K’ is deprecated [[01;35m[K-Wdeprecated-declarations[m[K]
[12.040s]    62 |     typedef Eigen::Map<Matrix<double, D, D>, Matrix<double,D,D>::[01;35m[KFlags & AlignedBit[m[K ? Aligned : Unaligned >  HessianBlockType;
[12.040s]       |                                                                  [01;35m[K~~~~~~^~~~~~~~~~~~[m[K
[12.040s] In file included from [01m[K/usr/include/eigen3/Eigen/Core:363[m[K,
[12.041s]                  from [01m[K/usr/include/eigen3/Eigen/LU:11[m[K,
[12.041s]                  from [01m[K/home/nvidia/projects/ORB_SLAM3/Examples/ROS/ORB_SLAM3/../../../Thirdparty/Sophus/sophus/so2.hpp:12[m[K,
[12.041s]                  from [01m[K/home/nvidia/projects/ORB_SLAM3/Examples/ROS/ORB_SLAM3/../../../Thirdparty/Sophus/sophus/se2.hpp:7[m[K,
[12.041s]                  from [01m[K/home/nvidia/projects/ORB_SLAM3/Examples/ROS/ORB_SLAM3/../../../Thirdparty/Sophus/sophus/geometry.hpp:7[m[K,
[12.041s]                  from [01m[K/home/nvidia/projects/ORB_SLAM3/Examples/ROS/ORB_SLAM3/src/../../../../include/Frame.h:28[m[K,
[12.041s]                  from [01m[K/home/nvidia/projects/ORB_SLAM3/Examples/ROS/ORB_SLAM3/src/../../../../include/KeyFrame.h:28[m[K,
[12.042s]                  from [01m[K/home/nvidia/projects/ORB_SLAM3/Examples/ROS/ORB_SLAM3/src/../../../../include/MapPoint.h:23[m[K,
[12.042s]                  from [01m[K/home/nvidia/projects/ORB_SLAM3/Examples/ROS/ORB_SLAM3/src/../../../../include/FrameDrawer.h:24[m[K,
[12.042s]                  from [01m[K/home/nvidia/projects/ORB_SLAM3/Examples/ROS/ORB_SLAM3/src/../../../../include/Viewer.h:23[m[K,
[12.042s]                  from [01m[K/home/nvidia/projects/ORB_SLAM3/Examples/ROS/ORB_SLAM3/src/../../../../include/Tracking.h:26[m[K,
[12.042s]                  from [01m[K/home/nvidia/projects/ORB_SLAM3/Examples/ROS/ORB_SLAM3/src/../../../../include/System.h:31[m[K,
[12.042s]                  from [01m[K/home/nvidia/projects/ORB_SLAM3/Examples/ROS/ORB_SLAM3/src/ros_mono.cc:17[m[K:
[12.043s] [01m[K/usr/include/eigen3/Eigen/src/Core/util/Constants.h:162:37:[m[K [01;36m[Knote: [m[Kdeclared here
[12.043s]   162 | EIGEN_DEPRECATED const unsigned int [01;36m[KAlignedBit[m[K = 0x80;
[12.043s]       |                                     [01;36m[K^~~~~~~~~~[m[K
[12.099s] In file included from [01m[K/home/nvidia/projects/ORB_SLAM3/Examples/ROS/ORB_SLAM3/../../../Thirdparty/g2o/g2o/types/types_six_dof_expmap.h:37[m[K,
[12.099s]                  from [01m[K/home/nvidia/projects/ORB_SLAM3/Examples/ROS/ORB_SLAM3/src/../../../../include/Converter.h:26[m[K,
[12.099s]                  from [01m[K/home/nvidia/projects/ORB_SLAM3/Examples/ROS/ORB_SLAM3/src/../../../../include/Frame.h:33[m[K,
[12.100s]                  from [01m[K/home/nvidia/projects/ORB_SLAM3/Examples/ROS/ORB_SLAM3/src/../../../../include/KeyFrame.h:28[m[K,
[12.100s]                  from [01m[K/home/nvidia/projects/ORB_SLAM3/Examples/ROS/ORB_SLAM3/src/../../../../include/MapPoint.h:23[m[K,
[12.101s]                  from [01m[K/home/nvidia/projects/ORB_SLAM3/Examples/ROS/ORB_SLAM3/src/../../../../include/FrameDrawer.h:24[m[K,
[12.102s]                  from [01m[K/home/nvidia/projects/ORB_SLAM3/Examples/ROS/ORB_SLAM3/src/../../../../include/Viewer.h:23[m[K,
[12.102s]                  from [01m[K/home/nvidia/projects/ORB_SLAM3/Examples/ROS/ORB_SLAM3/src/../../../../include/Tracking.h:26[m[K,
[12.103s]                  from [01m[K/home/nvidia/projects/ORB_SLAM3/Examples/ROS/ORB_SLAM3/src/../../../../include/System.h:31[m[K,
[12.103s]                  from [01m[K/home/nvidia/projects/ORB_SLAM3/Examples/ROS/ORB_SLAM3/src/ros_mono.cc:17[m[K:
[12.103s] /home/nvidia/projects/ORB_SLAM3/Examples/ROS/ORB_SLAM3/../../../Thirdparty/g2o/g2o/types/../core/base_vertex.h: In instantiation of ‘[01m[Kclass g2o::BaseVertex<6, g2o::SE3Quat>[m[K’:
[12.103s] [01m[K/home/nvidia/projects/ORB_SLAM3/Examples/ROS/ORB_SLAM3/../../../Thirdparty/g2o/g2o/types/types_six_dof_expmap.h:59:33:[m[K   required from here
[12.103s] [01m[K/home/nvidia/projects/ORB_SLAM3/Examples/ROS/ORB_SLAM3/../../../Thirdparty/g2o/g2o/types/../core/base_vertex.h:62:72:[m[K [01;35m[Kwarning: [m[K‘[01m[KEigen::AlignedBit[m[K’ is deprecated [[01;35m[K-Wdeprecated-declarations[m[K]
[12.104s]    62 |     typedef Eigen::Map<Matrix<double, D, D>, Matrix<double,D,D>::[01;35m[KFlags & AlignedBit[m[K ? Aligned : Unaligned >  HessianBlockType;
[12.104s]       |                                                                  [01;35m[K~~~~~~^~~~~~~~~~~~[m[K
[12.104s] In file included from [01m[K/usr/include/eigen3/Eigen/Core:363[m[K,
[12.104s]                  from [01m[K/usr/include/eigen3/Eigen/LU:11[m[K,
[12.104s]                  from [01m[K/home/nvidia/projects/ORB_SLAM3/Examples/ROS/ORB_SLAM3/../../../Thirdparty/Sophus/sophus/so2.hpp:12[m[K,
[12.105s]                  from [01m[K/home/nvidia/projects/ORB_SLAM3/Examples/ROS/ORB_SLAM3/../../../Thirdparty/Sophus/sophus/se2.hpp:7[m[K,
[12.105s]                  from [01m[K/home/nvidia/projects/ORB_SLAM3/Examples/ROS/ORB_SLAM3/../../../Thirdparty/Sophus/sophus/geometry.hpp:7[m[K,
[12.105s]                  from [01m[K/home/nvidia/projects/ORB_SLAM3/Examples/ROS/ORB_SLAM3/src/../../../../include/Frame.h:28[m[K,
[12.105s]                  from [01m[K/home/nvidia/projects/ORB_SLAM3/Examples/ROS/ORB_SLAM3/src/../../../../include/KeyFrame.h:28[m[K,
[12.106s]                  from [01m[K/home/nvidia/projects/ORB_SLAM3/Examples/ROS/ORB_SLAM3/src/../../../../include/MapPoint.h:23[m[K,
[12.106s]                  from [01m[K/home/nvidia/projects/ORB_SLAM3/Examples/ROS/ORB_SLAM3/src/../../../../include/FrameDrawer.h:24[m[K,
[12.106s]                  from [01m[K/home/nvidia/projects/ORB_SLAM3/Examples/ROS/ORB_SLAM3/src/../../../../include/Viewer.h:23[m[K,
[12.106s]                  from [01m[K/home/nvidia/projects/ORB_SLAM3/Examples/ROS/ORB_SLAM3/src/../../../../include/Tracking.h:26[m[K,
[12.106s]                  from [01m[K/home/nvidia/projects/ORB_SLAM3/Examples/ROS/ORB_SLAM3/src/../../../../include/System.h:31[m[K,
[12.106s]                  from [01m[K/home/nvidia/projects/ORB_SLAM3/Examples/ROS/ORB_SLAM3/src/ros_mono.cc:17[m[K:
[12.107s] [01m[K/usr/include/eigen3/Eigen/src/Core/util/Constants.h:162:37:[m[K [01;36m[Knote: [m[Kdeclared here
[12.107s]   162 | EIGEN_DEPRECATED const unsigned int [01;36m[KAlignedBit[m[K = 0x80;
[12.107s]       |                                     [01;36m[K^~~~~~~~~~[m[K
[12.162s] In file included from [01m[K/home/nvidia/projects/ORB_SLAM3/Examples/ROS/ORB_SLAM3/../../../Thirdparty/g2o/g2o/types/types_six_dof_expmap.h:38[m[K,
[12.162s]                  from [01m[K/home/nvidia/projects/ORB_SLAM3/Examples/ROS/ORB_SLAM3/src/../../../../include/Converter.h:26[m[K,
[12.162s]                  from [01m[K/home/nvidia/projects/ORB_SLAM3/Examples/ROS/ORB_SLAM3/src/../../../../include/Frame.h:33[m[K,
[12.162s]                  from [01m[K/home/nvidia/projects/ORB_SLAM3/Examples/ROS/ORB_SLAM3/src/../../../../include/KeyFrame.h:28[m[K,
[12.163s]                  from [01m[K/home/nvidia/projects/ORB_SLAM3/Examples/ROS/ORB_SLAM3/src/../../../../include/MapPoint.h:23[m[K,
[12.163s]                  from [01m[K/home/nvidia/projects/ORB_SLAM3/Examples/ROS/ORB_SLAM3/src/../../../../include/FrameDrawer.h:24[m[K,
[12.163s]                  from [01m[K/home/nvidia/projects/ORB_SLAM3/Examples/ROS/ORB_SLAM3/src/../../../../include/Viewer.h:23[m[K,
[12.163s]                  from [01m[K/home/nvidia/projects/ORB_SLAM3/Examples/ROS/ORB_SLAM3/src/../../../../include/Tracking.h:26[m[K,
[12.163s]                  from [01m[K/home/nvidia/projects/ORB_SLAM3/Examples/ROS/ORB_SLAM3/src/../../../../include/System.h:31[m[K,
[12.164s]                  from [01m[K/home/nvidia/projects/ORB_SLAM3/Examples/ROS/ORB_SLAM3/src/ros_mono.cc:17[m[K:
[12.164s] /home/nvidia/projects/ORB_SLAM3/Examples/ROS/ORB_SLAM3/../../../Thirdparty/g2o/g2o/types/../core/base_binary_edge.h: In instantiation of ‘[01m[Kclass g2o::BaseBinaryEdge<6, g2o::SE3Quat, g2o::VertexSE3Expmap, g2o::VertexSE3Expmap>[m[K’:
[12.164s] [01m[K/home/nvidia/projects/ORB_SLAM3/Examples/ROS/ORB_SLAM3/../../../Thirdparty/g2o/g2o/types/types_six_dof_expmap.h:83:24:[m[K   required from here
[12.164s] [01m[K/home/nvidia/projects/ORB_SLAM3/Examples/ROS/ORB_SLAM3/../../../Thirdparty/g2o/g2o/types/../core/base_binary_edge.h:59:80:[m[K [01;35m[Kwarning: [m[K‘[01m[KEigen::AlignedBit[m[K’ is deprecated [[01;35m[K-Wdeprecated-declarations[m[K]
[12.164s]    59 |       typedef Eigen::Map<Matrix<double, Di, Dj>, Matrix<double, Di, Dj>::[01;35m[KFlags & AlignedBit[m[K ? Aligned : Unaligned > HessianBlockType;
[12.164s]       |                                                                          [01;35m[K~~~~~~^~~~~~~~~~~~[m[K
[12.164s] In file included from [01m[K/usr/include/eigen3/Eigen/Core:363[m[K,
[12.165s]                  from [01m[K/usr/include/eigen3/Eigen/LU:11[m[K,
[12.165s]                  from [01m[K/home/nvidia/projects/ORB_SLAM3/Examples/ROS/ORB_SLAM3/../../../Thirdparty/Sophus/sophus/so2.hpp:12[m[K,
[12.165s]                  from [01m[K/home/nvidia/projects/ORB_SLAM3/Examples/ROS/ORB_SLAM3/../../../Thirdparty/Sophus/sophus/se2.hpp:7[m[K,
[12.165s]                  from [01m[K/home/nvidia/projects/ORB_SLAM3/Examples/ROS/ORB_SLAM3/../../../Thirdparty/Sophus/sophus/geometry.hpp:7[m[K,
[12.165s]                  from [01m[K/home/nvidia/projects/ORB_SLAM3/Examples/ROS/ORB_SLAM3/src/../../../../include/Frame.h:28[m[K,
[12.165s]                  from [01m[K/home/nvidia/projects/ORB_SLAM3/Examples/ROS/ORB_SLAM3/src/../../../../include/KeyFrame.h:28[m[K,
[12.166s]                  from [01m[K/home/nvidia/projects/ORB_SLAM3/Examples/ROS/ORB_SLAM3/src/../../../../include/MapPoint.h:23[m[K,
[12.166s]                  from [01m[K/home/nvidia/projects/ORB_SLAM3/Examples/ROS/ORB_SLAM3/src/../../../../include/FrameDrawer.h:24[m[K,
[12.166s]                  from [01m[K/home/nvidia/projects/ORB_SLAM3/Examples/ROS/ORB_SLAM3/src/../../../../include/Viewer.h:23[m[K,
[12.166s]                  from [01m[K/home/nvidia/projects/ORB_SLAM3/Examples/ROS/ORB_SLAM3/src/../../../../include/Tracking.h:26[m[K,
[12.166s]                  from [01m[K/home/nvidia/projects/ORB_SLAM3/Examples/ROS/ORB_SLAM3/src/../../../../include/System.h:31[m[K,
[12.166s]                  from [01m[K/home/nvidia/projects/ORB_SLAM3/Examples/ROS/ORB_SLAM3/src/ros_mono.cc:17[m[K:
[12.166s] [01m[K/usr/include/eigen3/Eigen/src/Core/util/Constants.h:162:37:[m[K [01;36m[Knote: [m[Kdeclared here
[12.166s]   162 | EIGEN_DEPRECATED const unsigned int [01;36m[KAlignedBit[m[K = 0x80;
[12.167s]       |                                     [01;36m[K^~~~~~~~~~[m[K
[12.167s] In file included from [01m[K/home/nvidia/projects/ORB_SLAM3/Examples/ROS/ORB_SLAM3/../../../Thirdparty/g2o/g2o/types/types_six_dof_expmap.h:38[m[K,
[12.167s]                  from [01m[K/home/nvidia/projects/ORB_SLAM3/Examples/ROS/ORB_SLAM3/src/../../../../include/Converter.h:26[m[K,
[12.167s]                  from [01m[K/home/nvidia/projects/ORB_SLAM3/Examples/ROS/ORB_SLAM3/src/../../../../include/Frame.h:33[m[K,
[12.167s]                  from [01m[K/home/nvidia/projects/ORB_SLAM3/Examples/ROS/ORB_SLAM3/src/../../../../include/KeyFrame.h:28[m[K,
[12.167s]                  from [01m[K/home/nvidia/projects/ORB_SLAM3/Examples/ROS/ORB_SLAM3/src/../../../../include/MapPoint.h:23[m[K,
[12.167s]                  from [01m[K/home/nvidia/projects/ORB_SLAM3/Examples/ROS/ORB_SLAM3/src/../../../../include/FrameDrawer.h:24[m[K,
[12.167s]                  from [01m[K/home/nvidia/projects/ORB_SLAM3/Examples/ROS/ORB_SLAM3/src/../../../../include/Viewer.h:23[m[K,
[12.168s]                  from [01m[K/home/nvidia/projects/ORB_SLAM3/Examples/ROS/ORB_SLAM3/src/../../../../include/Tracking.h:26[m[K,
[12.168s]                  from [01m[K/home/nvidia/projects/ORB_SLAM3/Examples/ROS/ORB_SLAM3/src/../../../../include/System.h:31[m[K,
[12.168s]                  from [01m[K/home/nvidia/projects/ORB_SLAM3/Examples/ROS/ORB_SLAM3/src/ros_mono.cc:17[m[K:
[12.168s] [01m[K/home/nvidia/projects/ORB_SLAM3/Examples/ROS/ORB_SLAM3/../../../Thirdparty/g2o/g2o/types/../core/base_binary_edge.h:60:80:[m[K [01;35m[Kwarning: [m[K‘[01m[KEigen::AlignedBit[m[K’ is deprecated [[01;35m[K-Wdeprecated-declarations[m[K]
[12.168s]    60 |       typedef Eigen::Map<Matrix<double, Dj, Di>, Matrix<double, Dj, Di>::[01;35m[KFlags & AlignedBit[m[K ? Aligned : Unaligned > HessianBlockTransposedType;
[12.169s]       |                                                                          [01;35m[K~~~~~~^~~~~~~~~~~~[m[K
[12.169s] In file included from [01m[K/usr/include/eigen3/Eigen/Core:363[m[K,
[12.169s]                  from [01m[K/usr/include/eigen3/Eigen/LU:11[m[K,
[12.169s]                  from [01m[K/home/nvidia/projects/ORB_SLAM3/Examples/ROS/ORB_SLAM3/../../../Thirdparty/Sophus/sophus/so2.hpp:12[m[K,
[12.169s]                  from [01m[K/home/nvidia/projects/ORB_SLAM3/Examples/ROS/ORB_SLAM3/../../../Thirdparty/Sophus/sophus/se2.hpp:7[m[K,
[12.169s]                  from [01m[K/home/nvidia/projects/ORB_SLAM3/Examples/ROS/ORB_SLAM3/../../../Thirdparty/Sophus/sophus/geometry.hpp:7[m[K,
[12.170s]                  from [01m[K/home/nvidia/projects/ORB_SLAM3/Examples/ROS/ORB_SLAM3/src/../../../../include/Frame.h:28[m[K,
[12.170s]                  from [01m[K/home/nvidia/projects/ORB_SLAM3/Examples/ROS/ORB_SLAM3/src/../../../../include/KeyFrame.h:28[m[K,
[12.170s]                  from [01m[K/home/nvidia/projects/ORB_SLAM3/Examples/ROS/ORB_SLAM3/src/../../../../include/MapPoint.h:23[m[K,
[12.170s]                  from [01m[K/home/nvidia/projects/ORB_SLAM3/Examples/ROS/ORB_SLAM3/src/../../../../include/FrameDrawer.h:24[m[K,
[12.170s]                  from [01m[K/home/nvidia/projects/ORB_SLAM3/Examples/ROS/ORB_SLAM3/src/../../../../include/Viewer.h:23[m[K,
[12.170s]                  from [01m[K/home/nvidia/projects/ORB_SLAM3/Examples/ROS/ORB_SLAM3/src/../../../../include/Tracking.h:26[m[K,
[12.171s]                  from [01m[K/home/nvidia/projects/ORB_SLAM3/Examples/ROS/ORB_SLAM3/src/../../../../include/System.h:31[m[K,
[12.171s]                  from [01m[K/home/nvidia/projects/ORB_SLAM3/Examples/ROS/ORB_SLAM3/src/ros_mono.cc:17[m[K:
[12.171s] [01m[K/usr/include/eigen3/Eigen/src/Core/util/Constants.h:162:37:[m[K [01;36m[Knote: [m[Kdeclared here
[12.171s]   162 | EIGEN_DEPRECATED const unsigned int [01;36m[KAlignedBit[m[K = 0x80;
[12.171s]       |                                     [01;36m[K^~~~~~~~~~[m[K
[12.311s] In file included from [01m[K/home/nvidia/projects/ORB_SLAM3/Examples/ROS/ORB_SLAM3/../../../Thirdparty/g2o/g2o/types/types_six_dof_expmap.h:38[m[K,
[12.312s]                  from [01m[K/home/nvidia/projects/ORB_SLAM3/Examples/ROS/ORB_SLAM3/src/../../../../include/Converter.h:26[m[K,
[12.312s]                  from [01m[K/home/nvidia/projects/ORB_SLAM3/Examples/ROS/ORB_SLAM3/src/../../../../include/Frame.h:33[m[K,
[12.312s]                  from [01m[K/home/nvidia/projects/ORB_SLAM3/Examples/ROS/ORB_SLAM3/src/../../../../include/KeyFrame.h:28[m[K,
[12.312s]                  from [01m[K/home/nvidia/projects/ORB_SLAM3/Examples/ROS/ORB_SLAM3/src/../../../../include/MapPoint.h:23[m[K,
[12.312s]                  from [01m[K/home/nvidia/projects/ORB_SLAM3/Examples/ROS/ORB_SLAM3/src/../../../../include/FrameDrawer.h:24[m[K,
[12.312s]                  from [01m[K/home/nvidia/projects/ORB_SLAM3/Examples/ROS/ORB_SLAM3/src/../../../../include/Viewer.h:23[m[K,
[12.313s]                  from [01m[K/home/nvidia/projects/ORB_SLAM3/Examples/ROS/ORB_SLAM3/src/../../../../include/Tracking.h:26[m[K,
[12.313s]                  from [01m[K/home/nvidia/projects/ORB_SLAM3/Examples/ROS/ORB_SLAM3/src/../../../../include/System.h:31[m[K,
[12.313s]                  from [01m[K/home/nvidia/projects/ORB_SLAM3/Examples/ROS/ORB_SLAM3/src/ros_mono.cc:17[m[K:
[12.313s] /home/nvidia/projects/ORB_SLAM3/Examples/ROS/ORB_SLAM3/../../../Thirdparty/g2o/g2o/types/../core/base_binary_edge.h: In instantiation of ‘[01m[Kclass g2o::BaseBinaryEdge<2, Eigen::Matrix<double, 2, 1>, g2o::VertexSBAPointXYZ, g2o::VertexSE3Expmap>[m[K’:
[12.313s] [01m[K/home/nvidia/projects/ORB_SLAM3/Examples/ROS/ORB_SLAM3/../../../Thirdparty/g2o/g2o/types/types_six_dof_expmap.h:114:35:[m[K   required from here
[12.313s] [01m[K/home/nvidia/projects/ORB_SLAM3/Examples/ROS/ORB_SLAM3/../../../Thirdparty/g2o/g2o/types/../core/base_binary_edge.h:59:80:[m[K [01;35m[Kwarning: [m[K‘[01m[KEigen::AlignedBit[m[K’ is deprecated [[01;35m[K-Wdeprecated-declarations[m[K]
[12.313s]    59 |       typedef Eigen::Map<Matrix<double, Di, Dj>, Matrix<double, Di, Dj>::[01;35m[KFlags & AlignedBit[m[K ? Aligned : Unaligned > HessianBlockType;
[12.314s]       |                                                                          [01;35m[K~~~~~~^~~~~~~~~~~~[m[K
[12.314s] In file included from [01m[K/usr/include/eigen3/Eigen/Core:363[m[K,
[12.314s]                  from [01m[K/usr/include/eigen3/Eigen/LU:11[m[K,
[12.314s]                  from [01m[K/home/nvidia/projects/ORB_SLAM3/Examples/ROS/ORB_SLAM3/../../../Thirdparty/Sophus/sophus/so2.hpp:12[m[K,
[12.314s]                  from [01m[K/home/nvidia/projects/ORB_SLAM3/Examples/ROS/ORB_SLAM3/../../../Thirdparty/Sophus/sophus/se2.hpp:7[m[K,
[12.314s]                  from [01m[K/home/nvidia/projects/ORB_SLAM3/Examples/ROS/ORB_SLAM3/../../../Thirdparty/Sophus/sophus/geometry.hpp:7[m[K,
[12.314s]                  from [01m[K/home/nvidia/projects/ORB_SLAM3/Examples/ROS/ORB_SLAM3/src/../../../../include/Frame.h:28[m[K,
[12.314s]                  from [01m[K/home/nvidia/projects/ORB_SLAM3/Examples/ROS/ORB_SLAM3/src/../../../../include/KeyFrame.h:28[m[K,
[12.315s]                  from [01m[K/home/nvidia/projects/ORB_SLAM3/Examples/ROS/ORB_SLAM3/src/../../../../include/MapPoint.h:23[m[K,
[12.315s]                  from [01m[K/home/nvidia/projects/ORB_SLAM3/Examples/ROS/ORB_SLAM3/src/../../../../include/FrameDrawer.h:24[m[K,
[12.315s]                  from [01m[K/home/nvidia/projects/ORB_SLAM3/Examples/ROS/ORB_SLAM3/src/../../../../include/Viewer.h:23[m[K,
[12.315s]                  from [01m[K/home/nvidia/projects/ORB_SLAM3/Examples/ROS/ORB_SLAM3/src/../../../../include/Tracking.h:26[m[K,
[12.315s]                  from [01m[K/home/nvidia/projects/ORB_SLAM3/Examples/ROS/ORB_SLAM3/src/../../../../include/System.h:31[m[K,
[12.315s]                  from [01m[K/home/nvidia/projects/ORB_SLAM3/Examples/ROS/ORB_SLAM3/src/ros_mono.cc:17[m[K:
[12.315s] [01m[K/usr/include/eigen3/Eigen/src/Core/util/Constants.h:162:37:[m[K [01;36m[Knote: [m[Kdeclared here
[12.315s]   162 | EIGEN_DEPRECATED const unsigned int [01;36m[KAlignedBit[m[K = 0x80;
[12.316s]       |                                     [01;36m[K^~~~~~~~~~[m[K
[12.341s] In file included from [01m[K/home/nvidia/projects/ORB_SLAM3/Examples/ROS/ORB_SLAM3/../../../Thirdparty/g2o/g2o/types/types_six_dof_expmap.h:38[m[K,
[12.342s]                  from [01m[K/home/nvidia/projects/ORB_SLAM3/Examples/ROS/ORB_SLAM3/src/../../../../include/Converter.h:26[m[K,
[12.342s]                  from [01m[K/home/nvidia/projects/ORB_SLAM3/Examples/ROS/ORB_SLAM3/src/../../../../include/Frame.h:33[m[K,
[12.342s]                  from [01m[K/home/nvidia/projects/ORB_SLAM3/Examples/ROS/ORB_SLAM3/src/../../../../include/KeyFrame.h:28[m[K,
[12.342s]                  from [01m[K/home/nvidia/projects/ORB_SLAM3/Examples/ROS/ORB_SLAM3/src/../../../../include/MapPoint.h:23[m[K,
[12.342s]                  from [01m[K/home/nvidia/projects/ORB_SLAM3/Examples/ROS/ORB_SLAM3/src/../../../../include/FrameDrawer.h:24[m[K,
[12.342s]                  from [01m[K/home/nvidia/projects/ORB_SLAM3/Examples/ROS/ORB_SLAM3/src/../../../../include/Viewer.h:23[m[K,
[12.342s]                  from [01m[K/home/nvidia/projects/ORB_SLAM3/Examples/ROS/ORB_SLAM3/src/../../../../include/Tracking.h:26[m[K,
[12.343s]                  from [01m[K/home/nvidia/projects/ORB_SLAM3/Examples/ROS/ORB_SLAM3/src/../../../../include/System.h:31[m[K,
[12.343s]                  from [01m[K/home/nvidia/projects/ORB_SLAM3/Examples/ROS/ORB_SLAM3/src/ros_mono.cc:17[m[K:
[12.343s] [01m[K/home/nvidia/projects/ORB_SLAM3/Examples/ROS/ORB_SLAM3/../../../Thirdparty/g2o/g2o/types/../core/base_binary_edge.h:60:80:[m[K [01;35m[Kwarning: [m[K‘[01m[KEigen::AlignedBit[m[K’ is deprecated [[01;35m[K-Wdeprecated-declarations[m[K]
[12.343s]    60 |       typedef Eigen::Map<Matrix<double, Dj, Di>, Matrix<double, Dj, Di>::[01;35m[KFlags & AlignedBit[m[K ? Aligned : Unaligned > HessianBlockTransposedType;
[12.343s]       |                                                                          [01;35m[K~~~~~~^~~~~~~~~~~~[m[K
[12.343s] In file included from [01m[K/usr/include/eigen3/Eigen/Core:363[m[K,
[12.344s]                  from [01m[K/usr/include/eigen3/Eigen/LU:11[m[K,
[12.344s]                  from [01m[K/home/nvidia/projects/ORB_SLAM3/Examples/ROS/ORB_SLAM3/../../../Thirdparty/Sophus/sophus/so2.hpp:12[m[K,
[12.344s]                  from [01m[K/home/nvidia/projects/ORB_SLAM3/Examples/ROS/ORB_SLAM3/../../../Thirdparty/Sophus/sophus/se2.hpp:7[m[K,
[12.344s]                  from [01m[K/home/nvidia/projects/ORB_SLAM3/Examples/ROS/ORB_SLAM3/../../../Thirdparty/Sophus/sophus/geometry.hpp:7[m[K,
[12.344s]                  from [01m[K/home/nvidia/projects/ORB_SLAM3/Examples/ROS/ORB_SLAM3/src/../../../../include/Frame.h:28[m[K,
[12.344s]                  from [01m[K/home/nvidia/projects/ORB_SLAM3/Examples/ROS/ORB_SLAM3/src/../../../../include/KeyFrame.h:28[m[K,
[12.344s]                  from [01m[K/home/nvidia/projects/ORB_SLAM3/Examples/ROS/ORB_SLAM3/src/../../../../include/MapPoint.h:23[m[K,
[12.345s]                  from [01m[K/home/nvidia/projects/ORB_SLAM3/Examples/ROS/ORB_SLAM3/src/../../../../include/FrameDrawer.h:24[m[K,
[12.345s]                  from [01m[K/home/nvidia/projects/ORB_SLAM3/Examples/ROS/ORB_SLAM3/src/../../../../include/Viewer.h:23[m[K,
[12.345s]                  from [01m[K/home/nvidia/projects/ORB_SLAM3/Examples/ROS/ORB_SLAM3/src/../../../../include/Tracking.h:26[m[K,
[12.345s]                  from [01m[K/home/nvidia/projects/ORB_SLAM3/Examples/ROS/ORB_SLAM3/src/../../../../include/System.h:31[m[K,
[12.345s]                  from [01m[K/home/nvidia/projects/ORB_SLAM3/Examples/ROS/ORB_SLAM3/src/ros_mono.cc:17[m[K:
[12.345s] [01m[K/usr/include/eigen3/Eigen/src/Core/util/Constants.h:162:37:[m[K [01;36m[Knote: [m[Kdeclared here
[12.345s]   162 | EIGEN_DEPRECATED const unsigned int [01;36m[KAlignedBit[m[K = 0x80;
[12.346s]       |                                     [01;36m[K^~~~~~~~~~[m[K
[12.466s] In file included from [01m[K/home/nvidia/projects/ORB_SLAM3/Examples/ROS/ORB_SLAM3/../../../Thirdparty/g2o/g2o/types/types_six_dof_expmap.h:38[m[K,
[12.466s]                  from [01m[K/home/nvidia/projects/ORB_SLAM3/Examples/ROS/ORB_SLAM3/src/../../../../include/Converter.h:26[m[K,
[12.467s]                  from [01m[K/home/nvidia/projects/ORB_SLAM3/Examples/ROS/ORB_SLAM3/src/../../../../include/Frame.h:33[m[K,
[12.467s]                  from [01m[K/home/nvidia/projects/ORB_SLAM3/Examples/ROS/ORB_SLAM3/src/../../../../include/KeyFrame.h:28[m[K,
[12.467s]                  from [01m[K/home/nvidia/projects/ORB_SLAM3/Examples/ROS/ORB_SLAM3/src/../../../../include/MapPoint.h:23[m[K,
[12.467s]                  from [01m[K/home/nvidia/projects/ORB_SLAM3/Examples/ROS/ORB_SLAM3/src/../../../../include/FrameDrawer.h:24[m[K,
[12.467s]                  from [01m[K/home/nvidia/projects/ORB_SLAM3/Examples/ROS/ORB_SLAM3/src/../../../../include/Viewer.h:23[m[K,
[12.467s]                  from [01m[K/home/nvidia/projects/ORB_SLAM3/Examples/ROS/ORB_SLAM3/src/../../../../include/Tracking.h:26[m[K,
[12.468s]                  from [01m[K/home/nvidia/projects/ORB_SLAM3/Examples/ROS/ORB_SLAM3/src/../../../../include/System.h:31[m[K,
[12.468s]                  from [01m[K/home/nvidia/projects/ORB_SLAM3/Examples/ROS/ORB_SLAM3/src/ros_mono.cc:17[m[K:
[12.468s] /home/nvidia/projects/ORB_SLAM3/Examples/ROS/ORB_SLAM3/../../../Thirdparty/g2o/g2o/types/../core/base_binary_edge.h: In instantiation of ‘[01m[Kclass g2o::BaseBinaryEdge<3, Eigen::Matrix<double, 3, 1>, g2o::VertexSBAPointXYZ, g2o::VertexSE3Expmap>[m[K’:
[12.468s] [01m[K/home/nvidia/projects/ORB_SLAM3/Examples/ROS/ORB_SLAM3/../../../Thirdparty/g2o/g2o/types/types_six_dof_expmap.h:146:41:[m[K   required from here
[12.468s] [01m[K/home/nvidia/projects/ORB_SLAM3/Examples/ROS/ORB_SLAM3/../../../Thirdparty/g2o/g2o/types/../core/base_binary_edge.h:59:80:[m[K [01;35m[Kwarning: [m[K‘[01m[KEigen::AlignedBit[m[K’ is deprecated [[01;35m[K-Wdeprecated-declarations[m[K]
[12.468s]    59 |       typedef Eigen::Map<Matrix<double, Di, Dj>, Matrix<double, Di, Dj>::[01;35m[KFlags & AlignedBit[m[K ? Aligned : Unaligned > HessianBlockType;
[12.468s]       |                                                                          [01;35m[K~~~~~~^~~~~~~~~~~~[m[K
[12.468s] In file included from [01m[K/usr/include/eigen3/Eigen/Core:363[m[K,
[12.469s]                  from [01m[K/usr/include/eigen3/Eigen/LU:11[m[K,
[12.469s]                  from [01m[K/home/nvidia/projects/ORB_SLAM3/Examples/ROS/ORB_SLAM3/../../../Thirdparty/Sophus/sophus/so2.hpp:12[m[K,
[12.469s]                  from [01m[K/home/nvidia/projects/ORB_SLAM3/Examples/ROS/ORB_SLAM3/../../../Thirdparty/Sophus/sophus/se2.hpp:7[m[K,
[12.469s]                  from [01m[K/home/nvidia/projects/ORB_SLAM3/Examples/ROS/ORB_SLAM3/../../../Thirdparty/Sophus/sophus/geometry.hpp:7[m[K,
[12.469s]                  from [01m[K/home/nvidia/projects/ORB_SLAM3/Examples/ROS/ORB_SLAM3/src/../../../../include/Frame.h:28[m[K,
[12.469s]                  from [01m[K/home/nvidia/projects/ORB_SLAM3/Examples/ROS/ORB_SLAM3/src/../../../../include/KeyFrame.h:28[m[K,
[12.469s]                  from [01m[K/home/nvidia/projects/ORB_SLAM3/Examples/ROS/ORB_SLAM3/src/../../../../include/MapPoint.h:23[m[K,
[12.469s]                  from [01m[K/home/nvidia/projects/ORB_SLAM3/Examples/ROS/ORB_SLAM3/src/../../../../include/FrameDrawer.h:24[m[K,
[12.470s]                  from [01m[K/home/nvidia/projects/ORB_SLAM3/Examples/ROS/ORB_SLAM3/src/../../../../include/Viewer.h:23[m[K,
[12.470s]                  from [01m[K/home/nvidia/projects/ORB_SLAM3/Examples/ROS/ORB_SLAM3/src/../../../../include/Tracking.h:26[m[K,
[12.470s]                  from [01m[K/home/nvidia/projects/ORB_SLAM3/Examples/ROS/ORB_SLAM3/src/../../../../include/System.h:31[m[K,
[12.470s]                  from [01m[K/home/nvidia/projects/ORB_SLAM3/Examples/ROS/ORB_SLAM3/src/ros_mono.cc:17[m[K:
[12.470s] [01m[K/usr/include/eigen3/Eigen/src/Core/util/Constants.h:162:37:[m[K [01;36m[Knote: [m[Kdeclared here
[12.470s]   162 | EIGEN_DEPRECATED const unsigned int [01;36m[KAlignedBit[m[K = 0x80;
[12.470s]       |                                     [01;36m[K^~~~~~~~~~[m[K
[12.471s] In file included from [01m[K/home/nvidia/projects/ORB_SLAM3/Examples/ROS/ORB_SLAM3/../../../Thirdparty/g2o/g2o/types/types_six_dof_expmap.h:38[m[K,
[12.471s]                  from [01m[K/home/nvidia/projects/ORB_SLAM3/Examples/ROS/ORB_SLAM3/src/../../../../include/Converter.h:26[m[K,
[12.471s]                  from [01m[K/home/nvidia/projects/ORB_SLAM3/Examples/ROS/ORB_SLAM3/src/../../../../include/Frame.h:33[m[K,
[12.471s]                  from [01m[K/home/nvidia/projects/ORB_SLAM3/Examples/ROS/ORB_SLAM3/src/../../../../include/KeyFrame.h:28[m[K,
[12.471s]                  from [01m[K/home/nvidia/projects/ORB_SLAM3/Examples/ROS/ORB_SLAM3/src/../../../../include/MapPoint.h:23[m[K,
[12.471s]                  from [01m[K/home/nvidia/projects/ORB_SLAM3/Examples/ROS/ORB_SLAM3/src/../../../../include/FrameDrawer.h:24[m[K,
[12.471s]                  from [01m[K/home/nvidia/projects/ORB_SLAM3/Examples/ROS/ORB_SLAM3/src/../../../../include/Viewer.h:23[m[K,
[12.471s]                  from [01m[K/home/nvidia/projects/ORB_SLAM3/Examples/ROS/ORB_SLAM3/src/../../../../include/Tracking.h:26[m[K,
[12.472s]                  from [01m[K/home/nvidia/projects/ORB_SLAM3/Examples/ROS/ORB_SLAM3/src/../../../../include/System.h:31[m[K,
[12.472s]                  from [01m[K/home/nvidia/projects/ORB_SLAM3/Examples/ROS/ORB_SLAM3/src/ros_mono.cc:17[m[K:
[12.472s] [01m[K/home/nvidia/projects/ORB_SLAM3/Examples/ROS/ORB_SLAM3/../../../Thirdparty/g2o/g2o/types/../core/base_binary_edge.h:60:80:[m[K [01;35m[Kwarning: [m[K‘[01m[KEigen::AlignedBit[m[K’ is deprecated [[01;35m[K-Wdeprecated-declarations[m[K]
[12.472s]    60 |       typedef Eigen::Map<Matrix<double, Dj, Di>, Matrix<double, Dj, Di>::[01;35m[KFlags & AlignedBit[m[K ? Aligned : Unaligned > HessianBlockTransposedType;
[12.472s]       |                                                                          [01;35m[K~~~~~~^~~~~~~~~~~~[m[K
[12.472s] In file included from [01m[K/usr/include/eigen3/Eigen/Core:363[m[K,
[12.472s]                  from [01m[K/usr/include/eigen3/Eigen/LU:11[m[K,
[12.472s]                  from [01m[K/home/nvidia/projects/ORB_SLAM3/Examples/ROS/ORB_SLAM3/../../../Thirdparty/Sophus/sophus/so2.hpp:12[m[K,
[12.473s]                  from [01m[K/home/nvidia/projects/ORB_SLAM3/Examples/ROS/ORB_SLAM3/../../../Thirdparty/Sophus/sophus/se2.hpp:7[m[K,
[12.473s]                  from [01m[K/home/nvidia/projects/ORB_SLAM3/Examples/ROS/ORB_SLAM3/../../../Thirdparty/Sophus/sophus/geometry.hpp:7[m[K,
[12.473s]                  from [01m[K/home/nvidia/projects/ORB_SLAM3/Examples/ROS/ORB_SLAM3/src/../../../../include/Frame.h:28[m[K,
[12.473s]                  from [01m[K/home/nvidia/projects/ORB_SLAM3/Examples/ROS/ORB_SLAM3/src/../../../../include/KeyFrame.h:28[m[K,
[12.473s]                  from [01m[K/home/nvidia/projects/ORB_SLAM3/Examples/ROS/ORB_SLAM3/src/../../../../include/MapPoint.h:23[m[K,
[12.473s]                  from [01m[K/home/nvidia/projects/ORB_SLAM3/Examples/ROS/ORB_SLAM3/src/../../../../include/FrameDrawer.h:24[m[K,
[12.474s]                  from [01m[K/home/nvidia/projects/ORB_SLAM3/Examples/ROS/ORB_SLAM3/src/../../../../include/Viewer.h:23[m[K,
[12.474s]                  from [01m[K/home/nvidia/projects/ORB_SLAM3/Examples/ROS/ORB_SLAM3/src/../../../../include/Tracking.h:26[m[K,
[12.474s]                  from [01m[K/home/nvidia/projects/ORB_SLAM3/Examples/ROS/ORB_SLAM3/src/../../../../include/System.h:31[m[K,
[12.474s]                  from [01m[K/home/nvidia/projects/ORB_SLAM3/Examples/ROS/ORB_SLAM3/src/ros_mono.cc:17[m[K:
[12.474s] [01m[K/usr/include/eigen3/Eigen/src/Core/util/Constants.h:162:37:[m[K [01;36m[Knote: [m[Kdeclared here
[12.474s]   162 | EIGEN_DEPRECATED const unsigned int [01;36m[KAlignedBit[m[K = 0x80;
[12.474s]       |                                     [01;36m[K^~~~~~~~~~[m[K
[12.907s] In file included from [01m[K/home/nvidia/projects/ORB_SLAM3/Examples/ROS/ORB_SLAM3/../../../Thirdparty/g2o/g2o/types/types_six_dof_expmap.h:37[m[K,
[12.907s]                  from [01m[K/home/nvidia/projects/ORB_SLAM3/Examples/ROS/ORB_SLAM3/src/../../../../include/Converter.h:26[m[K,
[12.908s]                  from [01m[K/home/nvidia/projects/ORB_SLAM3/Examples/ROS/ORB_SLAM3/src/../../../../include/Frame.h:33[m[K,
[12.908s]                  from [01m[K/home/nvidia/projects/ORB_SLAM3/Examples/ROS/ORB_SLAM3/src/../../../../include/KeyFrame.h:28[m[K,
[12.908s]                  from [01m[K/home/nvidia/projects/ORB_SLAM3/Examples/ROS/ORB_SLAM3/src/../../../../include/MapPoint.h:23[m[K,
[12.908s]                  from [01m[K/home/nvidia/projects/ORB_SLAM3/Examples/ROS/ORB_SLAM3/src/../../../../include/FrameDrawer.h:24[m[K,
[12.908s]                  from [01m[K/home/nvidia/projects/ORB_SLAM3/Examples/ROS/ORB_SLAM3/src/../../../../include/Viewer.h:23[m[K,
[12.908s]                  from [01m[K/home/nvidia/projects/ORB_SLAM3/Examples/ROS/ORB_SLAM3/src/../../../../include/Tracking.h:26[m[K,
[12.908s]                  from [01m[K/home/nvidia/projects/ORB_SLAM3/Examples/ROS/ORB_SLAM3/src/../../../../include/System.h:31[m[K,
[12.909s]                  from [01m[K/home/nvidia/projects/ORB_SLAM3/Examples/ROS/ORB_SLAM3/src/ros_mono.cc:17[m[K:
[12.909s] /home/nvidia/projects/ORB_SLAM3/Examples/ROS/ORB_SLAM3/../../../Thirdparty/g2o/g2o/types/../core/base_vertex.h: In instantiation of ‘[01m[Kclass g2o::BaseVertex<7, g2o::Sim3>[m[K’:
[12.909s] [01m[K/home/nvidia/projects/ORB_SLAM3/Examples/ROS/ORB_SLAM3/../../../Thirdparty/g2o/g2o/types/types_seven_dof_expmap.h:48:35:[m[K   required from here
[12.909s] [01m[K/home/nvidia/projects/ORB_SLAM3/Examples/ROS/ORB_SLAM3/../../../Thirdparty/g2o/g2o/types/../core/base_vertex.h:62:72:[m[K [01;35m[Kwarning: [m[K‘[01m[KEigen::AlignedBit[m[K’ is deprecated [[01;35m[K-Wdeprecated-declarations[m[K]
[12.909s]    62 |     typedef Eigen::Map<Matrix<double, D, D>, Matrix<double,D,D>::[01;35m[KFlags & AlignedBit[m[K ? Aligned : Unaligned >  HessianBlockType;
[12.909s]       |                                                                  [01;35m[K~~~~~~^~~~~~~~~~~~[m[K
[12.909s] In file included from [01m[K/usr/include/eigen3/Eigen/Core:363[m[K,
[12.910s]                  from [01m[K/usr/include/eigen3/Eigen/LU:11[m[K,
[12.910s]                  from [01m[K/home/nvidia/projects/ORB_SLAM3/Examples/ROS/ORB_SLAM3/../../../Thirdparty/Sophus/sophus/so2.hpp:12[m[K,
[12.910s]                  from [01m[K/home/nvidia/projects/ORB_SLAM3/Examples/ROS/ORB_SLAM3/../../../Thirdparty/Sophus/sophus/se2.hpp:7[m[K,
[12.910s]                  from [01m[K/home/nvidia/projects/ORB_SLAM3/Examples/ROS/ORB_SLAM3/../../../Thirdparty/Sophus/sophus/geometry.hpp:7[m[K,
[12.910s]                  from [01m[K/home/nvidia/projects/ORB_SLAM3/Examples/ROS/ORB_SLAM3/src/../../../../include/Frame.h:28[m[K,
[12.910s]                  from [01m[K/home/nvidia/projects/ORB_SLAM3/Examples/ROS/ORB_SLAM3/src/../../../../include/KeyFrame.h:28[m[K,
[12.910s]                  from [01m[K/home/nvidia/projects/ORB_SLAM3/Examples/ROS/ORB_SLAM3/src/../../../../include/MapPoint.h:23[m[K,
[12.910s]                  from [01m[K/home/nvidia/projects/ORB_SLAM3/Examples/ROS/ORB_SLAM3/src/../../../../include/FrameDrawer.h:24[m[K,
[12.911s]                  from [01m[K/home/nvidia/projects/ORB_SLAM3/Examples/ROS/ORB_SLAM3/src/../../../../include/Viewer.h:23[m[K,
[12.911s]                  from [01m[K/home/nvidia/projects/ORB_SLAM3/Examples/ROS/ORB_SLAM3/src/../../../../include/Tracking.h:26[m[K,
[12.911s]                  from [01m[K/home/nvidia/projects/ORB_SLAM3/Examples/ROS/ORB_SLAM3/src/../../../../include/System.h:31[m[K,
[12.911s]                  from [01m[K/home/nvidia/projects/ORB_SLAM3/Examples/ROS/ORB_SLAM3/src/ros_mono.cc:17[m[K:
[12.911s] [01m[K/usr/include/eigen3/Eigen/src/Core/util/Constants.h:162:37:[m[K [01;36m[Knote: [m[Kdeclared here
[12.911s]   162 | EIGEN_DEPRECATED const unsigned int [01;36m[KAlignedBit[m[K = 0x80;
[12.911s]       |                                     [01;36m[K^~~~~~~~~~[m[K
[12.974s] In file included from [01m[K/home/nvidia/projects/ORB_SLAM3/Examples/ROS/ORB_SLAM3/../../../Thirdparty/g2o/g2o/types/types_six_dof_expmap.h:38[m[K,
[12.974s]                  from [01m[K/home/nvidia/projects/ORB_SLAM3/Examples/ROS/ORB_SLAM3/src/../../../../include/Converter.h:26[m[K,
[12.975s]                  from [01m[K/home/nvidia/projects/ORB_SLAM3/Examples/ROS/ORB_SLAM3/src/../../../../include/Frame.h:33[m[K,
[12.975s]                  from [01m[K/home/nvidia/projects/ORB_SLAM3/Examples/ROS/ORB_SLAM3/src/../../../../include/KeyFrame.h:28[m[K,
[12.975s]                  from [01m[K/home/nvidia/projects/ORB_SLAM3/Examples/ROS/ORB_SLAM3/src/../../../../include/MapPoint.h:23[m[K,
[12.975s]                  from [01m[K/home/nvidia/projects/ORB_SLAM3/Examples/ROS/ORB_SLAM3/src/../../../../include/FrameDrawer.h:24[m[K,
[12.975s]                  from [01m[K/home/nvidia/projects/ORB_SLAM3/Examples/ROS/ORB_SLAM3/src/../../../../include/Viewer.h:23[m[K,
[12.976s]                  from [01m[K/home/nvidia/projects/ORB_SLAM3/Examples/ROS/ORB_SLAM3/src/../../../../include/Tracking.h:26[m[K,
[12.976s]                  from [01m[K/home/nvidia/projects/ORB_SLAM3/Examples/ROS/ORB_SLAM3/src/../../../../include/System.h:31[m[K,
[12.976s]                  from [01m[K/home/nvidia/projects/ORB_SLAM3/Examples/ROS/ORB_SLAM3/src/ros_mono.cc:17[m[K:
[12.976s] /home/nvidia/projects/ORB_SLAM3/Examples/ROS/ORB_SLAM3/../../../Thirdparty/g2o/g2o/types/../core/base_binary_edge.h: In instantiation of ‘[01m[Kclass g2o::BaseBinaryEdge<7, g2o::Sim3, g2o::VertexSim3Expmap, g2o::VertexSim3Expmap>[m[K’:
[12.976s] [01m[K/home/nvidia/projects/ORB_SLAM3/Examples/ROS/ORB_SLAM3/../../../Thirdparty/g2o/g2o/types/types_seven_dof_expmap.h:99:27:[m[K   required from here
[12.976s] [01m[K/home/nvidia/projects/ORB_SLAM3/Examples/ROS/ORB_SLAM3/../../../Thirdparty/g2o/g2o/types/../core/base_binary_edge.h:59:80:[m[K [01;35m[Kwarning: [m[K‘[01m[KEigen::AlignedBit[m[K’ is deprecated [[01;35m[K-Wdeprecated-declarations[m[K]
[12.976s]    59 |       typedef Eigen::Map<Matrix<double, Di, Dj>, Matrix<double, Di, Dj>::[01;35m[KFlags & AlignedBit[m[K ? Aligned : Unaligned > HessianBlockType;
[12.976s]       |                                                                          [01;35m[K~~~~~~^~~~~~~~~~~~[m[K
[12.977s] In file included from [01m[K/usr/include/eigen3/Eigen/Core:363[m[K,
[12.977s]                  from [01m[K/usr/include/eigen3/Eigen/LU:11[m[K,
[12.977s]                  from [01m[K/home/nvidia/projects/ORB_SLAM3/Examples/ROS/ORB_SLAM3/../../../Thirdparty/Sophus/sophus/so2.hpp:12[m[K,
[12.977s]                  from [01m[K/home/nvidia/projects/ORB_SLAM3/Examples/ROS/ORB_SLAM3/../../../Thirdparty/Sophus/sophus/se2.hpp:7[m[K,
[12.977s]                  from [01m[K/home/nvidia/projects/ORB_SLAM3/Examples/ROS/ORB_SLAM3/../../../Thirdparty/Sophus/sophus/geometry.hpp:7[m[K,
[12.977s]                  from [01m[K/home/nvidia/projects/ORB_SLAM3/Examples/ROS/ORB_SLAM3/src/../../../../include/Frame.h:28[m[K,
[12.977s]                  from [01m[K/home/nvidia/projects/ORB_SLAM3/Examples/ROS/ORB_SLAM3/src/../../../../include/KeyFrame.h:28[m[K,
[12.977s]                  from [01m[K/home/nvidia/projects/ORB_SLAM3/Examples/ROS/ORB_SLAM3/src/../../../../include/MapPoint.h:23[m[K,
[12.978s]                  from [01m[K/home/nvidia/projects/ORB_SLAM3/Examples/ROS/ORB_SLAM3/src/../../../../include/FrameDrawer.h:24[m[K,
[12.978s]                  from [01m[K/home/nvidia/projects/ORB_SLAM3/Examples/ROS/ORB_SLAM3/src/../../../../include/Viewer.h:23[m[K,
[12.978s]                  from [01m[K/home/nvidia/projects/ORB_SLAM3/Examples/ROS/ORB_SLAM3/src/../../../../include/Tracking.h:26[m[K,
[12.978s]                  from [01m[K/home/nvidia/projects/ORB_SLAM3/Examples/ROS/ORB_SLAM3/src/../../../../include/System.h:31[m[K,
[12.978s]                  from [01m[K/home/nvidia/projects/ORB_SLAM3/Examples/ROS/ORB_SLAM3/src/ros_mono.cc:17[m[K:
[12.978s] [01m[K/usr/include/eigen3/Eigen/src/Core/util/Constants.h:162:37:[m[K [01;36m[Knote: [m[Kdeclared here
[12.978s]   162 | EIGEN_DEPRECATED const unsigned int [01;36m[KAlignedBit[m[K = 0x80;
[12.979s]       |                                     [01;36m[K^~~~~~~~~~[m[K
[12.979s] In file included from [01m[K/home/nvidia/projects/ORB_SLAM3/Examples/ROS/ORB_SLAM3/../../../Thirdparty/g2o/g2o/types/types_six_dof_expmap.h:38[m[K,
[12.979s]                  from [01m[K/home/nvidia/projects/ORB_SLAM3/Examples/ROS/ORB_SLAM3/src/../../../../include/Converter.h:26[m[K,
[12.979s]                  from [01m[K/home/nvidia/projects/ORB_SLAM3/Examples/ROS/ORB_SLAM3/src/../../../../include/Frame.h:33[m[K,
[12.979s]                  from [01m[K/home/nvidia/projects/ORB_SLAM3/Examples/ROS/ORB_SLAM3/src/../../../../include/KeyFrame.h:28[m[K,
[12.979s]                  from [01m[K/home/nvidia/projects/ORB_SLAM3/Examples/ROS/ORB_SLAM3/src/../../../../include/MapPoint.h:23[m[K,
[12.979s]                  from [01m[K/home/nvidia/projects/ORB_SLAM3/Examples/ROS/ORB_SLAM3/src/../../../../include/FrameDrawer.h:24[m[K,
[12.979s]                  from [01m[K/home/nvidia/projects/ORB_SLAM3/Examples/ROS/ORB_SLAM3/src/../../../../include/Viewer.h:23[m[K,
[12.979s]                  from [01m[K/home/nvidia/projects/ORB_SLAM3/Examples/ROS/ORB_SLAM3/src/../../../../include/Tracking.h:26[m[K,
[12.980s]                  from [01m[K/home/nvidia/projects/ORB_SLAM3/Examples/ROS/ORB_SLAM3/src/../../../../include/System.h:31[m[K,
[12.980s]                  from [01m[K/home/nvidia/projects/ORB_SLAM3/Examples/ROS/ORB_SLAM3/src/ros_mono.cc:17[m[K:
[12.980s] [01m[K/home/nvidia/projects/ORB_SLAM3/Examples/ROS/ORB_SLAM3/../../../Thirdparty/g2o/g2o/types/../core/base_binary_edge.h:60:80:[m[K [01;35m[Kwarning: [m[K‘[01m[KEigen::AlignedBit[m[K’ is deprecated [[01;35m[K-Wdeprecated-declarations[m[K]
[12.980s]    60 |       typedef Eigen::Map<Matrix<double, Dj, Di>, Matrix<double, Dj, Di>::[01;35m[KFlags & AlignedBit[m[K ? Aligned : Unaligned > HessianBlockTransposedType;
[12.980s]       |                                                                          [01;35m[K~~~~~~^~~~~~~~~~~~[m[K
[12.980s] In file included from [01m[K/usr/include/eigen3/Eigen/Core:363[m[K,
[12.980s]                  from [01m[K/usr/include/eigen3/Eigen/LU:11[m[K,
[12.981s]                  from [01m[K/home/nvidia/projects/ORB_SLAM3/Examples/ROS/ORB_SLAM3/../../../Thirdparty/Sophus/sophus/so2.hpp:12[m[K,
[12.981s]                  from [01m[K/home/nvidia/projects/ORB_SLAM3/Examples/ROS/ORB_SLAM3/../../../Thirdparty/Sophus/sophus/se2.hpp:7[m[K,
[12.981s]                  from [01m[K/home/nvidia/projects/ORB_SLAM3/Examples/ROS/ORB_SLAM3/../../../Thirdparty/Sophus/sophus/geometry.hpp:7[m[K,
[12.981s]                  from [01m[K/home/nvidia/projects/ORB_SLAM3/Examples/ROS/ORB_SLAM3/src/../../../../include/Frame.h:28[m[K,
[12.981s]                  from [01m[K/home/nvidia/projects/ORB_SLAM3/Examples/ROS/ORB_SLAM3/src/../../../../include/KeyFrame.h:28[m[K,
[12.981s]                  from [01m[K/home/nvidia/projects/ORB_SLAM3/Examples/ROS/ORB_SLAM3/src/../../../../include/MapPoint.h:23[m[K,
[12.981s]                  from [01m[K/home/nvidia/projects/ORB_SLAM3/Examples/ROS/ORB_SLAM3/src/../../../../include/FrameDrawer.h:24[m[K,
[12.981s]                  from [01m[K/home/nvidia/projects/ORB_SLAM3/Examples/ROS/ORB_SLAM3/src/../../../../include/Viewer.h:23[m[K,
[12.982s]                  from [01m[K/home/nvidia/projects/ORB_SLAM3/Examples/ROS/ORB_SLAM3/src/../../../../include/Tracking.h:26[m[K,
[12.982s]                  from [01m[K/home/nvidia/projects/ORB_SLAM3/Examples/ROS/ORB_SLAM3/src/../../../../include/System.h:31[m[K,
[12.982s]                  from [01m[K/home/nvidia/projects/ORB_SLAM3/Examples/ROS/ORB_SLAM3/src/ros_mono.cc:17[m[K:
[12.982s] [01m[K/usr/include/eigen3/Eigen/src/Core/util/Constants.h:162:37:[m[K [01;36m[Knote: [m[Kdeclared here
[12.982s]   162 | EIGEN_DEPRECATED const unsigned int [01;36m[KAlignedBit[m[K = 0x80;
[12.982s]       |                                     [01;36m[K^~~~~~~~~~[m[K
[13.068s] In file included from [01m[K/home/nvidia/projects/ORB_SLAM3/Examples/ROS/ORB_SLAM3/../../../Thirdparty/g2o/g2o/types/types_six_dof_expmap.h:38[m[K,
[13.069s]                  from [01m[K/home/nvidia/projects/ORB_SLAM3/Examples/ROS/ORB_SLAM3/src/../../../../include/Converter.h:26[m[K,
[13.069s]                  from [01m[K/home/nvidia/projects/ORB_SLAM3/Examples/ROS/ORB_SLAM3/src/../../../../include/Frame.h:33[m[K,
[13.069s]                  from [01m[K/home/nvidia/projects/ORB_SLAM3/Examples/ROS/ORB_SLAM3/src/../../../../include/KeyFrame.h:28[m[K,
[13.069s]                  from [01m[K/home/nvidia/projects/ORB_SLAM3/Examples/ROS/ORB_SLAM3/src/../../../../include/MapPoint.h:23[m[K,
[13.069s]                  from [01m[K/home/nvidia/projects/ORB_SLAM3/Examples/ROS/ORB_SLAM3/src/../../../../include/FrameDrawer.h:24[m[K,
[13.069s]                  from [01m[K/home/nvidia/projects/ORB_SLAM3/Examples/ROS/ORB_SLAM3/src/../../../../include/Viewer.h:23[m[K,
[13.069s]                  from [01m[K/home/nvidia/projects/ORB_SLAM3/Examples/ROS/ORB_SLAM3/src/../../../../include/Tracking.h:26[m[K,
[13.070s]                  from [01m[K/home/nvidia/projects/ORB_SLAM3/Examples/ROS/ORB_SLAM3/src/../../../../include/System.h:31[m[K,
[13.070s]                  from [01m[K/home/nvidia/projects/ORB_SLAM3/Examples/ROS/ORB_SLAM3/src/ros_mono.cc:17[m[K:
[13.070s] /home/nvidia/projects/ORB_SLAM3/Examples/ROS/ORB_SLAM3/../../../Thirdparty/g2o/g2o/types/../core/base_binary_edge.h: In instantiation of ‘[01m[Kclass g2o::BaseBinaryEdge<2, Eigen::Matrix<double, 2, 1>, g2o::VertexSBAPointXYZ, g2o::VertexSim3Expmap>[m[K’:
[13.070s] [01m[K/home/nvidia/projects/ORB_SLAM3/Examples/ROS/ORB_SLAM3/../../../Thirdparty/g2o/g2o/types/types_seven_dof_expmap.h:130:36:[m[K   required from here
[13.070s] [01m[K/home/nvidia/projects/ORB_SLAM3/Examples/ROS/ORB_SLAM3/../../../Thirdparty/g2o/g2o/types/../core/base_binary_edge.h:59:80:[m[K [01;35m[Kwarning: [m[K‘[01m[KEigen::AlignedBit[m[K’ is deprecated [[01;35m[K-Wdeprecated-declarations[m[K]
[13.070s]    59 |       typedef Eigen::Map<Matrix<double, Di, Dj>, Matrix<double, Di, Dj>::[01;35m[KFlags & AlignedBit[m[K ? Aligned : Unaligned > HessianBlockType;
[13.071s]       |                                                                          [01;35m[K~~~~~~^~~~~~~~~~~~[m[K
[13.071s] In file included from [01m[K/usr/include/eigen3/Eigen/Core:363[m[K,
[13.071s]                  from [01m[K/usr/include/eigen3/Eigen/LU:11[m[K,
[13.071s]                  from [01m[K/home/nvidia/projects/ORB_SLAM3/Examples/ROS/ORB_SLAM3/../../../Thirdparty/Sophus/sophus/so2.hpp:12[m[K,
[13.071s]                  from [01m[K/home/nvidia/projects/ORB_SLAM3/Examples/ROS/ORB_SLAM3/../../../Thirdparty/Sophus/sophus/se2.hpp:7[m[K,
[13.071s]                  from [01m[K/home/nvidia/projects/ORB_SLAM3/Examples/ROS/ORB_SLAM3/../../../Thirdparty/Sophus/sophus/geometry.hpp:7[m[K,
[13.071s]                  from [01m[K/home/nvidia/projects/ORB_SLAM3/Examples/ROS/ORB_SLAM3/src/../../../../include/Frame.h:28[m[K,
[13.072s]                  from [01m[K/home/nvidia/projects/ORB_SLAM3/Examples/ROS/ORB_SLAM3/src/../../../../include/KeyFrame.h:28[m[K,
[13.072s]                  from [01m[K/home/nvidia/projects/ORB_SLAM3/Examples/ROS/ORB_SLAM3/src/../../../../include/MapPoint.h:23[m[K,
[13.072s]                  from [01m[K/home/nvidia/projects/ORB_SLAM3/Examples/ROS/ORB_SLAM3/src/../../../../include/FrameDrawer.h:24[m[K,
[13.072s]                  from [01m[K/home/nvidia/projects/ORB_SLAM3/Examples/ROS/ORB_SLAM3/src/../../../../include/Viewer.h:23[m[K,
[13.072s]                  from [01m[K/home/nvidia/projects/ORB_SLAM3/Examples/ROS/ORB_SLAM3/src/../../../../include/Tracking.h:26[m[K,
[13.072s]                  from [01m[K/home/nvidia/projects/ORB_SLAM3/Examples/ROS/ORB_SLAM3/src/../../../../include/System.h:31[m[K,
[13.073s]                  from [01m[K/home/nvidia/projects/ORB_SLAM3/Examples/ROS/ORB_SLAM3/src/ros_mono.cc:17[m[K:
[13.073s] [01m[K/usr/include/eigen3/Eigen/src/Core/util/Constants.h:162:37:[m[K [01;36m[Knote: [m[Kdeclared here
[13.073s]   162 | EIGEN_DEPRECATED const unsigned int [01;36m[KAlignedBit[m[K = 0x80;
[13.073s]       |                                     [01;36m[K^~~~~~~~~~[m[K
[13.099s] In file included from [01m[K/home/nvidia/projects/ORB_SLAM3/Examples/ROS/ORB_SLAM3/../../../Thirdparty/g2o/g2o/types/types_six_dof_expmap.h:38[m[K,
[13.099s]                  from [01m[K/home/nvidia/projects/ORB_SLAM3/Examples/ROS/ORB_SLAM3/src/../../../../include/Converter.h:26[m[K,
[13.100s]                  from [01m[K/home/nvidia/projects/ORB_SLAM3/Examples/ROS/ORB_SLAM3/src/../../../../include/Frame.h:33[m[K,
[13.100s]                  from [01m[K/home/nvidia/projects/ORB_SLAM3/Examples/ROS/ORB_SLAM3/src/../../../../include/KeyFrame.h:28[m[K,
[13.101s]                  from [01m[K/home/nvidia/projects/ORB_SLAM3/Examples/ROS/ORB_SLAM3/src/../../../../include/MapPoint.h:23[m[K,
[13.101s]                  from [01m[K/home/nvidia/projects/ORB_SLAM3/Examples/ROS/ORB_SLAM3/src/../../../../include/FrameDrawer.h:24[m[K,
[13.101s]                  from [01m[K/home/nvidia/projects/ORB_SLAM3/Examples/ROS/ORB_SLAM3/src/../../../../include/Viewer.h:23[m[K,
[13.101s]                  from [01m[K/home/nvidia/projects/ORB_SLAM3/Examples/ROS/ORB_SLAM3/src/../../../../include/Tracking.h:26[m[K,
[13.101s]                  from [01m[K/home/nvidia/projects/ORB_SLAM3/Examples/ROS/ORB_SLAM3/src/../../../../include/System.h:31[m[K,
[13.101s]                  from [01m[K/home/nvidia/projects/ORB_SLAM3/Examples/ROS/ORB_SLAM3/src/ros_mono.cc:17[m[K:
[13.101s] [01m[K/home/nvidia/projects/ORB_SLAM3/Examples/ROS/ORB_SLAM3/../../../Thirdparty/g2o/g2o/types/../core/base_binary_edge.h:60:80:[m[K [01;35m[Kwarning: [m[K‘[01m[KEigen::AlignedBit[m[K’ is deprecated [[01;35m[K-Wdeprecated-declarations[m[K]
[13.102s]    60 |       typedef Eigen::Map<Matrix<double, Dj, Di>, Matrix<double, Dj, Di>::[01;35m[KFlags & AlignedBit[m[K ? Aligned : Unaligned > HessianBlockTransposedType;
[13.102s]       |                                                                          [01;35m[K~~~~~~^~~~~~~~~~~~[m[K
[13.102s] In file included from [01m[K/usr/include/eigen3/Eigen/Core:363[m[K,
[13.102s]                  from [01m[K/usr/include/eigen3/Eigen/LU:11[m[K,
[13.102s]                  from [01m[K/home/nvidia/projects/ORB_SLAM3/Examples/ROS/ORB_SLAM3/../../../Thirdparty/Sophus/sophus/so2.hpp:12[m[K,
[13.102s]                  from [01m[K/home/nvidia/projects/ORB_SLAM3/Examples/ROS/ORB_SLAM3/../../../Thirdparty/Sophus/sophus/se2.hpp:7[m[K,
[13.102s]                  from [01m[K/home/nvidia/projects/ORB_SLAM3/Examples/ROS/ORB_SLAM3/../../../Thirdparty/Sophus/sophus/geometry.hpp:7[m[K,
[13.103s]                  from [01m[K/home/nvidia/projects/ORB_SLAM3/Examples/ROS/ORB_SLAM3/src/../../../../include/Frame.h:28[m[K,
[13.103s]                  from [01m[K/home/nvidia/projects/ORB_SLAM3/Examples/ROS/ORB_SLAM3/src/../../../../include/KeyFrame.h:28[m[K,
[13.103s]                  from [01m[K/home/nvidia/projects/ORB_SLAM3/Examples/ROS/ORB_SLAM3/src/../../../../include/MapPoint.h:23[m[K,
[13.103s]                  from [01m[K/home/nvidia/projects/ORB_SLAM3/Examples/ROS/ORB_SLAM3/src/../../../../include/FrameDrawer.h:24[m[K,
[13.103s]                  from [01m[K/home/nvidia/projects/ORB_SLAM3/Examples/ROS/ORB_SLAM3/src/../../../../include/Viewer.h:23[m[K,
[13.103s]                  from [01m[K/home/nvidia/projects/ORB_SLAM3/Examples/ROS/ORB_SLAM3/src/../../../../include/Tracking.h:26[m[K,
[13.103s]                  from [01m[K/home/nvidia/projects/ORB_SLAM3/Examples/ROS/ORB_SLAM3/src/../../../../include/System.h:31[m[K,
[13.103s]                  from [01m[K/home/nvidia/projects/ORB_SLAM3/Examples/ROS/ORB_SLAM3/src/ros_mono.cc:17[m[K:
[13.104s] [01m[K/usr/include/eigen3/Eigen/src/Core/util/Constants.h:162:37:[m[K [01;36m[Knote: [m[Kdeclared here
[13.104s]   162 | EIGEN_DEPRECATED const unsigned int [01;36m[KAlignedBit[m[K = 0x80;
[13.104s]       |                                     [01;36m[K^~~~~~~~~~[m[K
[14.493s] In file included from [01m[K/home/nvidia/projects/ORB_SLAM3/Examples/ROS/ORB_SLAM3/src/../../../../include/Atlas.h:27[m[K,
[14.493s]                  from [01m[K/home/nvidia/projects/ORB_SLAM3/Examples/ROS/ORB_SLAM3/src/../../../../include/FrameDrawer.h:25[m[K,
[14.494s]                  from [01m[K/home/nvidia/projects/ORB_SLAM3/Examples/ROS/ORB_SLAM3/src/../../../../include/Viewer.h:23[m[K,
[14.494s]                  from [01m[K/home/nvidia/projects/ORB_SLAM3/Examples/ROS/ORB_SLAM3/src/../../../../include/Tracking.h:26[m[K,
[14.494s]                  from [01m[K/home/nvidia/projects/ORB_SLAM3/Examples/ROS/ORB_SLAM3/src/../../../../include/System.h:31[m[K,
[14.494s]                  from [01m[K/home/nvidia/projects/ORB_SLAM3/Examples/ROS/ORB_SLAM3/src/ros_mono.cc:17[m[K:
[14.494s] [01m[K/home/nvidia/projects/ORB_SLAM3/Examples/ROS/ORB_SLAM3/../../../include/CameraModels/KannalaBrandt8.h:[m[K In constructor ‘[01m[KORB_SLAM3::KannalaBrandt8::KannalaBrandt8(std::vector<float>)[m[K’:
[14.494s] [01m[K/home/nvidia/projects/ORB_SLAM3/Examples/ROS/ORB_SLAM3/../../../include/CameraModels/KannalaBrandt8.h:102:21:[m[K [01;35m[Kwarning: [m[K‘[01m[KORB_SLAM3::KannalaBrandt8::precision[m[K’ will be initialized after [[01;35m[K-Wreorder[m[K]
[14.495s]   102 |         const float [01;35m[Kprecision[m[K;
[14.495s]       |                     [01;35m[K^~~~~~~~~[m[K
[14.495s] [01m[K/home/nvidia/projects/ORB_SLAM3/Examples/ROS/ORB_SLAM3/../../../include/CameraModels/KannalaBrandt8.h:88:26:[m[K [01;35m[Kwarning: [m[K  ‘[01m[Kstd::vector<int> ORB_SLAM3::KannalaBrandt8::mvLappingArea[m[K’ [[01;35m[K-Wreorder[m[K]
[14.495s]    88 |         std::vector<int> [01;35m[KmvLappingArea[m[K;
[14.495s]       |                          [01;35m[K^~~~~~~~~~~~~[m[K
[14.495s] In file included from [01m[K/home/nvidia/projects/ORB_SLAM3/Examples/ROS/ORB_SLAM3/src/../../../../include/Atlas.h:27[m[K,
[14.495s]                  from [01m[K/home/nvidia/projects/ORB_SLAM3/Examples/ROS/ORB_SLAM3/src/../../../../include/FrameDrawer.h:25[m[K,
[14.496s]                  from [01m[K/home/nvidia/projects/ORB_SLAM3/Examples/ROS/ORB_SLAM3/src/../../../../include/Viewer.h:23[m[K,
[14.496s]                  from [01m[K/home/nvidia/projects/ORB_SLAM3/Examples/ROS/ORB_SLAM3/src/../../../../include/Tracking.h:26[m[K,
[14.496s]                  from [01m[K/home/nvidia/projects/ORB_SLAM3/Examples/ROS/ORB_SLAM3/src/../../../../include/System.h:31[m[K,
[14.496s]                  from [01m[K/home/nvidia/projects/ORB_SLAM3/Examples/ROS/ORB_SLAM3/src/ros_mono.cc:17[m[K:
[14.496s] [01m[K/home/nvidia/projects/ORB_SLAM3/Examples/ROS/ORB_SLAM3/../../../include/CameraModels/KannalaBrandt8.h:47:9:[m[K [01;35m[Kwarning: [m[K  when initialized here [[01;35m[K-Wreorder[m[K]
[14.496s]    47 |         [01;35m[KKannalaBrandt8[m[K(const std::vector<float> _vParameters) : GeometricCamera(_vParameters), precision(1e-6), mvLappingArea(2,0) ,tvr(nullptr) {
[14.496s]       |         [01;35m[K^~~~~~~~~~~~~~[m[K
[14.496s] In file included from [01m[K/home/nvidia/projects/ORB_SLAM3/Examples/ROS/ORB_SLAM3/src/../../../../include/Atlas.h:27[m[K,
[14.497s]                  from [01m[K/home/nvidia/projects/ORB_SLAM3/Examples/ROS/ORB_SLAM3/src/../../../../include/FrameDrawer.h:25[m[K,
[14.497s]                  from [01m[K/home/nvidia/projects/ORB_SLAM3/Examples/ROS/ORB_SLAM3/src/../../../../include/Viewer.h:23[m[K,
[14.497s]                  from [01m[K/home/nvidia/projects/ORB_SLAM3/Examples/ROS/ORB_SLAM3/src/../../../../include/Tracking.h:26[m[K,
[14.497s]                  from [01m[K/home/nvidia/projects/ORB_SLAM3/Examples/ROS/ORB_SLAM3/src/../../../../include/System.h:31[m[K,
[14.497s]                  from [01m[K/home/nvidia/projects/ORB_SLAM3/Examples/ROS/ORB_SLAM3/src/ros_mono.cc:17[m[K:
[14.497s] [01m[K/home/nvidia/projects/ORB_SLAM3/Examples/ROS/ORB_SLAM3/../../../include/CameraModels/KannalaBrandt8.h:[m[K In constructor ‘[01m[KORB_SLAM3::KannalaBrandt8::KannalaBrandt8(std::vector<float>, float)[m[K’:
[14.497s] [01m[K/home/nvidia/projects/ORB_SLAM3/Examples/ROS/ORB_SLAM3/../../../include/CameraModels/KannalaBrandt8.h:102:21:[m[K [01;35m[Kwarning: [m[K‘[01m[KORB_SLAM3::KannalaBrandt8::precision[m[K’ will be initialized after [[01;35m[K-Wreorder[m[K]
[14.497s]   102 |         const float [01;35m[Kprecision[m[K;
[14.498s]       |                     [01;35m[K^~~~~~~~~[m[K
[14.498s] [01m[K/home/nvidia/projects/ORB_SLAM3/Examples/ROS/ORB_SLAM3/../../../include/CameraModels/KannalaBrandt8.h:88:26:[m[K [01;35m[Kwarning: [m[K  ‘[01m[Kstd::vector<int> ORB_SLAM3::KannalaBrandt8::mvLappingArea[m[K’ [[01;35m[K-Wreorder[m[K]
[14.498s]    88 |         std::vector<int> [01;35m[KmvLappingArea[m[K;
[14.498s]       |                          [01;35m[K^~~~~~~~~~~~~[m[K
[14.498s] [01m[K/home/nvidia/projects/ORB_SLAM3/Examples/ROS/ORB_SLAM3/../../../include/CameraModels/KannalaBrandt8.h:53:9:[m[K [01;35m[Kwarning: [m[K  when initialized here [[01;35m[K-Wreorder[m[K]
[14.498s]    53 |         [01;35m[KKannalaBrandt8[m[K(const std::vector<float> _vParameters, const float _precision) : GeometricCamera(_vParameters),
[14.498s]       |         [01;35m[K^~~~~~~~~~~~~~[m[K
[14.499s] [01m[K/home/nvidia/projects/ORB_SLAM3/Examples/ROS/ORB_SLAM3/../../../include/CameraModels/KannalaBrandt8.h:[m[K In constructor ‘[01m[KORB_SLAM3::KannalaBrandt8::KannalaBrandt8(ORB_SLAM3::KannalaBrandt8*)[m[K’:
[14.499s] [01m[K/home/nvidia/projects/ORB_SLAM3/Examples/ROS/ORB_SLAM3/../../../include/CameraModels/KannalaBrandt8.h:102:21:[m[K [01;35m[Kwarning: [m[K‘[01m[KORB_SLAM3::KannalaBrandt8::precision[m[K’ will be initialized after [[01;35m[K-Wreorder[m[K]
[14.499s]   102 |         const float [01;35m[Kprecision[m[K;
[14.499s]       |                     [01;35m[K^~~~~~~~~[m[K
[14.499s] [01m[K/home/nvidia/projects/ORB_SLAM3/Examples/ROS/ORB_SLAM3/../../../include/CameraModels/KannalaBrandt8.h:88:26:[m[K [01;35m[Kwarning: [m[K  ‘[01m[Kstd::vector<int> ORB_SLAM3::KannalaBrandt8::mvLappingArea[m[K’ [[01;35m[K-Wreorder[m[K]
[14.499s]    88 |         std::vector<int> [01;35m[KmvLappingArea[m[K;
[14.499s]       |                          [01;35m[K^~~~~~~~~~~~~[m[K
[14.499s] [01m[K/home/nvidia/projects/ORB_SLAM3/Examples/ROS/ORB_SLAM3/../../../include/CameraModels/KannalaBrandt8.h:59:9:[m[K [01;35m[Kwarning: [m[K  when initialized here [[01;35m[K-Wreorder[m[K]
[14.500s]    59 |         [01;35m[KKannalaBrandt8[m[K(KannalaBrandt8* pKannala) : GeometricCamera(pKannala->mvParameters), precision(pKannala->precision), mvLappingArea(2,0) ,tvr(nullptr) {
[14.500s]       |         [01;35m[K^~~~~~~~~~~~~~[m[K
[15.182s] [01m[K/home/nvidia/projects/ORB_SLAM3/Examples/ROS/ORB_SLAM3/src/ros_mono.cc:[m[K In member function ‘[01m[Kvoid ImageGrabber::GrabImage(sensor_msgs::msg::Image_<std::allocator<void> >::SharedPtr)[m[K’:
[15.183s] [01m[K/home/nvidia/projects/ORB_SLAM3/Examples/ROS/ORB_SLAM3/src/ros_mono.cc:45:9:[m[K [01;31m[Kerror: [m[Kexpected ‘[01m[K;[m[K’ before ‘[01m[Kif[m[K’
[15.183s]    45 |         [01;31m[Kif[m[K (im.empty())
[15.183s]       |         [01;31m[K^~[m[K
[20.080s] make[2]: *** [CMakeFiles/mono.dir/build.make:63: CMakeFiles/mono.dir/src/ros_mono.cc.o] Interrupt
[20.080s] make[1]: *** [CMakeFiles/Makefile2:80: CMakeFiles/mono.dir/all] Interrupt
[20.081s] make: *** [Makefile:141: all] Interrupt
[20.175s] Invoked command in '/home/nvidia/projects/ORB_SLAM3/Examples/ROS/ORB_SLAM3/build/orb_slam3_ros2' returned '-2': CMAKE_PREFIX_PATH=${CMAKE_PREFIX_PATH}:/home/nvidia/projects/a2rl/install/data_logger_interface:/opt/ros/foxy /usr/bin/cmake --build /home/nvidia/projects/ORB_SLAM3/Examples/ROS/ORB_SLAM3/build/orb_slam3_ros2 -- -j8 -l8
